Width/length: 10, number users: 50, weight_risk: 0.2 0.8 0.5 0.3


Simulator step: 0
Simulator step: 1000
Simulator step: 2000
Simulator step: 3000
Simulator step: 4000
Simulator step: 5000
------------------------
Cycle: 0, start time: 12:00, end time: 12:05
------------------------
Total Users: 50, Max Delay(ms): 2810.0, Avg Delay(ms): 40.339866666666644, Avg Profit(USD): 8.462538418132906
Delay distribution: 1) >1000ms:0.42% , 2)200ms~1000ms:3.25% , 3)50ms~200ms: 9.73% , 4)20ms~50ms: 22.59% , 5)<20ms: 64.01% 
Worst 10% Users: 5, Max Delay(ms): 2810.0, Avg Delay(ms): 239.528, Avg Profit(USD): 0.69684558884374
Delay distribution: 1) >1000ms:4.18% , 2)200ms~1000ms:30.54% , 3)50ms~200ms: 42.02% , 4)20ms~50ms: 16.65% , 5)<20ms: 6.61% 
Worst 25% Users: 7, Max Delay(ms): 260.0, Avg Delay(ms): 41.87833333333334, Avg Profit(USD): 3.1409089875214056
Delay distribution: 1) >1000ms:0.0% , 2)200ms~1000ms:1.4% , 3)50ms~200ms: 28.89% , 4)20ms~50ms: 41.2% , 5)<20ms: 28.52% 
Worst 50% Users: 13, Max Delay(ms): 190.0, Avg Delay(ms): 19.023717948717948, Avg Profit(USD): 6.237953425113666
Delay distribution: 1) >1000ms:0.0% , 2)200ms~1000ms:0.0% , 3)50ms~200ms: 5.59% , 4)20ms~50ms: 40.05% , 5)<20ms: 54.36% 
Left Users: 25, Max Delay(ms): 70.0, Avg Delay(ms): 11.15586666666667, Avg Profit(USD): 12.662517420931968
Delay distribution: 1) >1000ms:0.0% , 2)200ms~1000ms:0.0% , 3)50ms~200ms: 0.07% , 4)20ms~50ms: 9.48% , 5)<20ms: 90.45% 

Simulator step: 0
Simulator step: 1000
Simulator step: 2000
Simulator step: 3000
Simulator step: 4000
Simulator step: 5000
------------------------
Cycle: 1, start time: 12:05, end time: 12:10
------------------------
Total Users: 50, Max Delay(ms): 3320.0, Avg Delay(ms): 40.84873333333331, Avg Profit(USD): 8.46132253701442
Delay distribution: 1) >1000ms:0.45% , 2)200ms~1000ms:3.22% , 3)50ms~200ms: 9.78% , 4)20ms~50ms: 22.55% , 5)<20ms: 64.0% 
Worst 10% Users: 5, Max Delay(ms): 3320.0, Avg Delay(ms): 243.735, Avg Profit(USD): 0.714703423547481
Delay distribution: 1) >1000ms:4.46% , 2)200ms~1000ms:30.18% , 3)50ms~200ms: 41.62% , 4)20ms~50ms: 17.0% , 5)<20ms: 6.75% 
Worst 25% Users: 7, Max Delay(ms): 260.0, Avg Delay(ms): 42.316904761904766, Avg Profit(USD): 3.131526910484591
Delay distribution: 1) >1000ms:0.0% , 2)200ms~1000ms:1.44% , 3)50ms~200ms: 29.26% , 4)20ms~50ms: 40.92% , 5)<20ms: 28.38% 
Worst 50% Users: 13, Max Delay(ms): 180.0, Avg Delay(ms): 19.099358974358978, Avg Profit(USD): 6.2466053271365745
Delay distribution: 1) >1000ms:0.0% , 2)200ms~1000ms:0.0% , 3)50ms~200ms: 5.72% , 4)20ms~50ms: 39.85% , 5)<20ms: 54.42% 
Left Users: 25, Max Delay(ms): 70.0, Avg Delay(ms): 11.170066666666663, Avg Profit(USD): 12.654642084272641
Delay distribution: 1) >1000ms:0.0% , 2)200ms~1000ms:0.0% , 3)50ms~200ms: 0.07% , 4)20ms~50ms: 9.53% , 5)<20ms: 90.4% 

Simulator step: 0
Simulator step: 1000
Simulator step: 2000
Simulator step: 3000
Simulator step: 4000
Simulator step: 5000
------------------------
Cycle: 2, start time: 12:10, end time: 12:15
------------------------
Total Users: 50, Max Delay(ms): 2170.0, Avg Delay(ms): 39.16806666666665, Avg Profit(USD): 8.46279214750297
Delay distribution: 1) >1000ms:0.35% , 2)200ms~1000ms:3.32% , 3)50ms~200ms: 9.59% , 4)20ms~50ms: 22.74% , 5)<20ms: 64.0% 
Worst 10% Users: 5, Max Delay(ms): 2170.0, Avg Delay(ms): 229.334, Avg Profit(USD): 0.7100994487757508
Delay distribution: 1) >1000ms:3.52% , 2)200ms~1000ms:31.65% , 3)50ms~200ms: 41.52% , 4)20ms~50ms: 16.63% , 5)<20ms: 6.68% 
Worst 25% Users: 7, Max Delay(ms): 260.0, Avg Delay(ms): 40.85833333333334, Avg Profit(USD): 3.133533640997752
Delay distribution: 1) >1000ms:0.0% , 2)200ms~1000ms:1.11% , 3)50ms~200ms: 28.52% , 4)20ms~50ms: 41.95% , 5)<20ms: 28.42% 
Worst 50% Users: 13, Max Delay(ms): 200.0, Avg Delay(ms): 18.97961538461538, Avg Profit(USD): 6.237631254640819
Delay distribution: 1) >1000ms:0.0% , 2)200ms~1000ms:0.0% , 3)50ms~200ms: 5.43% , 4)20ms~50ms: 40.24% , 5)<20ms: 54.33% 
Left Users: 25, Max Delay(ms): 80.0, Avg Delay(ms): 11.159599999999998, Avg Profit(USD): 12.662606733358192
Delay distribution: 1) >1000ms:0.0% , 2)200ms~1000ms:0.0% , 3)50ms~200ms: 0.07% , 4)20ms~50ms: 9.48% , 5)<20ms: 90.45% 

Simulator step: 0
Simulator step: 1000
Simulator step: 2000
Simulator step: 3000
Simulator step: 4000
Simulator step: 5000
------------------------
Cycle: 3, start time: 12:15, end time: 12:20
------------------------
Total Users: 50, Max Delay(ms): 4150.0, Avg Delay(ms): 41.11733333333334, Avg Profit(USD): 8.464350016615015
Delay distribution: 1) >1000ms:0.44% , 2)200ms~1000ms:3.2% , 3)50ms~200ms: 9.76% , 4)20ms~50ms: 22.6% , 5)<20ms: 64.0% 
Worst 10% Users: 5, Max Delay(ms): 4150.0, Avg Delay(ms): 247.286, Avg Profit(USD): 0.7006331838911429
Delay distribution: 1) >1000ms:4.39% , 2)200ms~1000ms:29.96% , 3)50ms~200ms: 42.3% , 4)20ms~50ms: 16.73% , 5)<20ms: 6.61% 
Worst 25% Users: 7, Max Delay(ms): 260.0, Avg Delay(ms): 41.73023809523811, Avg Profit(USD): 3.1474360349172468
Delay distribution: 1) >1000ms:0.0% , 2)200ms~1000ms:1.46% , 3)50ms~200ms: 28.62% , 4)20ms~50ms: 41.4% , 5)<20ms: 28.51% 
Worst 50% Users: 13, Max Delay(ms): 160.0, Avg Delay(ms): 19.092051282051287, Avg Profit(USD): 6.231303637412877
Delay distribution: 1) >1000ms:0.0% , 2)200ms~1000ms:0.0% , 3)50ms~200ms: 5.72% , 4)20ms~50ms: 40.01% , 5)<20ms: 54.27% 
Left Users: 25, Max Delay(ms): 80.0, Avg Delay(ms): 11.165133333333335, Avg Profit(USD): 12.667013415220278
Delay distribution: 1) >1000ms:0.0% , 2)200ms~1000ms:0.0% , 3)50ms~200ms: 0.08% , 4)20ms~50ms: 9.45% , 5)<20ms: 90.47% 

Simulator step: 0
Simulator step: 1000
Simulator step: 2000
Simulator step: 3000
Simulator step: 4000
Simulator step: 5000
------------------------
Cycle: 4, start time: 12:20, end time: 12:25
------------------------
Total Users: 50, Max Delay(ms): 2470.0, Avg Delay(ms): 39.2942, Avg Profit(USD): 8.458744197931908
Delay distribution: 1) >1000ms:0.41% , 2)200ms~1000ms:3.11% , 3)50ms~200ms: 9.86% , 4)20ms~50ms: 22.62% , 5)<20ms: 64.0% 
Worst 10% Users: 5, Max Delay(ms): 2470.0, Avg Delay(ms): 228.46766666666667, Avg Profit(USD): 0.7210006516309826
Delay distribution: 1) >1000ms:4.1% , 2)200ms~1000ms:29.01% , 3)50ms~200ms: 42.89% , 4)20ms~50ms: 17.19% , 5)<20ms: 6.81% 
Worst 25% Users: 7, Max Delay(ms): 260.0, Avg Delay(ms): 42.21357142857143, Avg Profit(USD): 3.129214194166189
Delay distribution: 1) >1000ms:0.0% , 2)200ms~1000ms:1.48% , 3)50ms~200ms: 29.1% , 4)20ms~50ms: 41.05% , 5)<20ms: 28.37% 
Worst 50% Users: 13, Max Delay(ms): 170.0, Avg Delay(ms): 19.057564102564108, Avg Profit(USD): 6.24211203589557
Delay distribution: 1) >1000ms:0.0% , 2)200ms~1000ms:0.0% , 3)50ms~200ms: 5.63% , 4)20ms~50ms: 39.96% , 5)<20ms: 54.41% 
Left Users: 25, Max Delay(ms): 70.0, Avg Delay(ms): 11.165133333333335, Avg Profit(USD): 12.651210032505391
Delay distribution: 1) >1000ms:0.0% , 2)200ms~1000ms:0.0% , 3)50ms~200ms: 0.07% , 4)20ms~50ms: 9.53% , 5)<20ms: 90.4% 

Simulator step: 0
Simulator step: 1000
Simulator step: 2000
Simulator step: 3000
Simulator step: 4000
Simulator step: 5000
------------------------
Cycle: 5, start time: 12:25, end time: 12:30
------------------------
Total Users: 50, Max Delay(ms): 4030.0, Avg Delay(ms): 42.09409999999999, Avg Profit(USD): 8.45508411904538
Delay distribution: 1) >1000ms:0.53% , 2)200ms~1000ms:3.05% , 3)50ms~200ms: 9.81% , 4)20ms~50ms: 22.61% , 5)<20ms: 64.0% 
Worst 10% Users: 5, Max Delay(ms): 4030.0, Avg Delay(ms): 256.139, Avg Profit(USD): 0.7185794848028833
Delay distribution: 1) >1000ms:5.28% , 2)200ms~1000ms:28.39% , 3)50ms~200ms: 42.43% , 4)20ms~50ms: 17.12% , 5)<20ms: 6.78% 
Worst 25% Users: 7, Max Delay(ms): 260.0, Avg Delay(ms): 42.558571428571426, Avg Profit(USD): 3.1353673823266255
Delay distribution: 1) >1000ms:0.0% , 2)200ms~1000ms:1.52% , 3)50ms~200ms: 29.26% , 4)20ms~50ms: 40.78% , 5)<20ms: 28.43% 
Worst 50% Users: 13, Max Delay(ms): 160.0, Avg Delay(ms): 18.98166666666667, Avg Profit(USD): 6.240946254023024
Delay distribution: 1) >1000ms:0.0% , 2)200ms~1000ms:0.0% , 3)50ms~200ms: 5.52% , 4)20ms~50ms: 40.06% , 5)<20ms: 54.43% 
Left Users: 25, Max Delay(ms): 70.0, Avg Delay(ms): 11.173533333333335, Avg Profit(USD): 12.643257421986755
Delay distribution: 1) >1000ms:0.0% , 2)200ms~1000ms:0.0% , 3)50ms~200ms: 0.07% , 4)20ms~50ms: 9.54% , 5)<20ms: 90.38% 

Simulator step: 0
Simulator step: 1000
Simulator step: 2000
Simulator step: 3000
Simulator step: 4000
Simulator step: 5000
------------------------
Cycle: 6, start time: 12:30, end time: 12:35
------------------------
Total Users: 50, Max Delay(ms): 2290.0, Avg Delay(ms): 39.254733333333334, Avg Profit(USD): 8.463534912468006
Delay distribution: 1) >1000ms:0.38% , 2)200ms~1000ms:3.23% , 3)50ms~200ms: 9.79% , 4)20ms~50ms: 22.59% , 5)<20ms: 64.0% 
Worst 10% Users: 5, Max Delay(ms): 2290.0, Avg Delay(ms): 229.32633333333337, Avg Profit(USD): 0.6976251128972318
Delay distribution: 1) >1000ms:3.83% , 2)200ms~1000ms:30.67% , 3)50ms~200ms: 42.13% , 4)20ms~50ms: 16.78% , 5)<20ms: 6.58% 
Worst 25% Users: 7, Max Delay(ms): 260.0, Avg Delay(ms): 41.286904761904765, Avg Profit(USD): 3.140446716341759
Delay distribution: 1) >1000ms:0.0% , 2)200ms~1000ms:1.15% , 3)50ms~200ms: 29.15% , 4)20ms~50ms: 41.25% , 5)<20ms: 28.44% 
Worst 50% Users: 13, Max Delay(ms): 180.0, Avg Delay(ms): 19.100897435897433, Avg Profit(USD): 6.219968006258384
Delay distribution: 1) >1000ms:0.0% , 2)200ms~1000ms:0.0% , 3)50ms~200ms: 5.66% , 4)20ms~50ms: 40.12% , 5)<20ms: 54.23% 
Left Users: 25, Max Delay(ms): 70.0, Avg Delay(ms): 11.1514, Avg Profit(USD): 12.67383635852651
Delay distribution: 1) >1000ms:0.0% , 2)200ms~1000ms:0.0% , 3)50ms~200ms: 0.06% , 4)20ms~50ms: 9.42% , 5)<20ms: 90.52% 

Simulator step: 0
Simulator step: 1000
Simulator step: 2000
Simulator step: 3000
Simulator step: 4000
Simulator step: 5000
------------------------
Cycle: 7, start time: 12:35, end time: 12:40
------------------------
Total Users: 50, Max Delay(ms): 3030.0, Avg Delay(ms): 40.28450000000001, Avg Profit(USD): 8.455501531999456
Delay distribution: 1) >1000ms:0.42% , 2)200ms~1000ms:3.16% , 3)50ms~200ms: 9.71% , 4)20ms~50ms: 22.71% , 5)<20ms: 64.0% 
Worst 10% Users: 5, Max Delay(ms): 3030.0, Avg Delay(ms): 240.459, Avg Profit(USD): 0.7113977425656425
Delay distribution: 1) >1000ms:4.2% , 2)200ms~1000ms:30.15% , 3)50ms~200ms: 42.02% , 4)20ms~50ms: 16.92% , 5)<20ms: 6.71% 
Worst 25% Users: 7, Max Delay(ms): 260.0, Avg Delay(ms): 40.83857142857143, Avg Profit(USD): 3.1595272931079585
Delay distribution: 1) >1000ms:0.0% , 2)200ms~1000ms:1.05% , 3)50ms~200ms: 28.77% , 4)20ms~50ms: 41.58% , 5)<20ms: 28.61% 
Worst 50% Users: 13, Max Delay(ms): 170.0, Avg Delay(ms): 18.962307692307693, Avg Profit(USD): 6.230632157625806
Delay distribution: 1) >1000ms:0.0% , 2)200ms~1000ms:0.0% , 3)50ms~200ms: 5.49% , 4)20ms~50ms: 40.17% , 5)<20ms: 54.33% 
Left Users: 25, Max Delay(ms): 90.0, Avg Delay(ms): 11.182000000000002, Avg Profit(USD): 12.64412715145014
Delay distribution: 1) >1000ms:0.0% , 2)200ms~1000ms:0.0% , 3)50ms~200ms: 0.1% , 4)20ms~50ms: 9.51% , 5)<20ms: 90.39% 

Simulator step: 0
Simulator step: 1000
Simulator step: 2000
Simulator step: 3000
Simulator step: 4000
Simulator step: 5000
------------------------
Cycle: 8, start time: 12:40, end time: 12:45
------------------------
Total Users: 50, Max Delay(ms): 2250.0, Avg Delay(ms): 39.41786666666666, Avg Profit(USD): 8.461198336351545
Delay distribution: 1) >1000ms:0.37% , 2)200ms~1000ms:3.27% , 3)50ms~200ms: 9.72% , 4)20ms~50ms: 22.64% , 5)<20ms: 64.0% 
Worst 10% Users: 5, Max Delay(ms): 2250.0, Avg Delay(ms): 230.06566666666663, Avg Profit(USD): 0.715447545980089
Delay distribution: 1) >1000ms:3.68% , 2)200ms~1000ms:30.74% , 3)50ms~200ms: 41.86% , 4)20ms~50ms: 16.98% , 5)<20ms: 6.75% 
Worst 25% Users: 7, Max Delay(ms): 260.0, Avg Delay(ms): 42.23357142857143, Avg Profit(USD): 3.1165975761644655
Delay distribution: 1) >1000ms:0.0% , 2)200ms~1000ms:1.4% , 3)50ms~200ms: 29.27% , 4)20ms~50ms: 41.08% , 5)<20ms: 28.26% 
Worst 50% Users: 13, Max Delay(ms): 210.0, Avg Delay(ms): 18.905256410256413, Avg Profit(USD): 6.253072105845482
Delay distribution: 1) >1000ms:0.0% , 2)200ms~1000ms:0.0% , 3)50ms~200ms: 5.38% , 4)20ms~50ms: 40.11% , 5)<20ms: 54.51% 
Left Users: 25, Max Delay(ms): 80.0, Avg Delay(ms): 11.16646666666667, Avg Profit(USD): 12.655062347141369
Delay distribution: 1) >1000ms:0.0% , 2)200ms~1000ms:0.0% , 3)50ms~200ms: 0.07% , 4)20ms~50ms: 9.53% , 5)<20ms: 90.39% 

Simulator step: 0
Simulator step: 1000
Simulator step: 2000
Simulator step: 3000
Simulator step: 4000
Simulator step: 5000
------------------------
Cycle: 9, start time: 12:45, end time: 12:50
------------------------
Total Users: 50, Max Delay(ms): 3030.0, Avg Delay(ms): 38.22076666666667, Avg Profit(USD): 8.461496096268824
Delay distribution: 1) >1000ms:0.29% , 2)200ms~1000ms:3.21% , 3)50ms~200ms: 9.9% , 4)20ms~50ms: 22.59% , 5)<20ms: 64.0% 
Worst 10% Users: 5, Max Delay(ms): 3030.0, Avg Delay(ms): 217.64133333333336, Avg Profit(USD): 0.7365924404875707
Delay distribution: 1) >1000ms:2.95% , 2)200ms~1000ms:30.21% , 3)50ms~200ms: 42.6% , 4)20ms~50ms: 17.31% , 5)<20ms: 6.94% 
Worst 25% Users: 7, Max Delay(ms): 260.0, Avg Delay(ms): 42.33404761904762, Avg Profit(USD): 3.082558855979928
Delay distribution: 1) >1000ms:0.0% , 2)200ms~1000ms:1.38% , 3)50ms~200ms: 29.54% , 4)20ms~50ms: 41.12% , 5)<20ms: 27.96% 
Worst 50% Users: 13, Max Delay(ms): 160.0, Avg Delay(ms): 19.049358974358974, Avg Profit(USD): 6.238724266146648
Delay distribution: 1) >1000ms:0.0% , 2)200ms~1000ms:0.0% , 3)50ms~200ms: 5.67% , 4)20ms~50ms: 39.97% , 5)<20ms: 54.36% 
Left Users: 25, Max Delay(ms): 80.0, Avg Delay(ms): 11.154066666666667, Avg Profit(USD): 12.6684206063695
Delay distribution: 1) >1000ms:0.0% , 2)200ms~1000ms:0.0% , 3)50ms~200ms: 0.07% , 4)20ms~50ms: 9.42% , 5)<20ms: 90.51% 

Simulator step: 0
Simulator step: 1000
Simulator step: 2000
Simulator step: 3000
Simulator step: 4000
Simulator step: 5000
------------------------
Cycle: 10, start time: 12:50, end time: 12:55
------------------------
Total Users: 50, Max Delay(ms): 1800.0, Avg Delay(ms): 37.124733333333324, Avg Profit(USD): 8.458178876155959
Delay distribution: 1) >1000ms:0.22% , 2)200ms~1000ms:3.23% , 3)50ms~200ms: 9.91% , 4)20ms~50ms: 22.64% , 5)<20ms: 64.0% 
Worst 10% Users: 5, Max Delay(ms): 1800.0, Avg Delay(ms): 206.82566666666668, Avg Profit(USD): 0.7343464232009003
Delay distribution: 1) >1000ms:2.21% , 2)200ms~1000ms:30.41% , 3)50ms~200ms: 42.99% , 4)20ms~50ms: 17.46% , 5)<20ms: 6.93% 
Worst 25% Users: 7, Max Delay(ms): 260.0, Avg Delay(ms): 42.07119047619048, Avg Profit(USD): 3.137301766780872
Delay distribution: 1) >1000ms:0.0% , 2)200ms~1000ms:1.35% , 3)50ms~200ms: 29.27% , 4)20ms~50ms: 40.95% , 5)<20ms: 28.44% 
Worst 50% Users: 13, Max Delay(ms): 190.0, Avg Delay(ms): 19.132692307692306, Avg Profit(USD): 6.222190563743292
Delay distribution: 1) >1000ms:0.0% , 2)200ms~1000ms:0.0% , 3)50ms~200ms: 5.7% , 4)20ms~50ms: 40.03% , 5)<20ms: 54.27% 
Left Users: 25, Max Delay(ms): 70.0, Avg Delay(ms): 11.155399999999997, Avg Profit(USD): 12.655504879826577
Delay distribution: 1) >1000ms:0.0% , 2)200ms~1000ms:0.0% , 3)50ms~200ms: 0.06% , 4)20ms~50ms: 9.51% , 5)<20ms: 90.43% 

Simulator step: 0
Simulator step: 1000
Simulator step: 2000
Simulator step: 3000
Simulator step: 4000
Simulator step: 5000
------------------------
Cycle: 11, start time: 12:55, end time: 13:00
------------------------
Total Users: 50, Max Delay(ms): 4380.0, Avg Delay(ms): 43.362899999999996, Avg Profit(USD): 8.460391955499558
Delay distribution: 1) >1000ms:0.55% , 2)200ms~1000ms:3.08% , 3)50ms~200ms: 9.74% , 4)20ms~50ms: 22.63% , 5)<20ms: 64.0% 
Worst 10% Users: 5, Max Delay(ms): 4380.0, Avg Delay(ms): 269.59366666666665, Avg Profit(USD): 0.7197648553559847
Delay distribution: 1) >1000ms:5.54% , 2)200ms~1000ms:28.96% , 3)50ms~200ms: 41.64% , 4)20ms~50ms: 17.06% , 5)<20ms: 6.8% 
Worst 25% Users: 7, Max Delay(ms): 260.0, Avg Delay(ms): 41.83309523809524, Avg Profit(USD): 3.132294280617134
Delay distribution: 1) >1000ms:0.0% , 2)200ms~1000ms:1.33% , 3)50ms~200ms: 28.91% , 4)20ms~50ms: 41.35% , 5)<20ms: 28.4% 
Worst 50% Users: 13, Max Delay(ms): 190.0, Avg Delay(ms): 19.106282051282054, Avg Profit(USD): 6.220397654628819
Delay distribution: 1) >1000ms:0.0% , 2)200ms~1000ms:0.0% , 3)50ms~200ms: 5.72% , 4)20ms~50ms: 40.06% , 5)<20ms: 54.22% 
Left Users: 25, Max Delay(ms): 70.0, Avg Delay(ms): 11.158533333333335, Avg Profit(USD): 12.665181760948139
Delay distribution: 1) >1000ms:0.0% , 2)200ms~1000ms:0.0% , 3)50ms~200ms: 0.07% , 4)20ms~50ms: 9.43% , 5)<20ms: 90.49% 

Simulator step: 0
Simulator step: 1000
Simulator step: 2000
Simulator step: 3000
Simulator step: 4000
Simulator step: 5000
------------------------
Cycle: 12, start time: 13:00, end time: 13:05
------------------------
Total Users: 50, Max Delay(ms): 3160.0, Avg Delay(ms): 39.16633333333333, Avg Profit(USD): 8.463923983401713
Delay distribution: 1) >1000ms:0.36% , 2)200ms~1000ms:3.22% , 3)50ms~200ms: 9.82% , 4)20ms~50ms: 22.6% , 5)<20ms: 64.0% 
Worst 10% Users: 5, Max Delay(ms): 3160.0, Avg Delay(ms): 226.89333333333335, Avg Profit(USD): 0.7217871118721942
Delay distribution: 1) >1000ms:3.62% , 2)200ms~1000ms:30.16% , 3)50ms~200ms: 42.42% , 4)20ms~50ms: 16.98% , 5)<20ms: 6.81% 
Worst 25% Users: 7, Max Delay(ms): 260.0, Avg Delay(ms): 42.33238095238096, Avg Profit(USD): 3.1317388255122007
Delay distribution: 1) >1000ms:0.0% , 2)200ms~1000ms:1.47% , 3)50ms~200ms: 29.01% , 4)20ms~50ms: 41.15% , 5)<20ms: 28.38% 
Worst 50% Users: 13, Max Delay(ms): 200.0, Avg Delay(ms): 19.097564102564103, Avg Profit(USD): 6.215807189497839
Delay distribution: 1) >1000ms:0.0% , 2)200ms~1000ms:0.0% , 3)50ms~200ms: 5.66% , 4)20ms~50ms: 40.15% , 5)<20ms: 54.19% 
Left Users: 25, Max Delay(ms): 80.0, Avg Delay(ms): 11.170200000000001, Avg Profit(USD): 12.674383934746693
Delay distribution: 1) >1000ms:0.0% , 2)200ms~1000ms:0.0% , 3)50ms~200ms: 0.09% , 4)20ms~50ms: 9.39% , 5)<20ms: 90.52% 

Simulator step: 0
Simulator step: 1000
Simulator step: 2000
Simulator step: 3000
Simulator step: 4000
Simulator step: 5000
------------------------
Cycle: 13, start time: 13:05, end time: 13:10
------------------------
Total Users: 50, Max Delay(ms): 2190.0, Avg Delay(ms): 38.584500000000006, Avg Profit(USD): 8.462458465347295
Delay distribution: 1) >1000ms:0.34% , 2)200ms~1000ms:3.14% , 3)50ms~200ms: 9.81% , 4)20ms~50ms: 22.71% , 5)<20ms: 64.0% 
Worst 10% Users: 5, Max Delay(ms): 2190.0, Avg Delay(ms): 221.96999999999997, Avg Profit(USD): 0.7273235717041171
Delay distribution: 1) >1000ms:3.4% , 2)200ms~1000ms:29.54% , 3)50ms~200ms: 42.97% , 4)20ms~50ms: 17.23% , 5)<20ms: 6.86% 
Worst 25% Users: 7, Max Delay(ms): 260.0, Avg Delay(ms): 41.83095238095238, Avg Profit(USD): 3.1243937644339517
Delay distribution: 1) >1000ms:0.0% , 2)200ms~1000ms:1.33% , 3)50ms~200ms: 28.82% , 4)20ms~50ms: 41.54% , 5)<20ms: 28.32% 
Worst 50% Users: 13, Max Delay(ms): 180.0, Avg Delay(ms): 19.030641025641025, Avg Profit(USD): 6.2351373006586055
Delay distribution: 1) >1000ms:0.0% , 2)200ms~1000ms:0.0% , 3)50ms~200ms: 5.56% , 4)20ms~50ms: 40.13% , 5)<20ms: 54.32% 
Left Users: 25, Max Delay(ms): 70.0, Avg Delay(ms): 11.1664, Avg Profit(USD): 12.662350565969783
Delay distribution: 1) >1000ms:0.0% , 2)200ms~1000ms:0.0% , 3)50ms~200ms: 0.08% , 4)20ms~50ms: 9.47% , 5)<20ms: 90.45% 

Simulator step: 0
Simulator step: 1000
Simulator step: 2000
Simulator step: 3000
Simulator step: 4000
Simulator step: 5000
------------------------
Cycle: 14, start time: 13:10, end time: 13:15
------------------------
Total Users: 50, Max Delay(ms): 2600.0, Avg Delay(ms): 41.11786666666668, Avg Profit(USD): 8.460539607200248
Delay distribution: 1) >1000ms:0.5% , 2)200ms~1000ms:3.19% , 3)50ms~200ms: 9.74% , 4)20ms~50ms: 22.57% , 5)<20ms: 64.0% 
Worst 10% Users: 5, Max Delay(ms): 2600.0, Avg Delay(ms): 246.93166666666667, Avg Profit(USD): 0.7127143679642515
Delay distribution: 1) >1000ms:4.97% , 2)200ms~1000ms:29.97% , 3)50ms~200ms: 41.66% , 4)20ms~50ms: 16.69% , 5)<20ms: 6.72% 
Worst 25% Users: 7, Max Delay(ms): 260.0, Avg Delay(ms): 42.12023809523809, Avg Profit(USD): 3.1319803087557463
Delay distribution: 1) >1000ms:0.0% , 2)200ms~1000ms:1.41% , 3)50ms~200ms: 29.14% , 4)20ms~50ms: 41.03% , 5)<20ms: 28.41% 
Worst 50% Users: 13, Max Delay(ms): 170.0, Avg Delay(ms): 19.045384615384616, Avg Profit(USD): 6.228555369621755
Delay distribution: 1) >1000ms:0.0% , 2)200ms~1000ms:0.0% , 3)50ms~200ms: 5.64% , 4)20ms~50ms: 40.07% , 5)<20ms: 54.28% 
Left Users: 25, Max Delay(ms): 80.0, Avg Delay(ms): 11.152133333333333, Avg Profit(USD): 12.662733062152725
Delay distribution: 1) >1000ms:0.0% , 2)200ms~1000ms:0.0% , 3)50ms~200ms: 0.06% , 4)20ms~50ms: 9.47% , 5)<20ms: 90.47% 

Simulator step: 0
Simulator step: 1000
Simulator step: 2000
Simulator step: 3000
Simulator step: 4000
Simulator step: 5000
------------------------
Cycle: 15, start time: 13:15, end time: 13:20
------------------------
Total Users: 50, Max Delay(ms): 2340.0, Avg Delay(ms): 39.11343333333331, Avg Profit(USD): 8.459680552401277
Delay distribution: 1) >1000ms:0.35% , 2)200ms~1000ms:3.25% , 3)50ms~200ms: 9.89% , 4)20ms~50ms: 22.51% , 5)<20ms: 64.0% 
Worst 10% Users: 5, Max Delay(ms): 2340.0, Avg Delay(ms): 225.70999999999998, Avg Profit(USD): 0.7183289633993674
Delay distribution: 1) >1000ms:3.52% , 2)200ms~1000ms:30.16% , 3)50ms~200ms: 42.8% , 4)20ms~50ms: 16.76% , 5)<20ms: 6.77% 
Worst 25% Users: 7, Max Delay(ms): 260.0, Avg Delay(ms): 42.7897619047619, Avg Profit(USD): 3.131326189896729
Delay distribution: 1) >1000ms:0.0% , 2)200ms~1000ms:1.67% , 3)50ms~200ms: 29.1% , 4)20ms~50ms: 40.83% , 5)<20ms: 28.39% 
Worst 50% Users: 13, Max Delay(ms): 150.0, Avg Delay(ms): 19.127692307692314, Avg Profit(USD): 6.220818723082438
Delay distribution: 1) >1000ms:0.0% , 2)200ms~1000ms:0.0% , 3)50ms~200ms: 5.74% , 4)20ms~50ms: 40.03% , 5)<20ms: 54.23% 
Left Users: 25, Max Delay(ms): 80.0, Avg Delay(ms): 11.157333333333332, Avg Profit(USD): 12.66409824294873
Delay distribution: 1) >1000ms:0.0% , 2)200ms~1000ms:0.0% , 3)50ms~200ms: 0.08% , 4)20ms~50ms: 9.42% , 5)<20ms: 90.5% 

Simulator step: 0
Simulator step: 1000
Simulator step: 2000
Simulator step: 3000
Simulator step: 4000
Simulator step: 5000
------------------------
Cycle: 16, start time: 13:20, end time: 13:25
------------------------
Total Users: 50, Max Delay(ms): 2620.0, Avg Delay(ms): 39.767933333333346, Avg Profit(USD): 8.459602854027013
Delay distribution: 1) >1000ms:0.35% , 2)200ms~1000ms:3.33% , 3)50ms~200ms: 9.77% , 4)20ms~50ms: 22.56% , 5)<20ms: 64.0% 
Worst 10% Users: 5, Max Delay(ms): 2620.0, Avg Delay(ms): 233.019, Avg Profit(USD): 0.7050613505178782
Delay distribution: 1) >1000ms:3.49% , 2)200ms~1000ms:31.1% , 3)50ms~200ms: 42.07% , 4)20ms~50ms: 16.7% , 5)<20ms: 6.65% 
Worst 25% Users: 7, Max Delay(ms): 260.0, Avg Delay(ms): 42.302142857142854, Avg Profit(USD): 3.1600627276142315
Delay distribution: 1) >1000ms:0.0% , 2)200ms~1000ms:1.57% , 3)50ms~200ms: 28.96% , 4)20ms~50ms: 40.83% , 5)<20ms: 28.64% 
Worst 50% Users: 13, Max Delay(ms): 160.0, Avg Delay(ms): 19.033846153846156, Avg Profit(USD): 6.243031872828524
Delay distribution: 1) >1000ms:0.0% , 2)200ms~1000ms:0.0% , 3)50ms~200ms: 5.59% , 4)20ms~50ms: 40.01% , 5)<20ms: 54.4% 
Left Users: 25, Max Delay(ms): 110.0, Avg Delay(ms): 11.189866666666665, Avg Profit(USD): 12.646999300347636
Delay distribution: 1) >1000ms:0.0% , 2)200ms~1000ms:0.0% , 3)50ms~200ms: 0.1% , 4)20ms~50ms: 9.53% , 5)<20ms: 90.36% 

Simulator step: 0
Simulator step: 1000
Simulator step: 2000
Simulator step: 3000
Simulator step: 4000
Simulator step: 5000
------------------------
Cycle: 17, start time: 13:25, end time: 13:30
------------------------
Total Users: 50, Max Delay(ms): 2800.0, Avg Delay(ms): 40.08226666666666, Avg Profit(USD): 8.45853666913761
Delay distribution: 1) >1000ms:0.43% , 2)200ms~1000ms:3.2% , 3)50ms~200ms: 9.67% , 4)20ms~50ms: 22.7% , 5)<20ms: 64.0% 
Worst 10% Users: 5, Max Delay(ms): 2800.0, Avg Delay(ms): 237.04633333333334, Avg Profit(USD): 0.7177159771921683
Delay distribution: 1) >1000ms:4.34% , 2)200ms~1000ms:29.95% , 3)50ms~200ms: 42.0% , 4)20ms~50ms: 16.94% , 5)<20ms: 6.77% 
Worst 25% Users: 7, Max Delay(ms): 260.0, Avg Delay(ms): 41.84, Avg Profit(USD): 3.1567725471681842
Delay distribution: 1) >1000ms:0.0% , 2)200ms~1000ms:1.43% , 3)50ms~200ms: 28.62% , 4)20ms~50ms: 41.33% , 5)<20ms: 28.61% 
Worst 50% Users: 13, Max Delay(ms): 160.0, Avg Delay(ms): 18.963461538461534, Avg Profit(USD): 6.224390339011681
Delay distribution: 1) >1000ms:0.0% , 2)200ms~1000ms:0.0% , 3)50ms~200ms: 5.45% , 4)20ms~50ms: 40.24% , 5)<20ms: 54.31% 
Left Users: 25, Max Delay(ms): 100.0, Avg Delay(ms): 11.179066666666666, Avg Profit(USD): 12.652950853343622
Delay distribution: 1) >1000ms:0.0% , 2)200ms~1000ms:0.0% , 3)50ms~200ms: 0.08% , 4)20ms~50ms: 9.52% , 5)<20ms: 90.39% 

Simulator step: 0
Simulator step: 1000
Simulator step: 2000
Simulator step: 3000
Simulator step: 4000
Simulator step: 5000
------------------------
Cycle: 18, start time: 13:30, end time: 13:35
------------------------
Total Users: 50, Max Delay(ms): 2010.0, Avg Delay(ms): 38.7697, Avg Profit(USD): 8.460605169011522
Delay distribution: 1) >1000ms:0.34% , 2)200ms~1000ms:3.27% , 3)50ms~200ms: 9.94% , 4)20ms~50ms: 22.46% , 5)<20ms: 64.0% 
Worst 10% Users: 5, Max Delay(ms): 2010.0, Avg Delay(ms): 223.40499999999997, Avg Profit(USD): 0.7029581814022808
Delay distribution: 1) >1000ms:3.41% , 2)200ms~1000ms:30.81% , 3)50ms~200ms: 42.68% , 4)20ms~50ms: 16.48% , 5)<20ms: 6.62% 
Worst 25% Users: 7, Max Delay(ms): 260.0, Avg Delay(ms): 42.01785714285713, Avg Profit(USD): 3.112637478066647
Delay distribution: 1) >1000ms:0.0% , 2)200ms~1000ms:1.33% , 3)50ms~200ms: 29.4% , 4)20ms~50ms: 41.03% , 5)<20ms: 28.24% 
Worst 50% Users: 13, Max Delay(ms): 190.0, Avg Delay(ms): 19.160641025641027, Avg Profit(USD): 6.210297749544837
Delay distribution: 1) >1000ms:0.0% , 2)200ms~1000ms:0.0% , 3)50ms~200ms: 5.86% , 4)20ms~50ms: 40.01% , 5)<20ms: 54.12% 
Left Users: 25, Max Delay(ms): 80.0, Avg Delay(ms): 11.129866666666665, Avg Profit(USD): 12.679725378120615
Delay distribution: 1) >1000ms:0.0% , 2)200ms~1000ms:0.0% , 3)50ms~200ms: 0.06% , 4)20ms~50ms: 9.32% , 5)<20ms: 90.63% 

Simulator step: 0
Simulator step: 1000
Simulator step: 2000
Simulator step: 3000
Simulator step: 4000
Simulator step: 5000
------------------------
Cycle: 19, start time: 13:35, end time: 13:40
------------------------
Total Users: 50, Max Delay(ms): 2380.0, Avg Delay(ms): 39.71586666666667, Avg Profit(USD): 8.459680330639022
Delay distribution: 1) >1000ms:0.44% , 2)200ms~1000ms:3.16% , 3)50ms~200ms: 9.75% , 4)20ms~50ms: 22.66% , 5)<20ms: 64.0% 
Worst 10% Users: 5, Max Delay(ms): 2380.0, Avg Delay(ms): 233.66566666666668, Avg Profit(USD): 0.7114923464359847
Delay distribution: 1) >1000ms:4.41% , 2)200ms~1000ms:29.72% , 3)50ms~200ms: 42.32% , 4)20ms~50ms: 16.82% , 5)<20ms: 6.73% 
Worst 25% Users: 7, Max Delay(ms): 260.0, Avg Delay(ms): 41.322857142857146, Avg Profit(USD): 3.177242552080587
Delay distribution: 1) >1000ms:0.0% , 2)200ms~1000ms:1.3% , 3)50ms~200ms: 28.44% , 4)20ms~50ms: 41.41% , 5)<20ms: 28.84% 
Worst 50% Users: 13, Max Delay(ms): 200.0, Avg Delay(ms): 19.129230769230773, Avg Profit(USD): 6.224157641292519
Delay distribution: 1) >1000ms:0.0% , 2)200ms~1000ms:0.0% , 3)50ms~200ms: 5.74% , 4)20ms~50ms: 40.0% , 5)<20ms: 54.25% 
Left Users: 25, Max Delay(ms): 80.0, Avg Delay(ms): 11.180999999999997, Avg Profit(USD): 12.650872303936177
Delay distribution: 1) >1000ms:0.0% , 2)200ms~1000ms:0.0% , 3)50ms~200ms: 0.08% , 4)20ms~50ms: 9.55% , 5)<20ms: 90.37% 

Simulator step: 0
Simulator step: 1000
Simulator step: 2000
Simulator step: 3000
Simulator step: 4000
Simulator step: 5000
------------------------
Cycle: 20, start time: 13:40, end time: 13:45
------------------------
Total Users: 50, Max Delay(ms): 2120.0, Avg Delay(ms): 40.465066666666665, Avg Profit(USD): 8.456980638094032
Delay distribution: 1) >1000ms:0.41% , 2)200ms~1000ms:3.39% , 3)50ms~200ms: 9.58% , 4)20ms~50ms: 22.62% , 5)<20ms: 64.0% 
Worst 10% Users: 5, Max Delay(ms): 2120.0, Avg Delay(ms): 240.46699999999998, Avg Profit(USD): 0.7046106760404955
Delay distribution: 1) >1000ms:4.11% , 2)200ms~1000ms:31.71% , 3)50ms~200ms: 40.71% , 4)20ms~50ms: 16.82% , 5)<20ms: 6.64% 
Worst 25% Users: 7, Max Delay(ms): 260.0, Avg Delay(ms): 41.90404761904762, Avg Profit(USD): 3.160568003049236
Delay distribution: 1) >1000ms:0.0% , 2)200ms~1000ms:1.56% , 3)50ms~200ms: 28.43% , 4)20ms~50ms: 41.32% , 5)<20ms: 28.69% 
Worst 50% Users: 13, Max Delay(ms): 200.0, Avg Delay(ms): 19.12846153846154, Avg Profit(USD): 6.215912142150339
Delay distribution: 1) >1000ms:0.0% , 2)200ms~1000ms:0.0% , 3)50ms~200ms: 5.74% , 4)20ms~50ms: 40.1% , 5)<20ms: 54.16% 
Left Users: 25, Max Delay(ms): 90.0, Avg Delay(ms): 11.1568, Avg Profit(USD): 12.655805786208012
Delay distribution: 1) >1000ms:0.0% , 2)200ms~1000ms:0.0% , 3)50ms~200ms: 0.07% , 4)20ms~50ms: 9.45% , 5)<20ms: 90.48% 

Simulator step: 0
Simulator step: 1000
Simulator step: 2000
Simulator step: 3000
Simulator step: 4000
Simulator step: 5000
------------------------
Cycle: 21, start time: 13:45, end time: 13:50
------------------------
Total Users: 50, Max Delay(ms): 3610.0, Avg Delay(ms): 41.124166666666675, Avg Profit(USD): 8.460764186764607
Delay distribution: 1) >1000ms:0.46% , 2)200ms~1000ms:3.11% , 3)50ms~200ms: 9.85% , 4)20ms~50ms: 22.58% , 5)<20ms: 64.0% 
Worst 10% Users: 5, Max Delay(ms): 3610.0, Avg Delay(ms): 246.96699999999998, Avg Profit(USD): 0.7187901577389991
Delay distribution: 1) >1000ms:4.6% , 2)200ms~1000ms:29.32% , 3)50ms~200ms: 42.15% , 4)20ms~50ms: 17.13% , 5)<20ms: 6.79% 
Worst 25% Users: 7, Max Delay(ms): 260.0, Avg Delay(ms): 42.239761904761906, Avg Profit(USD): 3.09391854615259
Delay distribution: 1) >1000ms:0.0% , 2)200ms~1000ms:1.25% , 3)50ms~200ms: 29.83% , 4)20ms~50ms: 40.85% , 5)<20ms: 28.07% 
Worst 50% Users: 13, Max Delay(ms): 200.0, Avg Delay(ms): 18.992051282051282, Avg Profit(USD): 6.2415140411299195
Delay distribution: 1) >1000ms:0.0% , 2)200ms~1000ms:0.0% , 3)50ms~200ms: 5.47% , 4)20ms~50ms: 40.08% , 5)<20ms: 54.44% 
Left Users: 25, Max Delay(ms): 80.0, Avg Delay(ms): 11.151933333333337, Avg Profit(USD): 12.665885847671131
Delay distribution: 1) >1000ms:0.0% , 2)200ms~1000ms:0.0% , 3)50ms~200ms: 0.07% , 4)20ms~50ms: 9.46% , 5)<20ms: 90.47% 

Simulator step: 0
Simulator step: 1000
Simulator step: 2000
Simulator step: 3000
Simulator step: 4000
Simulator step: 5000
------------------------
Cycle: 22, start time: 13:50, end time: 13:55
------------------------
Total Users: 50, Max Delay(ms): 2670.0, Avg Delay(ms): 42.08376666666667, Avg Profit(USD): 8.459102821291843
Delay distribution: 1) >1000ms:0.56% , 2)200ms~1000ms:3.2% , 3)50ms~200ms: 9.7% , 4)20ms~50ms: 22.54% , 5)<20ms: 64.0% 
Worst 10% Users: 5, Max Delay(ms): 2670.0, Avg Delay(ms): 257.1863333333333, Avg Profit(USD): 0.6748633155042427
Delay distribution: 1) >1000ms:5.6% , 2)200ms~1000ms:30.03% , 3)50ms~200ms: 41.87% , 4)20ms~50ms: 16.14% , 5)<20ms: 6.36% 
Worst 25% Users: 7, Max Delay(ms): 260.0, Avg Delay(ms): 41.56357142857143, Avg Profit(USD): 3.158757498787544
Delay distribution: 1) >1000ms:0.0% , 2)200ms~1000ms:1.42% , 3)50ms~200ms: 28.45% , 4)20ms~50ms: 41.5% , 5)<20ms: 28.63% 
Worst 50% Users: 13, Max Delay(ms): 210.0, Avg Delay(ms): 19.057307692307692, Avg Profit(USD): 6.2680450127798295
Delay distribution: 1) >1000ms:0.0% , 2)200ms~1000ms:0.0% , 3)50ms~200ms: 5.74% , 4)20ms~50ms: 39.64% , 5)<20ms: 54.62% 
Left Users: 25, Max Delay(ms): 80.0, Avg Delay(ms): 11.182666666666663, Avg Profit(USD): 12.639397473176812
Delay distribution: 1) >1000ms:0.0% , 2)200ms~1000ms:0.0% , 3)50ms~200ms: 0.07% , 4)20ms~50ms: 9.62% , 5)<20ms: 90.31% 

Simulator step: 0
Simulator step: 1000
Simulator step: 2000
Simulator step: 3000
Simulator step: 4000
Simulator step: 5000
------------------------
Cycle: 23, start time: 13:55, end time: 14:00
------------------------
Total Users: 50, Max Delay(ms): 2070.0, Avg Delay(ms): 38.424633333333354, Avg Profit(USD): 8.462183482241509
Delay distribution: 1) >1000ms:0.34% , 2)200ms~1000ms:3.2% , 3)50ms~200ms: 9.83% , 4)20ms~50ms: 22.63% , 5)<20ms: 64.0% 
Worst 10% Users: 5, Max Delay(ms): 2070.0, Avg Delay(ms): 220.78666666666663, Avg Profit(USD): 0.7045839463633903
Delay distribution: 1) >1000ms:3.42% , 2)200ms~1000ms:30.14% , 3)50ms~200ms: 43.08% , 4)20ms~50ms: 16.72% , 5)<20ms: 6.65% 
Worst 25% Users: 7, Max Delay(ms): 260.0, Avg Delay(ms): 41.49095238095238, Avg Profit(USD): 3.1343423352264463
Delay distribution: 1) >1000ms:0.0% , 2)200ms~1000ms:1.31% , 3)50ms~200ms: 28.77% , 4)20ms~50ms: 41.49% , 5)<20ms: 28.43% 
Worst 50% Users: 13, Max Delay(ms): 190.0, Avg Delay(ms): 19.07371794871795, Avg Profit(USD): 6.2310590979118885
Delay distribution: 1) >1000ms:0.0% , 2)200ms~1000ms:0.0% , 3)50ms~200ms: 5.64% , 4)20ms~50ms: 40.07% , 5)<20ms: 54.3% 
Left Users: 25, Max Delay(ms): 80.0, Avg Delay(ms): 11.156133333333337, Avg Profit(USD): 12.665683590432753
Delay distribution: 1) >1000ms:0.0% , 2)200ms~1000ms:0.0% , 3)50ms~200ms: 0.06% , 4)20ms~50ms: 9.46% , 5)<20ms: 90.47% 

Simulator step: 0
Simulator step: 1000
Simulator step: 2000
Simulator step: 3000
Simulator step: 4000
Simulator step: 5000
------------------------
Cycle: 24, start time: 14:00, end time: 14:05
------------------------
Total Users: 50, Max Delay(ms): 3320.0, Avg Delay(ms): 42.53396666666667, Avg Profit(USD): 8.45867750893474
Delay distribution: 1) >1000ms:0.51% , 2)200ms~1000ms:3.32% , 3)50ms~200ms: 9.7% , 4)20ms~50ms: 22.47% , 5)<20ms: 64.0% 
Worst 10% Users: 5, Max Delay(ms): 3320.0, Avg Delay(ms): 260.12966666666665, Avg Profit(USD): 0.6967436349946105
Delay distribution: 1) >1000ms:5.14% , 2)200ms~1000ms:30.83% , 3)50ms~200ms: 41.13% , 4)20ms~50ms: 16.34% , 5)<20ms: 6.57% 
Worst 25% Users: 7, Max Delay(ms): 260.0, Avg Delay(ms): 43.02809523809523, Avg Profit(USD): 3.090250335188616
Delay distribution: 1) >1000ms:0.0% , 2)200ms~1000ms:1.65% , 3)50ms~200ms: 29.54% , 4)20ms~50ms: 40.73% , 5)<20ms: 28.08% 
Worst 50% Users: 13, Max Delay(ms): 230.0, Avg Delay(ms): 18.889999999999997, Avg Profit(USD): 6.263986909210485
Delay distribution: 1) >1000ms:0.0% , 2)200ms~1000ms:0.01% , 3)50ms~200ms: 5.42% , 4)20ms~50ms: 39.93% , 5)<20ms: 54.64% 
Left Users: 25, Max Delay(ms): 80.0, Avg Delay(ms): 11.171333333333333, Avg Profit(USD): 12.655463004228292
Delay distribution: 1) >1000ms:0.0% , 2)200ms~1000ms:0.0% , 3)50ms~200ms: 0.08% , 4)20ms~50ms: 9.51% , 5)<20ms: 90.41% 

Simulator step: 0
Simulator step: 1000
Simulator step: 2000
Simulator step: 3000
Simulator step: 4000
Simulator step: 5000
------------------------
Cycle: 25, start time: 14:05, end time: 14:10
------------------------
Total Users: 50, Max Delay(ms): 3050.0, Avg Delay(ms): 42.59483333333333, Avg Profit(USD): 8.46190860913467
Delay distribution: 1) >1000ms:0.57% , 2)200ms~1000ms:3.23% , 3)50ms~200ms: 9.65% , 4)20ms~50ms: 22.56% , 5)<20ms: 64.0% 
Worst 10% Users: 5, Max Delay(ms): 3050.0, Avg Delay(ms): 261.73633333333333, Avg Profit(USD): 0.6931613952752284
Delay distribution: 1) >1000ms:5.67% , 2)200ms~1000ms:30.29% , 3)50ms~200ms: 41.0% , 4)20ms~50ms: 16.51% , 5)<20ms: 6.53% 
Worst 25% Users: 7, Max Delay(ms): 260.0, Avg Delay(ms): 42.260952380952375, Avg Profit(USD): 3.102357218157583
Delay distribution: 1) >1000ms:0.0% , 2)200ms~1000ms:1.42% , 3)50ms~200ms: 29.16% , 4)20ms~50ms: 41.31% , 5)<20ms: 28.11% 
Worst 50% Users: 13, Max Delay(ms): 180.0, Avg Delay(ms): 18.935512820512816, Avg Profit(USD): 6.267345914461615
Delay distribution: 1) >1000ms:0.0% , 2)200ms~1000ms:0.0% , 3)50ms~200ms: 5.51% , 4)20ms~50ms: 39.89% , 5)<20ms: 54.6% 
Left Users: 25, Max Delay(ms): 80.0, Avg Delay(ms): 11.162866666666666, Avg Profit(USD): 12.657505042610131
Delay distribution: 1) >1000ms:0.0% , 2)200ms~1000ms:0.0% , 3)50ms~200ms: 0.07% , 4)20ms~50ms: 9.5% , 5)<20ms: 90.43% 

Simulator step: 0
Simulator step: 1000
Simulator step: 2000
Simulator step: 3000
Simulator step: 4000
Simulator step: 5000
------------------------
Cycle: 26, start time: 14:10, end time: 14:15
------------------------
Total Users: 50, Max Delay(ms): 2270.0, Avg Delay(ms): 40.19840000000003, Avg Profit(USD): 8.45615807309895
Delay distribution: 1) >1000ms:0.46% , 2)200ms~1000ms:3.08% , 3)50ms~200ms: 9.78% , 4)20ms~50ms: 22.69% , 5)<20ms: 64.0% 
Worst 10% Users: 5, Max Delay(ms): 2270.0, Avg Delay(ms): 238.48266666666666, Avg Profit(USD): 0.725736754814793
Delay distribution: 1) >1000ms:4.55% , 2)200ms~1000ms:29.03% , 3)50ms~200ms: 42.37% , 4)20ms~50ms: 17.22% , 5)<20ms: 6.84% 
Worst 25% Users: 7, Max Delay(ms): 260.0, Avg Delay(ms): 41.40642857142857, Avg Profit(USD): 3.169138694850703
Delay distribution: 1) >1000ms:0.0% , 2)200ms~1000ms:1.27% , 3)50ms~200ms: 28.72% , 4)20ms~50ms: 41.25% , 5)<20ms: 28.76% 
Worst 50% Users: 13, Max Delay(ms): 160.0, Avg Delay(ms): 19.095769230769225, Avg Profit(USD): 6.22372540341279
Delay distribution: 1) >1000ms:0.0% , 2)200ms~1000ms:0.0% , 3)50ms~200ms: 5.71% , 4)20ms~50ms: 40.01% , 5)<20ms: 54.28% 
Left Users: 25, Max Delay(ms): 90.0, Avg Delay(ms): 11.176666666666666, Avg Profit(USD): 12.643472750902097
Delay distribution: 1) >1000ms:0.0% , 2)200ms~1000ms:0.0% , 3)50ms~200ms: 0.07% , 4)20ms~50ms: 9.58% , 5)<20ms: 90.35% 

Simulator step: 0
Simulator step: 1000
Simulator step: 2000
Simulator step: 3000
Simulator step: 4000
Simulator step: 5000
------------------------
Cycle: 27, start time: 14:15, end time: 14:20
------------------------
Total Users: 50, Max Delay(ms): 2850.0, Avg Delay(ms): 40.843066666666644, Avg Profit(USD): 8.461380345413083
Delay distribution: 1) >1000ms:0.42% , 2)200ms~1000ms:3.36% , 3)50ms~200ms: 9.6% , 4)20ms~50ms: 22.62% , 5)<20ms: 64.0% 
Worst 10% Users: 5, Max Delay(ms): 2850.0, Avg Delay(ms): 244.14499999999998, Avg Profit(USD): 0.7078200998764455
Delay distribution: 1) >1000ms:4.22% , 2)200ms~1000ms:31.44% , 3)50ms~200ms: 41.04% , 4)20ms~50ms: 16.64% , 5)<20ms: 6.67% 
Worst 25% Users: 7, Max Delay(ms): 260.0, Avg Delay(ms): 42.07809523809524, Avg Profit(USD): 3.1309740445458307
Delay distribution: 1) >1000ms:0.0% , 2)200ms~1000ms:1.52% , 3)50ms~200ms: 28.61% , 4)20ms~50ms: 41.45% , 5)<20ms: 28.42% 
Worst 50% Users: 13, Max Delay(ms): 190.0, Avg Delay(ms): 19.08871794871795, Avg Profit(USD): 6.2201126019862425
Delay distribution: 1) >1000ms:0.0% , 2)200ms~1000ms:0.0% , 3)50ms~200ms: 5.63% , 4)20ms~50ms: 40.14% , 5)<20ms: 54.22% 
Left Users: 25, Max Delay(ms): 80.0, Avg Delay(ms): 11.149133333333335, Avg Profit(USD): 12.6700653853452
Delay distribution: 1) >1000ms:0.0% , 2)200ms~1000ms:0.0% , 3)50ms~200ms: 0.06% , 4)20ms~50ms: 9.43% , 5)<20ms: 90.51% 

Simulator step: 0
Simulator step: 1000
Simulator step: 2000
Simulator step: 3000
Simulator step: 4000
Simulator step: 5000
------------------------
Cycle: 28, start time: 14:20, end time: 14:25
------------------------
Total Users: 50, Max Delay(ms): 2450.0, Avg Delay(ms): 39.095400000000005, Avg Profit(USD): 8.460264137664394
Delay distribution: 1) >1000ms:0.39% , 2)200ms~1000ms:3.12% , 3)50ms~200ms: 9.8% , 4)20ms~50ms: 22.69% , 5)<20ms: 64.0% 
Worst 10% Users: 5, Max Delay(ms): 2450.0, Avg Delay(ms): 227.81733333333335, Avg Profit(USD): 0.7138704426321831
Delay distribution: 1) >1000ms:3.95% , 2)200ms~1000ms:29.43% , 3)50ms~200ms: 42.82% , 4)20ms~50ms: 17.07% , 5)<20ms: 6.73% 
Worst 25% Users: 7, Max Delay(ms): 260.0, Avg Delay(ms): 41.20190476190476, Avg Profit(USD): 3.143666222847767
Delay distribution: 1) >1000ms:0.0% , 2)200ms~1000ms:1.23% , 3)50ms~200ms: 28.58% , 4)20ms~50ms: 41.7% , 5)<20ms: 28.49% 
Worst 50% Users: 13, Max Delay(ms): 160.0, Avg Delay(ms): 19.072051282051284, Avg Profit(USD): 6.238579232216062
Delay distribution: 1) >1000ms:0.0% , 2)200ms~1000ms:0.0% , 3)50ms~200ms: 5.67% , 4)20ms~50ms: 39.99% , 5)<20ms: 54.34% 
Left Users: 25, Max Delay(ms): 90.0, Avg Delay(ms): 11.173333333333332, Avg Profit(USD): 12.653466443652627
Delay distribution: 1) >1000ms:0.0% , 2)200ms~1000ms:0.0% , 3)50ms~200ms: 0.08% , 4)20ms~50ms: 9.5% , 5)<20ms: 90.42% 

Simulator step: 0
Simulator step: 1000
Simulator step: 2000
Simulator step: 3000
Simulator step: 4000
Simulator step: 5000
------------------------
Cycle: 29, start time: 14:25, end time: 14:30
------------------------
Total Users: 50, Max Delay(ms): 2650.0, Avg Delay(ms): 40.995833333333344, Avg Profit(USD): 8.461744867772717
Delay distribution: 1) >1000ms:0.48% , 2)200ms~1000ms:3.23% , 3)50ms~200ms: 9.72% , 4)20ms~50ms: 22.57% , 5)<20ms: 64.0% 
Worst 10% Users: 5, Max Delay(ms): 2650.0, Avg Delay(ms): 246.13566666666662, Avg Profit(USD): 0.6983379311822365
Delay distribution: 1) >1000ms:4.78% , 2)200ms~1000ms:30.41% , 3)50ms~200ms: 41.45% , 4)20ms~50ms: 16.77% , 5)<20ms: 6.59% 
Worst 25% Users: 7, Max Delay(ms): 260.0, Avg Delay(ms): 41.70904761904762, Avg Profit(USD): 3.121233864605594
Delay distribution: 1) >1000ms:0.0% , 2)200ms~1000ms:1.34% , 3)50ms~200ms: 28.95% , 4)20ms~50ms: 41.39% , 5)<20ms: 28.32% 
Worst 50% Users: 13, Max Delay(ms): 210.0, Avg Delay(ms): 19.086794871794872, Avg Profit(USD): 6.235549431052282
Delay distribution: 1) >1000ms:0.0% , 2)200ms~1000ms:0.0% , 3)50ms~200ms: 5.72% , 4)20ms~50ms: 39.93% , 5)<20ms: 54.35% 
Left Users: 25, Max Delay(ms): 90.0, Avg Delay(ms): 11.160866666666667, Avg Profit(USD): 12.667390963072233
Delay distribution: 1) >1000ms:0.0% , 2)200ms~1000ms:0.0% , 3)50ms~200ms: 0.07% , 4)20ms~50ms: 9.44% , 5)<20ms: 90.49% 

Simulator step: 0
Simulator step: 1000
Simulator step: 2000
Simulator step: 3000
Simulator step: 4000
Simulator step: 5000
------------------------
Cycle: 30, start time: 14:30, end time: 14:35
------------------------
Total Users: 50, Max Delay(ms): 2370.0, Avg Delay(ms): 41.071066666666674, Avg Profit(USD): 8.459860182761469
Delay distribution: 1) >1000ms:0.48% , 2)200ms~1000ms:3.29% , 3)50ms~200ms: 9.72% , 4)20ms~50ms: 22.51% , 5)<20ms: 64.0% 
Worst 10% Users: 5, Max Delay(ms): 2370.0, Avg Delay(ms): 246.48166666666668, Avg Profit(USD): 0.6831829403945395
Delay distribution: 1) >1000ms:4.77% , 2)200ms~1000ms:30.92% , 3)50ms~200ms: 41.72% , 4)20ms~50ms: 16.16% , 5)<20ms: 6.43% 
Worst 25% Users: 7, Max Delay(ms): 260.0, Avg Delay(ms): 41.92547619047619, Avg Profit(USD): 3.1485452765138997
Delay distribution: 1) >1000ms:0.0% , 2)200ms~1000ms:1.45% , 3)50ms~200ms: 28.68% , 4)20ms~50ms: 41.3% , 5)<20ms: 28.58% 
Worst 50% Users: 13, Max Delay(ms): 180.0, Avg Delay(ms): 19.14794871794872, Avg Profit(USD): 6.218738575218781
Delay distribution: 1) >1000ms:0.0% , 2)200ms~1000ms:0.0% , 3)50ms~200ms: 5.78% , 4)20ms~50ms: 40.01% , 5)<20ms: 54.21% 
Left Users: 25, Max Delay(ms): 80.0, Avg Delay(ms): 11.149733333333334, Avg Profit(USD): 12.667747040906374
Delay distribution: 1) >1000ms:0.0% , 2)200ms~1000ms:0.0% , 3)50ms~200ms: 0.06% , 4)20ms~50ms: 9.42% , 5)<20ms: 90.52% 

Simulator step: 0
Simulator step: 1000
Simulator step: 2000
Simulator step: 3000
Simulator step: 4000
Simulator step: 5000
------------------------
Cycle: 31, start time: 14:35, end time: 14:40
------------------------
Total Users: 50, Max Delay(ms): 2190.0, Avg Delay(ms): 37.435033333333344, Avg Profit(USD): 8.458897976610833
Delay distribution: 1) >1000ms:0.24% , 2)200ms~1000ms:3.31% , 3)50ms~200ms: 9.93% , 4)20ms~50ms: 22.52% , 5)<20ms: 64.0% 
Worst 10% Users: 5, Max Delay(ms): 2190.0, Avg Delay(ms): 208.95066666666668, Avg Profit(USD): 0.7227691385096945
Delay distribution: 1) >1000ms:2.37% , 2)200ms~1000ms:30.89% , 3)50ms~200ms: 42.91% , 4)20ms~50ms: 17.02% , 5)<20ms: 6.81% 
Worst 25% Users: 7, Max Delay(ms): 260.0, Avg Delay(ms): 42.77619047619047, Avg Profit(USD): 3.0986836521054575
Delay distribution: 1) >1000ms:0.0% , 2)200ms~1000ms:1.59% , 3)50ms~200ms: 29.28% , 4)20ms~50ms: 40.99% , 5)<20ms: 28.14% 
Worst 50% Users: 13, Max Delay(ms): 170.0, Avg Delay(ms): 19.133846153846154, Avg Profit(USD): 6.231964386207858
Delay distribution: 1) >1000ms:0.0% , 2)200ms~1000ms:0.0% , 3)50ms~200ms: 5.82% , 4)20ms~50ms: 39.86% , 5)<20ms: 54.32% 
Left Users: 25, Max Delay(ms): 70.0, Avg Delay(ms): 11.153000000000002, Avg Profit(USD): 12.66498922210211
Delay distribution: 1) >1000ms:0.0% , 2)200ms~1000ms:0.0% , 3)50ms~200ms: 0.06% , 4)20ms~50ms: 9.42% , 5)<20ms: 90.51% 

Simulator step: 0
Simulator step: 1000
Simulator step: 2000
Simulator step: 3000
Simulator step: 4000
Simulator step: 5000
------------------------
Cycle: 32, start time: 14:40, end time: 14:45
------------------------
Total Users: 50, Max Delay(ms): 4770.0, Avg Delay(ms): 43.10420000000002, Avg Profit(USD): 8.457653519291394
Delay distribution: 1) >1000ms:0.56% , 2)200ms~1000ms:3.15% , 3)50ms~200ms: 9.66% , 4)20ms~50ms: 22.64% , 5)<20ms: 64.0% 
Worst 10% Users: 5, Max Delay(ms): 4770.0, Avg Delay(ms): 267.22900000000004, Avg Profit(USD): 0.7121715456560546
Delay distribution: 1) >1000ms:5.57% , 2)200ms~1000ms:29.47% , 3)50ms~200ms: 41.43% , 4)20ms~50ms: 16.82% , 5)<20ms: 6.71% 
Worst 25% Users: 7, Max Delay(ms): 260.0, Avg Delay(ms): 41.68285714285715, Avg Profit(USD): 3.1654088743318507
Delay distribution: 1) >1000ms:0.0% , 2)200ms~1000ms:1.44% , 3)50ms~200ms: 28.64% , 4)20ms~50ms: 41.21% , 5)<20ms: 28.71% 
Worst 50% Users: 13, Max Delay(ms): 180.0, Avg Delay(ms): 19.06153846153846, Avg Profit(USD): 6.239152405863467
Delay distribution: 1) >1000ms:0.0% , 2)200ms~1000ms:0.0% , 3)50ms~200ms: 5.63% , 4)20ms~50ms: 39.99% , 5)<20ms: 54.38% 
Left Users: 25, Max Delay(ms): 70.0, Avg Delay(ms): 11.179399999999998, Avg Profit(USD): 12.642198993589659
Delay distribution: 1) >1000ms:0.0% , 2)200ms~1000ms:0.0% , 3)50ms~200ms: 0.08% , 4)20ms~50ms: 9.58% , 5)<20ms: 90.34% 

Simulator step: 0
Simulator step: 1000
Simulator step: 2000
Simulator step: 3000
Simulator step: 4000
Simulator step: 5000
------------------------
Cycle: 33, start time: 14:45, end time: 14:50
------------------------
Total Users: 50, Max Delay(ms): 2290.0, Avg Delay(ms): 37.85686666666669, Avg Profit(USD): 8.45770490154302
Delay distribution: 1) >1000ms:0.32% , 2)200ms~1000ms:3.09% , 3)50ms~200ms: 9.95% , 4)20ms~50ms: 22.64% , 5)<20ms: 64.0% 
Worst 10% Users: 5, Max Delay(ms): 2290.0, Avg Delay(ms): 214.18900000000002, Avg Profit(USD): 0.7333063605182676
Delay distribution: 1) >1000ms:3.16% , 2)200ms~1000ms:28.98% , 3)50ms~200ms: 43.38% , 4)20ms~50ms: 17.55% , 5)<20ms: 6.93% 
Worst 25% Users: 7, Max Delay(ms): 260.0, Avg Delay(ms): 41.913333333333334, Avg Profit(USD): 3.137793474910559
Delay distribution: 1) >1000ms:0.0% , 2)200ms~1000ms:1.4% , 3)50ms~200ms: 29.04% , 4)20ms~50ms: 41.08% , 5)<20ms: 28.49% 
Worst 50% Users: 13, Max Delay(ms): 190.0, Avg Delay(ms): 19.184871794871796, Avg Profit(USD): 6.214008569278223
Delay distribution: 1) >1000ms:0.0% , 2)200ms~1000ms:0.0% , 3)50ms~200ms: 5.82% , 4)20ms~50ms: 39.97% , 5)<20ms: 54.21% 
Left Users: 25, Max Delay(ms): 70.0, Avg Delay(ms): 11.164066666666665, Avg Profit(USD): 12.658881901982749
Delay distribution: 1) >1000ms:0.0% , 2)200ms~1000ms:0.0% , 3)50ms~200ms: 0.07% , 4)20ms~50ms: 9.48% , 5)<20ms: 90.45% 

Simulator step: 0
Simulator step: 1000
Simulator step: 2000
Simulator step: 3000
Simulator step: 4000
Simulator step: 5000
------------------------
Cycle: 34, start time: 14:50, end time: 14:55
------------------------
Total Users: 50, Max Delay(ms): 3140.0, Avg Delay(ms): 38.9385, Avg Profit(USD): 8.460123681719212
Delay distribution: 1) >1000ms:0.31% , 2)200ms~1000ms:3.19% , 3)50ms~200ms: 9.86% , 4)20ms~50ms: 22.63% , 5)<20ms: 64.0% 
Worst 10% Users: 5, Max Delay(ms): 3140.0, Avg Delay(ms): 224.68833333333333, Avg Profit(USD): 0.7251589164334005
Delay distribution: 1) >1000ms:3.14% , 2)200ms~1000ms:29.91% , 3)50ms~200ms: 42.7% , 4)20ms~50ms: 17.42% , 5)<20ms: 6.84% 
Worst 25% Users: 7, Max Delay(ms): 260.0, Avg Delay(ms): 42.16619047619047, Avg Profit(USD): 3.1459047782284593
Delay distribution: 1) >1000ms:0.0% , 2)200ms~1000ms:1.45% , 3)50ms~200ms: 28.92% , 4)20ms~50ms: 41.12% , 5)<20ms: 28.52% 
Worst 50% Users: 13, Max Delay(ms): 230.0, Avg Delay(ms): 19.197820512820517, Avg Profit(USD): 6.2026340516100875
Delay distribution: 1) >1000ms:0.0% , 2)200ms~1000ms:0.01% , 3)50ms~200ms: 5.78% , 4)20ms~50ms: 40.15% , 5)<20ms: 54.06% 
Left Users: 25, Max Delay(ms): 80.0, Avg Delay(ms): 11.149933333333335, Avg Profit(USD): 12.668992535410531
Delay distribution: 1) >1000ms:0.0% , 2)200ms~1000ms:0.0% , 3)50ms~200ms: 0.07% , 4)20ms~50ms: 9.39% , 5)<20ms: 90.54% 

Simulator step: 0
Simulator step: 1000
Simulator step: 2000
Simulator step: 3000
Simulator step: 4000
Simulator step: 5000
------------------------
Cycle: 35, start time: 14:55, end time: 15:00
------------------------
Total Users: 50, Max Delay(ms): 2600.0, Avg Delay(ms): 40.34553333333332, Avg Profit(USD): 8.46159675607608
Delay distribution: 1) >1000ms:0.41% , 2)200ms~1000ms:3.32% , 3)50ms~200ms: 9.65% , 4)20ms~50ms: 22.62% , 5)<20ms: 64.0% 
Worst 10% Users: 5, Max Delay(ms): 2600.0, Avg Delay(ms): 239.87300000000002, Avg Profit(USD): 0.6943980374634602
Delay distribution: 1) >1000ms:4.14% , 2)200ms~1000ms:31.25% , 3)50ms~200ms: 41.4% , 4)20ms~50ms: 16.65% , 5)<20ms: 6.56% 
Worst 25% Users: 7, Max Delay(ms): 260.0, Avg Delay(ms): 41.823571428571434, Avg Profit(USD): 3.120690999522369
Delay distribution: 1) >1000ms:0.0% , 2)200ms~1000ms:1.36% , 3)50ms~200ms: 28.95% , 4)20ms~50ms: 41.43% , 5)<20ms: 28.26% 
Worst 50% Users: 13, Max Delay(ms): 180.0, Avg Delay(ms): 18.93525641025641, Avg Profit(USD): 6.247381057159562
Delay distribution: 1) >1000ms:0.0% , 2)200ms~1000ms:0.0% , 3)50ms~200ms: 5.46% , 4)20ms~50ms: 40.12% , 5)<20ms: 54.42% 
Left Users: 25, Max Delay(ms): 80.0, Avg Delay(ms): 11.159533333333332, Avg Profit(USD): 12.661882275070234
Delay distribution: 1) >1000ms:0.0% , 2)200ms~1000ms:0.0% , 3)50ms~200ms: 0.07% , 4)20ms~50ms: 9.45% , 5)<20ms: 90.48% 

Simulator step: 0
Simulator step: 1000
Simulator step: 2000
Simulator step: 3000
Simulator step: 4000
Simulator step: 5000
------------------------
Cycle: 36, start time: 15:00, end time: 15:05
------------------------
Total Users: 50, Max Delay(ms): 2780.0, Avg Delay(ms): 38.808800000000005, Avg Profit(USD): 8.457428795799816
Delay distribution: 1) >1000ms:0.34% , 2)200ms~1000ms:3.24% , 3)50ms~200ms: 9.68% , 4)20ms~50ms: 22.74% , 5)<20ms: 64.0% 
Worst 10% Users: 5, Max Delay(ms): 2780.0, Avg Delay(ms): 225.334, Avg Profit(USD): 0.7107545187774159
Delay distribution: 1) >1000ms:3.39% , 2)200ms~1000ms:30.73% , 3)50ms~200ms: 42.22% , 4)20ms~50ms: 16.96% , 5)<20ms: 6.7% 
Worst 25% Users: 7, Max Delay(ms): 260.0, Avg Delay(ms): 41.14309523809524, Avg Profit(USD): 3.1497720831928135
Delay distribution: 1) >1000ms:0.0% , 2)200ms~1000ms:1.19% , 3)50ms~200ms: 28.66% , 4)20ms~50ms: 41.57% , 5)<20ms: 28.59% 
Worst 50% Users: 13, Max Delay(ms): 180.0, Avg Delay(ms): 18.948974358974354, Avg Profit(USD): 6.240672318356234
Delay distribution: 1) >1000ms:0.0% , 2)200ms~1000ms:0.0% , 3)50ms~200ms: 5.41% , 4)20ms~50ms: 40.17% , 5)<20ms: 54.42% 
Left Users: 25, Max Delay(ms): 100.0, Avg Delay(ms): 11.177266666666668, Avg Profit(USD): 12.645620899004916
Delay distribution: 1) >1000ms:0.0% , 2)200ms~1000ms:0.0% , 3)50ms~200ms: 0.08% , 4)20ms~50ms: 9.56% , 5)<20ms: 90.36% 

Simulator step: 0
Simulator step: 1000
Simulator step: 2000
Simulator step: 3000
Simulator step: 4000
Simulator step: 5000
------------------------
Cycle: 37, start time: 15:05, end time: 15:10
------------------------
Total Users: 50, Max Delay(ms): 2490.0, Avg Delay(ms): 38.77956666666668, Avg Profit(USD): 8.458237660713165
Delay distribution: 1) >1000ms:0.35% , 2)200ms~1000ms:3.19% , 3)50ms~200ms: 9.78% , 4)20ms~50ms: 22.68% , 5)<20ms: 64.0% 
Worst 10% Users: 5, Max Delay(ms): 2490.0, Avg Delay(ms): 224.33966666666666, Avg Profit(USD): 0.7210921417712107
Delay distribution: 1) >1000ms:3.54% , 2)200ms~1000ms:30.07% , 3)50ms~200ms: 42.43% , 4)20ms~50ms: 17.16% , 5)<20ms: 6.8% 
Worst 25% Users: 7, Max Delay(ms): 260.0, Avg Delay(ms): 41.42857142857143, Avg Profit(USD): 3.1690974779994416
Delay distribution: 1) >1000ms:0.0% , 2)200ms~1000ms:1.28% , 3)50ms~200ms: 28.8% , 4)20ms~50ms: 41.2% , 5)<20ms: 28.72% 
Worst 50% Users: 13, Max Delay(ms): 190.0, Avg Delay(ms): 19.078461538461536, Avg Profit(USD): 6.226045663244333
Delay distribution: 1) >1000ms:0.0% , 2)200ms~1000ms:0.0% , 3)50ms~200ms: 5.65% , 4)20ms~50ms: 40.1% , 5)<20ms: 54.25% 
Left Users: 25, Max Delay(ms): 90.0, Avg Delay(ms): 11.1704, Avg Profit(USD): 12.647365854345198
Delay distribution: 1) >1000ms:0.0% , 2)200ms~1000ms:0.0% , 3)50ms~200ms: 0.07% , 4)20ms~50ms: 9.54% , 5)<20ms: 90.39% 

Simulator step: 0
Simulator step: 1000
Simulator step: 2000
Simulator step: 3000
Simulator step: 4000
Simulator step: 5000
------------------------
Cycle: 38, start time: 15:10, end time: 15:15
------------------------
Total Users: 50, Max Delay(ms): 2340.0, Avg Delay(ms): 39.50730000000001, Avg Profit(USD): 8.45789604224108
Delay distribution: 1) >1000ms:0.35% , 2)200ms~1000ms:3.24% , 3)50ms~200ms: 9.76% , 4)20ms~50ms: 22.64% , 5)<20ms: 64.0% 
Worst 10% Users: 5, Max Delay(ms): 2340.0, Avg Delay(ms): 230.79766666666666, Avg Profit(USD): 0.707119815521746
Delay distribution: 1) >1000ms:3.54% , 2)200ms~1000ms:30.32% , 3)50ms~200ms: 42.34% , 4)20ms~50ms: 17.12% , 5)<20ms: 6.68% 
Worst 25% Users: 7, Max Delay(ms): 260.0, Avg Delay(ms): 42.05095238095238, Avg Profit(USD): 3.1480003593723733
Delay distribution: 1) >1000ms:0.0% , 2)200ms~1000ms:1.49% , 3)50ms~200ms: 28.9% , 4)20ms~50ms: 41.03% , 5)<20ms: 28.58% 
Worst 50% Users: 13, Max Delay(ms): 220.0, Avg Delay(ms): 19.069615384615386, Avg Profit(USD): 6.22069484040039
Delay distribution: 1) >1000ms:0.0% , 2)200ms~1000ms:0.0% , 3)50ms~200ms: 5.56% , 4)20ms~50ms: 40.22% , 5)<20ms: 54.22% 
Left Users: 25, Max Delay(ms): 80.0, Avg Delay(ms): 11.1646, Avg Profit(USD): 12.658166703745342
Delay distribution: 1) >1000ms:0.0% , 2)200ms~1000ms:0.0% , 3)50ms~200ms: 0.07% , 4)20ms~50ms: 9.46% , 5)<20ms: 90.47% 

Simulator step: 0
Simulator step: 1000
Simulator step: 2000
Simulator step: 3000
Simulator step: 4000
Simulator step: 5000
------------------------
Cycle: 39, start time: 15:15, end time: 15:20
------------------------
Total Users: 50, Max Delay(ms): 3960.0, Avg Delay(ms): 41.68336666666665, Avg Profit(USD): 8.456864051126004
Delay distribution: 1) >1000ms:0.47% , 2)200ms~1000ms:3.18% , 3)50ms~200ms: 9.78% , 4)20ms~50ms: 22.57% , 5)<20ms: 64.0% 
Worst 10% Users: 5, Max Delay(ms): 3960.0, Avg Delay(ms): 252.05166666666668, Avg Profit(USD): 0.7382269101466886
Delay distribution: 1) >1000ms:4.74% , 2)200ms~1000ms:29.69% , 3)50ms~200ms: 41.35% , 4)20ms~50ms: 17.27% , 5)<20ms: 6.96% 
Worst 25% Users: 7, Max Delay(ms): 260.0, Avg Delay(ms): 42.294761904761906, Avg Profit(USD): 3.1154130811569782
Delay distribution: 1) >1000ms:0.0% , 2)200ms~1000ms:1.48% , 3)50ms~200ms: 29.35% , 4)20ms~50ms: 40.95% , 5)<20ms: 28.23% 
Worst 50% Users: 13, Max Delay(ms): 210.0, Avg Delay(ms): 19.146153846153844, Avg Profit(USD): 6.2148172471563825
Delay distribution: 1) >1000ms:0.0% , 2)200ms~1000ms:0.0% , 3)50ms~200ms: 5.76% , 4)20ms~50ms: 40.04% , 5)<20ms: 54.21% 
Left Users: 25, Max Delay(ms): 90.0, Avg Delay(ms): 11.157866666666667, Avg Profit(USD): 12.662062088977398
Delay distribution: 1) >1000ms:0.0% , 2)200ms~1000ms:0.0% , 3)50ms~200ms: 0.08% , 4)20ms~50ms: 9.41% , 5)<20ms: 90.52% 

Simulator step: 0
Simulator step: 1000
Simulator step: 2000
Simulator step: 3000
Simulator step: 4000
Simulator step: 5000
------------------------
Cycle: 40, start time: 15:20, end time: 15:25
------------------------
Total Users: 50, Max Delay(ms): 1850.0, Avg Delay(ms): 37.35156666666666, Avg Profit(USD): 8.46112273936807
Delay distribution: 1) >1000ms:0.26% , 2)200ms~1000ms:3.21% , 3)50ms~200ms: 9.87% , 4)20ms~50ms: 22.66% , 5)<20ms: 64.0% 
Worst 10% Users: 5, Max Delay(ms): 1850.0, Avg Delay(ms): 209.60500000000002, Avg Profit(USD): 0.7194761832560548
Delay distribution: 1) >1000ms:2.63% , 2)200ms~1000ms:30.2% , 3)50ms~200ms: 43.17% , 4)20ms~50ms: 17.21% , 5)<20ms: 6.79% 
Worst 25% Users: 7, Max Delay(ms): 260.0, Avg Delay(ms): 41.77285714285715, Avg Profit(USD): 3.134734994757151
Delay distribution: 1) >1000ms:0.0% , 2)200ms~1000ms:1.33% , 3)50ms~200ms: 29.0% , 4)20ms~50ms: 41.25% , 5)<20ms: 28.42% 
Worst 50% Users: 13, Max Delay(ms): 170.0, Avg Delay(ms): 19.04884615384616, Avg Profit(USD): 6.242349385876819
Delay distribution: 1) >1000ms:0.0% , 2)200ms~1000ms:0.0% , 3)50ms~200ms: 5.59% , 4)20ms~50ms: 40.01% , 5)<20ms: 54.4% 
Left Users: 25, Max Delay(ms): 120.0, Avg Delay(ms): 11.180333333333332, Avg Profit(USD): 12.65460276289698
Delay distribution: 1) >1000ms:0.0% , 2)200ms~1000ms:0.0% , 3)50ms~200ms: 0.08% , 4)20ms~50ms: 9.52% , 5)<20ms: 90.4% 

Simulator step: 0
Simulator step: 1000
Simulator step: 2000
Simulator step: 3000
Simulator step: 4000
Simulator step: 5000
------------------------
Cycle: 41, start time: 15:25, end time: 15:30
------------------------
Total Users: 50, Max Delay(ms): 2470.0, Avg Delay(ms): 37.98216666666667, Avg Profit(USD): 8.462487246536465
Delay distribution: 1) >1000ms:0.26% , 2)200ms~1000ms:3.3% , 3)50ms~200ms: 9.79% , 4)20ms~50ms: 22.65% , 5)<20ms: 64.0% 
Worst 10% Users: 5, Max Delay(ms): 2470.0, Avg Delay(ms): 216.06066666666663, Avg Profit(USD): 0.7134790014115416
Delay distribution: 1) >1000ms:2.56% , 2)200ms~1000ms:31.26% , 3)50ms~200ms: 42.66% , 4)20ms~50ms: 16.78% , 5)<20ms: 6.73% 
Worst 25% Users: 7, Max Delay(ms): 260.0, Avg Delay(ms): 41.61404761904762, Avg Profit(USD): 3.1650421214809046
Delay distribution: 1) >1000ms:0.0% , 2)200ms~1000ms:1.25% , 3)50ms~200ms: 28.77% , 4)20ms~50ms: 41.27% , 5)<20ms: 28.71% 
Worst 50% Users: 13, Max Delay(ms): 190.0, Avg Delay(ms): 19.086025641025646, Avg Profit(USD): 6.221141557153741
Delay distribution: 1) >1000ms:0.0% , 2)200ms~1000ms:0.0% , 3)50ms~200ms: 5.59% , 4)20ms~50ms: 40.18% , 5)<20ms: 54.23% 
Left Users: 25, Max Delay(ms): 80.0, Avg Delay(ms): 11.175533333333332, Avg Profit(USD): 12.66107328905603
Delay distribution: 1) >1000ms:0.0% , 2)200ms~1000ms:0.0% , 3)50ms~200ms: 0.09% , 4)20ms~50ms: 9.5% , 5)<20ms: 90.42% 

Simulator step: 0
Simulator step: 1000
Simulator step: 2000
Simulator step: 3000
Simulator step: 4000
Simulator step: 5000
------------------------
Cycle: 42, start time: 15:30, end time: 15:35
------------------------
Total Users: 50, Max Delay(ms): 2730.0, Avg Delay(ms): 40.650800000000004, Avg Profit(USD): 8.457692554948897
Delay distribution: 1) >1000ms:0.42% , 2)200ms~1000ms:3.31% , 3)50ms~200ms: 9.66% , 4)20ms~50ms: 22.62% , 5)<20ms: 64.0% 
Worst 10% Users: 5, Max Delay(ms): 2730.0, Avg Delay(ms): 242.68933333333337, Avg Profit(USD): 0.7197644469025297
Delay distribution: 1) >1000ms:4.19% , 2)200ms~1000ms:31.21% , 3)50ms~200ms: 41.03% , 4)20ms~50ms: 16.79% , 5)<20ms: 6.78% 
Worst 25% Users: 7, Max Delay(ms): 260.0, Avg Delay(ms): 41.715714285714284, Avg Profit(USD): 3.115115593231158
Delay distribution: 1) >1000ms:0.0% , 2)200ms~1000ms:1.33% , 3)50ms~200ms: 28.84% , 4)20ms~50ms: 41.57% , 5)<20ms: 28.26% 
Worst 50% Users: 13, Max Delay(ms): 180.0, Avg Delay(ms): 19.083846153846157, Avg Profit(USD): 6.2215228442520365
Delay distribution: 1) >1000ms:0.0% , 2)200ms~1000ms:0.0% , 3)50ms~200ms: 5.68% , 4)20ms~50ms: 40.07% , 5)<20ms: 54.24% 
Left Users: 25, Max Delay(ms): 70.0, Avg Delay(ms): 11.159733333333332, Avg Profit(USD): 12.664007975401512
Delay distribution: 1) >1000ms:0.0% , 2)200ms~1000ms:0.0% , 3)50ms~200ms: 0.08% , 4)20ms~50ms: 9.39% , 5)<20ms: 90.52% 

Simulator step: 0
Simulator step: 1000
Simulator step: 2000
Simulator step: 3000
Simulator step: 4000
Simulator step: 5000
------------------------
Cycle: 43, start time: 15:35, end time: 15:40
------------------------
Total Users: 50, Max Delay(ms): 2630.0, Avg Delay(ms): 39.892399999999995, Avg Profit(USD): 8.458219934624427
Delay distribution: 1) >1000ms:0.41% , 2)200ms~1000ms:3.23% , 3)50ms~200ms: 9.75% , 4)20ms~50ms: 22.61% , 5)<20ms: 64.0% 
Worst 10% Users: 5, Max Delay(ms): 2630.0, Avg Delay(ms): 234.9683333333333, Avg Profit(USD): 0.6921500615038172
Delay distribution: 1) >1000ms:4.09% , 2)200ms~1000ms:30.32% , 3)50ms~200ms: 42.49% , 4)20ms~50ms: 16.57% , 5)<20ms: 6.54% 
Worst 25% Users: 7, Max Delay(ms): 260.0, Avg Delay(ms): 41.787142857142854, Avg Profit(USD): 3.16247048354867
Delay distribution: 1) >1000ms:0.0% , 2)200ms~1000ms:1.42% , 3)50ms~200ms: 28.59% , 4)20ms~50ms: 41.3% , 5)<20ms: 28.69% 
Worst 50% Users: 13, Max Delay(ms): 190.0, Avg Delay(ms): 19.116923076923072, Avg Profit(USD): 6.2062890551427845
Delay distribution: 1) >1000ms:0.0% , 2)200ms~1000ms:0.0% , 3)50ms~200ms: 5.66% , 4)20ms~50ms: 40.24% , 5)<20ms: 54.1% 
Left Users: 25, Max Delay(ms): 70.0, Avg Delay(ms): 11.14993333333333, Avg Profit(USD): 12.665247812880217
Delay distribution: 1) >1000ms:0.0% , 2)200ms~1000ms:0.0% , 3)50ms~200ms: 0.06% , 4)20ms~50ms: 9.41% , 5)<20ms: 90.53% 

Simulator step: 0
Simulator step: 1000
Simulator step: 2000
Simulator step: 3000
Simulator step: 4000
Simulator step: 5000
------------------------
Cycle: 44, start time: 15:40, end time: 15:45
------------------------
Total Users: 50, Max Delay(ms): 3280.0, Avg Delay(ms): 43.7543, Avg Profit(USD): 8.459533032761168
Delay distribution: 1) >1000ms:0.65% , 2)200ms~1000ms:3.07% , 3)50ms~200ms: 9.75% , 4)20ms~50ms: 22.54% , 5)<20ms: 64.0% 
Worst 10% Users: 5, Max Delay(ms): 3280.0, Avg Delay(ms): 272.447, Avg Profit(USD): 0.7274640254851706
Delay distribution: 1) >1000ms:6.46% , 2)200ms~1000ms:28.43% , 3)50ms~200ms: 41.14% , 4)20ms~50ms: 17.12% , 5)<20ms: 6.85% 
Worst 25% Users: 7, Max Delay(ms): 260.0, Avg Delay(ms): 42.57476190476191, Avg Profit(USD): 3.0962392329634274
Delay distribution: 1) >1000ms:0.0% , 2)200ms~1000ms:1.59% , 3)50ms~200ms: 29.22% , 4)20ms~50ms: 41.07% , 5)<20ms: 28.12% 
Worst 50% Users: 13, Max Delay(ms): 160.0, Avg Delay(ms): 19.12333333333333, Avg Profit(USD): 6.224190712132421
Delay distribution: 1) >1000ms:0.0% , 2)200ms~1000ms:0.0% , 3)50ms~200ms: 5.79% , 4)20ms~50ms: 39.96% , 5)<20ms: 54.26% 
Left Users: 25, Max Delay(ms): 80.0, Avg Delay(ms): 11.15413333333333, Avg Profit(USD): 12.670047104886681
Delay distribution: 1) >1000ms:0.0% , 2)200ms~1000ms:0.0% , 3)50ms~200ms: 0.08% , 4)20ms~50ms: 9.37% , 5)<20ms: 90.54% 

Simulator step: 0
Simulator step: 1000
Simulator step: 2000
Simulator step: 3000
Simulator step: 4000
Simulator step: 5000
------------------------
Cycle: 45, start time: 15:45, end time: 15:50
------------------------
Total Users: 50, Max Delay(ms): 3010.0, Avg Delay(ms): 37.802500000000016, Avg Profit(USD): 8.461231282091227
Delay distribution: 1) >1000ms:0.29% , 2)200ms~1000ms:3.1% , 3)50ms~200ms: 9.95% , 4)20ms~50ms: 22.66% , 5)<20ms: 64.0% 
Worst 10% Users: 5, Max Delay(ms): 3010.0, Avg Delay(ms): 213.87733333333335, Avg Profit(USD): 0.7273370869922632
Delay distribution: 1) >1000ms:2.86% , 2)200ms~1000ms:29.07% , 3)50ms~200ms: 43.73% , 4)20ms~50ms: 17.47% , 5)<20ms: 6.87% 
Worst 25% Users: 7, Max Delay(ms): 260.0, Avg Delay(ms): 41.933095238095234, Avg Profit(USD): 3.122482396949997
Delay distribution: 1) >1000ms:0.0% , 2)200ms~1000ms:1.35% , 3)50ms~200ms: 29.02% , 4)20ms~50ms: 41.29% , 5)<20ms: 28.35% 
Worst 50% Users: 13, Max Delay(ms): 170.0, Avg Delay(ms): 19.085512820512818, Avg Profit(USD): 6.236815832035893
Delay distribution: 1) >1000ms:0.0% , 2)200ms~1000ms:0.0% , 3)50ms~200ms: 5.7% , 4)20ms~50ms: 39.97% , 5)<20ms: 54.33% 
Left Users: 25, Max Delay(ms): 100.0, Avg Delay(ms): 11.163799999999998, Avg Profit(USD): 12.659555842979339
Delay distribution: 1) >1000ms:0.0% , 2)200ms~1000ms:0.0% , 3)50ms~200ms: 0.07% , 4)20ms~50ms: 9.49% , 5)<20ms: 90.44% 

Simulator step: 0
Simulator step: 1000
Simulator step: 2000
Simulator step: 3000
Simulator step: 4000
Simulator step: 5000
------------------------
Cycle: 46, start time: 15:50, end time: 15:55
------------------------
Total Users: 50, Max Delay(ms): 2780.0, Avg Delay(ms): 40.04780000000001, Avg Profit(USD): 8.459800023277982
Delay distribution: 1) >1000ms:0.42% , 2)200ms~1000ms:3.13% , 3)50ms~200ms: 9.77% , 4)20ms~50ms: 22.68% , 5)<20ms: 64.0% 
Worst 10% Users: 5, Max Delay(ms): 2780.0, Avg Delay(ms): 236.80800000000002, Avg Profit(USD): 0.7376647185455686
Delay distribution: 1) >1000ms:4.21% , 2)200ms~1000ms:29.56% , 3)50ms~200ms: 41.98% , 4)20ms~50ms: 17.29% , 5)<20ms: 6.97% 
Worst 25% Users: 7, Max Delay(ms): 260.0, Avg Delay(ms): 41.563571428571436, Avg Profit(USD): 3.124187633326383
Delay distribution: 1) >1000ms:0.0% , 2)200ms~1000ms:1.24% , 3)50ms~200ms: 29.02% , 4)20ms~50ms: 41.4% , 5)<20ms: 28.34% 
Worst 50% Users: 13, Max Delay(ms): 220.0, Avg Delay(ms): 19.090897435897432, Avg Profit(USD): 6.232128165336138
Delay distribution: 1) >1000ms:0.0% , 2)200ms~1000ms:0.0% , 3)50ms~200ms: 5.67% , 4)20ms~50ms: 40.01% , 5)<20ms: 54.31% 
Left Users: 25, Max Delay(ms): 70.0, Avg Delay(ms): 11.168933333333333, Avg Profit(USD): 12.656587919540666
Delay distribution: 1) >1000ms:0.0% , 2)200ms~1000ms:0.0% , 3)50ms~200ms: 0.07% , 4)20ms~50ms: 9.51% , 5)<20ms: 90.43% 

Simulator step: 0
Simulator step: 1000
Simulator step: 2000
Simulator step: 3000
Simulator step: 4000
Simulator step: 5000
------------------------
Cycle: 47, start time: 15:55, end time: 16:00
------------------------
Total Users: 50, Max Delay(ms): 2860.0, Avg Delay(ms): 38.335066666666684, Avg Profit(USD): 8.45638286728215
Delay distribution: 1) >1000ms:0.28% , 2)200ms~1000ms:3.26% , 3)50ms~200ms: 9.95% , 4)20ms~50ms: 22.51% , 5)<20ms: 64.0% 
Worst 10% Users: 5, Max Delay(ms): 2860.0, Avg Delay(ms): 218.08533333333338, Avg Profit(USD): 0.720613710307866
Delay distribution: 1) >1000ms:2.79% , 2)200ms~1000ms:30.45% , 3)50ms~200ms: 42.96% , 4)20ms~50ms: 16.99% , 5)<20ms: 6.81% 
Worst 25% Users: 7, Max Delay(ms): 260.0, Avg Delay(ms): 42.73190476190476, Avg Profit(USD): 3.1131780886322886
Delay distribution: 1) >1000ms:0.0% , 2)200ms~1000ms:1.53% , 3)50ms~200ms: 29.52% , 4)20ms~50ms: 40.7% , 5)<20ms: 28.26% 
Worst 50% Users: 13, Max Delay(ms): 170.0, Avg Delay(ms): 19.096666666666668, Avg Profit(USD): 6.239717505105941
Delay distribution: 1) >1000ms:0.0% , 2)200ms~1000ms:0.0% , 3)50ms~200ms: 5.71% , 4)20ms~50ms: 39.88% , 5)<20ms: 54.41% 
Left Users: 25, Max Delay(ms): 80.0, Avg Delay(ms): 11.157866666666667, Avg Profit(USD): 12.652300025030598
Delay distribution: 1) >1000ms:0.0% , 2)200ms~1000ms:0.0% , 3)50ms~200ms: 0.08% , 4)20ms~50ms: 9.49% , 5)<20ms: 90.43% 

Simulator step: 0
Simulator step: 1000
Simulator step: 2000
Simulator step: 3000
Simulator step: 4000
Simulator step: 5000
------------------------
Cycle: 48, start time: 16:00, end time: 16:05
------------------------
Total Users: 50, Max Delay(ms): 4090.0, Avg Delay(ms): 41.90926666666667, Avg Profit(USD): 8.462112740234673
Delay distribution: 1) >1000ms:0.46% , 2)200ms~1000ms:3.2% , 3)50ms~200ms: 9.76% , 4)20ms~50ms: 22.57% , 5)<20ms: 64.0% 
Worst 10% Users: 5, Max Delay(ms): 4090.0, Avg Delay(ms): 254.68066666666664, Avg Profit(USD): 0.7005414437980091
Delay distribution: 1) >1000ms:4.64% , 2)200ms~1000ms:30.1% , 3)50ms~200ms: 41.81% , 4)20ms~50ms: 16.85% , 5)<20ms: 6.61% 
Worst 25% Users: 7, Max Delay(ms): 260.0, Avg Delay(ms): 42.23428571428571, Avg Profit(USD): 3.1359489606427178
Delay distribution: 1) >1000ms:0.0% , 2)200ms~1000ms:1.39% , 3)50ms~200ms: 29.19% , 4)20ms~50ms: 40.98% , 5)<20ms: 28.45% 
Worst 50% Users: 13, Max Delay(ms): 190.0, Avg Delay(ms): 19.004615384615384, Avg Profit(USD): 6.260022346259282
Delay distribution: 1) >1000ms:0.0% , 2)200ms~1000ms:0.0% , 3)50ms~200ms: 5.57% , 4)20ms~50ms: 39.91% , 5)<20ms: 54.52% 
Left Users: 25, Max Delay(ms): 70.0, Avg Delay(ms): 11.1744, Avg Profit(USD): 12.650839862674953
Delay distribution: 1) >1000ms:0.0% , 2)200ms~1000ms:0.0% , 3)50ms~200ms: 0.09% , 4)20ms~50ms: 9.55% , 5)<20ms: 90.36% 

Simulator step: 0
Simulator step: 1000
Simulator step: 2000
Simulator step: 3000
Simulator step: 4000
Simulator step: 5000
------------------------
Cycle: 49, start time: 16:05, end time: 16:10
------------------------
Total Users: 50, Max Delay(ms): 2490.0, Avg Delay(ms): 38.69423333333333, Avg Profit(USD): 8.45851304130642
Delay distribution: 1) >1000ms:0.36% , 2)200ms~1000ms:3.22% , 3)50ms~200ms: 9.77% , 4)20ms~50ms: 22.65% , 5)<20ms: 64.0% 
Worst 10% Users: 5, Max Delay(ms): 2490.0, Avg Delay(ms): 223.0456666666667, Avg Profit(USD): 0.7141795575427404
Delay distribution: 1) >1000ms:3.57% , 2)200ms~1000ms:30.24% , 3)50ms~200ms: 42.4% , 4)20ms~50ms: 17.05% , 5)<20ms: 6.74% 
Worst 25% Users: 7, Max Delay(ms): 260.0, Avg Delay(ms): 41.72619047619047, Avg Profit(USD): 3.139728537523596
Delay distribution: 1) >1000ms:0.0% , 2)200ms~1000ms:1.39% , 3)50ms~200ms: 28.64% , 4)20ms~50ms: 41.49% , 5)<20ms: 28.49% 
Worst 50% Users: 13, Max Delay(ms): 190.0, Avg Delay(ms): 19.121794871794872, Avg Profit(USD): 6.219499795709924
Delay distribution: 1) >1000ms:0.0% , 2)200ms~1000ms:0.0% , 3)50ms~200ms: 5.72% , 4)20ms~50ms: 40.08% , 5)<20ms: 54.2% 
Left Users: 25, Max Delay(ms): 90.0, Avg Delay(ms): 11.152666666666667, Avg Profit(USD): 12.660926286828524
Delay distribution: 1) >1000ms:0.0% , 2)200ms~1000ms:0.0% , 3)50ms~200ms: 0.07% , 4)20ms~50ms: 9.44% , 5)<20ms: 90.49% 

