Width/length: 10, number users: 50, weight_risk: 0.4 0.1 0.9 0.8



Simulator step: 0
Simulator step: 1000
Simulator step: 2000
Simulator step: 3000
Simulator step: 4000
Simulator step: 5000
------------------------
Cycle: 0, start time: 12:00, end time: 12:05
------------------------
Total Users: 50, Max Delay(ms): 2510.0, Avg Delay(ms): 40.444733333333325, Avg Profit(USD): 8.462865193625428
Delay distribution: 1) >1000ms:0.42% , 2)200ms~1000ms:3.35% , 3)50ms~200ms: 9.64% , 4)20ms~50ms: 22.58% , 5)<20ms: 64.01% 
Worst 10% Users: 5, Max Delay(ms): 2510.0, Avg Delay(ms): 238.45300000000003, Avg Profit(USD): 0.6949581223451035
Delay distribution: 1) >1000ms:4.19% , 2)200ms~1000ms:30.65% , 3)50ms~200ms: 41.98% , 4)20ms~50ms: 16.59% , 5)<20ms: 6.59% 
Worst 25% Users: 7, Max Delay(ms): 600.0, Avg Delay(ms): 43.66666666666667, Avg Profit(USD): 3.134212675021237
Delay distribution: 1) >1000ms:0.0% , 2)200ms~1000ms:2.03% , 3)50ms~200ms: 28.49% , 4)20ms~50ms: 41.06% , 5)<20ms: 28.43% 
Worst 50% Users: 13, Max Delay(ms): 100.0, Avg Delay(ms): 18.872692307692308, Avg Profit(USD): 6.244782618047443
Delay distribution: 1) >1000ms:0.0% , 2)200ms~1000ms:0.0% , 3)50ms~200ms: 5.46% , 4)20ms~50ms: 40.11% , 5)<20ms: 54.44% 
Left Users: 25, Max Delay(ms): 70.0, Avg Delay(ms): 11.158400000000002, Avg Profit(USD): 12.661872252391221
Delay distribution: 1) >1000ms:0.0% , 2)200ms~1000ms:0.0% , 3)50ms~200ms: 0.07% , 4)20ms~50ms: 9.49% , 5)<20ms: 90.44% 

Simulator step: 0
Simulator step: 1000
Simulator step: 2000
Simulator step: 3000
Simulator step: 4000
Simulator step: 5000
------------------------
Cycle: 1, start time: 12:05, end time: 12:10
------------------------
Total Users: 50, Max Delay(ms): 2820.0, Avg Delay(ms): 40.91406666666668, Avg Profit(USD): 8.461122363412725
Delay distribution: 1) >1000ms:0.42% , 2)200ms~1000ms:3.4% , 3)50ms~200ms: 9.64% , 4)20ms~50ms: 22.53% , 5)<20ms: 64.0% 
Worst 10% Users: 5, Max Delay(ms): 2820.0, Avg Delay(ms): 241.30933333333334, Avg Profit(USD): 0.7090282994213037
Delay distribution: 1) >1000ms:4.24% , 2)200ms~1000ms:30.82% , 3)50ms~200ms: 41.38% , 4)20ms~50ms: 16.86% , 5)<20ms: 6.7% 
Worst 25% Users: 7, Max Delay(ms): 720.0, Avg Delay(ms): 44.82880952380953, Avg Profit(USD): 3.1224262260280162
Delay distribution: 1) >1000ms:0.0% , 2)200ms~1000ms:2.3% , 3)50ms~200ms: 28.77% , 4)20ms~50ms: 40.67% , 5)<20ms: 28.26% 
Worst 50% Users: 13, Max Delay(ms): 100.0, Avg Delay(ms): 18.92833333333334, Avg Profit(USD): 6.2548019515808955
Delay distribution: 1) >1000ms:0.0% , 2)200ms~1000ms:0.0% , 3)50ms~200ms: 5.55% , 4)20ms~50ms: 39.94% , 5)<20ms: 54.52% 
Left Users: 25, Max Delay(ms): 70.0, Avg Delay(ms): 11.171466666666666, Avg Profit(USD): 12.653662708831277
Delay distribution: 1) >1000ms:0.0% , 2)200ms~1000ms:0.0% , 3)50ms~200ms: 0.07% , 4)20ms~50ms: 9.53% , 5)<20ms: 90.4% 

Simulator step: 0
Simulator step: 1000
Simulator step: 2000
Simulator step: 3000
Simulator step: 4000
Simulator step: 5000
------------------------
Cycle: 2, start time: 12:10, end time: 12:15
------------------------
Total Users: 50, Max Delay(ms): 2170.0, Avg Delay(ms): 39.61983333333334, Avg Profit(USD): 8.462548313665462
Delay distribution: 1) >1000ms:0.37% , 2)200ms~1000ms:3.39% , 3)50ms~200ms: 9.52% , 4)20ms~50ms: 22.72% , 5)<20ms: 64.0% 
Worst 10% Users: 5, Max Delay(ms): 2170.0, Avg Delay(ms): 232.14600000000004, Avg Profit(USD): 0.709316163032023
Delay distribution: 1) >1000ms:3.71% , 2)200ms~1000ms:31.56% , 3)50ms~200ms: 41.46% , 4)20ms~50ms: 16.6% , 5)<20ms: 6.67% 
Worst 25% Users: 7, Max Delay(ms): 520.0, Avg Delay(ms): 42.325, Avg Profit(USD): 3.1250967300159913
Delay distribution: 1) >1000ms:0.0% , 2)200ms~1000ms:1.68% , 3)50ms~200ms: 28.23% , 4)20ms~50ms: 41.76% , 5)<20ms: 28.33% 
Worst 50% Users: 13, Max Delay(ms): 100.0, Avg Delay(ms): 18.840128205128202, Avg Profit(USD): 6.2451619993489595
Delay distribution: 1) >1000ms:0.0% , 2)200ms~1000ms:0.0% , 3)50ms~200ms: 5.31% , 4)20ms~50ms: 40.28% , 5)<20ms: 54.41% 
Left Users: 25, Max Delay(ms): 80.0, Avg Delay(ms): 11.162600000000001, Avg Profit(USD): 12.660722070658581
Delay distribution: 1) >1000ms:0.0% , 2)200ms~1000ms:0.0% , 3)50ms~200ms: 0.07% , 4)20ms~50ms: 9.49% , 5)<20ms: 90.44% 

Simulator step: 0
Simulator step: 1000
Simulator step: 2000
Simulator step: 3000
Simulator step: 4000
Simulator step: 5000
------------------------
Cycle: 3, start time: 12:15, end time: 12:20
------------------------
Total Users: 50, Max Delay(ms): 2820.0, Avg Delay(ms): 40.21336666666669, Avg Profit(USD): 8.464152589575239
Delay distribution: 1) >1000ms:0.41% , 2)200ms~1000ms:3.34% , 3)50ms~200ms: 9.67% , 4)20ms~50ms: 22.58% , 5)<20ms: 64.0% 
Worst 10% Users: 5, Max Delay(ms): 2820.0, Avg Delay(ms): 235.154, Avg Profit(USD): 0.7033447145081219
Delay distribution: 1) >1000ms:4.06% , 2)200ms~1000ms:30.26% , 3)50ms~200ms: 42.28% , 4)20ms~50ms: 16.76% , 5)<20ms: 6.64% 
Worst 25% Users: 7, Max Delay(ms): 690.0, Avg Delay(ms): 44.19095238095239, Avg Profit(USD): 3.1364328317546573
Delay distribution: 1) >1000ms:0.0% , 2)200ms~1000ms:2.24% , 3)50ms~200ms: 28.23% , 4)20ms~50ms: 41.15% , 5)<20ms: 28.38% 
Worst 50% Users: 13, Max Delay(ms): 100.0, Avg Delay(ms): 18.954743589743586, Avg Profit(USD): 6.239254913965147
Delay distribution: 1) >1000ms:0.0% , 2)200ms~1000ms:0.0% , 3)50ms~200ms: 5.6% , 4)20ms~50ms: 40.05% , 5)<20ms: 54.35% 
Left Users: 25, Max Delay(ms): 80.0, Avg Delay(ms): 11.165999999999999, Avg Profit(USD): 12.665022488095667
Delay distribution: 1) >1000ms:0.0% , 2)200ms~1000ms:0.0% , 3)50ms~200ms: 0.07% , 4)20ms~50ms: 9.46% , 5)<20ms: 90.46% 

Simulator step: 0
Simulator step: 1000
Simulator step: 2000
Simulator step: 3000
Simulator step: 4000
Simulator step: 5000
------------------------
Cycle: 4, start time: 12:20, end time: 12:25
------------------------
Total Users: 50, Max Delay(ms): 2470.0, Avg Delay(ms): 39.754866666666665, Avg Profit(USD): 8.45863247522628
Delay distribution: 1) >1000ms:0.42% , 2)200ms~1000ms:3.2% , 3)50ms~200ms: 9.77% , 4)20ms~50ms: 22.61% , 5)<20ms: 64.0% 
Worst 10% Users: 5, Max Delay(ms): 2470.0, Avg Delay(ms): 230.9393333333333, Avg Profit(USD): 0.7223668369864287
Delay distribution: 1) >1000ms:4.21% , 2)200ms~1000ms:28.97% , 3)50ms~200ms: 42.78% , 4)20ms~50ms: 17.21% , 5)<20ms: 6.82% 
Worst 25% Users: 7, Max Delay(ms): 490.0, Avg Delay(ms): 44.043571428571425, Avg Profit(USD): 3.117810168963499
Delay distribution: 1) >1000ms:0.0% , 2)200ms~1000ms:2.14% , 3)50ms~200ms: 28.82% , 4)20ms~50ms: 40.8% , 5)<20ms: 28.25% 
Worst 50% Users: 13, Max Delay(ms): 100.0, Avg Delay(ms): 18.890256410256413, Avg Profit(USD): 6.248673953583473
Delay distribution: 1) >1000ms:0.0% , 2)200ms~1000ms:0.0% , 3)50ms~200ms: 5.47% , 4)20ms~50ms: 40.04% , 5)<20ms: 54.48% 
Left Users: 25, Max Delay(ms): 70.0, Avg Delay(ms): 11.166733333333337, Avg Profit(USD): 12.650494279882091
Delay distribution: 1) >1000ms:0.0% , 2)200ms~1000ms:0.0% , 3)50ms~200ms: 0.07% , 4)20ms~50ms: 9.54% , 5)<20ms: 90.4% 

Simulator step: 0
Simulator step: 1000
Simulator step: 2000
Simulator step: 3000
Simulator step: 4000
Simulator step: 5000
------------------------
Cycle: 5, start time: 12:25, end time: 12:30
------------------------
Total Users: 50, Max Delay(ms): 2820.0, Avg Delay(ms): 40.866299999999995, Avg Profit(USD): 8.45525598426194
Delay distribution: 1) >1000ms:0.46% , 2)200ms~1000ms:3.22% , 3)50ms~200ms: 9.74% , 4)20ms~50ms: 22.58% , 5)<20ms: 64.0% 
Worst 10% Users: 5, Max Delay(ms): 2820.0, Avg Delay(ms): 240.87166666666664, Avg Profit(USD): 0.7188724281308093
Delay distribution: 1) >1000ms:4.6% , 2)200ms~1000ms:28.96% , 3)50ms~200ms: 42.52% , 4)20ms~50ms: 17.13% , 5)<20ms: 6.78% 
Worst 25% Users: 7, Max Delay(ms): 730.0, Avg Delay(ms): 44.900238095238095, Avg Profit(USD): 3.1261357554654468
Delay distribution: 1) >1000ms:0.0% , 2)200ms~1000ms:2.29% , 3)50ms~200ms: 28.87% , 4)20ms~50ms: 40.52% , 5)<20ms: 28.32% 
Worst 50% Users: 13, Max Delay(ms): 100.0, Avg Delay(ms): 18.870641025641024, Avg Profit(USD): 6.244960881717004
Delay distribution: 1) >1000ms:0.0% , 2)200ms~1000ms:0.0% , 3)50ms~200ms: 5.43% , 4)20ms~50ms: 40.09% , 5)<20ms: 54.48% 
Left Users: 25, Max Delay(ms): 70.0, Avg Delay(ms): 11.17346666666667, Avg Profit(USD): 12.644039812874547
Delay distribution: 1) >1000ms:0.0% , 2)200ms~1000ms:0.0% , 3)50ms~200ms: 0.08% , 4)20ms~50ms: 9.54% , 5)<20ms: 90.39% 

Simulator step: 0
Simulator step: 1000
Simulator step: 2000
Simulator step: 3000
Simulator step: 4000
Simulator step: 5000
------------------------
Cycle: 6, start time: 12:30, end time: 12:35
------------------------
Total Users: 50, Max Delay(ms): 2290.0, Avg Delay(ms): 39.40156666666668, Avg Profit(USD): 8.463025437759848
Delay distribution: 1) >1000ms:0.38% , 2)200ms~1000ms:3.29% , 3)50ms~200ms: 9.74% , 4)20ms~50ms: 22.58% , 5)<20ms: 64.0% 
Worst 10% Users: 5, Max Delay(ms): 2290.0, Avg Delay(ms): 228.87600000000003, Avg Profit(USD): 0.699777186806405
Delay distribution: 1) >1000ms:3.83% , 2)200ms~1000ms:30.52% , 3)50ms~200ms: 42.23% , 4)20ms~50ms: 16.81% , 5)<20ms: 6.6% 
Worst 25% Users: 7, Max Delay(ms): 590.0, Avg Delay(ms): 42.917857142857144, Avg Profit(USD): 3.1314914259889566
Delay distribution: 1) >1000ms:0.0% , 2)200ms~1000ms:1.72% , 3)50ms~200ms: 28.9% , 4)20ms~50ms: 41.03% , 5)<20ms: 28.35% 
Worst 50% Users: 13, Max Delay(ms): 100.0, Avg Delay(ms): 18.960641025641024, Avg Profit(USD): 6.22179840422528
Delay distribution: 1) >1000ms:0.0% , 2)200ms~1000ms:0.0% , 3)50ms~200ms: 5.55% , 4)20ms~50ms: 40.18% , 5)<20ms: 54.27% 
Left Users: 25, Max Delay(ms): 70.0, Avg Delay(ms): 11.1514, Avg Profit(USD): 12.673942668684358
Delay distribution: 1) >1000ms:0.0% , 2)200ms~1000ms:0.0% , 3)50ms~200ms: 0.06% , 4)20ms~50ms: 9.42% , 5)<20ms: 90.52% 

Simulator step: 0
Simulator step: 1000
Simulator step: 2000
Simulator step: 3000
Simulator step: 4000
Simulator step: 5000
------------------------
Cycle: 7, start time: 12:35, end time: 12:40
------------------------
Total Users: 50, Max Delay(ms): 2820.0, Avg Delay(ms): 40.46433333333332, Avg Profit(USD): 8.455647796615489
Delay distribution: 1) >1000ms:0.42% , 2)200ms~1000ms:3.23% , 3)50ms~200ms: 9.64% , 4)20ms~50ms: 22.71% , 5)<20ms: 64.0% 
Worst 10% Users: 5, Max Delay(ms): 2820.0, Avg Delay(ms): 240.91366666666664, Avg Profit(USD): 0.7106879255742846
Delay distribution: 1) >1000ms:4.2% , 2)200ms~1000ms:30.28% , 3)50ms~200ms: 41.93% , 4)20ms~50ms: 16.89% , 5)<20ms: 6.7% 
Worst 25% Users: 7, Max Delay(ms): 510.0, Avg Delay(ms): 42.01452380952381, Avg Profit(USD): 3.1529333550061502
Delay distribution: 1) >1000ms:0.0% , 2)200ms~1000ms:1.47% , 3)50ms~200ms: 28.54% , 4)20ms~50ms: 41.46% , 5)<20ms: 28.53% 
Worst 50% Users: 13, Max Delay(ms): 100.0, Avg Delay(ms): 18.844230769230773, Avg Profit(USD): 6.235247263520894
Delay distribution: 1) >1000ms:0.0% , 2)200ms~1000ms:0.0% , 3)50ms~200ms: 5.38% , 4)20ms~50ms: 40.23% , 5)<20ms: 54.38% 
Left Users: 25, Max Delay(ms): 90.0, Avg Delay(ms): 11.18286666666667, Avg Profit(USD): 12.644008091683538
Delay distribution: 1) >1000ms:0.0% , 2)200ms~1000ms:0.0% , 3)50ms~200ms: 0.1% , 4)20ms~50ms: 9.51% , 5)<20ms: 90.39% 

Simulator step: 0
Simulator step: 1000
Simulator step: 2000
Simulator step: 3000
Simulator step: 4000
Simulator step: 5000
------------------------
Cycle: 8, start time: 12:40, end time: 12:45
------------------------
Total Users: 50, Max Delay(ms): 2290.0, Avg Delay(ms): 39.68490000000001, Avg Profit(USD): 8.46131327424374
Delay distribution: 1) >1000ms:0.36% , 2)200ms~1000ms:3.36% , 3)50ms~200ms: 9.66% , 4)20ms~50ms: 22.61% , 5)<20ms: 64.0% 
Worst 10% Users: 5, Max Delay(ms): 2290.0, Avg Delay(ms): 230.56133333333335, Avg Profit(USD): 0.7145082742950177
Delay distribution: 1) >1000ms:3.64% , 2)200ms~1000ms:30.77% , 3)50ms~200ms: 41.95% , 4)20ms~50ms: 16.9% , 5)<20ms: 6.74% 
Worst 25% Users: 7, Max Delay(ms): 530.0, Avg Delay(ms): 44.01595238095239, Avg Profit(USD): 3.1107420792293703
Delay distribution: 1) >1000ms:0.0% , 2)200ms~1000ms:2.05% , 3)50ms~200ms: 28.96% , 4)20ms~50ms: 40.82% , 5)<20ms: 28.17% 
Worst 50% Users: 13, Max Delay(ms): 100.0, Avg Delay(ms): 18.78666666666667, Avg Profit(USD): 6.253889977112116
Delay distribution: 1) >1000ms:0.0% , 2)200ms~1000ms:0.0% , 3)50ms~200ms: 5.28% , 4)20ms~50ms: 40.19% , 5)<20ms: 54.53% 
Left Users: 25, Max Delay(ms): 80.0, Avg Delay(ms): 11.163999999999998, Avg Profit(USD): 12.656694323345947
Delay distribution: 1) >1000ms:0.0% , 2)200ms~1000ms:0.0% , 3)50ms~200ms: 0.07% , 4)20ms~50ms: 9.52% , 5)<20ms: 90.41% 

Simulator step: 0
Simulator step: 1000
Simulator step: 2000
Simulator step: 3000
Simulator step: 4000
Simulator step: 5000
------------------------
Cycle: 9, start time: 12:45, end time: 12:50
------------------------
Total Users: 50, Max Delay(ms): 2820.0, Avg Delay(ms): 38.4104, Avg Profit(USD): 8.461691660193377
Delay distribution: 1) >1000ms:0.29% , 2)200ms~1000ms:3.35% , 3)50ms~200ms: 9.78% , 4)20ms~50ms: 22.58% , 5)<20ms: 64.0% 
Worst 10% Users: 5, Max Delay(ms): 2820.0, Avg Delay(ms): 216.88500000000002, Avg Profit(USD): 0.7341844330176021
Delay distribution: 1) >1000ms:2.88% , 2)200ms~1000ms:30.47% , 3)50ms~200ms: 42.48% , 4)20ms~50ms: 17.25% , 5)<20ms: 6.92% 
Worst 25% Users: 7, Max Delay(ms): 630.0, Avg Delay(ms): 44.45380952380952, Avg Profit(USD): 3.0835956677120593
Delay distribution: 1) >1000ms:0.0% , 2)200ms~1000ms:2.2% , 3)50ms~200ms: 28.94% , 4)20ms~50ms: 40.93% , 5)<20ms: 27.94% 
Worst 50% Users: 13, Max Delay(ms): 100.0, Avg Delay(ms): 18.925128205128207, Avg Profit(USD): 6.239280389288867
Delay distribution: 1) >1000ms:0.0% , 2)200ms~1000ms:0.0% , 3)50ms~200ms: 5.55% , 4)20ms~50ms: 40.06% , 5)<20ms: 54.39% 
Left Users: 25, Max Delay(ms): 80.0, Avg Delay(ms): 11.155666666666665, Avg Profit(USD): 12.668713844393643
Delay distribution: 1) >1000ms:0.0% , 2)200ms~1000ms:0.0% , 3)50ms~200ms: 0.07% , 4)20ms~50ms: 9.42% , 5)<20ms: 90.51% 

Simulator step: 0
Simulator step: 1000
Simulator step: 2000
Simulator step: 3000
Simulator step: 4000
Simulator step: 5000
------------------------
Cycle: 10, start time: 12:50, end time: 12:55
------------------------
Total Users: 50, Max Delay(ms): 1800.0, Avg Delay(ms): 37.375099999999975, Avg Profit(USD): 8.458383702483893
Delay distribution: 1) >1000ms:0.23% , 2)200ms~1000ms:3.31% , 3)50ms~200ms: 9.82% , 4)20ms~50ms: 22.64% , 5)<20ms: 64.0% 
Worst 10% Users: 5, Max Delay(ms): 1800.0, Avg Delay(ms): 207.45633333333333, Avg Profit(USD): 0.733496746019102
Delay distribution: 1) >1000ms:2.32% , 2)200ms~1000ms:30.34% , 3)50ms~200ms: 42.95% , 4)20ms~50ms: 17.47% , 5)<20ms: 6.92% 
Worst 25% Users: 7, Max Delay(ms): 550.0, Avg Delay(ms): 43.74880952380953, Avg Profit(USD): 3.1267434647503194
Delay distribution: 1) >1000ms:0.0% , 2)200ms~1000ms:1.95% , 3)50ms~200ms: 28.98% , 4)20ms~50ms: 40.76% , 5)<20ms: 28.31% 
Worst 50% Users: 13, Max Delay(ms): 100.0, Avg Delay(ms): 18.952435897435898, Avg Profit(USD): 6.227119218093152
Delay distribution: 1) >1000ms:0.0% , 2)200ms~1000ms:0.0% , 3)50ms~200ms: 5.53% , 4)20ms~50ms: 40.14% , 5)<20ms: 54.33% 
Left Users: 25, Max Delay(ms): 70.0, Avg Delay(ms): 11.154000000000002, Avg Profit(USD): 12.656477892225434
Delay distribution: 1) >1000ms:0.0% , 2)200ms~1000ms:0.0% , 3)50ms~200ms: 0.06% , 4)20ms~50ms: 9.5% , 5)<20ms: 90.44% 

Simulator step: 0
Simulator step: 1000
Simulator step: 2000
Simulator step: 3000
Simulator step: 4000
Simulator step: 5000
------------------------
Cycle: 11, start time: 12:55, end time: 13:00
------------------------
Total Users: 50, Max Delay(ms): 2820.0, Avg Delay(ms): 42.23676666666666, Avg Profit(USD): 8.460337354463801
Delay distribution: 1) >1000ms:0.53% , 2)200ms~1000ms:3.19% , 3)50ms~200ms: 9.66% , 4)20ms~50ms: 22.62% , 5)<20ms: 64.0% 
Worst 10% Users: 5, Max Delay(ms): 2820.0, Avg Delay(ms): 256.53566666666666, Avg Profit(USD): 0.718522956208788
Delay distribution: 1) >1000ms:5.3% , 2)200ms~1000ms:29.23% , 3)50ms~200ms: 41.61% , 4)20ms~50ms: 17.06% , 5)<20ms: 6.79% 
Worst 25% Users: 7, Max Delay(ms): 520.0, Avg Delay(ms): 43.37595238095239, Avg Profit(USD): 3.1253932065181287
Delay distribution: 1) >1000ms:0.0% , 2)200ms~1000ms:1.9% , 3)50ms~200ms: 28.62% , 4)20ms~50ms: 41.17% , 5)<20ms: 28.32% 
Worst 50% Users: 13, Max Delay(ms): 100.0, Avg Delay(ms): 18.95679487179487, Avg Profit(USD): 6.227784447049436
Delay distribution: 1) >1000ms:0.0% , 2)200ms~1000ms:0.0% , 3)50ms~200ms: 5.58% , 4)20ms~50ms: 40.12% , 5)<20ms: 54.3% 
Left Users: 25, Max Delay(ms): 70.0, Avg Delay(ms): 11.1636, Avg Profit(USD): 12.663412107395063
Delay distribution: 1) >1000ms:0.0% , 2)200ms~1000ms:0.0% , 3)50ms~200ms: 0.08% , 4)20ms~50ms: 9.45% , 5)<20ms: 90.47% 

Simulator step: 0
Simulator step: 1000
Simulator step: 2000
Simulator step: 3000
Simulator step: 4000
Simulator step: 5000
------------------------
Cycle: 12, start time: 13:00, end time: 13:05
------------------------
Total Users: 50, Max Delay(ms): 2820.0, Avg Delay(ms): 39.013366666666684, Avg Profit(USD): 8.464063532844413
Delay distribution: 1) >1000ms:0.34% , 2)200ms~1000ms:3.33% , 3)50ms~200ms: 9.75% , 4)20ms~50ms: 22.58% , 5)<20ms: 64.0% 
Worst 10% Users: 5, Max Delay(ms): 2820.0, Avg Delay(ms): 222.94933333333333, Avg Profit(USD): 0.7212242141252468
Delay distribution: 1) >1000ms:3.42% , 2)200ms~1000ms:30.26% , 3)50ms~200ms: 42.48% , 4)20ms~50ms: 17.03% , 5)<20ms: 6.81% 
Worst 25% Users: 7, Max Delay(ms): 520.0, Avg Delay(ms): 44.3652380952381, Avg Profit(USD): 3.119509279249939
Delay distribution: 1) >1000ms:0.0% , 2)200ms~1000ms:2.18% , 3)50ms~200ms: 28.73% , 4)20ms~50ms: 40.85% , 5)<20ms: 28.24% 
Worst 50% Users: 13, Max Delay(ms): 100.0, Avg Delay(ms): 18.93217948717949, Avg Profit(USD): 6.223445561003882
Delay distribution: 1) >1000ms:0.0% , 2)200ms~1000ms:0.0% , 3)50ms~200ms: 5.5% , 4)20ms~50ms: 40.23% , 5)<20ms: 54.26% 
Left Users: 25, Max Delay(ms): 80.0, Avg Delay(ms): 11.169866666666666, Avg Profit(USD): 12.674227932951775
Delay distribution: 1) >1000ms:0.0% , 2)200ms~1000ms:0.0% , 3)50ms~200ms: 0.09% , 4)20ms~50ms: 9.39% , 5)<20ms: 90.52% 

Simulator step: 0
Simulator step: 1000
Simulator step: 2000
Simulator step: 3000
Simulator step: 4000
Simulator step: 5000
------------------------
Cycle: 13, start time: 13:05, end time: 13:10
------------------------
Total Users: 50, Max Delay(ms): 2190.0, Avg Delay(ms): 38.980400000000024, Avg Profit(USD): 8.462510728208125
Delay distribution: 1) >1000ms:0.35% , 2)200ms~1000ms:3.2% , 3)50ms~200ms: 9.74% , 4)20ms~50ms: 22.7% , 5)<20ms: 64.0% 
Worst 10% Users: 5, Max Delay(ms): 2190.0, Avg Delay(ms): 223.4446666666667, Avg Profit(USD): 0.7285717838799769
Delay distribution: 1) >1000ms:3.54% , 2)200ms~1000ms:29.23% , 3)50ms~200ms: 43.06% , 4)20ms~50ms: 17.3% , 5)<20ms: 6.87% 
Worst 25% Users: 7, Max Delay(ms): 690.0, Avg Delay(ms): 43.88261904761905, Avg Profit(USD): 3.114355064601569
Delay distribution: 1) >1000ms:0.0% , 2)200ms~1000ms:2.0% , 3)50ms~200ms: 28.47% , 4)20ms~50ms: 41.32% , 5)<20ms: 28.2% 
Worst 50% Users: 13, Max Delay(ms): 100.0, Avg Delay(ms): 18.87858974358974, Avg Profit(USD): 6.240675594588507
Delay distribution: 1) >1000ms:0.0% , 2)200ms~1000ms:0.0% , 3)50ms~200ms: 5.41% , 4)20ms~50ms: 40.21% , 5)<20ms: 54.38% 
Left Users: 25, Max Delay(ms): 80.0, Avg Delay(ms): 11.167866666666669, Avg Profit(USD): 12.662136372365794
Delay distribution: 1) >1000ms:0.0% , 2)200ms~1000ms:0.0% , 3)50ms~200ms: 0.08% , 4)20ms~50ms: 9.47% , 5)<20ms: 90.45% 

Simulator step: 0
Simulator step: 1000
Simulator step: 2000
Simulator step: 3000
Simulator step: 4000
Simulator step: 5000
------------------------
Cycle: 14, start time: 13:10, end time: 13:15
------------------------
Total Users: 50, Max Delay(ms): 2600.0, Avg Delay(ms): 41.15906666666666, Avg Profit(USD): 8.460459804733727
Delay distribution: 1) >1000ms:0.48% , 2)200ms~1000ms:3.32% , 3)50ms~200ms: 9.66% , 4)20ms~50ms: 22.55% , 5)<20ms: 64.0% 
Worst 10% Users: 5, Max Delay(ms): 2600.0, Avg Delay(ms): 244.724, Avg Profit(USD): 0.7125890721771329
Delay distribution: 1) >1000ms:4.77% , 2)200ms~1000ms:30.17% , 3)50ms~200ms: 41.64% , 4)20ms~50ms: 16.7% , 5)<20ms: 6.72% 
Worst 25% Users: 7, Max Delay(ms): 610.0, Avg Delay(ms): 44.18261904761905, Avg Profit(USD): 3.124805457115896
Delay distribution: 1) >1000ms:0.0% , 2)200ms~1000ms:2.16% , 3)50ms~200ms: 28.75% , 4)20ms~50ms: 40.78% , 5)<20ms: 28.31% 
Worst 50% Users: 13, Max Delay(ms): 100.0, Avg Delay(ms): 18.941794871794876, Avg Profit(USD): 6.233285813814561
Delay distribution: 1) >1000ms:0.0% , 2)200ms~1000ms:0.0% , 3)50ms~200ms: 5.53% , 4)20ms~50ms: 40.13% , 5)<20ms: 54.34% 
Left Users: 25, Max Delay(ms): 80.0, Avg Delay(ms): 11.152466666666667, Avg Profit(USD): 12.662147643856004
Delay distribution: 1) >1000ms:0.0% , 2)200ms~1000ms:0.0% , 3)50ms~200ms: 0.06% , 4)20ms~50ms: 9.47% , 5)<20ms: 90.47% 

Simulator step: 0
Simulator step: 1000
Simulator step: 2000
Simulator step: 3000
Simulator step: 4000
Simulator step: 5000
------------------------
Cycle: 15, start time: 13:15, end time: 13:20
------------------------
Total Users: 50, Max Delay(ms): 2340.0, Avg Delay(ms): 38.95433333333334, Avg Profit(USD): 8.459481839821258
Delay distribution: 1) >1000ms:0.31% , 2)200ms~1000ms:3.41% , 3)50ms~200ms: 9.8% , 4)20ms~50ms: 22.48% , 5)<20ms: 64.0% 
Worst 10% Users: 5, Max Delay(ms): 2340.0, Avg Delay(ms): 221.5333333333333, Avg Profit(USD): 0.718939254593905
Delay distribution: 1) >1000ms:3.11% , 2)200ms~1000ms:30.66% , 3)50ms~200ms: 42.67% , 4)20ms~50ms: 16.78% , 5)<20ms: 6.77% 
Worst 25% Users: 7, Max Delay(ms): 500.0, Avg Delay(ms): 44.87857142857143, Avg Profit(USD): 3.118914162569178
Delay distribution: 1) >1000ms:0.0% , 2)200ms~1000ms:2.45% , 3)50ms~200ms: 28.78% , 4)20ms~50ms: 40.52% , 5)<20ms: 28.24% 
Worst 50% Users: 13, Max Delay(ms): 100.0, Avg Delay(ms): 18.995, Avg Profit(USD): 6.229805513196308
Delay distribution: 1) >1000ms:0.0% , 2)200ms~1000ms:0.0% , 3)50ms~200ms: 5.62% , 4)20ms~50ms: 40.06% , 5)<20ms: 54.32% 
Left Users: 25, Max Delay(ms): 80.0, Avg Delay(ms): 11.1586, Avg Profit(USD): 12.662380996342286
Delay distribution: 1) >1000ms:0.0% , 2)200ms~1000ms:0.0% , 3)50ms~200ms: 0.08% , 4)20ms~50ms: 9.43% , 5)<20ms: 90.49% 

Simulator step: 0
Simulator step: 1000
Simulator step: 2000
Simulator step: 3000
Simulator step: 4000
Simulator step: 5000
------------------------
Cycle: 16, start time: 13:20, end time: 13:25
------------------------
Total Users: 50, Max Delay(ms): 2620.0, Avg Delay(ms): 40.13173333333333, Avg Profit(USD): 8.459893340030339
Delay distribution: 1) >1000ms:0.36% , 2)200ms~1000ms:3.42% , 3)50ms~200ms: 9.68% , 4)20ms~50ms: 22.54% , 5)<20ms: 64.0% 
Worst 10% Users: 5, Max Delay(ms): 2620.0, Avg Delay(ms): 234.4086666666667, Avg Profit(USD): 0.7033529372604153
Delay distribution: 1) >1000ms:3.6% , 2)200ms~1000ms:31.05% , 3)50ms~200ms: 42.05% , 4)20ms~50ms: 16.67% , 5)<20ms: 6.63% 
Worst 25% Users: 7, Max Delay(ms): 540.0, Avg Delay(ms): 44.19119047619048, Avg Profit(USD): 3.1454328214712715
Delay distribution: 1) >1000ms:0.0% , 2)200ms~1000ms:2.28% , 3)50ms~200ms: 28.62% , 4)20ms~50ms: 40.63% , 5)<20ms: 28.47% 
Worst 50% Users: 13, Max Delay(ms): 100.0, Avg Delay(ms): 18.88730769230769, Avg Profit(USD): 6.249277732184783
Delay distribution: 1) >1000ms:0.0% , 2)200ms~1000ms:0.0% , 3)50ms~200ms: 5.46% , 4)20ms~50ms: 40.07% , 5)<20ms: 54.47% 
Left Users: 25, Max Delay(ms): 110.0, Avg Delay(ms): 11.186799999999998, Avg Profit(USD): 12.648770481860549
Delay distribution: 1) >1000ms:0.0% , 2)200ms~1000ms:0.0% , 3)50ms~200ms: 0.1% , 4)20ms~50ms: 9.52% , 5)<20ms: 90.37% 

Simulator step: 0
Simulator step: 1000
Simulator step: 2000
Simulator step: 3000
Simulator step: 4000
Simulator step: 5000
------------------------
Cycle: 17, start time: 13:25, end time: 13:30
------------------------
Total Users: 50, Max Delay(ms): 2480.0, Avg Delay(ms): 40.13680000000001, Avg Profit(USD): 8.4583598946948
Delay distribution: 1) >1000ms:0.44% , 2)200ms~1000ms:3.26% , 3)50ms~200ms: 9.59% , 4)20ms~50ms: 22.71% , 5)<20ms: 64.0% 
Worst 10% Users: 5, Max Delay(ms): 2480.0, Avg Delay(ms): 235.58666666666667, Avg Profit(USD): 0.7216604187470188
Delay distribution: 1) >1000ms:4.37% , 2)200ms~1000ms:29.76% , 3)50ms~200ms: 42.06% , 4)20ms~50ms: 17.0% , 5)<20ms: 6.81% 
Worst 25% Users: 7, Max Delay(ms): 540.0, Avg Delay(ms): 43.51547619047619, Avg Profit(USD): 3.1516747395991516
Delay distribution: 1) >1000ms:0.0% , 2)200ms~1000ms:2.06% , 3)50ms~200ms: 28.27% , 4)20ms~50ms: 41.13% , 5)<20ms: 28.55% 
Worst 50% Users: 13, Max Delay(ms): 100.0, Avg Delay(ms): 18.834615384615386, Avg Profit(USD): 6.224835790908707
Delay distribution: 1) >1000ms:0.0% , 2)200ms~1000ms:0.0% , 3)50ms~200ms: 5.33% , 4)20ms~50ms: 40.34% , 5)<20ms: 54.33% 
Left Users: 25, Max Delay(ms): 100.0, Avg Delay(ms): 11.177933333333334, Avg Profit(USD): 12.653004167279907
Delay distribution: 1) >1000ms:0.0% , 2)200ms~1000ms:0.0% , 3)50ms~200ms: 0.08% , 4)20ms~50ms: 9.52% , 5)<20ms: 90.39% 

Simulator step: 0
Simulator step: 1000
Simulator step: 2000
Simulator step: 3000
Simulator step: 4000
Simulator step: 5000
------------------------
Cycle: 18, start time: 13:30, end time: 13:35
------------------------
Total Users: 50, Max Delay(ms): 2010.0, Avg Delay(ms): 38.683766666666685, Avg Profit(USD): 8.46068098061966
Delay distribution: 1) >1000ms:0.31% , 2)200ms~1000ms:3.37% , 3)50ms~200ms: 9.88% , 4)20ms~50ms: 22.44% , 5)<20ms: 64.0% 
Worst 10% Users: 5, Max Delay(ms): 2010.0, Avg Delay(ms): 221.10333333333335, Avg Profit(USD): 0.7008188619874083
Delay distribution: 1) >1000ms:3.12% , 2)200ms~1000ms:31.14% , 3)50ms~200ms: 42.67% , 4)20ms~50ms: 16.47% , 5)<20ms: 6.6% 
Worst 25% Users: 7, Max Delay(ms): 480.0, Avg Delay(ms): 43.24666666666666, Avg Profit(USD): 3.108969488149234
Delay distribution: 1) >1000ms:0.0% , 2)200ms~1000ms:1.8% , 3)50ms~200ms: 29.17% , 4)20ms~50ms: 40.86% , 5)<20ms: 28.18% 
Worst 50% Users: 13, Max Delay(ms): 100.0, Avg Delay(ms): 19.05679487179487, Avg Profit(USD): 6.2138516770268275
Delay distribution: 1) >1000ms:0.0% , 2)200ms~1000ms:0.0% , 3)50ms~200ms: 5.79% , 4)20ms~50ms: 40.03% , 5)<20ms: 54.17% 
Left Users: 25, Max Delay(ms): 80.0, Avg Delay(ms): 11.128266666666667, Avg Profit(USD): 12.679483860106103
Delay distribution: 1) >1000ms:0.0% , 2)200ms~1000ms:0.0% , 3)50ms~200ms: 0.05% , 4)20ms~50ms: 9.33% , 5)<20ms: 90.62% 

Simulator step: 0
Simulator step: 1000
Simulator step: 2000
Simulator step: 3000
Simulator step: 4000
Simulator step: 5000
------------------------
Cycle: 19, start time: 13:35, end time: 13:40
------------------------
Total Users: 50, Max Delay(ms): 2540.0, Avg Delay(ms): 40.493466666666684, Avg Profit(USD): 8.459845997968241
Delay distribution: 1) >1000ms:0.47% , 2)200ms~1000ms:3.22% , 3)50ms~200ms: 9.67% , 4)20ms~50ms: 22.63% , 5)<20ms: 64.0% 
Worst 10% Users: 5, Max Delay(ms): 2540.0, Avg Delay(ms): 239.22333333333336, Avg Profit(USD): 0.7072005992902893
Delay distribution: 1) >1000ms:4.74% , 2)200ms~1000ms:29.49% , 3)50ms~200ms: 42.31% , 4)20ms~50ms: 16.77% , 5)<20ms: 6.69% 
Worst 25% Users: 7, Max Delay(ms): 560.0, Avg Delay(ms): 43.20857142857143, Avg Profit(USD): 3.1687703275044994
Delay distribution: 1) >1000ms:0.0% , 2)200ms~1000ms:1.97% , 3)50ms~200ms: 28.13% , 4)20ms~50ms: 41.17% , 5)<20ms: 28.73% 
Worst 50% Users: 13, Max Delay(ms): 100.0, Avg Delay(ms): 18.963461538461534, Avg Profit(USD): 6.231042256418984
Delay distribution: 1) >1000ms:0.0% , 2)200ms~1000ms:0.0% , 3)50ms~200ms: 5.6% , 4)20ms~50ms: 40.08% , 5)<20ms: 54.33% 
Left Users: 25, Max Delay(ms): 80.0, Avg Delay(ms): 11.18286666666667, Avg Profit(USD): 12.650854211039293
Delay distribution: 1) >1000ms:0.0% , 2)200ms~1000ms:0.0% , 3)50ms~200ms: 0.09% , 4)20ms~50ms: 9.55% , 5)<20ms: 90.37% 

Simulator step: 0
Simulator step: 1000
Simulator step: 2000
Simulator step: 3000
Simulator step: 4000
Simulator step: 5000
------------------------
Cycle: 20, start time: 13:40, end time: 13:45
------------------------
Total Users: 50, Max Delay(ms): 2120.0, Avg Delay(ms): 40.8636, Avg Profit(USD): 8.456906068060128
Delay distribution: 1) >1000ms:0.41% , 2)200ms~1000ms:3.52% , 3)50ms~200ms: 9.48% , 4)20ms~50ms: 22.59% , 5)<20ms: 64.0% 
Worst 10% Users: 5, Max Delay(ms): 2120.0, Avg Delay(ms): 241.4436666666667, Avg Profit(USD): 0.7042652140489547
Delay distribution: 1) >1000ms:4.11% , 2)200ms~1000ms:31.84% , 3)50ms~200ms: 40.64% , 4)20ms~50ms: 16.76% , 5)<20ms: 6.64% 
Worst 25% Users: 7, Max Delay(ms): 640.0, Avg Delay(ms): 44.34238095238095, Avg Profit(USD): 3.1466775558124467
Delay distribution: 1) >1000ms:0.0% , 2)200ms~1000ms:2.39% , 3)50ms~200ms: 28.07% , 4)20ms~50ms: 41.02% , 5)<20ms: 28.52% 
Worst 50% Users: 13, Max Delay(ms): 100.0, Avg Delay(ms): 18.97141025641026, Avg Profit(USD): 6.224662131791283
Delay distribution: 1) >1000ms:0.0% , 2)200ms~1000ms:0.0% , 3)50ms~200ms: 5.57% , 4)20ms~50ms: 40.18% , 5)<20ms: 54.25% 
Left Users: 25, Max Delay(ms): 90.0, Avg Delay(ms): 11.157466666666666, Avg Profit(USD): 12.655065069151508
Delay distribution: 1) >1000ms:0.0% , 2)200ms~1000ms:0.0% , 3)50ms~200ms: 0.07% , 4)20ms~50ms: 9.46% , 5)<20ms: 90.48% 

Simulator step: 0
Simulator step: 1000
Simulator step: 2000
Simulator step: 3000
Simulator step: 4000
Simulator step: 5000
------------------------
Cycle: 21, start time: 13:45, end time: 13:50
------------------------
Total Users: 50, Max Delay(ms): 2820.0, Avg Delay(ms): 40.513266666666674, Avg Profit(USD): 8.460682232803283
Delay distribution: 1) >1000ms:0.44% , 2)200ms~1000ms:3.18% , 3)50ms~200ms: 9.8% , 4)20ms~50ms: 22.57% , 5)<20ms: 64.0% 
Worst 10% Users: 5, Max Delay(ms): 2820.0, Avg Delay(ms): 238.72466666666668, Avg Profit(USD): 0.7190394156363772
Delay distribution: 1) >1000ms:4.4% , 2)200ms~1000ms:29.2% , 3)50ms~200ms: 42.44% , 4)20ms~50ms: 17.17% , 5)<20ms: 6.79% 
Worst 25% Users: 7, Max Delay(ms): 560.0, Avg Delay(ms): 44.000952380952384, Avg Profit(USD): 3.0841710411785934
Delay distribution: 1) >1000ms:0.0% , 2)200ms~1000ms:1.87% , 3)50ms~200ms: 29.48% , 4)20ms~50ms: 40.7% , 5)<20ms: 27.95% 
Worst 50% Users: 13, Max Delay(ms): 100.0, Avg Delay(ms): 18.86717948717948, Avg Profit(USD): 6.243931610675199
Delay distribution: 1) >1000ms:0.0% , 2)200ms~1000ms:0.0% , 3)50ms~200ms: 5.38% , 4)20ms~50ms: 40.14% , 5)<20ms: 54.48% 
Left Users: 25, Max Delay(ms): 80.0, Avg Delay(ms): 11.150400000000001, Avg Profit(USD): 12.667144253398181
Delay distribution: 1) >1000ms:0.0% , 2)200ms~1000ms:0.0% , 3)50ms~200ms: 0.07% , 4)20ms~50ms: 9.45% , 5)<20ms: 90.48% 

Simulator step: 0
Simulator step: 1000
Simulator step: 2000
Simulator step: 3000
Simulator step: 4000
Simulator step: 5000
------------------------
Cycle: 22, start time: 13:50, end time: 13:55
------------------------
Total Users: 50, Max Delay(ms): 2820.0, Avg Delay(ms): 42.39049999999999, Avg Profit(USD): 8.459355924701942
Delay distribution: 1) >1000ms:0.56% , 2)200ms~1000ms:3.28% , 3)50ms~200ms: 9.64% , 4)20ms~50ms: 22.53% , 5)<20ms: 64.0% 
Worst 10% Users: 5, Max Delay(ms): 2820.0, Avg Delay(ms): 258.31100000000004, Avg Profit(USD): 0.6777846923325183
Delay distribution: 1) >1000ms:5.57% , 2)200ms~1000ms:29.92% , 3)50ms~200ms: 41.87% , 4)20ms~50ms: 16.25% , 5)<20ms: 6.39% 
Worst 25% Users: 7, Max Delay(ms): 490.0, Avg Delay(ms): 43.20404761904762, Avg Profit(USD): 3.146518777186829
Delay distribution: 1) >1000ms:0.0% , 2)200ms~1000ms:2.03% , 3)50ms~200ms: 28.23% , 4)20ms~50ms: 41.25% , 5)<20ms: 28.49% 
Worst 50% Users: 13, Max Delay(ms): 100.0, Avg Delay(ms): 18.914487179487182, Avg Profit(USD): 6.276708680249121
Delay distribution: 1) >1000ms:0.0% , 2)200ms~1000ms:0.0% , 3)50ms~200ms: 5.62% , 4)20ms~50ms: 39.67% , 5)<20ms: 54.7% 
Left Users: 25, Max Delay(ms): 80.0, Avg Delay(ms): 11.186133333333332, Avg Profit(USD): 12.638241139595529
Delay distribution: 1) >1000ms:0.0% , 2)200ms~1000ms:0.0% , 3)50ms~200ms: 0.07% , 4)20ms~50ms: 9.63% , 5)<20ms: 90.3% 

Simulator step: 0
Simulator step: 1000
Simulator step: 2000
Simulator step: 3000
Simulator step: 4000
Simulator step: 5000
------------------------
Cycle: 23, start time: 13:55, end time: 14:00
------------------------
Total Users: 50, Max Delay(ms): 2070.0, Avg Delay(ms): 38.29206666666667, Avg Profit(USD): 8.461975215567515
Delay distribution: 1) >1000ms:0.32% , 2)200ms~1000ms:3.3% , 3)50ms~200ms: 9.75% , 4)20ms~50ms: 22.63% , 5)<20ms: 64.0% 
Worst 10% Users: 5, Max Delay(ms): 2070.0, Avg Delay(ms): 217.71833333333333, Avg Profit(USD): 0.7052918271789352
Delay distribution: 1) >1000ms:3.16% , 2)200ms~1000ms:30.35% , 3)50ms~200ms: 43.15% , 4)20ms~50ms: 16.69% , 5)<20ms: 6.66% 
Worst 25% Users: 7, Max Delay(ms): 500.0, Avg Delay(ms): 43.05595238095238, Avg Profit(USD): 3.1325027899599807
Delay distribution: 1) >1000ms:0.0% , 2)200ms~1000ms:1.9% , 3)50ms~200ms: 28.46% , 4)20ms~50ms: 41.25% , 5)<20ms: 28.39% 
Worst 50% Users: 13, Max Delay(ms): 100.0, Avg Delay(ms): 18.901666666666667, Avg Profit(USD): 6.231905443261914
Delay distribution: 1) >1000ms:0.0% , 2)200ms~1000ms:0.0% , 3)50ms~200ms: 5.46% , 4)20ms~50ms: 40.21% , 5)<20ms: 54.32% 
Left Users: 25, Max Delay(ms): 80.0, Avg Delay(ms): 11.155933333333332, Avg Profit(USD): 12.665200454014252
Delay distribution: 1) >1000ms:0.0% , 2)200ms~1000ms:0.0% , 3)50ms~200ms: 0.06% , 4)20ms~50ms: 9.47% , 5)<20ms: 90.47% 

Simulator step: 0
Simulator step: 1000
Simulator step: 2000
Simulator step: 3000
Simulator step: 4000
Simulator step: 5000
------------------------
Cycle: 24, start time: 14:00, end time: 14:05
------------------------
Total Users: 50, Max Delay(ms): 2820.0, Avg Delay(ms): 42.32013333333333, Avg Profit(USD): 8.45874344354638
Delay distribution: 1) >1000ms:0.5% , 2)200ms~1000ms:3.44% , 3)50ms~200ms: 9.62% , 4)20ms~50ms: 22.44% , 5)<20ms: 64.0% 
Worst 10% Users: 5, Max Delay(ms): 2820.0, Avg Delay(ms): 255.12733333333333, Avg Profit(USD): 0.6966974194020722
Delay distribution: 1) >1000ms:4.97% , 2)200ms~1000ms:31.01% , 3)50ms~200ms: 41.13% , 4)20ms~50ms: 16.32% , 5)<20ms: 6.57% 
Worst 25% Users: 7, Max Delay(ms): 640.0, Avg Delay(ms): 45.279285714285706, Avg Profit(USD): 3.084635831406825
Delay distribution: 1) >1000ms:0.0% , 2)200ms~1000ms:2.44% , 3)50ms~200ms: 29.11% , 4)20ms~50ms: 40.45% , 5)<20ms: 28.0% 
Worst 50% Users: 13, Max Delay(ms): 100.0, Avg Delay(ms): 18.78025641025641, Avg Profit(USD): 6.266804168093021
Delay distribution: 1) >1000ms:0.0% , 2)200ms~1000ms:0.0% , 3)50ms~200ms: 5.34% , 4)20ms~50ms: 39.98% , 5)<20ms: 54.68% 
Left Users: 25, Max Delay(ms): 80.0, Avg Delay(ms): 11.170866666666669, Avg Profit(USD): 12.655711203010064
Delay distribution: 1) >1000ms:0.0% , 2)200ms~1000ms:0.0% , 3)50ms~200ms: 0.08% , 4)20ms~50ms: 9.51% , 5)<20ms: 90.41% 

Simulator step: 0
Simulator step: 1000
Simulator step: 2000
Simulator step: 3000
Simulator step: 4000
Simulator step: 5000
------------------------
Cycle: 25, start time: 14:05, end time: 14:10
------------------------
Total Users: 50, Max Delay(ms): 2820.0, Avg Delay(ms): 42.13593333333335, Avg Profit(USD): 8.462017687160005
Delay distribution: 1) >1000ms:0.53% , 2)200ms~1000ms:3.38% , 3)50ms~200ms: 9.55% , 4)20ms~50ms: 22.53% , 5)<20ms: 64.0% 
Worst 10% Users: 5, Max Delay(ms): 2820.0, Avg Delay(ms): 253.575, Avg Profit(USD): 0.6908431136806072
Delay distribution: 1) >1000ms:5.3% , 2)200ms~1000ms:30.48% , 3)50ms~200ms: 41.25% , 4)20ms~50ms: 16.45% , 5)<20ms: 6.51% 
Worst 25% Users: 7, Max Delay(ms): 720.0, Avg Delay(ms): 45.10285714285715, Avg Profit(USD): 3.093056012323067
Delay distribution: 1) >1000ms:0.0% , 2)200ms~1000ms:2.41% , 3)50ms~200ms: 28.63% , 4)20ms~50ms: 40.97% , 5)<20ms: 27.99% 
Worst 50% Users: 13, Max Delay(ms): 100.0, Avg Delay(ms): 18.780512820512822, Avg Profit(USD): 6.272652749960329
Delay distribution: 1) >1000ms:0.0% , 2)200ms~1000ms:0.0% , 3)50ms~200ms: 5.33% , 4)20ms~50ms: 40.01% , 5)<20ms: 54.66% 
Left Users: 25, Max Delay(ms): 80.0, Avg Delay(ms): 11.1622, Avg Profit(USD): 12.658031638154059
Delay distribution: 1) >1000ms:0.0% , 2)200ms~1000ms:0.0% , 3)50ms~200ms: 0.07% , 4)20ms~50ms: 9.5% , 5)<20ms: 90.44% 

Simulator step: 0
Simulator step: 1000
Simulator step: 2000
Simulator step: 3000
Simulator step: 4000
Simulator step: 5000
------------------------
Cycle: 26, start time: 14:10, end time: 14:15
------------------------
Total Users: 50, Max Delay(ms): 2270.0, Avg Delay(ms): 40.12049999999999, Avg Profit(USD): 8.455915555636967
Delay distribution: 1) >1000ms:0.44% , 2)200ms~1000ms:3.18% , 3)50ms~200ms: 9.7% , 4)20ms~50ms: 22.69% , 5)<20ms: 64.0% 
Worst 10% Users: 5, Max Delay(ms): 2270.0, Avg Delay(ms): 235.401, Avg Profit(USD): 0.7245398928077339
Delay distribution: 1) >1000ms:4.38% , 2)200ms~1000ms:29.05% , 3)50ms~200ms: 42.53% , 4)20ms~50ms: 17.21% , 5)<20ms: 6.83% 
Worst 25% Users: 7, Max Delay(ms): 610.0, Avg Delay(ms): 43.2747619047619, Avg Profit(USD): 3.1650324300452435
Delay distribution: 1) >1000ms:0.0% , 2)200ms~1000ms:1.96% , 3)50ms~200ms: 28.27% , 4)20ms~50ms: 41.07% , 5)<20ms: 28.7% 
Worst 50% Users: 13, Max Delay(ms): 100.0, Avg Delay(ms): 18.9725641025641, Avg Profit(USD): 6.228543793885076
Delay distribution: 1) >1000ms:0.0% , 2)200ms~1000ms:0.0% , 3)50ms~200ms: 5.57% , 4)20ms~50ms: 40.08% , 5)<20ms: 54.34% 
Left Users: 25, Max Delay(ms): 90.0, Avg Delay(ms): 11.178133333333333, Avg Profit(USD): 12.64187127947948
Delay distribution: 1) >1000ms:0.0% , 2)200ms~1000ms:0.0% , 3)50ms~200ms: 0.07% , 4)20ms~50ms: 9.59% , 5)<20ms: 90.34% 

Simulator step: 0
Simulator step: 1000
Simulator step: 2000
Simulator step: 3000
Simulator step: 4000
Simulator step: 5000
------------------------
Cycle: 27, start time: 14:15, end time: 14:20
------------------------
Total Users: 50, Max Delay(ms): 2820.0, Avg Delay(ms): 41.64863333333332, Avg Profit(USD): 8.461401937796698
Delay distribution: 1) >1000ms:0.46% , 2)200ms~1000ms:3.46% , 3)50ms~200ms: 9.51% , 4)20ms~50ms: 22.57% , 5)<20ms: 64.0% 
Worst 10% Users: 5, Max Delay(ms): 2820.0, Avg Delay(ms): 249.28733333333332, Avg Profit(USD): 0.7042814422285455
Delay distribution: 1) >1000ms:4.64% , 2)200ms~1000ms:31.26% , 3)50ms~200ms: 40.92% , 4)20ms~50ms: 16.53% , 5)<20ms: 6.64% 
Worst 25% Users: 7, Max Delay(ms): 700.0, Avg Delay(ms): 44.379285714285714, Avg Profit(USD): 3.122917250777936
Delay distribution: 1) >1000ms:0.0% , 2)200ms~1000ms:2.35% , 3)50ms~200ms: 28.12% , 4)20ms~50ms: 41.23% , 5)<20ms: 28.31% 
Worst 50% Users: 13, Max Delay(ms): 100.0, Avg Delay(ms): 18.96871794871795, Avg Profit(USD): 6.223650659755118
Delay distribution: 1) >1000ms:0.0% , 2)200ms~1000ms:0.0% , 3)50ms~200ms: 5.56% , 4)20ms~50ms: 40.16% , 5)<20ms: 54.28% 
Left Users: 25, Max Delay(ms): 80.0, Avg Delay(ms): 11.149866666666666, Avg Profit(USD): 12.671232413857204
Delay distribution: 1) >1000ms:0.0% , 2)200ms~1000ms:0.0% , 3)50ms~200ms: 0.07% , 4)20ms~50ms: 9.41% , 5)<20ms: 90.52% 

Simulator step: 0
Simulator step: 1000
Simulator step: 2000
Simulator step: 3000
Simulator step: 4000
Simulator step: 5000
------------------------
Cycle: 28, start time: 14:20, end time: 14:25
------------------------
Total Users: 50, Max Delay(ms): 2450.0, Avg Delay(ms): 39.668399999999984, Avg Profit(USD): 8.460593684799532
Delay distribution: 1) >1000ms:0.41% , 2)200ms~1000ms:3.24% , 3)50ms~200ms: 9.69% , 4)20ms~50ms: 22.66% , 5)<20ms: 64.0% 
Worst 10% Users: 5, Max Delay(ms): 2450.0, Avg Delay(ms): 230.5773333333333, Avg Profit(USD): 0.7092707812839686
Delay distribution: 1) >1000ms:4.11% , 2)200ms~1000ms:29.41% , 3)50ms~200ms: 42.81% , 4)20ms~50ms: 16.97% , 5)<20ms: 6.69% 
Worst 25% Users: 7, Max Delay(ms): 550.0, Avg Delay(ms): 43.62023809523809, Avg Profit(USD): 3.1336509776757424
Delay distribution: 1) >1000ms:0.0% , 2)200ms~1000ms:2.1% , 3)50ms~200ms: 28.07% , 4)20ms~50ms: 41.45% , 5)<20ms: 28.38% 
Worst 50% Users: 13, Max Delay(ms): 100.0, Avg Delay(ms): 18.914358974358976, Avg Profit(USD): 6.243516071687233
Delay distribution: 1) >1000ms:0.0% , 2)200ms~1000ms:0.0% , 3)50ms~200ms: 5.53% , 4)20ms~50ms: 40.08% , 5)<20ms: 54.39% 
Left Users: 25, Max Delay(ms): 90.0, Avg Delay(ms): 11.172199999999998, Avg Profit(USD): 12.6552825823157
Delay distribution: 1) >1000ms:0.0% , 2)200ms~1000ms:0.0% , 3)50ms~200ms: 0.08% , 4)20ms~50ms: 9.49% , 5)<20ms: 90.43% 

Simulator step: 0
Simulator step: 1000
Simulator step: 2000
Simulator step: 3000
Simulator step: 4000
Simulator step: 5000
------------------------
Cycle: 29, start time: 14:25, end time: 14:30
------------------------
Total Users: 50, Max Delay(ms): 2650.0, Avg Delay(ms): 41.49386666666666, Avg Profit(USD): 8.46172801428124
Delay distribution: 1) >1000ms:0.5% , 2)200ms~1000ms:3.32% , 3)50ms~200ms: 9.62% , 4)20ms~50ms: 22.56% , 5)<20ms: 64.0% 
Worst 10% Users: 5, Max Delay(ms): 2650.0, Avg Delay(ms): 248.87900000000002, Avg Profit(USD): 0.6968982048403372
Delay distribution: 1) >1000ms:5.01% , 2)200ms~1000ms:30.31% , 3)50ms~200ms: 41.36% , 4)20ms~50ms: 16.74% , 5)<20ms: 6.58% 
Worst 25% Users: 7, Max Delay(ms): 470.0, Avg Delay(ms): 43.544761904761906, Avg Profit(USD): 3.1152567620594014
Delay distribution: 1) >1000ms:0.0% , 2)200ms~1000ms:2.08% , 3)50ms~200ms: 28.45% , 4)20ms~50ms: 41.24% , 5)<20ms: 28.23% 
Worst 50% Users: 13, Max Delay(ms): 100.0, Avg Delay(ms): 18.963205128205125, Avg Profit(USD): 6.237574491457969
Delay distribution: 1) >1000ms:0.0% , 2)200ms~1000ms:0.0% , 3)50ms~200ms: 5.63% , 4)20ms~50ms: 39.97% , 5)<20ms: 54.39% 
Left Users: 25, Max Delay(ms): 80.0, Avg Delay(ms): 11.158533333333335, Avg Profit(USD): 12.668265758659638
Delay distribution: 1) >1000ms:0.0% , 2)200ms~1000ms:0.0% , 3)50ms~200ms: 0.06% , 4)20ms~50ms: 9.44% , 5)<20ms: 90.5% 

Simulator step: 0
Simulator step: 1000
Simulator step: 2000
Simulator step: 3000
Simulator step: 4000
Simulator step: 5000
------------------------
Cycle: 30, start time: 14:30, end time: 14:35
------------------------
Total Users: 50, Max Delay(ms): 2370.0, Avg Delay(ms): 41.65533333333335, Avg Profit(USD): 8.45970972499163
Delay distribution: 1) >1000ms:0.5% , 2)200ms~1000ms:3.37% , 3)50ms~200ms: 9.64% , 4)20ms~50ms: 22.48% , 5)<20ms: 64.0% 
Worst 10% Users: 5, Max Delay(ms): 2370.0, Avg Delay(ms): 250.469, Avg Profit(USD): 0.6794068559519322
Delay distribution: 1) >1000ms:5.04% , 2)200ms~1000ms:30.83% , 3)50ms~200ms: 41.64% , 4)20ms~50ms: 16.1% , 5)<20ms: 6.39% 
Worst 25% Users: 7, Max Delay(ms): 430.0, Avg Delay(ms): 43.53547619047619, Avg Profit(USD): 3.1358800310576402
Delay distribution: 1) >1000ms:0.0% , 2)200ms~1000ms:2.04% , 3)50ms~200ms: 28.48% , 4)20ms~50ms: 41.04% , 5)<20ms: 28.44% 
Worst 50% Users: 13, Max Delay(ms): 100.0, Avg Delay(ms): 18.99371794871795, Avg Profit(USD): 6.228190045232886
Delay distribution: 1) >1000ms:0.0% , 2)200ms~1000ms:0.0% , 3)50ms~200ms: 5.62% , 4)20ms~50ms: 40.07% , 5)<20ms: 54.31% 
Left Users: 25, Max Delay(ms): 80.0, Avg Delay(ms): 11.150199999999998, Avg Profit(USD): 12.66683284657563
Delay distribution: 1) >1000ms:0.0% , 2)200ms~1000ms:0.0% , 3)50ms~200ms: 0.06% , 4)20ms~50ms: 9.42% , 5)<20ms: 90.52% 

Simulator step: 0
Simulator step: 1000
Simulator step: 2000
Simulator step: 3000
Simulator step: 4000
Simulator step: 5000
------------------------
Cycle: 31, start time: 14:35, end time: 14:40
------------------------
Total Users: 50, Max Delay(ms): 2190.0, Avg Delay(ms): 37.980900000000005, Avg Profit(USD): 8.459189631606952
Delay distribution: 1) >1000ms:0.25% , 2)200ms~1000ms:3.44% , 3)50ms~200ms: 9.83% , 4)20ms~50ms: 22.48% , 5)<20ms: 64.0% 
Worst 10% Users: 5, Max Delay(ms): 2190.0, Avg Delay(ms): 211.50633333333332, Avg Profit(USD): 0.7170610899924286
Delay distribution: 1) >1000ms:2.48% , 2)200ms~1000ms:30.99% , 3)50ms~200ms: 42.87% , 4)20ms~50ms: 16.91% , 5)<20ms: 6.76% 
Worst 25% Users: 7, Max Delay(ms): 590.0, Avg Delay(ms): 45.13380952380953, Avg Profit(USD): 3.0851221755570335
Delay distribution: 1) >1000ms:0.0% , 2)200ms~1000ms:2.43% , 3)50ms~200ms: 28.88% , 4)20ms~50ms: 40.71% , 5)<20ms: 27.99% 
Worst 50% Users: 13, Max Delay(ms): 100.0, Avg Delay(ms): 18.975641025641025, Avg Profit(USD): 6.245019814946926
Delay distribution: 1) >1000ms:0.0% , 2)200ms~1000ms:0.0% , 3)50ms~200ms: 5.66% , 4)20ms~50ms: 39.89% , 5)<20ms: 54.45% 
Left Users: 25, Max Delay(ms): 70.0, Avg Delay(ms): 11.155733333333334, Avg Profit(USD): 12.663722532287041
Delay distribution: 1) >1000ms:0.0% , 2)200ms~1000ms:0.0% , 3)50ms~200ms: 0.07% , 4)20ms~50ms: 9.43% , 5)<20ms: 90.5% 

Simulator step: 0
Simulator step: 1000
Simulator step: 2000
Simulator step: 3000
Simulator step: 4000
Simulator step: 5000
------------------------
Cycle: 32, start time: 14:40, end time: 14:45
------------------------
Total Users: 50, Max Delay(ms): 2820.0, Avg Delay(ms): 41.56309999999999, Avg Profit(USD): 8.457632019254218
Delay distribution: 1) >1000ms:0.53% , 2)200ms~1000ms:3.26% , 3)50ms~200ms: 9.58% , 4)20ms~50ms: 22.63% , 5)<20ms: 64.0% 
Worst 10% Users: 5, Max Delay(ms): 2820.0, Avg Delay(ms): 249.75666666666666, Avg Profit(USD): 0.7119319288978493
Delay distribution: 1) >1000ms:5.31% , 2)200ms~1000ms:29.72% , 3)50ms~200ms: 41.39% , 4)20ms~50ms: 16.87% , 5)<20ms: 6.71% 
Worst 25% Users: 7, Max Delay(ms): 540.0, Avg Delay(ms): 43.453095238095244, Avg Profit(USD): 3.1563157561066624
Delay distribution: 1) >1000ms:0.0% , 2)200ms~1000ms:2.05% , 3)50ms~200ms: 28.37% , 4)20ms~50ms: 40.97% , 5)<20ms: 28.61% 
Worst 50% Users: 13, Max Delay(ms): 100.0, Avg Delay(ms): 18.900384615384617, Avg Profit(USD): 6.2449412642613265
Delay distribution: 1) >1000ms:0.0% , 2)200ms~1000ms:0.0% , 3)50ms~200ms: 5.48% , 4)20ms~50ms: 40.07% , 5)<20ms: 54.44% 
Left Users: 25, Max Delay(ms): 70.0, Avg Delay(ms): 11.1798, Avg Profit(USD): 12.641739783603107
Delay distribution: 1) >1000ms:0.0% , 2)200ms~1000ms:0.0% , 3)50ms~200ms: 0.08% , 4)20ms~50ms: 9.58% , 5)<20ms: 90.34% 

Simulator step: 0
Simulator step: 1000
Simulator step: 2000
Simulator step: 3000
Simulator step: 4000
Simulator step: 5000
------------------------
Cycle: 33, start time: 14:45, end time: 14:50
------------------------
Total Users: 50, Max Delay(ms): 2290.0, Avg Delay(ms): 37.68849999999998, Avg Profit(USD): 8.45775118653549
Delay distribution: 1) >1000ms:0.29% , 2)200ms~1000ms:3.17% , 3)50ms~200ms: 9.9% , 4)20ms~50ms: 22.64% , 5)<20ms: 64.0% 
Worst 10% Users: 5, Max Delay(ms): 2290.0, Avg Delay(ms): 210.62533333333334, Avg Profit(USD): 0.738369345747856
Delay distribution: 1) >1000ms:2.91% , 2)200ms~1000ms:29.0% , 3)50ms~200ms: 43.5% , 4)20ms~50ms: 17.61% , 5)<20ms: 6.98% 
Worst 25% Users: 7, Max Delay(ms): 590.0, Avg Delay(ms): 43.48452380952381, Avg Profit(USD): 3.1284342926443505
Delay distribution: 1) >1000ms:0.0% , 2)200ms~1000ms:1.95% , 3)50ms~200ms: 28.72% , 4)20ms~50ms: 40.95% , 5)<20ms: 28.38% 
Worst 50% Users: 13, Max Delay(ms): 100.0, Avg Delay(ms): 19.062820512820515, Avg Profit(USD): 6.215175017782895
Delay distribution: 1) >1000ms:0.0% , 2)200ms~1000ms:0.0% , 3)50ms~200ms: 5.74% , 4)20ms~50ms: 40.02% , 5)<20ms: 54.24% 
Left Users: 25, Max Delay(ms): 70.0, Avg Delay(ms): 11.1636, Avg Profit(USD): 12.659975892733884
Delay distribution: 1) >1000ms:0.0% , 2)200ms~1000ms:0.0% , 3)50ms~200ms: 0.07% , 4)20ms~50ms: 9.47% , 5)<20ms: 90.45% 

Simulator step: 0
Simulator step: 1000
Simulator step: 2000
Simulator step: 3000
Simulator step: 4000
Simulator step: 5000
------------------------
Cycle: 34, start time: 14:50, end time: 14:55
------------------------
Total Users: 50, Max Delay(ms): 2820.0, Avg Delay(ms): 38.59303333333334, Avg Profit(USD): 8.46017545321207
Delay distribution: 1) >1000ms:0.29% , 2)200ms~1000ms:3.3% , 3)50ms~200ms: 9.81% , 4)20ms~50ms: 22.6% , 5)<20ms: 64.0% 
Worst 10% Users: 5, Max Delay(ms): 2820.0, Avg Delay(ms): 218.88799999999998, Avg Profit(USD): 0.7251755671604789
Delay distribution: 1) >1000ms:2.9% , 2)200ms~1000ms:30.0% , 3)50ms~200ms: 42.84% , 4)20ms~50ms: 17.43% , 5)<20ms: 6.84% 
Worst 25% Users: 7, Max Delay(ms): 480.0, Avg Delay(ms): 44.129999999999995, Avg Profit(USD): 3.1322424948507455
Delay distribution: 1) >1000ms:0.0% , 2)200ms~1000ms:2.14% , 3)50ms~200ms: 28.7% , 4)20ms~50ms: 40.8% , 5)<20ms: 28.36% 
Worst 50% Users: 13, Max Delay(ms): 100.0, Avg Delay(ms): 19.046923076923076, Avg Profit(USD): 6.20676198899682
Delay distribution: 1) >1000ms:0.0% , 2)200ms~1000ms:0.0% , 3)50ms~200ms: 5.67% , 4)20ms~50ms: 40.21% , 5)<20ms: 54.12% 
Left Users: 25, Max Delay(ms): 80.0, Avg Delay(ms): 11.147666666666666, Avg Profit(USD): 12.670771660155491
Delay distribution: 1) >1000ms:0.0% , 2)200ms~1000ms:0.0% , 3)50ms~200ms: 0.07% , 4)20ms~50ms: 9.38% , 5)<20ms: 90.55% 

Simulator step: 0
Simulator step: 1000
Simulator step: 2000
Simulator step: 3000
Simulator step: 4000
Simulator step: 5000
------------------------
Cycle: 35, start time: 14:55, end time: 15:00
------------------------
Total Users: 50, Max Delay(ms): 2600.0, Avg Delay(ms): 40.49683333333331, Avg Profit(USD): 8.46148358507139
Delay distribution: 1) >1000ms:0.4% , 2)200ms~1000ms:3.41% , 3)50ms~200ms: 9.58% , 4)20ms~50ms: 22.61% , 5)<20ms: 64.0% 
Worst 10% Users: 5, Max Delay(ms): 2600.0, Avg Delay(ms): 240.04466666666667, Avg Profit(USD): 0.6924258593665564
Delay distribution: 1) >1000ms:4.02% , 2)200ms~1000ms:31.52% , 3)50ms~200ms: 41.31% , 4)20ms~50ms: 16.61% , 5)<20ms: 6.54% 
Worst 25% Users: 7, Max Delay(ms): 440.0, Avg Delay(ms): 43.00595238095238, Avg Profit(USD): 3.1137029447324176
Delay distribution: 1) >1000ms:0.0% , 2)200ms~1000ms:1.81% , 3)50ms~200ms: 28.76% , 4)20ms~50ms: 41.25% , 5)<20ms: 28.18% 
Worst 50% Users: 13, Max Delay(ms): 100.0, Avg Delay(ms): 18.807307692307692, Avg Profit(USD): 6.253883356108353
Delay distribution: 1) >1000ms:0.0% , 2)200ms~1000ms:0.0% , 3)50ms~200ms: 5.34% , 4)20ms~50ms: 40.18% , 5)<20ms: 54.48% 
Left Users: 25, Max Delay(ms): 80.0, Avg Delay(ms): 11.163266666666665, Avg Profit(USD): 12.66062582856805
Delay distribution: 1) >1000ms:0.0% , 2)200ms~1000ms:0.0% , 3)50ms~200ms: 0.08% , 4)20ms~50ms: 9.45% , 5)<20ms: 90.47% 

Simulator step: 0
Simulator step: 1000
Simulator step: 2000
Simulator step: 3000
Simulator step: 4000
Simulator step: 5000
------------------------
Cycle: 36, start time: 15:00, end time: 15:05
------------------------
Total Users: 50, Max Delay(ms): 2780.0, Avg Delay(ms): 39.18913333333334, Avg Profit(USD): 8.457328591300433
Delay distribution: 1) >1000ms:0.35% , 2)200ms~1000ms:3.35% , 3)50ms~200ms: 9.57% , 4)20ms~50ms: 22.73% , 5)<20ms: 64.0% 
Worst 10% Users: 5, Max Delay(ms): 2780.0, Avg Delay(ms): 226.7883333333333, Avg Profit(USD): 0.706682335750552
Delay distribution: 1) >1000ms:3.46% , 2)200ms~1000ms:30.91% , 3)50ms~200ms: 42.07% , 4)20ms~50ms: 16.9% , 5)<20ms: 6.66% 
Worst 25% Users: 7, Max Delay(ms): 650.0, Avg Delay(ms): 43.10428571428571, Avg Profit(USD): 3.1438262316750736
Delay distribution: 1) >1000ms:0.0% , 2)200ms~1000ms:1.86% , 3)50ms~200ms: 28.3% , 4)20ms~50ms: 41.33% , 5)<20ms: 28.51% 
Worst 50% Users: 13, Max Delay(ms): 100.0, Avg Delay(ms): 18.794230769230772, Avg Profit(USD): 6.246494500596504
Delay distribution: 1) >1000ms:0.0% , 2)200ms~1000ms:0.0% , 3)50ms~200ms: 5.24% , 4)20ms~50ms: 40.27% , 5)<20ms: 54.49% 
Left Users: 25, Max Delay(ms): 100.0, Avg Delay(ms): 11.178400000000002, Avg Profit(USD): 12.644872230271549
Delay distribution: 1) >1000ms:0.0% , 2)200ms~1000ms:0.0% , 3)50ms~200ms: 0.08% , 4)20ms~50ms: 9.57% , 5)<20ms: 90.35% 

Simulator step: 0
Simulator step: 1000
Simulator step: 2000
Simulator step: 3000
Simulator step: 4000
Simulator step: 5000
------------------------
Cycle: 37, start time: 15:05, end time: 15:10
------------------------
Total Users: 50, Max Delay(ms): 2490.0, Avg Delay(ms): 38.59373333333333, Avg Profit(USD): 8.458110242060766
Delay distribution: 1) >1000ms:0.33% , 2)200ms~1000ms:3.26% , 3)50ms~200ms: 9.73% , 4)20ms~50ms: 22.68% , 5)<20ms: 64.0% 
Worst 10% Users: 5, Max Delay(ms): 2490.0, Avg Delay(ms): 220.26833333333332, Avg Profit(USD): 0.7255763858444467
Delay distribution: 1) >1000ms:3.27% , 2)200ms~1000ms:29.95% , 3)50ms~200ms: 42.67% , 4)20ms~50ms: 17.27% , 5)<20ms: 6.85% 
Worst 25% Users: 7, Max Delay(ms): 660.0, Avg Delay(ms): 43.248333333333335, Avg Profit(USD): 3.158483798673807
Delay distribution: 1) >1000ms:0.0% , 2)200ms~1000ms:1.91% , 3)50ms~200ms: 28.47% , 4)20ms~50ms: 41.01% , 5)<20ms: 28.6% 
Worst 50% Users: 13, Max Delay(ms): 100.0, Avg Delay(ms): 18.950897435897435, Avg Profit(USD): 6.230837613950225
Delay distribution: 1) >1000ms:0.0% , 2)200ms~1000ms:0.0% , 3)50ms~200ms: 5.54% , 4)20ms~50ms: 40.16% , 5)<20ms: 54.3% 
Left Users: 25, Max Delay(ms): 90.0, Avg Delay(ms): 11.1698, Avg Profit(USD): 12.646694184069856
Delay distribution: 1) >1000ms:0.0% , 2)200ms~1000ms:0.0% , 3)50ms~200ms: 0.07% , 4)20ms~50ms: 9.54% , 5)<20ms: 90.39% 

Simulator step: 0
Simulator step: 1000
Simulator step: 2000
Simulator step: 3000
Simulator step: 4000
Simulator step: 5000
------------------------
Cycle: 38, start time: 15:10, end time: 15:15
------------------------
Total Users: 50, Max Delay(ms): 2340.0, Avg Delay(ms): 39.61423333333335, Avg Profit(USD): 8.457926816797185
Delay distribution: 1) >1000ms:0.36% , 2)200ms~1000ms:3.3% , 3)50ms~200ms: 9.72% , 4)20ms~50ms: 22.62% , 5)<20ms: 64.0% 
Worst 10% Users: 5, Max Delay(ms): 2340.0, Avg Delay(ms): 229.41133333333335, Avg Profit(USD): 0.7094359598755261
Delay distribution: 1) >1000ms:3.57% , 2)200ms~1000ms:29.97% , 3)50ms~200ms: 42.59% , 4)20ms~50ms: 17.17% , 5)<20ms: 6.7% 
Worst 25% Users: 7, Max Delay(ms): 630.0, Avg Delay(ms): 44.07261904761904, Avg Profit(USD): 3.1413414640292716
Delay distribution: 1) >1000ms:0.0% , 2)200ms~1000ms:2.19% , 3)50ms~200ms: 28.6% , 4)20ms~50ms: 40.73% , 5)<20ms: 28.48% 
Worst 50% Users: 13, Max Delay(ms): 100.0, Avg Delay(ms): 18.925384615384612, Avg Profit(USD): 6.226359419664585
Delay distribution: 1) >1000ms:0.0% , 2)200ms~1000ms:0.0% , 3)50ms~200ms: 5.46% , 4)20ms~50ms: 40.26% , 5)<20ms: 54.29% 
Left Users: 25, Max Delay(ms): 80.0, Avg Delay(ms): 11.164666666666667, Avg Profit(USD): 12.656683933465482
Delay distribution: 1) >1000ms:0.0% , 2)200ms~1000ms:0.0% , 3)50ms~200ms: 0.07% , 4)20ms~50ms: 9.47% , 5)<20ms: 90.46% 

Simulator step: 0
Simulator step: 1000
Simulator step: 2000
Simulator step: 3000
Simulator step: 4000
Simulator step: 5000
------------------------
Cycle: 39, start time: 15:15, end time: 15:20
------------------------
Total Users: 50, Max Delay(ms): 2820.0, Avg Delay(ms): 40.85069999999998, Avg Profit(USD): 8.456874375182586
Delay distribution: 1) >1000ms:0.44% , 2)200ms~1000ms:3.32% , 3)50ms~200ms: 9.7% , 4)20ms~50ms: 22.54% , 5)<20ms: 64.0% 
Worst 10% Users: 5, Max Delay(ms): 2820.0, Avg Delay(ms): 241.6616666666667, Avg Profit(USD): 0.7344015278527466
Delay distribution: 1) >1000ms:4.38% , 2)200ms~1000ms:30.18% , 3)50ms~200ms: 41.36% , 4)20ms~50ms: 17.16% , 5)<20ms: 6.93% 
Worst 25% Users: 7, Max Delay(ms): 600.0, Avg Delay(ms): 44.04190476190476, Avg Profit(USD): 3.1108705074146252
Delay distribution: 1) >1000ms:0.0% , 2)200ms~1000ms:2.13% , 3)50ms~200ms: 29.04% , 4)20ms~50ms: 40.68% , 5)<20ms: 28.15% 
Worst 50% Users: 13, Max Delay(ms): 100.0, Avg Delay(ms): 18.997692307692304, Avg Profit(USD): 6.222481618995786
Delay distribution: 1) >1000ms:0.0% , 2)200ms~1000ms:0.0% , 3)50ms~200ms: 5.63% , 4)20ms~50ms: 40.09% , 5)<20ms: 54.29% 
Left Users: 25, Max Delay(ms): 90.0, Avg Delay(ms): 11.158533333333335, Avg Profit(USD): 12.66013426084072
Delay distribution: 1) >1000ms:0.0% , 2)200ms~1000ms:0.0% , 3)50ms~200ms: 0.07% , 4)20ms~50ms: 9.42% , 5)<20ms: 90.5% 

Simulator step: 0
Simulator step: 1000
Simulator step: 2000
Simulator step: 3000
Simulator step: 4000
Simulator step: 5000
------------------------
Cycle: 40, start time: 15:20, end time: 15:25
------------------------
Total Users: 50, Max Delay(ms): 1850.0, Avg Delay(ms): 37.60890000000002, Avg Profit(USD): 8.461109455691334
Delay distribution: 1) >1000ms:0.26% , 2)200ms~1000ms:3.31% , 3)50ms~200ms: 9.78% , 4)20ms~50ms: 22.65% , 5)<20ms: 64.0% 
Worst 10% Users: 5, Max Delay(ms): 1850.0, Avg Delay(ms): 210.34199999999998, Avg Profit(USD): 0.7182582017992656
Delay distribution: 1) >1000ms:2.63% , 2)200ms~1000ms:30.41% , 3)50ms~200ms: 43.04% , 4)20ms~50ms: 17.15% , 5)<20ms: 6.78% 
Worst 25% Users: 7, Max Delay(ms): 500.0, Avg Delay(ms): 43.35952380952381, Avg Profit(USD): 3.130640657993712
Delay distribution: 1) >1000ms:0.0% , 2)200ms~1000ms:1.93% , 3)50ms~200ms: 28.67% , 4)20ms~50ms: 41.05% , 5)<20ms: 28.35% 
Worst 50% Users: 13, Max Delay(ms): 100.0, Avg Delay(ms): 18.902692307692305, Avg Profit(USD): 6.2444338168263585
Delay distribution: 1) >1000ms:0.0% , 2)200ms~1000ms:0.0% , 3)50ms~200ms: 5.47% , 4)20ms~50ms: 40.09% , 5)<20ms: 54.44% 
Left Users: 25, Max Delay(ms): 120.0, Avg Delay(ms): 11.179333333333334, Avg Profit(USD): 12.654882302034865
Delay distribution: 1) >1000ms:0.0% , 2)200ms~1000ms:0.0% , 3)50ms~200ms: 0.08% , 4)20ms~50ms: 9.52% , 5)<20ms: 90.4% 

Simulator step: 0
Simulator step: 1000
Simulator step: 2000
Simulator step: 3000
Simulator step: 4000
Simulator step: 5000
------------------------
Cycle: 41, start time: 15:25, end time: 15:30
------------------------
Total Users: 50, Max Delay(ms): 2470.0, Avg Delay(ms): 38.37753333333333, Avg Profit(USD): 8.462512678765242
Delay distribution: 1) >1000ms:0.27% , 2)200ms~1000ms:3.39% , 3)50ms~200ms: 9.71% , 4)20ms~50ms: 22.63% , 5)<20ms: 64.0% 
Worst 10% Users: 5, Max Delay(ms): 2470.0, Avg Delay(ms): 217.92066666666668, Avg Profit(USD): 0.7116948560636565
Delay distribution: 1) >1000ms:2.69% , 2)200ms~1000ms:31.25% , 3)50ms~200ms: 42.61% , 4)20ms~50ms: 16.73% , 5)<20ms: 6.72% 
Worst 25% Users: 7, Max Delay(ms): 660.0, Avg Delay(ms): 43.37619047619047, Avg Profit(USD): 3.158262381789837
Delay distribution: 1) >1000ms:0.0% , 2)200ms~1000ms:1.86% , 3)50ms~200ms: 28.45% , 4)20ms~50ms: 41.05% , 5)<20ms: 28.63% 
Worst 50% Users: 13, Max Delay(ms): 100.0, Avg Delay(ms): 18.94294871794872, Avg Profit(USD): 6.225903946028898
Delay distribution: 1) >1000ms:0.0% , 2)200ms~1000ms:0.0% , 3)50ms~200ms: 5.49% , 4)20ms~50ms: 40.23% , 5)<20ms: 54.28% 
Left Users: 25, Max Delay(ms): 80.0, Avg Delay(ms): 11.175266666666664, Avg Profit(USD): 12.660902867481573
Delay distribution: 1) >1000ms:0.0% , 2)200ms~1000ms:0.0% , 3)50ms~200ms: 0.09% , 4)20ms~50ms: 9.5% , 5)<20ms: 90.41% 
