Width/length: 10, number users: 50, weight_risk: 0.3 0.5 0.9 0.7



Simulator step: 0
Simulator step: 1000
Simulator step: 2000
Simulator step: 3000
Simulator step: 4000
Simulator step: 5000
------------------------
Cycle: 0, start time: 12:00, end time: 12:05
------------------------
Total Users: 50, Max Delay(ms): 2510.0, Avg Delay(ms): 40.444733333333325, Avg Profit(USD): 8.462865193625428
Delay distribution: 1) >1000ms:0.42% , 2)200ms~1000ms:3.35% , 3)50ms~200ms: 9.64% , 4)20ms~50ms: 22.58% , 5)<20ms: 64.01% 
Worst 10% Users: 5, Max Delay(ms): 2510.0, Avg Delay(ms): 238.45300000000003, Avg Profit(USD): 0.6949581223451035
Delay distribution: 1) >1000ms:4.19% , 2)200ms~1000ms:30.65% , 3)50ms~200ms: 41.98% , 4)20ms~50ms: 16.59% , 5)<20ms: 6.59% 
Worst 25% Users: 7, Max Delay(ms): 600.0, Avg Delay(ms): 43.66666666666667, Avg Profit(USD): 3.134212675021237
Delay distribution: 1) >1000ms:0.0% , 2)200ms~1000ms:2.03% , 3)50ms~200ms: 28.49% , 4)20ms~50ms: 41.06% , 5)<20ms: 28.43% 
Worst 50% Users: 13, Max Delay(ms): 100.0, Avg Delay(ms): 18.872692307692308, Avg Profit(USD): 6.244782618047443
Delay distribution: 1) >1000ms:0.0% , 2)200ms~1000ms:0.0% , 3)50ms~200ms: 5.46% , 4)20ms~50ms: 40.11% , 5)<20ms: 54.44% 
Left Users: 25, Max Delay(ms): 70.0, Avg Delay(ms): 11.158400000000002, Avg Profit(USD): 12.661872252391221
Delay distribution: 1) >1000ms:0.0% , 2)200ms~1000ms:0.0% , 3)50ms~200ms: 0.07% , 4)20ms~50ms: 9.49% , 5)<20ms: 90.44% 

Simulator step: 0
Simulator step: 1000
Simulator step: 2000
Simulator step: 3000
Simulator step: 4000
Simulator step: 5000
------------------------
Cycle: 1, start time: 12:05, end time: 12:10
------------------------
Total Users: 50, Max Delay(ms): 3320.0, Avg Delay(ms): 41.38386666666666, Avg Profit(USD): 8.461137254230323
Delay distribution: 1) >1000ms:0.44% , 2)200ms~1000ms:3.39% , 3)50ms~200ms: 9.64% , 4)20ms~50ms: 22.53% , 5)<20ms: 64.0% 
Worst 10% Users: 5, Max Delay(ms): 3320.0, Avg Delay(ms): 246.00933333333333, Avg Profit(USD): 0.7087877609263734
Delay distribution: 1) >1000ms:4.4% , 2)200ms~1000ms:30.72% , 3)50ms~200ms: 41.33% , 4)20ms~50ms: 16.85% , 5)<20ms: 6.7% 
Worst 25% Users: 7, Max Delay(ms): 720.0, Avg Delay(ms): 44.82904761904762, Avg Profit(USD): 3.1224172149627205
Delay distribution: 1) >1000ms:0.0% , 2)200ms~1000ms:2.3% , 3)50ms~200ms: 28.77% , 4)20ms~50ms: 40.67% , 5)<20ms: 28.26% 
Worst 50% Users: 13, Max Delay(ms): 100.0, Avg Delay(ms): 18.927564102564105, Avg Profit(USD): 6.254751079245935
Delay distribution: 1) >1000ms:0.0% , 2)200ms~1000ms:0.0% , 3)50ms~200ms: 5.55% , 4)20ms~50ms: 39.94% , 5)<20ms: 54.52% 
Left Users: 25, Max Delay(ms): 70.0, Avg Delay(ms): 11.171399999999998, Avg Profit(USD): 12.653769574877924
Delay distribution: 1) >1000ms:0.0% , 2)200ms~1000ms:0.0% , 3)50ms~200ms: 0.07% , 4)20ms~50ms: 9.53% , 5)<20ms: 90.4% 

Simulator step: 0
Simulator step: 1000
Simulator step: 2000
Simulator step: 3000
Simulator step: 4000
Simulator step: 5000
------------------------
Cycle: 2, start time: 12:10, end time: 12:15
------------------------
Total Users: 50, Max Delay(ms): 2170.0, Avg Delay(ms): 39.61983333333334, Avg Profit(USD): 8.462548313665462
Delay distribution: 1) >1000ms:0.37% , 2)200ms~1000ms:3.39% , 3)50ms~200ms: 9.52% , 4)20ms~50ms: 22.72% , 5)<20ms: 64.0% 
Worst 10% Users: 5, Max Delay(ms): 2170.0, Avg Delay(ms): 232.14600000000004, Avg Profit(USD): 0.709316163032023
Delay distribution: 1) >1000ms:3.71% , 2)200ms~1000ms:31.56% , 3)50ms~200ms: 41.46% , 4)20ms~50ms: 16.6% , 5)<20ms: 6.67% 
Worst 25% Users: 7, Max Delay(ms): 520.0, Avg Delay(ms): 42.325, Avg Profit(USD): 3.1250967300159913
Delay distribution: 1) >1000ms:0.0% , 2)200ms~1000ms:1.68% , 3)50ms~200ms: 28.23% , 4)20ms~50ms: 41.76% , 5)<20ms: 28.33% 
Worst 50% Users: 13, Max Delay(ms): 100.0, Avg Delay(ms): 18.840128205128202, Avg Profit(USD): 6.2451619993489595
Delay distribution: 1) >1000ms:0.0% , 2)200ms~1000ms:0.0% , 3)50ms~200ms: 5.31% , 4)20ms~50ms: 40.28% , 5)<20ms: 54.41% 
Left Users: 25, Max Delay(ms): 80.0, Avg Delay(ms): 11.162600000000001, Avg Profit(USD): 12.660722070658581
Delay distribution: 1) >1000ms:0.0% , 2)200ms~1000ms:0.0% , 3)50ms~200ms: 0.07% , 4)20ms~50ms: 9.49% , 5)<20ms: 90.44% 

Simulator step: 0
Simulator step: 1000
Simulator step: 2000
Simulator step: 3000
Simulator step: 4000
Simulator step: 5000
------------------------
Cycle: 3, start time: 12:15, end time: 12:20
------------------------
Total Users: 50, Max Delay(ms): 4150.0, Avg Delay(ms): 41.46340000000002, Avg Profit(USD): 8.464157353995644
Delay distribution: 1) >1000ms:0.44% , 2)200ms~1000ms:3.31% , 3)50ms~200ms: 9.67% , 4)20ms~50ms: 22.58% , 5)<20ms: 64.0% 
Worst 10% Users: 5, Max Delay(ms): 4150.0, Avg Delay(ms): 247.656, Avg Profit(USD): 0.7030207151892505
Delay distribution: 1) >1000ms:4.39% , 2)200ms~1000ms:29.99% , 3)50ms~200ms: 42.23% , 4)20ms~50ms: 16.75% , 5)<20ms: 6.63% 
Worst 25% Users: 7, Max Delay(ms): 690.0, Avg Delay(ms): 44.19095238095239, Avg Profit(USD): 3.1364328317546573
Delay distribution: 1) >1000ms:0.0% , 2)200ms~1000ms:2.24% , 3)50ms~200ms: 28.23% , 4)20ms~50ms: 41.15% , 5)<20ms: 28.38% 
Worst 50% Users: 13, Max Delay(ms): 100.0, Avg Delay(ms): 18.95410256410256, Avg Profit(USD): 6.2393862373126385
Delay distribution: 1) >1000ms:0.0% , 2)200ms~1000ms:0.0% , 3)50ms~200ms: 5.6% , 4)20ms~50ms: 40.05% , 5)<20ms: 54.36% 
Left Users: 25, Max Delay(ms): 80.0, Avg Delay(ms): 11.165999999999999, Avg Profit(USD): 12.665028528659558
Delay distribution: 1) >1000ms:0.0% , 2)200ms~1000ms:0.0% , 3)50ms~200ms: 0.07% , 4)20ms~50ms: 9.46% , 5)<20ms: 90.46% 

Simulator step: 0
Simulator step: 1000
Simulator step: 2000
Simulator step: 3000
Simulator step: 4000
Simulator step: 5000
------------------------
Cycle: 4, start time: 12:20, end time: 12:25
------------------------
Total Users: 50, Max Delay(ms): 2470.0, Avg Delay(ms): 39.754866666666665, Avg Profit(USD): 8.45863247522628
Delay distribution: 1) >1000ms:0.42% , 2)200ms~1000ms:3.2% , 3)50ms~200ms: 9.77% , 4)20ms~50ms: 22.61% , 5)<20ms: 64.0% 
Worst 10% Users: 5, Max Delay(ms): 2470.0, Avg Delay(ms): 230.9393333333333, Avg Profit(USD): 0.7223668369864287
Delay distribution: 1) >1000ms:4.21% , 2)200ms~1000ms:28.97% , 3)50ms~200ms: 42.78% , 4)20ms~50ms: 17.21% , 5)<20ms: 6.82% 
Worst 25% Users: 7, Max Delay(ms): 490.0, Avg Delay(ms): 44.043571428571425, Avg Profit(USD): 3.117810168963499
Delay distribution: 1) >1000ms:0.0% , 2)200ms~1000ms:2.14% , 3)50ms~200ms: 28.82% , 4)20ms~50ms: 40.8% , 5)<20ms: 28.25% 
Worst 50% Users: 13, Max Delay(ms): 100.0, Avg Delay(ms): 18.890256410256413, Avg Profit(USD): 6.248673953583473
Delay distribution: 1) >1000ms:0.0% , 2)200ms~1000ms:0.0% , 3)50ms~200ms: 5.47% , 4)20ms~50ms: 40.04% , 5)<20ms: 54.48% 
Left Users: 25, Max Delay(ms): 70.0, Avg Delay(ms): 11.166733333333337, Avg Profit(USD): 12.650494279882091
Delay distribution: 1) >1000ms:0.0% , 2)200ms~1000ms:0.0% , 3)50ms~200ms: 0.07% , 4)20ms~50ms: 9.54% , 5)<20ms: 90.4% 

Simulator step: 0
Simulator step: 1000
Simulator step: 2000
Simulator step: 3000
Simulator step: 4000
Simulator step: 5000
------------------------
Cycle: 5, start time: 12:25, end time: 12:30
------------------------
Total Users: 50, Max Delay(ms): 4030.0, Avg Delay(ms): 42.09599999999998, Avg Profit(USD): 8.455254906892808
Delay distribution: 1) >1000ms:0.5% , 2)200ms~1000ms:3.19% , 3)50ms~200ms: 9.74% , 4)20ms~50ms: 22.58% , 5)<20ms: 64.0% 
Worst 10% Users: 5, Max Delay(ms): 4030.0, Avg Delay(ms): 253.18566666666666, Avg Profit(USD): 0.7184003510636434
Delay distribution: 1) >1000ms:4.96% , 2)200ms~1000ms:28.7% , 3)50ms~200ms: 42.45% , 4)20ms~50ms: 17.11% , 5)<20ms: 6.78% 
Worst 25% Users: 7, Max Delay(ms): 730.0, Avg Delay(ms): 44.887619047619054, Avg Profit(USD): 3.1266296424601694
Delay distribution: 1) >1000ms:0.0% , 2)200ms~1000ms:2.29% , 3)50ms~200ms: 28.86% , 4)20ms~50ms: 40.53% , 5)<20ms: 28.33% 
Worst 50% Users: 13, Max Delay(ms): 100.0, Avg Delay(ms): 18.870641025641028, Avg Profit(USD): 6.245069040368545
Delay distribution: 1) >1000ms:0.0% , 2)200ms~1000ms:0.0% , 3)50ms~200ms: 5.43% , 4)20ms~50ms: 40.09% , 5)<20ms: 54.48% 
Left Users: 25, Max Delay(ms): 70.0, Avg Delay(ms): 11.1736, Avg Profit(USD): 12.643937542692392
Delay distribution: 1) >1000ms:0.0% , 2)200ms~1000ms:0.0% , 3)50ms~200ms: 0.08% , 4)20ms~50ms: 9.54% , 5)<20ms: 90.38% 

Simulator step: 0
Simulator step: 1000
Simulator step: 2000
Simulator step: 3000
Simulator step: 4000
Simulator step: 5000
------------------------
Cycle: 6, start time: 12:30, end time: 12:35
------------------------
Total Users: 50, Max Delay(ms): 2290.0, Avg Delay(ms): 39.40156666666668, Avg Profit(USD): 8.463025437759848
Delay distribution: 1) >1000ms:0.38% , 2)200ms~1000ms:3.29% , 3)50ms~200ms: 9.74% , 4)20ms~50ms: 22.58% , 5)<20ms: 64.0% 
Worst 10% Users: 5, Max Delay(ms): 2290.0, Avg Delay(ms): 228.87600000000003, Avg Profit(USD): 0.699777186806405
Delay distribution: 1) >1000ms:3.83% , 2)200ms~1000ms:30.52% , 3)50ms~200ms: 42.23% , 4)20ms~50ms: 16.81% , 5)<20ms: 6.6% 
Worst 25% Users: 7, Max Delay(ms): 590.0, Avg Delay(ms): 42.917857142857144, Avg Profit(USD): 3.1314914259889566
Delay distribution: 1) >1000ms:0.0% , 2)200ms~1000ms:1.72% , 3)50ms~200ms: 28.9% , 4)20ms~50ms: 41.03% , 5)<20ms: 28.35% 
Worst 50% Users: 13, Max Delay(ms): 100.0, Avg Delay(ms): 18.960641025641024, Avg Profit(USD): 6.22179840422528
Delay distribution: 1) >1000ms:0.0% , 2)200ms~1000ms:0.0% , 3)50ms~200ms: 5.55% , 4)20ms~50ms: 40.18% , 5)<20ms: 54.27% 
Left Users: 25, Max Delay(ms): 70.0, Avg Delay(ms): 11.1514, Avg Profit(USD): 12.673942668684358
Delay distribution: 1) >1000ms:0.0% , 2)200ms~1000ms:0.0% , 3)50ms~200ms: 0.06% , 4)20ms~50ms: 9.42% , 5)<20ms: 90.52% 

Simulator step: 0
Simulator step: 1000
Simulator step: 2000
Simulator step: 3000
Simulator step: 4000
Simulator step: 5000
------------------------
Cycle: 7, start time: 12:35, end time: 12:40
------------------------
Total Users: 50, Max Delay(ms): 3030.0, Avg Delay(ms): 40.66093333333332, Avg Profit(USD): 8.455650872534756
Delay distribution: 1) >1000ms:0.43% , 2)200ms~1000ms:3.23% , 3)50ms~200ms: 9.63% , 4)20ms~50ms: 22.71% , 5)<20ms: 64.0% 
Worst 10% Users: 5, Max Delay(ms): 3030.0, Avg Delay(ms): 242.8876666666667, Avg Profit(USD): 0.7104020657116956
Delay distribution: 1) >1000ms:4.27% , 2)200ms~1000ms:30.28% , 3)50ms~200ms: 41.88% , 4)20ms~50ms: 16.88% , 5)<20ms: 6.7% 
Worst 25% Users: 7, Max Delay(ms): 510.0, Avg Delay(ms): 42.00976190476191, Avg Profit(USD): 3.1529266884210503
Delay distribution: 1) >1000ms:0.0% , 2)200ms~1000ms:1.47% , 3)50ms~200ms: 28.53% , 4)20ms~50ms: 41.47% , 5)<20ms: 28.53% 
Worst 50% Users: 13, Max Delay(ms): 100.0, Avg Delay(ms): 18.84423076923077, Avg Profit(USD): 6.235100794937909
Delay distribution: 1) >1000ms:0.0% , 2)200ms~1000ms:0.0% , 3)50ms~200ms: 5.38% , 4)20ms~50ms: 40.24% , 5)<20ms: 54.38% 
Left Users: 25, Max Delay(ms): 90.0, Avg Delay(ms): 11.1826, Avg Profit(USD): 12.644149445801572
Delay distribution: 1) >1000ms:0.0% , 2)200ms~1000ms:0.0% , 3)50ms~200ms: 0.1% , 4)20ms~50ms: 9.51% , 5)<20ms: 90.39% 

Simulator step: 0
Simulator step: 1000
Simulator step: 2000
Simulator step: 3000
Simulator step: 4000
Simulator step: 5000
------------------------
Cycle: 8, start time: 12:40, end time: 12:45
------------------------
Total Users: 50, Max Delay(ms): 2290.0, Avg Delay(ms): 39.68490000000001, Avg Profit(USD): 8.46131327424374
Delay distribution: 1) >1000ms:0.36% , 2)200ms~1000ms:3.36% , 3)50ms~200ms: 9.66% , 4)20ms~50ms: 22.61% , 5)<20ms: 64.0% 
Worst 10% Users: 5, Max Delay(ms): 2290.0, Avg Delay(ms): 230.56133333333335, Avg Profit(USD): 0.7145082742950177
Delay distribution: 1) >1000ms:3.64% , 2)200ms~1000ms:30.77% , 3)50ms~200ms: 41.95% , 4)20ms~50ms: 16.9% , 5)<20ms: 6.74% 
Worst 25% Users: 7, Max Delay(ms): 530.0, Avg Delay(ms): 44.01595238095239, Avg Profit(USD): 3.1107420792293703
Delay distribution: 1) >1000ms:0.0% , 2)200ms~1000ms:2.05% , 3)50ms~200ms: 28.96% , 4)20ms~50ms: 40.82% , 5)<20ms: 28.17% 
Worst 50% Users: 13, Max Delay(ms): 100.0, Avg Delay(ms): 18.78666666666667, Avg Profit(USD): 6.253889977112116
Delay distribution: 1) >1000ms:0.0% , 2)200ms~1000ms:0.0% , 3)50ms~200ms: 5.28% , 4)20ms~50ms: 40.19% , 5)<20ms: 54.53% 
Left Users: 25, Max Delay(ms): 80.0, Avg Delay(ms): 11.163999999999998, Avg Profit(USD): 12.656694323345947
Delay distribution: 1) >1000ms:0.0% , 2)200ms~1000ms:0.0% , 3)50ms~200ms: 0.07% , 4)20ms~50ms: 9.52% , 5)<20ms: 90.41% 

Simulator step: 0
Simulator step: 1000
Simulator step: 2000
Simulator step: 3000
Simulator step: 4000
Simulator step: 5000
------------------------
Cycle: 9, start time: 12:45, end time: 12:50
------------------------
Total Users: 50, Max Delay(ms): 3030.0, Avg Delay(ms): 38.59463333333332, Avg Profit(USD): 8.461709334658499
Delay distribution: 1) >1000ms:0.29% , 2)200ms~1000ms:3.35% , 3)50ms~200ms: 9.78% , 4)20ms~50ms: 22.58% , 5)<20ms: 64.0% 
Worst 10% Users: 5, Max Delay(ms): 3030.0, Avg Delay(ms): 218.70866666666666, Avg Profit(USD): 0.73472253303607
Delay distribution: 1) >1000ms:2.95% , 2)200ms~1000ms:30.44% , 3)50ms~200ms: 42.43% , 4)20ms~50ms: 17.26% , 5)<20ms: 6.93% 
Worst 25% Users: 7, Max Delay(ms): 630.0, Avg Delay(ms): 44.463095238095235, Avg Profit(USD): 3.0833207284583777
Delay distribution: 1) >1000ms:0.0% , 2)200ms~1000ms:2.2% , 3)50ms~200ms: 28.95% , 4)20ms~50ms: 40.92% , 5)<20ms: 27.93% 
Worst 50% Users: 13, Max Delay(ms): 100.0, Avg Delay(ms): 18.927307692307696, Avg Profit(USD): 6.239264179908233
Delay distribution: 1) >1000ms:0.0% , 2)200ms~1000ms:0.0% , 3)50ms~200ms: 5.56% , 4)20ms~50ms: 40.06% , 5)<20ms: 54.39% 
Left Users: 25, Max Delay(ms): 80.0, Avg Delay(ms): 11.155666666666669, Avg Profit(USD): 12.668726985189158
Delay distribution: 1) >1000ms:0.0% , 2)200ms~1000ms:0.0% , 3)50ms~200ms: 0.07% , 4)20ms~50ms: 9.42% , 5)<20ms: 90.51% 

Simulator step: 0
Simulator step: 1000
Simulator step: 2000
Simulator step: 3000
Simulator step: 4000
Simulator step: 5000
------------------------
Cycle: 10, start time: 12:50, end time: 12:55
------------------------
Total Users: 50, Max Delay(ms): 1800.0, Avg Delay(ms): 37.375099999999975, Avg Profit(USD): 8.458383702483893
Delay distribution: 1) >1000ms:0.23% , 2)200ms~1000ms:3.31% , 3)50ms~200ms: 9.82% , 4)20ms~50ms: 22.64% , 5)<20ms: 64.0% 
Worst 10% Users: 5, Max Delay(ms): 1800.0, Avg Delay(ms): 207.45633333333333, Avg Profit(USD): 0.733496746019102
Delay distribution: 1) >1000ms:2.32% , 2)200ms~1000ms:30.34% , 3)50ms~200ms: 42.95% , 4)20ms~50ms: 17.47% , 5)<20ms: 6.92% 
Worst 25% Users: 7, Max Delay(ms): 550.0, Avg Delay(ms): 43.74880952380953, Avg Profit(USD): 3.1267434647503194
Delay distribution: 1) >1000ms:0.0% , 2)200ms~1000ms:1.95% , 3)50ms~200ms: 28.98% , 4)20ms~50ms: 40.76% , 5)<20ms: 28.31% 
Worst 50% Users: 13, Max Delay(ms): 100.0, Avg Delay(ms): 18.952435897435898, Avg Profit(USD): 6.227119218093152
Delay distribution: 1) >1000ms:0.0% , 2)200ms~1000ms:0.0% , 3)50ms~200ms: 5.53% , 4)20ms~50ms: 40.14% , 5)<20ms: 54.33% 
Left Users: 25, Max Delay(ms): 70.0, Avg Delay(ms): 11.154000000000002, Avg Profit(USD): 12.656477892225434
Delay distribution: 1) >1000ms:0.0% , 2)200ms~1000ms:0.0% , 3)50ms~200ms: 0.06% , 4)20ms~50ms: 9.5% , 5)<20ms: 90.44% 

Simulator step: 0
Simulator step: 1000
Simulator step: 2000
Simulator step: 3000
Simulator step: 4000
Simulator step: 5000
------------------------
Cycle: 11, start time: 12:55, end time: 13:00
------------------------
Total Users: 50, Max Delay(ms): 4380.0, Avg Delay(ms): 43.94479999999999, Avg Profit(USD): 8.460376885614185
Delay distribution: 1) >1000ms:0.57% , 2)200ms~1000ms:3.16% , 3)50ms~200ms: 9.65% , 4)20ms~50ms: 22.62% , 5)<20ms: 64.0% 
Worst 10% Users: 5, Max Delay(ms): 4380.0, Avg Delay(ms): 273.61366666666663, Avg Profit(USD): 0.7180614004534658
Delay distribution: 1) >1000ms:5.74% , 2)200ms~1000ms:28.9% , 3)50ms~200ms: 41.53% , 4)20ms~50ms: 17.04% , 5)<20ms: 6.79% 
Worst 25% Users: 7, Max Delay(ms): 520.0, Avg Delay(ms): 43.3754761904762, Avg Profit(USD): 3.1256791048119212
Delay distribution: 1) >1000ms:0.0% , 2)200ms~1000ms:1.9% , 3)50ms~200ms: 28.62% , 4)20ms~50ms: 41.17% , 5)<20ms: 28.32% 
Worst 50% Users: 13, Max Delay(ms): 100.0, Avg Delay(ms): 18.95871794871795, Avg Profit(USD): 6.227477601737888
Delay distribution: 1) >1000ms:0.0% , 2)200ms~1000ms:0.0% , 3)50ms~200ms: 5.58% , 4)20ms~50ms: 40.12% , 5)<20ms: 54.3% 
Left Users: 25, Max Delay(ms): 70.0, Avg Delay(ms): 11.1632, Avg Profit(USD): 12.663662988886632
Delay distribution: 1) >1000ms:0.0% , 2)200ms~1000ms:0.0% , 3)50ms~200ms: 0.08% , 4)20ms~50ms: 9.44% , 5)<20ms: 90.48% 

Simulator step: 0
Simulator step: 1000
Simulator step: 2000
Simulator step: 3000
Simulator step: 4000
Simulator step: 5000
------------------------
Cycle: 12, start time: 13:00, end time: 13:05
------------------------
Total Users: 50, Max Delay(ms): 3160.0, Avg Delay(ms): 39.33136666666668, Avg Profit(USD): 8.464064015788958
Delay distribution: 1) >1000ms:0.35% , 2)200ms~1000ms:3.33% , 3)50ms~200ms: 9.74% , 4)20ms~50ms: 22.58% , 5)<20ms: 64.0% 
Worst 10% Users: 5, Max Delay(ms): 3160.0, Avg Delay(ms): 226.14533333333333, Avg Profit(USD): 0.720961571653404
Delay distribution: 1) >1000ms:3.53% , 2)200ms~1000ms:30.21% , 3)50ms~200ms: 42.43% , 4)20ms~50ms: 17.02% , 5)<20ms: 6.81% 
Worst 25% Users: 7, Max Delay(ms): 520.0, Avg Delay(ms): 44.35095238095238, Avg Profit(USD): 3.1202375088796876
Delay distribution: 1) >1000ms:0.0% , 2)200ms~1000ms:2.18% , 3)50ms~200ms: 28.72% , 4)20ms~50ms: 40.86% , 5)<20ms: 28.24% 
Worst 50% Users: 13, Max Delay(ms): 100.0, Avg Delay(ms): 18.93371794871795, Avg Profit(USD): 6.2231740168265866
Delay distribution: 1) >1000ms:0.0% , 2)200ms~1000ms:0.0% , 3)50ms~200ms: 5.51% , 4)20ms~50ms: 40.23% , 5)<20ms: 54.26% 
Left Users: 25, Max Delay(ms): 80.0, Avg Delay(ms): 11.169866666666666, Avg Profit(USD): 12.6742187260111
Delay distribution: 1) >1000ms:0.0% , 2)200ms~1000ms:0.0% , 3)50ms~200ms: 0.09% , 4)20ms~50ms: 9.39% , 5)<20ms: 90.52% 

Simulator step: 0
Simulator step: 1000
Simulator step: 2000
Simulator step: 3000
Simulator step: 4000
Simulator step: 5000
------------------------
Cycle: 13, start time: 13:05, end time: 13:10
------------------------
Total Users: 50, Max Delay(ms): 2190.0, Avg Delay(ms): 38.980400000000024, Avg Profit(USD): 8.462510728208125
Delay distribution: 1) >1000ms:0.35% , 2)200ms~1000ms:3.2% , 3)50ms~200ms: 9.74% , 4)20ms~50ms: 22.7% , 5)<20ms: 64.0% 
Worst 10% Users: 5, Max Delay(ms): 2190.0, Avg Delay(ms): 223.4446666666667, Avg Profit(USD): 0.7285717838799769
Delay distribution: 1) >1000ms:3.54% , 2)200ms~1000ms:29.23% , 3)50ms~200ms: 43.06% , 4)20ms~50ms: 17.3% , 5)<20ms: 6.87% 
Worst 25% Users: 7, Max Delay(ms): 690.0, Avg Delay(ms): 43.88261904761905, Avg Profit(USD): 3.114355064601569
Delay distribution: 1) >1000ms:0.0% , 2)200ms~1000ms:2.0% , 3)50ms~200ms: 28.47% , 4)20ms~50ms: 41.32% , 5)<20ms: 28.2% 
Worst 50% Users: 13, Max Delay(ms): 100.0, Avg Delay(ms): 18.87858974358974, Avg Profit(USD): 6.240675594588507
Delay distribution: 1) >1000ms:0.0% , 2)200ms~1000ms:0.0% , 3)50ms~200ms: 5.41% , 4)20ms~50ms: 40.21% , 5)<20ms: 54.38% 
Left Users: 25, Max Delay(ms): 80.0, Avg Delay(ms): 11.167866666666669, Avg Profit(USD): 12.662136372365794
Delay distribution: 1) >1000ms:0.0% , 2)200ms~1000ms:0.0% , 3)50ms~200ms: 0.08% , 4)20ms~50ms: 9.47% , 5)<20ms: 90.45% 

Simulator step: 0
Simulator step: 1000
Simulator step: 2000
Simulator step: 3000
Simulator step: 4000
Simulator step: 5000
------------------------
Cycle: 14, start time: 13:10, end time: 13:15
------------------------
Total Users: 50, Max Delay(ms): 2600.0, Avg Delay(ms): 41.15906666666666, Avg Profit(USD): 8.460459804733727
Delay distribution: 1) >1000ms:0.48% , 2)200ms~1000ms:3.32% , 3)50ms~200ms: 9.66% , 4)20ms~50ms: 22.55% , 5)<20ms: 64.0% 
Worst 10% Users: 5, Max Delay(ms): 2600.0, Avg Delay(ms): 244.724, Avg Profit(USD): 0.7125890721771329
Delay distribution: 1) >1000ms:4.77% , 2)200ms~1000ms:30.17% , 3)50ms~200ms: 41.64% , 4)20ms~50ms: 16.7% , 5)<20ms: 6.72% 
Worst 25% Users: 7, Max Delay(ms): 610.0, Avg Delay(ms): 44.18261904761905, Avg Profit(USD): 3.124805457115896
Delay distribution: 1) >1000ms:0.0% , 2)200ms~1000ms:2.16% , 3)50ms~200ms: 28.75% , 4)20ms~50ms: 40.78% , 5)<20ms: 28.31% 
Worst 50% Users: 13, Max Delay(ms): 100.0, Avg Delay(ms): 18.941794871794876, Avg Profit(USD): 6.233285813814561
Delay distribution: 1) >1000ms:0.0% , 2)200ms~1000ms:0.0% , 3)50ms~200ms: 5.53% , 4)20ms~50ms: 40.13% , 5)<20ms: 54.34% 
Left Users: 25, Max Delay(ms): 80.0, Avg Delay(ms): 11.152466666666667, Avg Profit(USD): 12.662147643856004
Delay distribution: 1) >1000ms:0.0% , 2)200ms~1000ms:0.0% , 3)50ms~200ms: 0.06% , 4)20ms~50ms: 9.47% , 5)<20ms: 90.47% 

Simulator step: 0
Simulator step: 1000
Simulator step: 2000
Simulator step: 3000
Simulator step: 4000
Simulator step: 5000
------------------------
Cycle: 15, start time: 13:15, end time: 13:20
------------------------
Total Users: 50, Max Delay(ms): 2340.0, Avg Delay(ms): 38.95433333333334, Avg Profit(USD): 8.459481839821258
Delay distribution: 1) >1000ms:0.31% , 2)200ms~1000ms:3.41% , 3)50ms~200ms: 9.8% , 4)20ms~50ms: 22.48% , 5)<20ms: 64.0% 
Worst 10% Users: 5, Max Delay(ms): 2340.0, Avg Delay(ms): 221.5333333333333, Avg Profit(USD): 0.718939254593905
Delay distribution: 1) >1000ms:3.11% , 2)200ms~1000ms:30.66% , 3)50ms~200ms: 42.67% , 4)20ms~50ms: 16.78% , 5)<20ms: 6.77% 
Worst 25% Users: 7, Max Delay(ms): 500.0, Avg Delay(ms): 44.87857142857143, Avg Profit(USD): 3.118914162569178
Delay distribution: 1) >1000ms:0.0% , 2)200ms~1000ms:2.45% , 3)50ms~200ms: 28.78% , 4)20ms~50ms: 40.52% , 5)<20ms: 28.24% 
Worst 50% Users: 13, Max Delay(ms): 100.0, Avg Delay(ms): 18.995, Avg Profit(USD): 6.229805513196308
Delay distribution: 1) >1000ms:0.0% , 2)200ms~1000ms:0.0% , 3)50ms~200ms: 5.62% , 4)20ms~50ms: 40.06% , 5)<20ms: 54.32% 
Left Users: 25, Max Delay(ms): 80.0, Avg Delay(ms): 11.1586, Avg Profit(USD): 12.662380996342286
Delay distribution: 1) >1000ms:0.0% , 2)200ms~1000ms:0.0% , 3)50ms~200ms: 0.08% , 4)20ms~50ms: 9.43% , 5)<20ms: 90.49% 

Simulator step: 0
Simulator step: 1000
Simulator step: 2000
Simulator step: 3000
Simulator step: 4000
Simulator step: 5000
------------------------
Cycle: 16, start time: 13:20, end time: 13:25
------------------------
Total Users: 50, Max Delay(ms): 2620.0, Avg Delay(ms): 40.13173333333333, Avg Profit(USD): 8.459893340030339
Delay distribution: 1) >1000ms:0.36% , 2)200ms~1000ms:3.42% , 3)50ms~200ms: 9.68% , 4)20ms~50ms: 22.54% , 5)<20ms: 64.0% 
Worst 10% Users: 5, Max Delay(ms): 2620.0, Avg Delay(ms): 234.4086666666667, Avg Profit(USD): 0.7033529372604153
Delay distribution: 1) >1000ms:3.6% , 2)200ms~1000ms:31.05% , 3)50ms~200ms: 42.05% , 4)20ms~50ms: 16.67% , 5)<20ms: 6.63% 
Worst 25% Users: 7, Max Delay(ms): 540.0, Avg Delay(ms): 44.19119047619048, Avg Profit(USD): 3.1454328214712715
Delay distribution: 1) >1000ms:0.0% , 2)200ms~1000ms:2.28% , 3)50ms~200ms: 28.62% , 4)20ms~50ms: 40.63% , 5)<20ms: 28.47% 
Worst 50% Users: 13, Max Delay(ms): 100.0, Avg Delay(ms): 18.88730769230769, Avg Profit(USD): 6.249277732184783
Delay distribution: 1) >1000ms:0.0% , 2)200ms~1000ms:0.0% , 3)50ms~200ms: 5.46% , 4)20ms~50ms: 40.07% , 5)<20ms: 54.47% 
Left Users: 25, Max Delay(ms): 110.0, Avg Delay(ms): 11.186799999999998, Avg Profit(USD): 12.648770481860549
Delay distribution: 1) >1000ms:0.0% , 2)200ms~1000ms:0.0% , 3)50ms~200ms: 0.1% , 4)20ms~50ms: 9.52% , 5)<20ms: 90.37% 

Simulator step: 0
Simulator step: 1000
Simulator step: 2000
Simulator step: 3000
Simulator step: 4000
Simulator step: 5000
------------------------
Cycle: 17, start time: 13:25, end time: 13:30
------------------------
Total Users: 50, Max Delay(ms): 2480.0, Avg Delay(ms): 40.13680000000001, Avg Profit(USD): 8.4583598946948
Delay distribution: 1) >1000ms:0.44% , 2)200ms~1000ms:3.26% , 3)50ms~200ms: 9.59% , 4)20ms~50ms: 22.71% , 5)<20ms: 64.0% 
Worst 10% Users: 5, Max Delay(ms): 2480.0, Avg Delay(ms): 235.58666666666667, Avg Profit(USD): 0.7216604187470188
Delay distribution: 1) >1000ms:4.37% , 2)200ms~1000ms:29.76% , 3)50ms~200ms: 42.06% , 4)20ms~50ms: 17.0% , 5)<20ms: 6.81% 
Worst 25% Users: 7, Max Delay(ms): 540.0, Avg Delay(ms): 43.51547619047619, Avg Profit(USD): 3.1516747395991516
Delay distribution: 1) >1000ms:0.0% , 2)200ms~1000ms:2.06% , 3)50ms~200ms: 28.27% , 4)20ms~50ms: 41.13% , 5)<20ms: 28.55% 
Worst 50% Users: 13, Max Delay(ms): 100.0, Avg Delay(ms): 18.834615384615386, Avg Profit(USD): 6.224835790908707
Delay distribution: 1) >1000ms:0.0% , 2)200ms~1000ms:0.0% , 3)50ms~200ms: 5.33% , 4)20ms~50ms: 40.34% , 5)<20ms: 54.33% 
Left Users: 25, Max Delay(ms): 100.0, Avg Delay(ms): 11.177933333333334, Avg Profit(USD): 12.653004167279907
Delay distribution: 1) >1000ms:0.0% , 2)200ms~1000ms:0.0% , 3)50ms~200ms: 0.08% , 4)20ms~50ms: 9.52% , 5)<20ms: 90.39% 

Simulator step: 0
Simulator step: 1000
Simulator step: 2000
Simulator step: 3000
Simulator step: 4000
Simulator step: 5000
------------------------
Cycle: 18, start time: 13:30, end time: 13:35
------------------------
Total Users: 50, Max Delay(ms): 2010.0, Avg Delay(ms): 38.683766666666685, Avg Profit(USD): 8.46068098061966
Delay distribution: 1) >1000ms:0.31% , 2)200ms~1000ms:3.37% , 3)50ms~200ms: 9.88% , 4)20ms~50ms: 22.44% , 5)<20ms: 64.0% 
Worst 10% Users: 5, Max Delay(ms): 2010.0, Avg Delay(ms): 221.10333333333335, Avg Profit(USD): 0.7008188619874083
Delay distribution: 1) >1000ms:3.12% , 2)200ms~1000ms:31.14% , 3)50ms~200ms: 42.67% , 4)20ms~50ms: 16.47% , 5)<20ms: 6.6% 
Worst 25% Users: 7, Max Delay(ms): 480.0, Avg Delay(ms): 43.24666666666666, Avg Profit(USD): 3.108969488149234
Delay distribution: 1) >1000ms:0.0% , 2)200ms~1000ms:1.8% , 3)50ms~200ms: 29.17% , 4)20ms~50ms: 40.86% , 5)<20ms: 28.18% 
Worst 50% Users: 13, Max Delay(ms): 100.0, Avg Delay(ms): 19.05679487179487, Avg Profit(USD): 6.2138516770268275
Delay distribution: 1) >1000ms:0.0% , 2)200ms~1000ms:0.0% , 3)50ms~200ms: 5.79% , 4)20ms~50ms: 40.03% , 5)<20ms: 54.17% 
Left Users: 25, Max Delay(ms): 80.0, Avg Delay(ms): 11.128266666666667, Avg Profit(USD): 12.679483860106103
Delay distribution: 1) >1000ms:0.0% , 2)200ms~1000ms:0.0% , 3)50ms~200ms: 0.05% , 4)20ms~50ms: 9.33% , 5)<20ms: 90.62% 

Simulator step: 0
Simulator step: 1000
Simulator step: 2000
Simulator step: 3000
Simulator step: 4000
Simulator step: 5000
------------------------
Cycle: 19, start time: 13:35, end time: 13:40
------------------------
Total Users: 50, Max Delay(ms): 2540.0, Avg Delay(ms): 40.493466666666684, Avg Profit(USD): 8.459845997968241
Delay distribution: 1) >1000ms:0.47% , 2)200ms~1000ms:3.22% , 3)50ms~200ms: 9.67% , 4)20ms~50ms: 22.63% , 5)<20ms: 64.0% 
Worst 10% Users: 5, Max Delay(ms): 2540.0, Avg Delay(ms): 239.22333333333336, Avg Profit(USD): 0.7072005992902893
Delay distribution: 1) >1000ms:4.74% , 2)200ms~1000ms:29.49% , 3)50ms~200ms: 42.31% , 4)20ms~50ms: 16.77% , 5)<20ms: 6.69% 
Worst 25% Users: 7, Max Delay(ms): 560.0, Avg Delay(ms): 43.20857142857143, Avg Profit(USD): 3.1687703275044994
Delay distribution: 1) >1000ms:0.0% , 2)200ms~1000ms:1.97% , 3)50ms~200ms: 28.13% , 4)20ms~50ms: 41.17% , 5)<20ms: 28.73% 
Worst 50% Users: 13, Max Delay(ms): 100.0, Avg Delay(ms): 18.963461538461534, Avg Profit(USD): 6.231042256418984
Delay distribution: 1) >1000ms:0.0% , 2)200ms~1000ms:0.0% , 3)50ms~200ms: 5.6% , 4)20ms~50ms: 40.08% , 5)<20ms: 54.33% 
Left Users: 25, Max Delay(ms): 80.0, Avg Delay(ms): 11.18286666666667, Avg Profit(USD): 12.650854211039293
Delay distribution: 1) >1000ms:0.0% , 2)200ms~1000ms:0.0% , 3)50ms~200ms: 0.09% , 4)20ms~50ms: 9.55% , 5)<20ms: 90.37% 

Simulator step: 0
Simulator step: 1000
Simulator step: 2000
Simulator step: 3000
Simulator step: 4000
Simulator step: 5000
------------------------
Cycle: 20, start time: 13:40, end time: 13:45
------------------------
Total Users: 50, Max Delay(ms): 2120.0, Avg Delay(ms): 40.8636, Avg Profit(USD): 8.456906068060128
Delay distribution: 1) >1000ms:0.41% , 2)200ms~1000ms:3.52% , 3)50ms~200ms: 9.48% , 4)20ms~50ms: 22.59% , 5)<20ms: 64.0% 
Worst 10% Users: 5, Max Delay(ms): 2120.0, Avg Delay(ms): 241.4436666666667, Avg Profit(USD): 0.7042652140489547
Delay distribution: 1) >1000ms:4.11% , 2)200ms~1000ms:31.84% , 3)50ms~200ms: 40.64% , 4)20ms~50ms: 16.76% , 5)<20ms: 6.64% 
Worst 25% Users: 7, Max Delay(ms): 640.0, Avg Delay(ms): 44.34238095238095, Avg Profit(USD): 3.1466775558124467
Delay distribution: 1) >1000ms:0.0% , 2)200ms~1000ms:2.39% , 3)50ms~200ms: 28.07% , 4)20ms~50ms: 41.02% , 5)<20ms: 28.52% 
Worst 50% Users: 13, Max Delay(ms): 100.0, Avg Delay(ms): 18.97141025641026, Avg Profit(USD): 6.224662131791283
Delay distribution: 1) >1000ms:0.0% , 2)200ms~1000ms:0.0% , 3)50ms~200ms: 5.57% , 4)20ms~50ms: 40.18% , 5)<20ms: 54.25% 
Left Users: 25, Max Delay(ms): 90.0, Avg Delay(ms): 11.157466666666666, Avg Profit(USD): 12.655065069151508
Delay distribution: 1) >1000ms:0.0% , 2)200ms~1000ms:0.0% , 3)50ms~200ms: 0.07% , 4)20ms~50ms: 9.46% , 5)<20ms: 90.48% 

Simulator step: 0
Simulator step: 1000
Simulator step: 2000
Simulator step: 3000
Simulator step: 4000
Simulator step: 5000
------------------------
Cycle: 21, start time: 13:45, end time: 13:50
------------------------
Total Users: 50, Max Delay(ms): 3610.0, Avg Delay(ms): 41.2558, Avg Profit(USD): 8.460687261978983
Delay distribution: 1) >1000ms:0.47% , 2)200ms~1000ms:3.16% , 3)50ms~200ms: 9.8% , 4)20ms~50ms: 22.57% , 5)<20ms: 64.0% 
Worst 10% Users: 5, Max Delay(ms): 3610.0, Avg Delay(ms): 246.15066666666667, Avg Profit(USD): 0.7188673988766962
Delay distribution: 1) >1000ms:4.67% , 2)200ms~1000ms:29.0% , 3)50ms~200ms: 42.39% , 4)20ms~50ms: 17.16% , 5)<20ms: 6.79% 
Worst 25% Users: 7, Max Delay(ms): 560.0, Avg Delay(ms): 44.00214285714286, Avg Profit(USD): 3.0836259819865837
Delay distribution: 1) >1000ms:0.0% , 2)200ms~1000ms:1.87% , 3)50ms~200ms: 29.48% , 4)20ms~50ms: 40.7% , 5)<20ms: 27.95% 
Worst 50% Users: 13, Max Delay(ms): 100.0, Avg Delay(ms): 18.86615384615385, Avg Profit(USD): 6.244348620040255
Delay distribution: 1) >1000ms:0.0% , 2)200ms~1000ms:0.0% , 3)50ms~200ms: 5.38% , 4)20ms~50ms: 40.14% , 5)<20ms: 54.49% 
Left Users: 25, Max Delay(ms): 80.0, Avg Delay(ms): 11.150466666666667, Avg Profit(USD): 12.66712448680545
Delay distribution: 1) >1000ms:0.0% , 2)200ms~1000ms:0.0% , 3)50ms~200ms: 0.07% , 4)20ms~50ms: 9.45% , 5)<20ms: 90.48% 

Simulator step: 0
Simulator step: 1000
Simulator step: 2000
Simulator step: 3000
Simulator step: 4000
Simulator step: 5000
------------------------
Cycle: 22, start time: 13:50, end time: 13:55
------------------------
Total Users: 50, Max Delay(ms): 3700.0, Avg Delay(ms): 43.2207, Avg Profit(USD): 8.459383567412628
Delay distribution: 1) >1000ms:0.59% , 2)200ms~1000ms:3.25% , 3)50ms~200ms: 9.63% , 4)20ms~50ms: 22.53% , 5)<20ms: 64.0% 
Worst 10% Users: 5, Max Delay(ms): 3700.0, Avg Delay(ms): 266.619, Avg Profit(USD): 0.6771906543371274
Delay distribution: 1) >1000ms:5.87% , 2)200ms~1000ms:29.7% , 3)50ms~200ms: 41.82% , 4)20ms~50ms: 16.23% , 5)<20ms: 6.38% 
Worst 25% Users: 7, Max Delay(ms): 490.0, Avg Delay(ms): 43.205, Avg Profit(USD): 3.1464931559738023
Delay distribution: 1) >1000ms:0.0% , 2)200ms~1000ms:2.03% , 3)50ms~200ms: 28.24% , 4)20ms~50ms: 41.25% , 5)<20ms: 28.49% 
Worst 50% Users: 13, Max Delay(ms): 100.0, Avg Delay(ms): 18.912179487179486, Avg Profit(USD): 6.2765800164986985
Delay distribution: 1) >1000ms:0.0% , 2)200ms~1000ms:0.0% , 3)50ms~200ms: 5.62% , 4)20ms~50ms: 39.68% , 5)<20ms: 54.7% 
Left Users: 25, Max Delay(ms): 80.0, Avg Delay(ms): 11.185866666666666, Avg Profit(USD): 12.638489311705841
Delay distribution: 1) >1000ms:0.0% , 2)200ms~1000ms:0.0% , 3)50ms~200ms: 0.07% , 4)20ms~50ms: 9.62% , 5)<20ms: 90.3% 

Simulator step: 0
Simulator step: 1000
Simulator step: 2000
Simulator step: 3000
Simulator step: 4000
Simulator step: 5000
------------------------
Cycle: 23, start time: 13:55, end time: 14:00
------------------------
Total Users: 50, Max Delay(ms): 2070.0, Avg Delay(ms): 38.29206666666667, Avg Profit(USD): 8.461975215567515
Delay distribution: 1) >1000ms:0.32% , 2)200ms~1000ms:3.3% , 3)50ms~200ms: 9.75% , 4)20ms~50ms: 22.63% , 5)<20ms: 64.0% 
Worst 10% Users: 5, Max Delay(ms): 2070.0, Avg Delay(ms): 217.71833333333333, Avg Profit(USD): 0.7052918271789352
Delay distribution: 1) >1000ms:3.16% , 2)200ms~1000ms:30.35% , 3)50ms~200ms: 43.15% , 4)20ms~50ms: 16.69% , 5)<20ms: 6.66% 
Worst 25% Users: 7, Max Delay(ms): 500.0, Avg Delay(ms): 43.05595238095238, Avg Profit(USD): 3.1325027899599807
Delay distribution: 1) >1000ms:0.0% , 2)200ms~1000ms:1.9% , 3)50ms~200ms: 28.46% , 4)20ms~50ms: 41.25% , 5)<20ms: 28.39% 
Worst 50% Users: 13, Max Delay(ms): 100.0, Avg Delay(ms): 18.901666666666667, Avg Profit(USD): 6.231905443261914
Delay distribution: 1) >1000ms:0.0% , 2)200ms~1000ms:0.0% , 3)50ms~200ms: 5.46% , 4)20ms~50ms: 40.21% , 5)<20ms: 54.32% 
Left Users: 25, Max Delay(ms): 80.0, Avg Delay(ms): 11.155933333333332, Avg Profit(USD): 12.665200454014252
Delay distribution: 1) >1000ms:0.0% , 2)200ms~1000ms:0.0% , 3)50ms~200ms: 0.06% , 4)20ms~50ms: 9.47% , 5)<20ms: 90.47% 

Simulator step: 0
Simulator step: 1000
Simulator step: 2000
Simulator step: 3000
Simulator step: 4000
Simulator step: 5000
------------------------
Cycle: 24, start time: 14:00, end time: 14:05
------------------------
Total Users: 50, Max Delay(ms): 3320.0, Avg Delay(ms): 42.789866666666676, Avg Profit(USD): 8.458760788189922
Delay distribution: 1) >1000ms:0.51% , 2)200ms~1000ms:3.43% , 3)50ms~200ms: 9.61% , 4)20ms~50ms: 22.44% , 5)<20ms: 64.0% 
Worst 10% Users: 5, Max Delay(ms): 3320.0, Avg Delay(ms): 259.8273333333333, Avg Profit(USD): 0.6964631949982557
Delay distribution: 1) >1000ms:5.14% , 2)200ms~1000ms:30.91% , 3)50ms~200ms: 41.08% , 4)20ms~50ms: 16.31% , 5)<20ms: 6.57% 
Worst 25% Users: 7, Max Delay(ms): 640.0, Avg Delay(ms): 45.28023809523809, Avg Profit(USD): 3.084292333834909
Delay distribution: 1) >1000ms:0.0% , 2)200ms~1000ms:2.44% , 3)50ms~200ms: 29.11% , 4)20ms~50ms: 40.46% , 5)<20ms: 28.0% 
Worst 50% Users: 13, Max Delay(ms): 100.0, Avg Delay(ms): 18.77948717948718, Avg Profit(USD): 6.266924990264291
Delay distribution: 1) >1000ms:0.0% , 2)200ms~1000ms:0.0% , 3)50ms~200ms: 5.34% , 4)20ms~50ms: 39.98% , 5)<20ms: 54.68% 
Left Users: 25, Max Delay(ms): 80.0, Avg Delay(ms): 11.170466666666668, Avg Profit(USD): 12.65582608896899
Delay distribution: 1) >1000ms:0.0% , 2)200ms~1000ms:0.0% , 3)50ms~200ms: 0.08% , 4)20ms~50ms: 9.51% , 5)<20ms: 90.41% 

Simulator step: 0
Simulator step: 1000
Simulator step: 2000
Simulator step: 3000
Simulator step: 4000
Simulator step: 5000
------------------------
Cycle: 25, start time: 14:05, end time: 14:10
------------------------
Total Users: 50, Max Delay(ms): 3000.0, Avg Delay(ms): 42.30480000000001, Avg Profit(USD): 8.46203244234683
Delay distribution: 1) >1000ms:0.54% , 2)200ms~1000ms:3.38% , 3)50ms~200ms: 9.55% , 4)20ms~50ms: 22.53% , 5)<20ms: 64.0% 
Worst 10% Users: 5, Max Delay(ms): 3000.0, Avg Delay(ms): 255.267, Avg Profit(USD): 0.6906629567609973
Delay distribution: 1) >1000ms:5.36% , 2)200ms~1000ms:30.48% , 3)50ms~200ms: 41.2% , 4)20ms~50ms: 16.44% , 5)<20ms: 6.51% 
Worst 25% Users: 7, Max Delay(ms): 720.0, Avg Delay(ms): 45.098571428571425, Avg Profit(USD): 3.0935285384245153
Delay distribution: 1) >1000ms:0.0% , 2)200ms~1000ms:2.41% , 3)50ms~200ms: 28.62% , 4)20ms~50ms: 40.97% , 5)<20ms: 28.0% 
Worst 50% Users: 13, Max Delay(ms): 100.0, Avg Delay(ms): 18.781538461538464, Avg Profit(USD): 6.2725275175976964
Delay distribution: 1) >1000ms:0.0% , 2)200ms~1000ms:0.0% , 3)50ms~200ms: 5.33% , 4)20ms~50ms: 40.01% , 5)<20ms: 54.66% 
Left Users: 25, Max Delay(ms): 80.0, Avg Delay(ms): 11.1622, Avg Profit(USD): 12.65802999343179
Delay distribution: 1) >1000ms:0.0% , 2)200ms~1000ms:0.0% , 3)50ms~200ms: 0.07% , 4)20ms~50ms: 9.5% , 5)<20ms: 90.44% 

Simulator step: 0
Simulator step: 1000
Simulator step: 2000
Simulator step: 3000
Simulator step: 4000
Simulator step: 5000
------------------------
Cycle: 26, start time: 14:10, end time: 14:15
------------------------
Total Users: 50, Max Delay(ms): 2270.0, Avg Delay(ms): 40.12049999999999, Avg Profit(USD): 8.455915555636967
Delay distribution: 1) >1000ms:0.44% , 2)200ms~1000ms:3.18% , 3)50ms~200ms: 9.7% , 4)20ms~50ms: 22.69% , 5)<20ms: 64.0% 
Worst 10% Users: 5, Max Delay(ms): 2270.0, Avg Delay(ms): 235.401, Avg Profit(USD): 0.7245398928077339
Delay distribution: 1) >1000ms:4.38% , 2)200ms~1000ms:29.05% , 3)50ms~200ms: 42.53% , 4)20ms~50ms: 17.21% , 5)<20ms: 6.83% 
Worst 25% Users: 7, Max Delay(ms): 610.0, Avg Delay(ms): 43.2747619047619, Avg Profit(USD): 3.1650324300452435
Delay distribution: 1) >1000ms:0.0% , 2)200ms~1000ms:1.96% , 3)50ms~200ms: 28.27% , 4)20ms~50ms: 41.07% , 5)<20ms: 28.7% 
Worst 50% Users: 13, Max Delay(ms): 100.0, Avg Delay(ms): 18.9725641025641, Avg Profit(USD): 6.228543793885076
Delay distribution: 1) >1000ms:0.0% , 2)200ms~1000ms:0.0% , 3)50ms~200ms: 5.57% , 4)20ms~50ms: 40.08% , 5)<20ms: 54.34% 
Left Users: 25, Max Delay(ms): 90.0, Avg Delay(ms): 11.178133333333333, Avg Profit(USD): 12.64187127947948
Delay distribution: 1) >1000ms:0.0% , 2)200ms~1000ms:0.0% , 3)50ms~200ms: 0.07% , 4)20ms~50ms: 9.59% , 5)<20ms: 90.34% 

Simulator step: 0
Simulator step: 1000
Simulator step: 2000
Simulator step: 3000
Simulator step: 4000
Simulator step: 5000
------------------------
Cycle: 27, start time: 14:15, end time: 14:20
------------------------
Total Users: 50, Max Delay(ms): 2850.0, Avg Delay(ms): 41.676866666666655, Avg Profit(USD): 8.46141219437807
Delay distribution: 1) >1000ms:0.47% , 2)200ms~1000ms:3.46% , 3)50ms~200ms: 9.51% , 4)20ms~50ms: 22.57% , 5)<20ms: 64.0% 
Worst 10% Users: 5, Max Delay(ms): 2850.0, Avg Delay(ms): 249.5693333333333, Avg Profit(USD): 0.7040672165209907
Delay distribution: 1) >1000ms:4.65% , 2)200ms~1000ms:31.26% , 3)50ms~200ms: 40.92% , 4)20ms~50ms: 16.53% , 5)<20ms: 6.63% 
Worst 25% Users: 7, Max Delay(ms): 700.0, Avg Delay(ms): 44.379285714285714, Avg Profit(USD): 3.122917250777936
Delay distribution: 1) >1000ms:0.0% , 2)200ms~1000ms:2.35% , 3)50ms~200ms: 28.12% , 4)20ms~50ms: 41.23% , 5)<20ms: 28.31% 
Worst 50% Users: 13, Max Delay(ms): 100.0, Avg Delay(ms): 18.968846153846155, Avg Profit(USD): 6.223757296979342
Delay distribution: 1) >1000ms:0.0% , 2)200ms~1000ms:0.0% , 3)50ms~200ms: 5.56% , 4)20ms~50ms: 40.16% , 5)<20ms: 54.28% 
Left Users: 25, Max Delay(ms): 80.0, Avg Delay(ms): 11.149866666666666, Avg Profit(USD): 12.671240320804863
Delay distribution: 1) >1000ms:0.0% , 2)200ms~1000ms:0.0% , 3)50ms~200ms: 0.07% , 4)20ms~50ms: 9.41% , 5)<20ms: 90.52% 

Simulator step: 0
Simulator step: 1000
Simulator step: 2000
Simulator step: 3000
Simulator step: 4000
Simulator step: 5000
------------------------
Cycle: 28, start time: 14:20, end time: 14:25
------------------------
Total Users: 50, Max Delay(ms): 2450.0, Avg Delay(ms): 39.668399999999984, Avg Profit(USD): 8.460593684799532
Delay distribution: 1) >1000ms:0.41% , 2)200ms~1000ms:3.24% , 3)50ms~200ms: 9.69% , 4)20ms~50ms: 22.66% , 5)<20ms: 64.0% 
Worst 10% Users: 5, Max Delay(ms): 2450.0, Avg Delay(ms): 230.5773333333333, Avg Profit(USD): 0.7092707812839686
Delay distribution: 1) >1000ms:4.11% , 2)200ms~1000ms:29.41% , 3)50ms~200ms: 42.81% , 4)20ms~50ms: 16.97% , 5)<20ms: 6.69% 
Worst 25% Users: 7, Max Delay(ms): 550.0, Avg Delay(ms): 43.62023809523809, Avg Profit(USD): 3.1336509776757424
Delay distribution: 1) >1000ms:0.0% , 2)200ms~1000ms:2.1% , 3)50ms~200ms: 28.07% , 4)20ms~50ms: 41.45% , 5)<20ms: 28.38% 
Worst 50% Users: 13, Max Delay(ms): 100.0, Avg Delay(ms): 18.914358974358976, Avg Profit(USD): 6.243516071687233
Delay distribution: 1) >1000ms:0.0% , 2)200ms~1000ms:0.0% , 3)50ms~200ms: 5.53% , 4)20ms~50ms: 40.08% , 5)<20ms: 54.39% 
Left Users: 25, Max Delay(ms): 90.0, Avg Delay(ms): 11.172199999999998, Avg Profit(USD): 12.6552825823157
Delay distribution: 1) >1000ms:0.0% , 2)200ms~1000ms:0.0% , 3)50ms~200ms: 0.08% , 4)20ms~50ms: 9.49% , 5)<20ms: 90.43% 

Simulator step: 0
Simulator step: 1000
Simulator step: 2000
Simulator step: 3000
Simulator step: 4000
Simulator step: 5000
------------------------
Cycle: 29, start time: 14:25, end time: 14:30
------------------------
Total Users: 50, Max Delay(ms): 2650.0, Avg Delay(ms): 41.49386666666666, Avg Profit(USD): 8.46172801428124
Delay distribution: 1) >1000ms:0.5% , 2)200ms~1000ms:3.32% , 3)50ms~200ms: 9.62% , 4)20ms~50ms: 22.56% , 5)<20ms: 64.0% 
Worst 10% Users: 5, Max Delay(ms): 2650.0, Avg Delay(ms): 248.87900000000002, Avg Profit(USD): 0.6968982048403372
Delay distribution: 1) >1000ms:5.01% , 2)200ms~1000ms:30.31% , 3)50ms~200ms: 41.36% , 4)20ms~50ms: 16.74% , 5)<20ms: 6.58% 
Worst 25% Users: 7, Max Delay(ms): 470.0, Avg Delay(ms): 43.544761904761906, Avg Profit(USD): 3.1152567620594014
Delay distribution: 1) >1000ms:0.0% , 2)200ms~1000ms:2.08% , 3)50ms~200ms: 28.45% , 4)20ms~50ms: 41.24% , 5)<20ms: 28.23% 
Worst 50% Users: 13, Max Delay(ms): 100.0, Avg Delay(ms): 18.963205128205125, Avg Profit(USD): 6.237574491457969
Delay distribution: 1) >1000ms:0.0% , 2)200ms~1000ms:0.0% , 3)50ms~200ms: 5.63% , 4)20ms~50ms: 39.97% , 5)<20ms: 54.39% 
Left Users: 25, Max Delay(ms): 80.0, Avg Delay(ms): 11.158533333333335, Avg Profit(USD): 12.668265758659638
Delay distribution: 1) >1000ms:0.0% , 2)200ms~1000ms:0.0% , 3)50ms~200ms: 0.06% , 4)20ms~50ms: 9.44% , 5)<20ms: 90.5% 

Simulator step: 0
Simulator step: 1000
Simulator step: 2000
Simulator step: 3000
Simulator step: 4000
Simulator step: 5000
------------------------
Cycle: 30, start time: 14:30, end time: 14:35
------------------------
Total Users: 50, Max Delay(ms): 2370.0, Avg Delay(ms): 41.65533333333335, Avg Profit(USD): 8.45970972499163
Delay distribution: 1) >1000ms:0.5% , 2)200ms~1000ms:3.37% , 3)50ms~200ms: 9.64% , 4)20ms~50ms: 22.48% , 5)<20ms: 64.0% 
Worst 10% Users: 5, Max Delay(ms): 2370.0, Avg Delay(ms): 250.469, Avg Profit(USD): 0.6794068559519322
Delay distribution: 1) >1000ms:5.04% , 2)200ms~1000ms:30.83% , 3)50ms~200ms: 41.64% , 4)20ms~50ms: 16.1% , 5)<20ms: 6.39% 
Worst 25% Users: 7, Max Delay(ms): 430.0, Avg Delay(ms): 43.53547619047619, Avg Profit(USD): 3.1358800310576402
Delay distribution: 1) >1000ms:0.0% , 2)200ms~1000ms:2.04% , 3)50ms~200ms: 28.48% , 4)20ms~50ms: 41.04% , 5)<20ms: 28.44% 
Worst 50% Users: 13, Max Delay(ms): 100.0, Avg Delay(ms): 18.99371794871795, Avg Profit(USD): 6.228190045232886
Delay distribution: 1) >1000ms:0.0% , 2)200ms~1000ms:0.0% , 3)50ms~200ms: 5.62% , 4)20ms~50ms: 40.07% , 5)<20ms: 54.31% 
Left Users: 25, Max Delay(ms): 80.0, Avg Delay(ms): 11.150199999999998, Avg Profit(USD): 12.66683284657563
Delay distribution: 1) >1000ms:0.0% , 2)200ms~1000ms:0.0% , 3)50ms~200ms: 0.06% , 4)20ms~50ms: 9.42% , 5)<20ms: 90.52% 

Simulator step: 0
Simulator step: 1000
Simulator step: 2000
Simulator step: 3000
Simulator step: 4000
Simulator step: 5000
------------------------
Cycle: 31, start time: 14:35, end time: 14:40
------------------------
Total Users: 50, Max Delay(ms): 2190.0, Avg Delay(ms): 37.980900000000005, Avg Profit(USD): 8.459189631606952
Delay distribution: 1) >1000ms:0.25% , 2)200ms~1000ms:3.44% , 3)50ms~200ms: 9.83% , 4)20ms~50ms: 22.48% , 5)<20ms: 64.0% 
Worst 10% Users: 5, Max Delay(ms): 2190.0, Avg Delay(ms): 211.50633333333332, Avg Profit(USD): 0.7170610899924286
Delay distribution: 1) >1000ms:2.48% , 2)200ms~1000ms:30.99% , 3)50ms~200ms: 42.87% , 4)20ms~50ms: 16.91% , 5)<20ms: 6.76% 
Worst 25% Users: 7, Max Delay(ms): 590.0, Avg Delay(ms): 45.13380952380953, Avg Profit(USD): 3.0851221755570335
Delay distribution: 1) >1000ms:0.0% , 2)200ms~1000ms:2.43% , 3)50ms~200ms: 28.88% , 4)20ms~50ms: 40.71% , 5)<20ms: 27.99% 
Worst 50% Users: 13, Max Delay(ms): 100.0, Avg Delay(ms): 18.975641025641025, Avg Profit(USD): 6.245019814946926
Delay distribution: 1) >1000ms:0.0% , 2)200ms~1000ms:0.0% , 3)50ms~200ms: 5.66% , 4)20ms~50ms: 39.89% , 5)<20ms: 54.45% 
Left Users: 25, Max Delay(ms): 70.0, Avg Delay(ms): 11.155733333333334, Avg Profit(USD): 12.663722532287041
Delay distribution: 1) >1000ms:0.0% , 2)200ms~1000ms:0.0% , 3)50ms~200ms: 0.07% , 4)20ms~50ms: 9.43% , 5)<20ms: 90.5% 

Simulator step: 0
Simulator step: 1000
Simulator step: 2000
Simulator step: 3000
Simulator step: 4000
Simulator step: 5000
------------------------
Cycle: 32, start time: 14:40, end time: 14:45
------------------------
Total Users: 50, Max Delay(ms): 4430.0, Avg Delay(ms): 42.895466666666664, Avg Profit(USD): 8.457626070181398
Delay distribution: 1) >1000ms:0.55% , 2)200ms~1000ms:3.24% , 3)50ms~200ms: 9.58% , 4)20ms~50ms: 22.63% , 5)<20ms: 64.0% 
Worst 10% Users: 5, Max Delay(ms): 4430.0, Avg Delay(ms): 263.066, Avg Profit(USD): 0.7119620666788739
Delay distribution: 1) >1000ms:5.52% , 2)200ms~1000ms:29.5% , 3)50ms~200ms: 41.39% , 4)20ms~50ms: 16.87% , 5)<20ms: 6.71% 
Worst 25% Users: 7, Max Delay(ms): 540.0, Avg Delay(ms): 43.46380952380953, Avg Profit(USD): 3.1560768158323547
Delay distribution: 1) >1000ms:0.0% , 2)200ms~1000ms:2.05% , 3)50ms~200ms: 28.38% , 4)20ms~50ms: 40.97% , 5)<20ms: 28.6% 
Worst 50% Users: 13, Max Delay(ms): 100.0, Avg Delay(ms): 18.900256410256407, Avg Profit(USD): 6.24506189871594
Delay distribution: 1) >1000ms:0.0% , 2)200ms~1000ms:0.0% , 3)50ms~200ms: 5.48% , 4)20ms~50ms: 40.07% , 5)<20ms: 54.44% 
Left Users: 25, Max Delay(ms): 70.0, Avg Delay(ms): 11.179733333333335, Avg Profit(USD): 12.641726031261673
Delay distribution: 1) >1000ms:0.0% , 2)200ms~1000ms:0.0% , 3)50ms~200ms: 0.08% , 4)20ms~50ms: 9.58% , 5)<20ms: 90.34% 

Simulator step: 0
Simulator step: 1000
Simulator step: 2000
Simulator step: 3000
Simulator step: 4000
Simulator step: 5000
------------------------
Cycle: 33, start time: 14:45, end time: 14:50
------------------------
Total Users: 50, Max Delay(ms): 2290.0, Avg Delay(ms): 37.68849999999998, Avg Profit(USD): 8.45775118653549
Delay distribution: 1) >1000ms:0.29% , 2)200ms~1000ms:3.17% , 3)50ms~200ms: 9.9% , 4)20ms~50ms: 22.64% , 5)<20ms: 64.0% 
Worst 10% Users: 5, Max Delay(ms): 2290.0, Avg Delay(ms): 210.62533333333334, Avg Profit(USD): 0.738369345747856
Delay distribution: 1) >1000ms:2.91% , 2)200ms~1000ms:29.0% , 3)50ms~200ms: 43.5% , 4)20ms~50ms: 17.61% , 5)<20ms: 6.98% 
Worst 25% Users: 7, Max Delay(ms): 590.0, Avg Delay(ms): 43.48452380952381, Avg Profit(USD): 3.1284342926443505
Delay distribution: 1) >1000ms:0.0% , 2)200ms~1000ms:1.95% , 3)50ms~200ms: 28.72% , 4)20ms~50ms: 40.95% , 5)<20ms: 28.38% 
Worst 50% Users: 13, Max Delay(ms): 100.0, Avg Delay(ms): 19.062820512820515, Avg Profit(USD): 6.215175017782895
Delay distribution: 1) >1000ms:0.0% , 2)200ms~1000ms:0.0% , 3)50ms~200ms: 5.74% , 4)20ms~50ms: 40.02% , 5)<20ms: 54.24% 
Left Users: 25, Max Delay(ms): 70.0, Avg Delay(ms): 11.1636, Avg Profit(USD): 12.659975892733884
Delay distribution: 1) >1000ms:0.0% , 2)200ms~1000ms:0.0% , 3)50ms~200ms: 0.07% , 4)20ms~50ms: 9.47% , 5)<20ms: 90.45% 

Simulator step: 0
Simulator step: 1000
Simulator step: 2000
Simulator step: 3000
Simulator step: 4000
Simulator step: 5000
------------------------
Cycle: 34, start time: 14:50, end time: 14:55
------------------------
Total Users: 50, Max Delay(ms): 3140.0, Avg Delay(ms): 38.89366666666668, Avg Profit(USD): 8.460185447985669
Delay distribution: 1) >1000ms:0.3% , 2)200ms~1000ms:3.3% , 3)50ms~200ms: 9.8% , 4)20ms~50ms: 22.6% , 5)<20ms: 64.0% 
Worst 10% Users: 5, Max Delay(ms): 3140.0, Avg Delay(ms): 221.89600000000002, Avg Profit(USD): 0.7249663577398919
Delay distribution: 1) >1000ms:3.01% , 2)200ms~1000ms:29.95% , 3)50ms~200ms: 42.79% , 4)20ms~50ms: 17.42% , 5)<20ms: 6.84% 
Worst 25% Users: 7, Max Delay(ms): 480.0, Avg Delay(ms): 44.1295238095238, Avg Profit(USD): 3.1325328078528036
Delay distribution: 1) >1000ms:0.0% , 2)200ms~1000ms:2.14% , 3)50ms~200ms: 28.7% , 4)20ms~50ms: 40.8% , 5)<20ms: 28.36% 
Worst 50% Users: 13, Max Delay(ms): 100.0, Avg Delay(ms): 19.04653846153846, Avg Profit(USD): 6.206718332879739
Delay distribution: 1) >1000ms:0.0% , 2)200ms~1000ms:0.0% , 3)50ms~200ms: 5.67% , 4)20ms~50ms: 40.21% , 5)<20ms: 54.12% 
Left Users: 25, Max Delay(ms): 80.0, Avg Delay(ms): 11.147666666666666, Avg Profit(USD): 12.670774905127109
Delay distribution: 1) >1000ms:0.0% , 2)200ms~1000ms:0.0% , 3)50ms~200ms: 0.07% , 4)20ms~50ms: 9.38% , 5)<20ms: 90.55% 

Simulator step: 0
Simulator step: 1000
Simulator step: 2000
Simulator step: 3000
Simulator step: 4000
Simulator step: 5000
------------------------
Cycle: 35, start time: 14:55, end time: 15:00
------------------------
Total Users: 50, Max Delay(ms): 2600.0, Avg Delay(ms): 40.49683333333331, Avg Profit(USD): 8.46148358507139
Delay distribution: 1) >1000ms:0.4% , 2)200ms~1000ms:3.41% , 3)50ms~200ms: 9.58% , 4)20ms~50ms: 22.61% , 5)<20ms: 64.0% 
Worst 10% Users: 5, Max Delay(ms): 2600.0, Avg Delay(ms): 240.04466666666667, Avg Profit(USD): 0.6924258593665564
Delay distribution: 1) >1000ms:4.02% , 2)200ms~1000ms:31.52% , 3)50ms~200ms: 41.31% , 4)20ms~50ms: 16.61% , 5)<20ms: 6.54% 
Worst 25% Users: 7, Max Delay(ms): 440.0, Avg Delay(ms): 43.00595238095238, Avg Profit(USD): 3.1137029447324176
Delay distribution: 1) >1000ms:0.0% , 2)200ms~1000ms:1.81% , 3)50ms~200ms: 28.76% , 4)20ms~50ms: 41.25% , 5)<20ms: 28.18% 
Worst 50% Users: 13, Max Delay(ms): 100.0, Avg Delay(ms): 18.807307692307692, Avg Profit(USD): 6.253883356108353
Delay distribution: 1) >1000ms:0.0% , 2)200ms~1000ms:0.0% , 3)50ms~200ms: 5.34% , 4)20ms~50ms: 40.18% , 5)<20ms: 54.48% 
Left Users: 25, Max Delay(ms): 80.0, Avg Delay(ms): 11.163266666666665, Avg Profit(USD): 12.66062582856805
Delay distribution: 1) >1000ms:0.0% , 2)200ms~1000ms:0.0% , 3)50ms~200ms: 0.08% , 4)20ms~50ms: 9.45% , 5)<20ms: 90.47% 

Simulator step: 0
Simulator step: 1000
Simulator step: 2000
Simulator step: 3000
Simulator step: 4000
Simulator step: 5000
------------------------
Cycle: 36, start time: 15:00, end time: 15:05
------------------------
Total Users: 50, Max Delay(ms): 2780.0, Avg Delay(ms): 39.18913333333334, Avg Profit(USD): 8.457328591300433
Delay distribution: 1) >1000ms:0.35% , 2)200ms~1000ms:3.35% , 3)50ms~200ms: 9.57% , 4)20ms~50ms: 22.73% , 5)<20ms: 64.0% 
Worst 10% Users: 5, Max Delay(ms): 2780.0, Avg Delay(ms): 226.7883333333333, Avg Profit(USD): 0.706682335750552
Delay distribution: 1) >1000ms:3.46% , 2)200ms~1000ms:30.91% , 3)50ms~200ms: 42.07% , 4)20ms~50ms: 16.9% , 5)<20ms: 6.66% 
Worst 25% Users: 7, Max Delay(ms): 650.0, Avg Delay(ms): 43.10428571428571, Avg Profit(USD): 3.1438262316750736
Delay distribution: 1) >1000ms:0.0% , 2)200ms~1000ms:1.86% , 3)50ms~200ms: 28.3% , 4)20ms~50ms: 41.33% , 5)<20ms: 28.51% 
Worst 50% Users: 13, Max Delay(ms): 100.0, Avg Delay(ms): 18.794230769230772, Avg Profit(USD): 6.246494500596504
Delay distribution: 1) >1000ms:0.0% , 2)200ms~1000ms:0.0% , 3)50ms~200ms: 5.24% , 4)20ms~50ms: 40.27% , 5)<20ms: 54.49% 
Left Users: 25, Max Delay(ms): 100.0, Avg Delay(ms): 11.178400000000002, Avg Profit(USD): 12.644872230271549
Delay distribution: 1) >1000ms:0.0% , 2)200ms~1000ms:0.0% , 3)50ms~200ms: 0.08% , 4)20ms~50ms: 9.57% , 5)<20ms: 90.35% 

Simulator step: 0
Simulator step: 1000
Simulator step: 2000
Simulator step: 3000
Simulator step: 4000
Simulator step: 5000
------------------------
Cycle: 37, start time: 15:05, end time: 15:10
------------------------
Total Users: 50, Max Delay(ms): 2490.0, Avg Delay(ms): 38.59373333333333, Avg Profit(USD): 8.458110242060766
Delay distribution: 1) >1000ms:0.33% , 2)200ms~1000ms:3.26% , 3)50ms~200ms: 9.73% , 4)20ms~50ms: 22.68% , 5)<20ms: 64.0% 
Worst 10% Users: 5, Max Delay(ms): 2490.0, Avg Delay(ms): 220.26833333333332, Avg Profit(USD): 0.7255763858444467
Delay distribution: 1) >1000ms:3.27% , 2)200ms~1000ms:29.95% , 3)50ms~200ms: 42.67% , 4)20ms~50ms: 17.27% , 5)<20ms: 6.85% 
Worst 25% Users: 7, Max Delay(ms): 660.0, Avg Delay(ms): 43.248333333333335, Avg Profit(USD): 3.158483798673807
Delay distribution: 1) >1000ms:0.0% , 2)200ms~1000ms:1.91% , 3)50ms~200ms: 28.47% , 4)20ms~50ms: 41.01% , 5)<20ms: 28.6% 
Worst 50% Users: 13, Max Delay(ms): 100.0, Avg Delay(ms): 18.950897435897435, Avg Profit(USD): 6.230837613950225
Delay distribution: 1) >1000ms:0.0% , 2)200ms~1000ms:0.0% , 3)50ms~200ms: 5.54% , 4)20ms~50ms: 40.16% , 5)<20ms: 54.3% 
Left Users: 25, Max Delay(ms): 90.0, Avg Delay(ms): 11.1698, Avg Profit(USD): 12.646694184069856
Delay distribution: 1) >1000ms:0.0% , 2)200ms~1000ms:0.0% , 3)50ms~200ms: 0.07% , 4)20ms~50ms: 9.54% , 5)<20ms: 90.39% 

Simulator step: 0
Simulator step: 1000
Simulator step: 2000
Simulator step: 3000
Simulator step: 4000
Simulator step: 5000
------------------------
Cycle: 38, start time: 15:10, end time: 15:15
------------------------
Total Users: 50, Max Delay(ms): 2340.0, Avg Delay(ms): 39.61423333333335, Avg Profit(USD): 8.457926816797185
Delay distribution: 1) >1000ms:0.36% , 2)200ms~1000ms:3.3% , 3)50ms~200ms: 9.72% , 4)20ms~50ms: 22.62% , 5)<20ms: 64.0% 
Worst 10% Users: 5, Max Delay(ms): 2340.0, Avg Delay(ms): 229.41133333333335, Avg Profit(USD): 0.7094359598755261
Delay distribution: 1) >1000ms:3.57% , 2)200ms~1000ms:29.97% , 3)50ms~200ms: 42.59% , 4)20ms~50ms: 17.17% , 5)<20ms: 6.7% 
Worst 25% Users: 7, Max Delay(ms): 630.0, Avg Delay(ms): 44.07261904761904, Avg Profit(USD): 3.1413414640292716
Delay distribution: 1) >1000ms:0.0% , 2)200ms~1000ms:2.19% , 3)50ms~200ms: 28.6% , 4)20ms~50ms: 40.73% , 5)<20ms: 28.48% 
Worst 50% Users: 13, Max Delay(ms): 100.0, Avg Delay(ms): 18.925384615384612, Avg Profit(USD): 6.226359419664585
Delay distribution: 1) >1000ms:0.0% , 2)200ms~1000ms:0.0% , 3)50ms~200ms: 5.46% , 4)20ms~50ms: 40.26% , 5)<20ms: 54.29% 
Left Users: 25, Max Delay(ms): 80.0, Avg Delay(ms): 11.164666666666667, Avg Profit(USD): 12.656683933465482
Delay distribution: 1) >1000ms:0.0% , 2)200ms~1000ms:0.0% , 3)50ms~200ms: 0.07% , 4)20ms~50ms: 9.47% , 5)<20ms: 90.46% 

Simulator step: 0
Simulator step: 1000
Simulator step: 2000
Simulator step: 3000
Simulator step: 4000
Simulator step: 5000
------------------------
Cycle: 39, start time: 15:15, end time: 15:20
------------------------
Total Users: 50, Max Delay(ms): 3960.0, Avg Delay(ms): 41.92406666666667, Avg Profit(USD): 8.456882821535668
Delay distribution: 1) >1000ms:0.47% , 2)200ms~1000ms:3.29% , 3)50ms~200ms: 9.7% , 4)20ms~50ms: 22.54% , 5)<20ms: 64.0% 
Worst 10% Users: 5, Max Delay(ms): 3960.0, Avg Delay(ms): 252.39766666666668, Avg Profit(USD): 0.7337589147527086
Delay distribution: 1) >1000ms:4.71% , 2)200ms~1000ms:29.91% , 3)50ms~200ms: 41.33% , 4)20ms~50ms: 17.14% , 5)<20ms: 6.92% 
Worst 25% Users: 7, Max Delay(ms): 600.0, Avg Delay(ms): 44.042142857142856, Avg Profit(USD): 3.110830447894463
Delay distribution: 1) >1000ms:0.0% , 2)200ms~1000ms:2.13% , 3)50ms~200ms: 29.04% , 4)20ms~50ms: 40.68% , 5)<20ms: 28.15% 
Worst 50% Users: 13, Max Delay(ms): 100.0, Avg Delay(ms): 18.99653846153846, Avg Profit(USD): 6.222913593800428
Delay distribution: 1) >1000ms:0.0% , 2)200ms~1000ms:0.0% , 3)50ms~200ms: 5.63% , 4)20ms~50ms: 40.08% , 5)<20ms: 54.29% 
Left Users: 25, Max Delay(ms): 90.0, Avg Delay(ms): 11.1586, Avg Profit(USD): 12.660066265934123
Delay distribution: 1) >1000ms:0.0% , 2)200ms~1000ms:0.0% , 3)50ms~200ms: 0.07% , 4)20ms~50ms: 9.42% , 5)<20ms: 90.5% 

Simulator step: 0
Simulator step: 1000
Simulator step: 2000
Simulator step: 3000
Simulator step: 4000
Simulator step: 5000
------------------------
Cycle: 40, start time: 15:20, end time: 15:25
------------------------
Total Users: 50, Max Delay(ms): 1850.0, Avg Delay(ms): 37.60890000000002, Avg Profit(USD): 8.461109455691334
Delay distribution: 1) >1000ms:0.26% , 2)200ms~1000ms:3.31% , 3)50ms~200ms: 9.78% , 4)20ms~50ms: 22.65% , 5)<20ms: 64.0% 
Worst 10% Users: 5, Max Delay(ms): 1850.0, Avg Delay(ms): 210.34199999999998, Avg Profit(USD): 0.7182582017992656
Delay distribution: 1) >1000ms:2.63% , 2)200ms~1000ms:30.41% , 3)50ms~200ms: 43.04% , 4)20ms~50ms: 17.15% , 5)<20ms: 6.78% 
Worst 25% Users: 7, Max Delay(ms): 500.0, Avg Delay(ms): 43.35952380952381, Avg Profit(USD): 3.130640657993712
Delay distribution: 1) >1000ms:0.0% , 2)200ms~1000ms:1.93% , 3)50ms~200ms: 28.67% , 4)20ms~50ms: 41.05% , 5)<20ms: 28.35% 
Worst 50% Users: 13, Max Delay(ms): 100.0, Avg Delay(ms): 18.902692307692305, Avg Profit(USD): 6.2444338168263585
Delay distribution: 1) >1000ms:0.0% , 2)200ms~1000ms:0.0% , 3)50ms~200ms: 5.47% , 4)20ms~50ms: 40.09% , 5)<20ms: 54.44% 
Left Users: 25, Max Delay(ms): 120.0, Avg Delay(ms): 11.179333333333334, Avg Profit(USD): 12.654882302034865
Delay distribution: 1) >1000ms:0.0% , 2)200ms~1000ms:0.0% , 3)50ms~200ms: 0.08% , 4)20ms~50ms: 9.52% , 5)<20ms: 90.4% 

Simulator step: 0
Simulator step: 1000
Simulator step: 2000
Simulator step: 3000
Simulator step: 4000
Simulator step: 5000
------------------------
Cycle: 41, start time: 15:25, end time: 15:30
------------------------
Total Users: 50, Max Delay(ms): 2470.0, Avg Delay(ms): 38.37753333333333, Avg Profit(USD): 8.462512678765242
Delay distribution: 1) >1000ms:0.27% , 2)200ms~1000ms:3.39% , 3)50ms~200ms: 9.71% , 4)20ms~50ms: 22.63% , 5)<20ms: 64.0% 
Worst 10% Users: 5, Max Delay(ms): 2470.0, Avg Delay(ms): 217.92066666666668, Avg Profit(USD): 0.7116948560636565
Delay distribution: 1) >1000ms:2.69% , 2)200ms~1000ms:31.25% , 3)50ms~200ms: 42.61% , 4)20ms~50ms: 16.73% , 5)<20ms: 6.72% 
Worst 25% Users: 7, Max Delay(ms): 660.0, Avg Delay(ms): 43.37619047619047, Avg Profit(USD): 3.158262381789837
Delay distribution: 1) >1000ms:0.0% , 2)200ms~1000ms:1.86% , 3)50ms~200ms: 28.45% , 4)20ms~50ms: 41.05% , 5)<20ms: 28.63% 
Worst 50% Users: 13, Max Delay(ms): 100.0, Avg Delay(ms): 18.94294871794872, Avg Profit(USD): 6.225903946028898
Delay distribution: 1) >1000ms:0.0% , 2)200ms~1000ms:0.0% , 3)50ms~200ms: 5.49% , 4)20ms~50ms: 40.23% , 5)<20ms: 54.28% 
Left Users: 25, Max Delay(ms): 80.0, Avg Delay(ms): 11.175266666666664, Avg Profit(USD): 12.660902867481573
Delay distribution: 1) >1000ms:0.0% , 2)200ms~1000ms:0.0% , 3)50ms~200ms: 0.09% , 4)20ms~50ms: 9.5% , 5)<20ms: 90.41% 

Simulator step: 0
Simulator step: 1000
Simulator step: 2000
Simulator step: 3000
Simulator step: 4000
Simulator step: 5000
------------------------
Cycle: 42, start time: 15:30, end time: 15:35
------------------------
Total Users: 50, Max Delay(ms): 2730.0, Avg Delay(ms): 41.081833333333336, Avg Profit(USD): 8.457870296556711
Delay distribution: 1) >1000ms:0.43% , 2)200ms~1000ms:3.4% , 3)50ms~200ms: 9.6% , 4)20ms~50ms: 22.57% , 5)<20ms: 64.0% 
Worst 10% Users: 5, Max Delay(ms): 2730.0, Avg Delay(ms): 244.36833333333334, Avg Profit(USD): 0.7195291055398889
Delay distribution: 1) >1000ms:4.34% , 2)200ms~1000ms:31.06% , 3)50ms~200ms: 40.98% , 4)20ms~50ms: 16.84% , 5)<20ms: 6.78% 
Worst 25% Users: 7, Max Delay(ms): 520.0, Avg Delay(ms): 43.83619047619048, Avg Profit(USD): 3.10189306084042
Delay distribution: 1) >1000ms:0.0% , 2)200ms~1000ms:2.07% , 3)50ms~200ms: 28.59% , 4)20ms~50ms: 41.23% , 5)<20ms: 28.11% 
Worst 50% Users: 13, Max Delay(ms): 100.0, Avg Delay(ms): 18.965384615384615, Avg Profit(USD): 6.22465979364637
Delay distribution: 1) >1000ms:0.0% , 2)200ms~1000ms:0.0% , 3)50ms~200ms: 5.6% , 4)20ms~50ms: 40.11% , 5)<20ms: 54.29% 
Left Users: 25, Max Delay(ms): 70.0, Avg Delay(ms): 11.153866666666666, Avg Profit(USD): 12.666481622274013
Delay distribution: 1) >1000ms:0.0% , 2)200ms~1000ms:0.0% , 3)50ms~200ms: 0.08% , 4)20ms~50ms: 9.38% , 5)<20ms: 90.54% 

Simulator step: 0
Simulator step: 1000
Simulator step: 2000
Simulator step: 3000
Simulator step: 4000
Simulator step: 5000
------------------------
Cycle: 43, start time: 15:35, end time: 15:40
------------------------
Total Users: 50, Max Delay(ms): 2630.0, Avg Delay(ms): 39.962766666666695, Avg Profit(USD): 8.458298211893633
Delay distribution: 1) >1000ms:0.39% , 2)200ms~1000ms:3.36% , 3)50ms~200ms: 9.67% , 4)20ms~50ms: 22.58% , 5)<20ms: 64.0% 
Worst 10% Users: 5, Max Delay(ms): 2630.0, Avg Delay(ms): 233.57566666666662, Avg Profit(USD): 0.6919586741771461
Delay distribution: 1) >1000ms:3.91% , 2)200ms~1000ms:30.63% , 3)50ms~200ms: 42.37% , 4)20ms~50ms: 16.55% , 5)<20ms: 6.53% 
Worst 25% Users: 7, Max Delay(ms): 480.0, Avg Delay(ms): 43.544285714285714, Avg Profit(USD): 3.157446585834668
Delay distribution: 1) >1000ms:0.0% , 2)200ms~1000ms:2.12% , 3)50ms~200ms: 28.19% , 4)20ms~50ms: 41.09% , 5)<20ms: 28.61% 
Worst 50% Users: 13, Max Delay(ms): 100.0, Avg Delay(ms): 18.97179487179487, Avg Profit(USD): 6.213397160596133
Delay distribution: 1) >1000ms:0.0% , 2)200ms~1000ms:0.0% , 3)50ms~200ms: 5.57% , 4)20ms~50ms: 40.26% , 5)<20ms: 54.17% 
Left Users: 25, Max Delay(ms): 70.0, Avg Delay(ms): 11.152666666666667, Avg Profit(USD): 12.663153121408143
Delay distribution: 1) >1000ms:0.0% , 2)200ms~1000ms:0.0% , 3)50ms~200ms: 0.07% , 4)20ms~50ms: 9.42% , 5)<20ms: 90.51% 

Simulator step: 0
Simulator step: 1000
Simulator step: 2000
Simulator step: 3000
Simulator step: 4000
Simulator step: 5000
------------------------
Cycle: 44, start time: 15:40, end time: 15:45
------------------------
Total Users: 50, Max Delay(ms): 3280.0, Avg Delay(ms): 44.0335, Avg Profit(USD): 8.459828932932258
Delay distribution: 1) >1000ms:0.64% , 2)200ms~1000ms:3.19% , 3)50ms~200ms: 9.63% , 4)20ms~50ms: 22.53% , 5)<20ms: 64.0% 
Worst 10% Users: 5, Max Delay(ms): 3280.0, Avg Delay(ms): 272.74, Avg Profit(USD): 0.7293731992566367
Delay distribution: 1) >1000ms:6.44% , 2)200ms~1000ms:28.59% , 3)50ms~200ms: 40.97% , 4)20ms~50ms: 17.13% , 5)<20ms: 6.87% 
Worst 25% Users: 7, Max Delay(ms): 480.0, Avg Delay(ms): 44.62904761904761, Avg Profit(USD): 3.0885414512824183
Delay distribution: 1) >1000ms:0.0% , 2)200ms~1000ms:2.39% , 3)50ms~200ms: 28.77% , 4)20ms~50ms: 40.83% , 5)<20ms: 28.01% 
Worst 50% Users: 13, Max Delay(ms): 100.0, Avg Delay(ms): 18.982307692307693, Avg Profit(USD): 6.228897055417899
Delay distribution: 1) >1000ms:0.0% , 2)200ms~1000ms:0.0% , 3)50ms~200ms: 5.64% , 4)20ms~50ms: 40.05% , 5)<20ms: 54.31% 
Left Users: 25, Max Delay(ms): 80.0, Avg Delay(ms): 11.152066666666665, Avg Profit(USD): 12.669965150836799
Delay distribution: 1) >1000ms:0.0% , 2)200ms~1000ms:0.0% , 3)50ms~200ms: 0.08% , 4)20ms~50ms: 9.38% , 5)<20ms: 90.54% 

Simulator step: 0
Simulator step: 1000
Simulator step: 2000
Simulator step: 3000
Simulator step: 4000
Simulator step: 5000
------------------------
Cycle: 45, start time: 15:45, end time: 15:50
------------------------
Total Users: 50, Max Delay(ms): 3010.0, Avg Delay(ms): 38.385866666666686, Avg Profit(USD): 8.461402955483562
Delay distribution: 1) >1000ms:0.33% , 2)200ms~1000ms:3.12% , 3)50ms~200ms: 9.88% , 4)20ms~50ms: 22.67% , 5)<20ms: 64.0% 
Worst 10% Users: 5, Max Delay(ms): 3010.0, Avg Delay(ms): 217.72466666666668, Avg Profit(USD): 0.7303023130569122
Delay distribution: 1) >1000ms:3.31% , 2)200ms~1000ms:28.48% , 3)50ms~200ms: 43.73% , 4)20ms~50ms: 17.58% , 5)<20ms: 6.9% 
Worst 25% Users: 7, Max Delay(ms): 480.0, Avg Delay(ms): 43.597142857142856, Avg Profit(USD): 3.1128351491777075
Delay distribution: 1) >1000ms:0.0% , 2)200ms~1000ms:1.97% , 3)50ms~200ms: 28.71% , 4)20ms~50ms: 41.09% , 5)<20ms: 28.23% 
Worst 50% Users: 13, Max Delay(ms): 100.0, Avg Delay(ms): 18.95602564102564, Avg Profit(USD): 6.238257230125341
Delay distribution: 1) >1000ms:0.0% , 2)200ms~1000ms:0.0% , 3)50ms~200ms: 5.57% , 4)20ms~50ms: 40.07% , 5)<20ms: 54.36% 
Left Users: 25, Max Delay(ms): 100.0, Avg Delay(ms): 11.162466666666667, Avg Profit(USD): 12.661257846920808
Delay distribution: 1) >1000ms:0.0% , 2)200ms~1000ms:0.0% , 3)50ms~200ms: 0.07% , 4)20ms~50ms: 9.48% , 5)<20ms: 90.45% 

Simulator step: 0
Simulator step: 1000
Simulator step: 2000
Simulator step: 3000
Simulator step: 4000
Simulator step: 5000
------------------------
Cycle: 46, start time: 15:50, end time: 15:55
------------------------
Total Users: 50, Max Delay(ms): 2780.0, Avg Delay(ms): 40.19233333333333, Avg Profit(USD): 8.459787106498988
Delay distribution: 1) >1000ms:0.42% , 2)200ms~1000ms:3.21% , 3)50ms~200ms: 9.7% , 4)20ms~50ms: 22.67% , 5)<20ms: 64.0% 
Worst 10% Users: 5, Max Delay(ms): 2780.0, Avg Delay(ms): 236.5643333333333, Avg Profit(USD): 0.7364898846751299
Delay distribution: 1) >1000ms:4.21% , 2)200ms~1000ms:29.61% , 3)50ms~200ms: 41.9% , 4)20ms~50ms: 17.32% , 5)<20ms: 6.96% 
Worst 25% Users: 7, Max Delay(ms): 520.0, Avg Delay(ms): 43.01880952380952, Avg Profit(USD): 3.1110793302139923
Delay distribution: 1) >1000ms:0.0% , 2)200ms~1000ms:1.76% , 3)50ms~200ms: 28.78% , 4)20ms~50ms: 41.27% , 5)<20ms: 28.2% 
Worst 50% Users: 13, Max Delay(ms): 100.0, Avg Delay(ms): 18.95423076923077, Avg Profit(USD): 6.239902122390146
Delay distribution: 1) >1000ms:0.0% , 2)200ms~1000ms:0.0% , 3)50ms~200ms: 5.57% , 4)20ms~50ms: 40.03% , 5)<20ms: 54.4% 
Left Users: 25, Max Delay(ms): 70.0, Avg Delay(ms): 11.170333333333335, Avg Profit(USD): 12.656424919960157
Delay distribution: 1) >1000ms:0.0% , 2)200ms~1000ms:0.0% , 3)50ms~200ms: 0.07% , 4)20ms~50ms: 9.51% , 5)<20ms: 90.42% 

Simulator step: 0
Simulator step: 1000
Simulator step: 2000
Simulator step: 3000
Simulator step: 4000
Simulator step: 5000
------------------------
Cycle: 47, start time: 15:55, end time: 16:00
------------------------
Total Users: 50, Max Delay(ms): 2860.0, Avg Delay(ms): 38.32043333333333, Avg Profit(USD): 8.45658359509982
Delay distribution: 1) >1000ms:0.27% , 2)200ms~1000ms:3.37% , 3)50ms~200ms: 9.85% , 4)20ms~50ms: 22.51% , 5)<20ms: 64.0% 
Worst 10% Users: 5, Max Delay(ms): 2860.0, Avg Delay(ms): 215.43866666666668, Avg Profit(USD): 0.7247628990688774
Delay distribution: 1) >1000ms:2.68% , 2)200ms~1000ms:30.42% , 3)50ms~200ms: 42.98% , 4)20ms~50ms: 17.08% , 5)<20ms: 6.85% 
Worst 25% Users: 7, Max Delay(ms): 480.0, Avg Delay(ms): 44.82857142857143, Avg Profit(USD): 3.1029569056119293
Delay distribution: 1) >1000ms:0.0% , 2)200ms~1000ms:2.32% , 3)50ms~200ms: 29.13% , 4)20ms~50ms: 40.43% , 5)<20ms: 28.13% 
Worst 50% Users: 13, Max Delay(ms): 100.0, Avg Delay(ms): 18.922564102564106, Avg Profit(USD): 6.246574935978735
Delay distribution: 1) >1000ms:0.0% , 2)200ms~1000ms:0.0% , 3)50ms~200ms: 5.52% , 4)20ms~50ms: 39.98% , 5)<20ms: 54.49% 
Left Users: 25, Max Delay(ms): 80.0, Avg Delay(ms): 11.161399999999999, Avg Profit(USD): 12.651167710105582
Delay distribution: 1) >1000ms:0.0% , 2)200ms~1000ms:0.0% , 3)50ms~200ms: 0.08% , 4)20ms~50ms: 9.5% , 5)<20ms: 90.42% 
