Simulator step: 0
Simulator step: 1000
Simulator step: 2000
Simulator step: 3000
Simulator step: 4000
Simulator step: 5000
------------------------
Cycle: 0, start time: 12:00, end time: 12:05
------------------------
Total Users: 50, Max Delay(ms): 2810.0, Avg Delay(ms): 40.75239999999997, Avg Profit(USD): 8.463072936151134
Delay distribution: 1) >1000ms:0.43% , 2)200ms~1000ms:3.34% , 3)50ms~200ms: 9.66% , 4)20ms~50ms: 22.55% , 5)<20ms: 64.01% 
Worst 10% Users: 5, Max Delay(ms): 2810.0, Avg Delay(ms): 241.4, Avg Profit(USD): 0.694453534559607
Delay distribution: 1) >1000ms:4.27% , 2)200ms~1000ms:30.64% , 3)50ms~200ms: 41.94% , 4)20ms~50ms: 16.56% , 5)<20ms: 6.59% 
Worst 25% Users: 7, Max Delay(ms): 600.0, Avg Delay(ms): 43.51714285714286, Avg Profit(USD): 3.1378510385264806
Delay distribution: 1) >1000ms:0.0% , 2)200ms~1000ms:1.98% , 3)50ms~200ms: 28.48% , 4)20ms~50ms: 41.08% , 5)<20ms: 28.46% 
Worst 50% Users: 13, Max Delay(ms): 190.0, Avg Delay(ms): 19.00641025641026, Avg Profit(USD): 6.24150023607572
Delay distribution: 1) >1000ms:0.0% , 2)200ms~1000ms:0.0% , 3)50ms~200ms: 5.58% , 4)20ms~50ms: 40.03% , 5)<20ms: 54.4% 
Left Users: 25, Max Delay(ms): 70.0, Avg Delay(ms): 11.156666666666668, Avg Profit(USD): 12.663076751843557
Delay distribution: 1) >1000ms:0.0% , 2)200ms~1000ms:0.0% , 3)50ms~200ms: 0.07% , 4)20ms~50ms: 9.48% , 5)<20ms: 90.45% 

Simulator step: 0
Simulator step: 1000
Simulator step: 2000
Simulator step: 3000
Simulator step: 4000
Simulator step: 5000
------------------------
Cycle: 1, start time: 12:05, end time: 12:10
------------------------
Total Users: 50, Max Delay(ms): 3320.0, Avg Delay(ms): 41.047199999999975, Avg Profit(USD): 8.461486457516651
Delay distribution: 1) >1000ms:0.43% , 2)200ms~1000ms:3.36% , 3)50ms~200ms: 9.7% , 4)20ms~50ms: 22.51% , 5)<20ms: 64.0% 
Worst 10% Users: 5, Max Delay(ms): 3320.0, Avg Delay(ms): 242.35233333333332, Avg Profit(USD): 0.7141058840675665
Delay distribution: 1) >1000ms:4.26% , 2)200ms~1000ms:30.45% , 3)50ms~200ms: 41.59% , 4)20ms~50ms: 16.95% , 5)<20ms: 6.75% 
Worst 25% Users: 7, Max Delay(ms): 720.0, Avg Delay(ms): 44.76976190476191, Avg Profit(USD): 3.125336641466649
Delay distribution: 1) >1000ms:0.0% , 2)200ms~1000ms:2.27% , 3)50ms~200ms: 28.78% , 4)20ms~50ms: 40.65% , 5)<20ms: 28.3% 
Worst 50% Users: 13, Max Delay(ms): 180.0, Avg Delay(ms): 19.073974358974358, Avg Profit(USD): 6.24971133937321
Delay distribution: 1) >1000ms:0.0% , 2)200ms~1000ms:0.0% , 3)50ms~200ms: 5.69% , 4)20ms~50ms: 39.85% , 5)<20ms: 54.46% 
Left Users: 25, Max Delay(ms): 70.0, Avg Delay(ms): 11.169933333333331, Avg Profit(USD): 12.65520758213506
Delay distribution: 1) >1000ms:0.0% , 2)200ms~1000ms:0.0% , 3)50ms~200ms: 0.07% , 4)20ms~50ms: 9.52% , 5)<20ms: 90.41% 

Simulator step: 0
Simulator step: 1000
Simulator step: 2000
Simulator step: 3000
Simulator step: 4000
Simulator step: 5000
------------------------
Cycle: 2, start time: 12:10, end time: 12:15
------------------------
Total Users: 50, Max Delay(ms): 2170.0, Avg Delay(ms): 39.41549999999999, Avg Profit(USD): 8.462969331564684
Delay distribution: 1) >1000ms:0.36% , 2)200ms~1000ms:3.38% , 3)50ms~200ms: 9.56% , 4)20ms~50ms: 22.71% , 5)<20ms: 64.0% 
Worst 10% Users: 5, Max Delay(ms): 2170.0, Avg Delay(ms): 229.926, Avg Profit(USD): 0.7104396209846989
Delay distribution: 1) >1000ms:3.57% , 2)200ms~1000ms:31.53% , 3)50ms~200ms: 41.57% , 4)20ms~50ms: 16.64% , 5)<20ms: 6.69% 
Worst 25% Users: 7, Max Delay(ms): 520.0, Avg Delay(ms): 42.227380952380955, Avg Profit(USD): 3.124887261472612
Delay distribution: 1) >1000ms:0.0% , 2)200ms~1000ms:1.62% , 3)50ms~200ms: 28.26% , 4)20ms~50ms: 41.79% , 5)<20ms: 28.33% 
Worst 50% Users: 13, Max Delay(ms): 200.0, Avg Delay(ms): 18.965641025641027, Avg Profit(USD): 6.243043303887444
Delay distribution: 1) >1000ms:0.0% , 2)200ms~1000ms:0.0% , 3)50ms~200ms: 5.42% , 4)20ms~50ms: 40.2% , 5)<20ms: 54.38% 
Left Users: 25, Max Delay(ms): 80.0, Avg Delay(ms): 11.16, Avg Profit(USD): 12.662499787698623
Delay distribution: 1) >1000ms:0.0% , 2)200ms~1000ms:0.0% , 3)50ms~200ms: 0.07% , 4)20ms~50ms: 9.48% , 5)<20ms: 90.45% 

Simulator step: 0
Simulator step: 1000
Simulator step: 2000
Simulator step: 3000
Simulator step: 4000
Simulator step: 5000
------------------------
Cycle: 3, start time: 12:15, end time: 12:20
------------------------
Total Users: 50, Max Delay(ms): 4150.0, Avg Delay(ms): 41.45096666666667, Avg Profit(USD): 8.464535004891143
Delay distribution: 1) >1000ms:0.44% , 2)200ms~1000ms:3.3% , 3)50ms~200ms: 9.7% , 4)20ms~50ms: 22.56% , 5)<20ms: 64.0% 
Worst 10% Users: 5, Max Delay(ms): 4150.0, Avg Delay(ms): 247.30600000000004, Avg Profit(USD): 0.7019586261026295
Delay distribution: 1) >1000ms:4.39% , 2)200ms~1000ms:29.95% , 3)50ms~200ms: 42.29% , 4)20ms~50ms: 16.75% , 5)<20ms: 6.62% 
Worst 25% Users: 7, Max Delay(ms): 690.0, Avg Delay(ms): 44.1295238095238, Avg Profit(USD): 3.140431597187991
Delay distribution: 1) >1000ms:0.0% , 2)200ms~1000ms:2.21% , 3)50ms~200ms: 28.23% , 4)20ms~50ms: 41.14% , 5)<20ms: 28.42% 
Worst 50% Users: 13, Max Delay(ms): 160.0, Avg Delay(ms): 19.077564102564104, Avg Profit(USD): 6.235191434381932
Delay distribution: 1) >1000ms:0.0% , 2)200ms~1000ms:0.0% , 3)50ms~200ms: 5.7% , 4)20ms~50ms: 39.99% , 5)<20ms: 54.31% 
Left Users: 25, Max Delay(ms): 80.0, Avg Delay(ms): 11.164133333333332, Avg Profit(USD): 12.66705789147052
Delay distribution: 1) >1000ms:0.0% , 2)200ms~1000ms:0.0% , 3)50ms~200ms: 0.07% , 4)20ms~50ms: 9.45% , 5)<20ms: 90.48% 

Simulator step: 0
Simulator step: 1000
Simulator step: 2000
Simulator step: 3000
Simulator step: 4000
Simulator step: 5000
------------------------
Cycle: 4, start time: 12:20, end time: 12:25
------------------------
Total Users: 50, Max Delay(ms): 2470.0, Avg Delay(ms): 39.50053333333334, Avg Profit(USD): 8.45905892092006
Delay distribution: 1) >1000ms:0.41% , 2)200ms~1000ms:3.2% , 3)50ms~200ms: 9.8% , 4)20ms~50ms: 22.59% , 5)<20ms: 64.0% 
Worst 10% Users: 5, Max Delay(ms): 2470.0, Avg Delay(ms): 228.19233333333332, Avg Profit(USD): 0.7223016028719469
Delay distribution: 1) >1000ms:4.08% , 2)200ms~1000ms:29.02% , 3)50ms~200ms: 42.87% , 4)20ms~50ms: 17.21% , 5)<20ms: 6.82% 
Worst 25% Users: 7, Max Delay(ms): 490.0, Avg Delay(ms): 43.92666666666666, Avg Profit(USD): 3.1223888057357625
Delay distribution: 1) >1000ms:0.0% , 2)200ms~1000ms:2.13% , 3)50ms~200ms: 28.73% , 4)20ms~50ms: 40.85% , 5)<20ms: 28.29% 
Worst 50% Users: 13, Max Delay(ms): 170.0, Avg Delay(ms): 19.034999999999997, Avg Profit(USD): 6.245425647886861
Delay distribution: 1) >1000ms:0.0% , 2)200ms~1000ms:0.0% , 3)50ms~200ms: 5.61% , 4)20ms~50ms: 39.95% , 5)<20ms: 54.44% 
Left Users: 25, Max Delay(ms): 70.0, Avg Delay(ms): 11.164933333333336, Avg Profit(USD): 12.651767318758557
Delay distribution: 1) >1000ms:0.0% , 2)200ms~1000ms:0.0% , 3)50ms~200ms: 0.07% , 4)20ms~50ms: 9.53% , 5)<20ms: 90.41% 

Simulator step: 0
Simulator step: 1000
Simulator step: 2000
Simulator step: 3000
Simulator step: 4000
Simulator step: 5000
------------------------
Cycle: 5, start time: 12:25, end time: 12:30
------------------------
Total Users: 50, Max Delay(ms): 4030.0, Avg Delay(ms): 42.43193333333332, Avg Profit(USD): 8.45536224648779
Delay distribution: 1) >1000ms:0.53% , 2)200ms~1000ms:3.17% , 3)50ms~200ms: 9.73% , 4)20ms~50ms: 22.57% , 5)<20ms: 64.0% 
Worst 10% Users: 5, Max Delay(ms): 4030.0, Avg Delay(ms): 256.19966666666664, Avg Profit(USD): 0.720973203812265
Delay distribution: 1) >1000ms:5.28% , 2)200ms~1000ms:28.43% , 3)50ms~200ms: 42.35% , 4)20ms~50ms: 17.15% , 5)<20ms: 6.8% 
Worst 25% Users: 7, Max Delay(ms): 730.0, Avg Delay(ms): 44.94595238095238, Avg Profit(USD): 3.128252660837867
Delay distribution: 1) >1000ms:0.0% , 2)200ms~1000ms:2.34% , 3)50ms~200ms: 28.74% , 4)20ms~50ms: 40.58% , 5)<20ms: 28.34% 
Worst 50% Users: 13, Max Delay(ms): 160.0, Avg Delay(ms): 18.975, Avg Profit(USD): 6.243743562292996
Delay distribution: 1) >1000ms:0.0% , 2)200ms~1000ms:0.0% , 3)50ms~200ms: 5.52% , 4)20ms~50ms: 40.03% , 5)<20ms: 54.45% 
Left Users: 25, Max Delay(ms): 70.0, Avg Delay(ms): 11.172066666666666, Avg Profit(USD): 12.643872454786166
Delay distribution: 1) >1000ms:0.0% , 2)200ms~1000ms:0.0% , 3)50ms~200ms: 0.07% , 4)20ms~50ms: 9.54% , 5)<20ms: 90.39% 

Simulator step: 0
Simulator step: 1000
Simulator step: 2000
Simulator step: 3000
Simulator step: 4000
Simulator step: 5000
------------------------
Cycle: 6, start time: 12:30, end time: 12:35
------------------------
Total Users: 50, Max Delay(ms): 2290.0, Avg Delay(ms): 39.48006666666666, Avg Profit(USD): 8.463686285410233
Delay distribution: 1) >1000ms:0.38% , 2)200ms~1000ms:3.31% , 3)50ms~200ms: 9.75% , 4)20ms~50ms: 22.55% , 5)<20ms: 64.0% 
Worst 10% Users: 5, Max Delay(ms): 2290.0, Avg Delay(ms): 229.44066666666663, Avg Profit(USD): 0.6972277894079973
Delay distribution: 1) >1000ms:3.83% , 2)200ms~1000ms:30.74% , 3)50ms~200ms: 42.09% , 4)20ms~50ms: 16.76% , 5)<20ms: 6.58% 
Worst 25% Users: 7, Max Delay(ms): 590.0, Avg Delay(ms): 42.83666666666667, Avg Profit(USD): 3.133290406260816
Delay distribution: 1) >1000ms:0.0% , 2)200ms~1000ms:1.69% , 3)50ms~200ms: 28.91% , 4)20ms~50ms: 41.05% , 5)<20ms: 28.36% 
Worst 50% Users: 13, Max Delay(ms): 180.0, Avg Delay(ms): 19.087692307692304, Avg Profit(USD): 6.223902300749842
Delay distribution: 1) >1000ms:0.0% , 2)200ms~1000ms:0.0% , 3)50ms~200ms: 5.65% , 4)20ms~50ms: 40.09% , 5)<20ms: 54.27% 
Left Users: 25, Max Delay(ms): 70.0, Avg Delay(ms): 11.152133333333332, Avg Profit(USD): 12.674176502795925
Delay distribution: 1) >1000ms:0.0% , 2)200ms~1000ms:0.0% , 3)50ms~200ms: 0.06% , 4)20ms~50ms: 9.41% , 5)<20ms: 90.53% 

Simulator step: 0
Simulator step: 1000
Simulator step: 2000
Simulator step: 3000
Simulator step: 4000
Simulator step: 5000
------------------------
Cycle: 7, start time: 12:35, end time: 12:40
------------------------
Total Users: 50, Max Delay(ms): 3030.0, Avg Delay(ms): 40.4833, Avg Profit(USD): 8.455642382213881
Delay distribution: 1) >1000ms:0.42% , 2)200ms~1000ms:3.22% , 3)50ms~200ms: 9.66% , 4)20ms~50ms: 22.69% , 5)<20ms: 64.0% 
Worst 10% Users: 5, Max Delay(ms): 3030.0, Avg Delay(ms): 240.87533333333334, Avg Profit(USD): 0.7125181838589845
Delay distribution: 1) >1000ms:4.22% , 2)200ms~1000ms:30.14% , 3)50ms~200ms: 41.99% , 4)20ms~50ms: 16.94% , 5)<20ms: 6.72% 
Worst 25% Users: 7, Max Delay(ms): 510.0, Avg Delay(ms): 41.959999999999994, Avg Profit(USD): 3.1540056588904792
Delay distribution: 1) >1000ms:0.0% , 2)200ms~1000ms:1.47% , 3)50ms~200ms: 28.5% , 4)20ms~50ms: 41.49% , 5)<20ms: 28.55% 
Worst 50% Users: 13, Max Delay(ms): 170.0, Avg Delay(ms): 18.9625641025641, Avg Profit(USD): 6.234270668251297
Delay distribution: 1) >1000ms:0.0% , 2)200ms~1000ms:0.0% , 3)50ms~200ms: 5.49% , 4)20ms~50ms: 40.14% , 5)<20ms: 54.37% 
Left Users: 25, Max Delay(ms): 90.0, Avg Delay(ms): 11.182200000000002, Avg Profit(USD): 12.643838795675952
Delay distribution: 1) >1000ms:0.0% , 2)200ms~1000ms:0.0% , 3)50ms~200ms: 0.1% , 4)20ms~50ms: 9.51% , 5)<20ms: 90.39% 

Simulator step: 0
Simulator step: 1000
Simulator step: 2000
Simulator step: 3000
Simulator step: 4000
Simulator step: 5000
------------------------
Cycle: 8, start time: 12:40, end time: 12:45
------------------------
Total Users: 50, Max Delay(ms): 2250.0, Avg Delay(ms): 39.25089999999999, Avg Profit(USD): 8.461477297469786
Delay distribution: 1) >1000ms:0.33% , 2)200ms~1000ms:3.39% , 3)50ms~200ms: 9.68% , 4)20ms~50ms: 22.6% , 5)<20ms: 64.0% 
Worst 10% Users: 5, Max Delay(ms): 2250.0, Avg Delay(ms): 225.90433333333334, Avg Profit(USD): 0.715095211566875
Delay distribution: 1) >1000ms:3.3% , 2)200ms~1000ms:30.98% , 3)50ms~200ms: 42.02% , 4)20ms~50ms: 16.94% , 5)<20ms: 6.75% 
Worst 25% Users: 7, Max Delay(ms): 530.0, Avg Delay(ms): 44.0252380952381, Avg Profit(USD): 3.1137266331911406
Delay distribution: 1) >1000ms:0.0% , 2)200ms~1000ms:2.08% , 3)50ms~200ms: 28.89% , 4)20ms~50ms: 40.83% , 5)<20ms: 28.2% 
Worst 50% Users: 13, Max Delay(ms): 210.0, Avg Delay(ms): 18.90230769230769, Avg Profit(USD): 6.252980372616298
Delay distribution: 1) >1000ms:0.0% , 2)200ms~1000ms:0.0% , 3)50ms~200ms: 5.39% , 4)20ms~50ms: 40.1% , 5)<20ms: 54.52% 
Left Users: 25, Max Delay(ms): 80.0, Avg Delay(ms): 11.164666666666667, Avg Profit(USD): 12.656542301572202
Delay distribution: 1) >1000ms:0.0% , 2)200ms~1000ms:0.0% , 3)50ms~200ms: 0.07% , 4)20ms~50ms: 9.52% , 5)<20ms: 90.41% 

Simulator step: 0
Simulator step: 1000
Simulator step: 2000
Simulator step: 3000
Simulator step: 4000
Simulator step: 5000
------------------------
Cycle: 9, start time: 12:45, end time: 12:50
------------------------
Total Users: 50, Max Delay(ms): 3030.0, Avg Delay(ms): 38.5969, Avg Profit(USD): 8.461944433192265
Delay distribution: 1) >1000ms:0.29% , 2)200ms~1000ms:3.34% , 3)50ms~200ms: 9.81% , 4)20ms~50ms: 22.56% , 5)<20ms: 64.0% 
Worst 10% Users: 5, Max Delay(ms): 3030.0, Avg Delay(ms): 218.48566666666665, Avg Profit(USD): 0.7353658558843357
Delay distribution: 1) >1000ms:2.95% , 2)200ms~1000ms:30.36% , 3)50ms~200ms: 42.48% , 4)20ms~50ms: 17.28% , 5)<20ms: 6.93% 
Worst 25% Users: 7, Max Delay(ms): 630.0, Avg Delay(ms): 44.47452380952381, Avg Profit(USD): 3.082094022823563
Delay distribution: 1) >1000ms:0.0% , 2)200ms~1000ms:2.17% , 3)50ms~200ms: 29.0% , 4)20ms~50ms: 40.91% , 5)<20ms: 27.92% 
Worst 50% Users: 13, Max Delay(ms): 160.0, Avg Delay(ms): 19.018846153846155, Avg Profit(USD): 6.239057037497128
Delay distribution: 1) >1000ms:0.0% , 2)200ms~1000ms:0.0% , 3)50ms~200ms: 5.64% , 4)20ms~50ms: 39.99% , 5)<20ms: 54.37% 
Left Users: 25, Max Delay(ms): 80.0, Avg Delay(ms): 11.154000000000002, Avg Profit(USD): 12.66951970931856
Delay distribution: 1) >1000ms:0.0% , 2)200ms~1000ms:0.0% , 3)50ms~200ms: 0.07% , 4)20ms~50ms: 9.41% , 5)<20ms: 90.52% 

Simulator step: 0
Simulator step: 1000
Simulator step: 2000
Simulator step: 3000
Simulator step: 4000
Simulator step: 5000
------------------------
Cycle: 10, start time: 12:50, end time: 12:55
------------------------
Total Users: 50, Max Delay(ms): 1800.0, Avg Delay(ms): 37.207999999999984, Avg Profit(USD): 8.45860427656209
Delay distribution: 1) >1000ms:0.21% , 2)200ms~1000ms:3.32% , 3)50ms~200ms: 9.85% , 4)20ms~50ms: 22.62% , 5)<20ms: 64.0% 
Worst 10% Users: 5, Max Delay(ms): 1800.0, Avg Delay(ms): 205.33066666666667, Avg Profit(USD): 0.7358005704100538
Delay distribution: 1) >1000ms:2.14% , 2)200ms~1000ms:30.41% , 3)50ms~200ms: 43.0% , 4)20ms~50ms: 17.51% , 5)<20ms: 6.94% 
Worst 25% Users: 7, Max Delay(ms): 550.0, Avg Delay(ms): 43.765952380952385, Avg Profit(USD): 3.1318276062820036
Delay distribution: 1) >1000ms:0.0% , 2)200ms~1000ms:1.97% , 3)50ms~200ms: 28.9% , 4)20ms~50ms: 40.77% , 5)<20ms: 28.36% 
Worst 50% Users: 13, Max Delay(ms): 190.0, Avg Delay(ms): 19.12102564102564, Avg Profit(USD): 6.222442157855876
Delay distribution: 1) >1000ms:0.0% , 2)200ms~1000ms:0.0% , 3)50ms~200ms: 5.69% , 4)20ms~50ms: 40.04% , 5)<20ms: 54.28% 
Left Users: 25, Max Delay(ms): 70.0, Avg Delay(ms): 11.152466666666667, Avg Profit(USD): 12.657466787198153
Delay distribution: 1) >1000ms:0.0% , 2)200ms~1000ms:0.0% , 3)50ms~200ms: 0.06% , 4)20ms~50ms: 9.5% , 5)<20ms: 90.45% 

Simulator step: 0
Simulator step: 1000
Simulator step: 2000
Simulator step: 3000
Simulator step: 4000
Simulator step: 5000
------------------------
Cycle: 11, start time: 12:55, end time: 13:00
------------------------
Total Users: 50, Max Delay(ms): 4380.0, Avg Delay(ms): 43.54279999999999, Avg Profit(USD): 8.460749229091205
Delay distribution: 1) >1000ms:0.55% , 2)200ms~1000ms:3.15% , 3)50ms~200ms: 9.69% , 4)20ms~50ms: 22.6% , 5)<20ms: 64.0% 
Worst 10% Users: 5, Max Delay(ms): 4380.0, Avg Delay(ms): 269.353, Avg Profit(USD): 0.7212341367171927
Delay distribution: 1) >1000ms:5.54% , 2)200ms~1000ms:28.87% , 3)50ms~200ms: 41.65% , 4)20ms~50ms: 17.11% , 5)<20ms: 6.82% 
Worst 25% Users: 7, Max Delay(ms): 520.0, Avg Delay(ms): 43.30833333333332, Avg Profit(USD): 3.1267587340898277
Delay distribution: 1) >1000ms:0.0% , 2)200ms~1000ms:1.88% , 3)50ms~200ms: 28.62% , 4)20ms~50ms: 41.18% , 5)<20ms: 28.33% 
Worst 50% Users: 13, Max Delay(ms): 190.0, Avg Delay(ms): 19.095897435897434, Avg Profit(USD): 6.222779691852623
Delay distribution: 1) >1000ms:0.0% , 2)200ms~1000ms:0.0% , 3)50ms~200ms: 5.71% , 4)20ms~50ms: 40.04% , 5)<20ms: 54.25% 
Left Users: 25, Max Delay(ms): 70.0, Avg Delay(ms): 11.1588, Avg Profit(USD): 12.66591374553045
Delay distribution: 1) >1000ms:0.0% , 2)200ms~1000ms:0.0% , 3)50ms~200ms: 0.08% , 4)20ms~50ms: 9.43% , 5)<20ms: 90.5% 

Simulator step: 0
Simulator step: 1000
Simulator step: 2000
Simulator step: 3000
Simulator step: 4000
Simulator step: 5000
------------------------
Cycle: 12, start time: 13:00, end time: 13:05
------------------------
Total Users: 50, Max Delay(ms): 3160.0, Avg Delay(ms): 39.410066666666665, Avg Profit(USD): 8.464233225218504
Delay distribution: 1) >1000ms:0.36% , 2)200ms~1000ms:3.31% , 3)50ms~200ms: 9.77% , 4)20ms~50ms: 22.56% , 5)<20ms: 64.0% 
Worst 10% Users: 5, Max Delay(ms): 3160.0, Avg Delay(ms): 226.7383333333333, Avg Profit(USD): 0.7212851836842347
Delay distribution: 1) >1000ms:3.62% , 2)200ms~1000ms:30.1% , 3)50ms~200ms: 42.46% , 4)20ms~50ms: 17.01% , 5)<20ms: 6.81% 
Worst 25% Users: 7, Max Delay(ms): 520.0, Avg Delay(ms): 44.24095238095238, Avg Profit(USD): 3.1232989007596106
Delay distribution: 1) >1000ms:0.0% , 2)200ms~1000ms:2.16% , 3)50ms~200ms: 28.65% , 4)20ms~50ms: 40.91% , 5)<20ms: 28.27% 
Worst 50% Users: 13, Max Delay(ms): 170.0, Avg Delay(ms): 19.068076923076923, Avg Profit(USD): 6.22078246773899
Delay distribution: 1) >1000ms:0.0% , 2)200ms~1000ms:0.0% , 3)50ms~200ms: 5.64% , 4)20ms~50ms: 40.12% , 5)<20ms: 54.23% 
Left Users: 25, Max Delay(ms): 80.0, Avg Delay(ms): 11.169599999999999, Avg Profit(USD): 12.674878838263192
Delay distribution: 1) >1000ms:0.0% , 2)200ms~1000ms:0.0% , 3)50ms~200ms: 0.09% , 4)20ms~50ms: 9.39% , 5)<20ms: 90.52% 

Simulator step: 0
Simulator step: 1000
Simulator step: 2000
Simulator step: 3000
Simulator step: 4000
Simulator step: 5000
------------------------
Cycle: 13, start time: 13:05, end time: 13:10
------------------------
Total Users: 50, Max Delay(ms): 2190.0, Avg Delay(ms): 39.10053333333333, Avg Profit(USD): 8.462920647989694
Delay distribution: 1) >1000ms:0.36% , 2)200ms~1000ms:3.21% , 3)50ms~200ms: 9.77% , 4)20ms~50ms: 22.66% , 5)<20ms: 64.0% 
Worst 10% Users: 5, Max Delay(ms): 2190.0, Avg Delay(ms): 224.27566666666672, Avg Profit(USD): 0.7274198196619716
Delay distribution: 1) >1000ms:3.6% , 2)200ms~1000ms:29.29% , 3)50ms~200ms: 43.02% , 4)20ms~50ms: 17.23% , 5)<20ms: 6.86% 
Worst 25% Users: 7, Max Delay(ms): 690.0, Avg Delay(ms): 43.90428571428571, Avg Profit(USD): 3.115394038374609
Delay distribution: 1) >1000ms:0.0% , 2)200ms~1000ms:2.01% , 3)50ms~200ms: 28.49% , 4)20ms~50ms: 41.29% , 5)<20ms: 28.21% 
Worst 50% Users: 13, Max Delay(ms): 180.0, Avg Delay(ms): 19.010897435897437, Avg Profit(USD): 6.239718749846435
Delay distribution: 1) >1000ms:0.0% , 2)200ms~1000ms:0.0% , 3)50ms~200ms: 5.53% , 4)20ms~50ms: 40.11% , 5)<20ms: 54.36% 
Left Users: 25, Max Delay(ms): 80.0, Avg Delay(ms): 11.167066666666663, Avg Profit(USD): 12.66339325138196
Delay distribution: 1) >1000ms:0.0% , 2)200ms~1000ms:0.0% , 3)50ms~200ms: 0.08% , 4)20ms~50ms: 9.46% , 5)<20ms: 90.46% 

Simulator step: 0
Simulator step: 1000
Simulator step: 2000
Simulator step: 3000
Simulator step: 4000
Simulator step: 5000
------------------------
Cycle: 14, start time: 13:10, end time: 13:15
------------------------
Total Users: 50, Max Delay(ms): 2600.0, Avg Delay(ms): 41.08836666666665, Avg Profit(USD): 8.460816975779965
Delay distribution: 1) >1000ms:0.47% , 2)200ms~1000ms:3.33% , 3)50ms~200ms: 9.68% , 4)20ms~50ms: 22.52% , 5)<20ms: 64.0% 
Worst 10% Users: 5, Max Delay(ms): 2600.0, Avg Delay(ms): 243.7506666666667, Avg Profit(USD): 0.7140760167627093
Delay distribution: 1) >1000ms:4.68% , 2)200ms~1000ms:30.25% , 3)50ms~200ms: 41.65% , 4)20ms~50ms: 16.69% , 5)<20ms: 6.73% 
Worst 25% Users: 7, Max Delay(ms): 610.0, Avg Delay(ms): 44.17690476190476, Avg Profit(USD): 3.126309244573401
Delay distribution: 1) >1000ms:0.0% , 2)200ms~1000ms:2.16% , 3)50ms~200ms: 28.72% , 4)20ms~50ms: 40.79% , 5)<20ms: 28.33% 
Worst 50% Users: 13, Max Delay(ms): 170.0, Avg Delay(ms): 19.04948717948718, Avg Profit(USD): 6.231690499961016
Delay distribution: 1) >1000ms:0.0% , 2)200ms~1000ms:0.0% , 3)50ms~200ms: 5.63% , 4)20ms~50ms: 40.06% , 5)<20ms: 54.31% 
Left Users: 25, Max Delay(ms): 80.0, Avg Delay(ms): 11.151333333333335, Avg Profit(USD): 12.662973099747106
Delay distribution: 1) >1000ms:0.0% , 2)200ms~1000ms:0.0% , 3)50ms~200ms: 0.06% , 4)20ms~50ms: 9.46% , 5)<20ms: 90.48% 

Simulator step: 0
Simulator step: 1000
Simulator step: 2000
Simulator step: 3000
Simulator step: 4000
Simulator step: 5000
------------------------
Cycle: 15, start time: 13:15, end time: 13:20
------------------------
Total Users: 50, Max Delay(ms): 2340.0, Avg Delay(ms): 38.83399999999999, Avg Profit(USD): 8.459883687602918
Delay distribution: 1) >1000ms:0.31% , 2)200ms~1000ms:3.38% , 3)50ms~200ms: 9.83% , 4)20ms~50ms: 22.47% , 5)<20ms: 64.0% 
Worst 10% Users: 5, Max Delay(ms): 2340.0, Avg Delay(ms): 220.2883333333333, Avg Profit(USD): 0.7221823951558969
Delay distribution: 1) >1000ms:3.11% , 2)200ms~1000ms:30.46% , 3)50ms~200ms: 42.78% , 4)20ms~50ms: 16.84% , 5)<20ms: 6.8% 
Worst 25% Users: 7, Max Delay(ms): 500.0, Avg Delay(ms): 44.6902380952381, Avg Profit(USD): 3.1227344610031134
Delay distribution: 1) >1000ms:0.0% , 2)200ms~1000ms:2.4% , 3)50ms~200ms: 28.75% , 4)20ms~50ms: 40.56% , 5)<20ms: 28.28% 
Worst 50% Users: 13, Max Delay(ms): 150.0, Avg Delay(ms): 19.116410256410255, Avg Profit(USD): 6.224903786169636
Delay distribution: 1) >1000ms:0.0% , 2)200ms~1000ms:0.0% , 3)50ms~200ms: 5.74% , 4)20ms~50ms: 40.0% , 5)<20ms: 54.26% 
Left Users: 25, Max Delay(ms): 80.0, Avg Delay(ms): 11.156533333333332, Avg Profit(USD): 12.664015278285575
Delay distribution: 1) >1000ms:0.0% , 2)200ms~1000ms:0.0% , 3)50ms~200ms: 0.08% , 4)20ms~50ms: 9.42% , 5)<20ms: 90.51% 

Simulator step: 0
Simulator step: 1000
Simulator step: 2000
Simulator step: 3000
Simulator step: 4000
Simulator step: 5000
------------------------
Cycle: 16, start time: 13:20, end time: 13:25
------------------------
Total Users: 50, Max Delay(ms): 2620.0, Avg Delay(ms): 39.99443333333334, Avg Profit(USD): 8.460094449463503
Delay distribution: 1) >1000ms:0.35% , 2)200ms~1000ms:3.42% , 3)50ms~200ms: 9.71% , 4)20ms~50ms: 22.52% , 5)<20ms: 64.0% 
Worst 10% Users: 5, Max Delay(ms): 2620.0, Avg Delay(ms): 232.76033333333334, Avg Profit(USD): 0.7048075943622437
Delay distribution: 1) >1000ms:3.49% , 2)200ms~1000ms:31.03% , 3)50ms~200ms: 42.12% , 4)20ms~50ms: 16.71% , 5)<20ms: 6.65% 
Worst 25% Users: 7, Max Delay(ms): 540.0, Avg Delay(ms): 44.13404761904762, Avg Profit(USD): 3.1526182537473613
Delay distribution: 1) >1000ms:0.0% , 2)200ms~1000ms:2.26% , 3)50ms~200ms: 28.59% , 4)20ms~50ms: 40.61% , 5)<20ms: 28.54% 
Worst 50% Users: 13, Max Delay(ms): 150.0, Avg Delay(ms): 19.021923076923077, Avg Profit(USD): 6.246978187730623
Delay distribution: 1) >1000ms:0.0% , 2)200ms~1000ms:0.0% , 3)50ms~200ms: 5.57% , 4)20ms~50ms: 39.99% , 5)<20ms: 54.44% 
Left Users: 25, Max Delay(ms): 110.0, Avg Delay(ms): 11.187866666666668, Avg Profit(USD): 12.648065611385375
Delay distribution: 1) >1000ms:0.0% , 2)200ms~1000ms:0.0% , 3)50ms~200ms: 0.1% , 4)20ms~50ms: 9.52% , 5)<20ms: 90.37% 

Simulator step: 0
Simulator step: 1000
Simulator step: 2000
Simulator step: 3000
Simulator step: 4000
Simulator step: 5000
------------------------
Cycle: 17, start time: 13:25, end time: 13:30
------------------------
Total Users: 50, Max Delay(ms): 2270.0, Avg Delay(ms): 39.711000000000006, Avg Profit(USD): 8.458695729316641
Delay distribution: 1) >1000ms:0.41% , 2)200ms~1000ms:3.28% , 3)50ms~200ms: 9.63% , 4)20ms~50ms: 22.68% , 5)<20ms: 64.0% 
Worst 10% Users: 5, Max Delay(ms): 2270.0, Avg Delay(ms): 231.002, Avg Profit(USD): 0.7224208936456441
Delay distribution: 1) >1000ms:4.1% , 2)200ms~1000ms:29.93% , 3)50ms~200ms: 42.13% , 4)20ms~50ms: 17.02% , 5)<20ms: 6.82% 
Worst 25% Users: 7, Max Delay(ms): 540.0, Avg Delay(ms): 43.503571428571426, Avg Profit(USD): 3.1517554340436473
Delay distribution: 1) >1000ms:0.0% , 2)200ms~1000ms:2.05% , 3)50ms~200ms: 28.28% , 4)20ms~50ms: 41.13% , 5)<20ms: 28.55% 
Worst 50% Users: 13, Max Delay(ms): 160.0, Avg Delay(ms): 18.971153846153847, Avg Profit(USD): 6.223372284666676
Delay distribution: 1) >1000ms:0.0% , 2)200ms~1000ms:0.0% , 3)50ms~200ms: 5.46% , 4)20ms~50ms: 40.24% , 5)<20ms: 54.3% 
Left Users: 25, Max Delay(ms): 100.0, Avg Delay(ms): 11.175600000000001, Avg Profit(USD): 12.654262170345264
Delay distribution: 1) >1000ms:0.0% , 2)200ms~1000ms:0.0% , 3)50ms~200ms: 0.08% , 4)20ms~50ms: 9.51% , 5)<20ms: 90.41% 

Simulator step: 0
Simulator step: 1000
Simulator step: 2000
Simulator step: 3000
Simulator step: 4000
Simulator step: 5000
------------------------
Cycle: 18, start time: 13:30, end time: 13:35
------------------------
Total Users: 50, Max Delay(ms): 2010.0, Avg Delay(ms): 38.64423333333335, Avg Profit(USD): 8.4609694632849
Delay distribution: 1) >1000ms:0.31% , 2)200ms~1000ms:3.36% , 3)50ms~200ms: 9.91% , 4)20ms~50ms: 22.42% , 5)<20ms: 64.0% 
Worst 10% Users: 5, Max Delay(ms): 2010.0, Avg Delay(ms): 220.45900000000003, Avg Profit(USD): 0.7011331537370797
Delay distribution: 1) >1000ms:3.1% , 2)200ms~1000ms:31.1% , 3)50ms~200ms: 42.72% , 4)20ms~50ms: 16.48% , 5)<20ms: 6.6% 
Worst 25% Users: 7, Max Delay(ms): 480.0, Avg Delay(ms): 43.21880952380952, Avg Profit(USD): 3.110701038705582
Delay distribution: 1) >1000ms:0.0% , 2)200ms~1000ms:1.79% , 3)50ms~200ms: 29.15% , 4)20ms~50ms: 40.86% , 5)<20ms: 28.2% 
Worst 50% Users: 13, Max Delay(ms): 190.0, Avg Delay(ms): 19.16935897435897, Avg Profit(USD): 6.211724980229226
Delay distribution: 1) >1000ms:0.0% , 2)200ms~1000ms:0.0% , 3)50ms~200ms: 5.88% , 4)20ms~50ms: 39.98% , 5)<20ms: 54.14% 
Left Users: 25, Max Delay(ms): 80.0, Avg Delay(ms): 11.12733333333333, Avg Profit(USD): 12.680619015265624
Delay distribution: 1) >1000ms:0.0% , 2)200ms~1000ms:0.0% , 3)50ms~200ms: 0.05% , 4)20ms~50ms: 9.31% , 5)<20ms: 90.63% 

Simulator step: 0
Simulator step: 1000
Simulator step: 2000
Simulator step: 3000
Simulator step: 4000
Simulator step: 5000
------------------------
Cycle: 19, start time: 13:35, end time: 13:40
------------------------
Total Users: 50, Max Delay(ms): 2540.0, Avg Delay(ms): 40.42260000000002, Avg Profit(USD): 8.460064523204084
Delay distribution: 1) >1000ms:0.47% , 2)200ms~1000ms:3.2% , 3)50ms~200ms: 9.71% , 4)20ms~50ms: 22.61% , 5)<20ms: 64.0% 
Worst 10% Users: 5, Max Delay(ms): 2540.0, Avg Delay(ms): 238.13966666666664, Avg Profit(USD): 0.7118310923672169
Delay distribution: 1) >1000ms:4.74% , 2)200ms~1000ms:29.28% , 3)50ms~200ms: 42.41% , 4)20ms~50ms: 16.83% , 5)<20ms: 6.73% 
Worst 25% Users: 7, Max Delay(ms): 560.0, Avg Delay(ms): 43.16809523809524, Avg Profit(USD): 3.172657483333812
Delay distribution: 1) >1000ms:0.0% , 2)200ms~1000ms:1.97% , 3)50ms~200ms: 28.06% , 4)20ms~50ms: 41.2% , 5)<20ms: 28.77% 
Worst 50% Users: 13, Max Delay(ms): 200.0, Avg Delay(ms): 19.133333333333333, Avg Profit(USD): 6.226854468826944
Delay distribution: 1) >1000ms:0.0% , 2)200ms~1000ms:0.0% , 3)50ms~200ms: 5.75% , 4)20ms~50ms: 39.97% , 5)<20ms: 54.27% 
Left Users: 25, Max Delay(ms): 80.0, Avg Delay(ms): 11.180866666666665, Avg Profit(USD): 12.651454408811249
Delay distribution: 1) >1000ms:0.0% , 2)200ms~1000ms:0.0% , 3)50ms~200ms: 0.08% , 4)20ms~50ms: 9.54% , 5)<20ms: 90.38% 

Simulator step: 0
Simulator step: 1000
Simulator step: 2000
Simulator step: 3000
Simulator step: 4000
Simulator step: 5000
------------------------
Cycle: 20, start time: 13:40, end time: 13:45
------------------------
Total Users: 50, Max Delay(ms): 2120.0, Avg Delay(ms): 40.776333333333326, Avg Profit(USD): 8.457225414911512
Delay distribution: 1) >1000ms:0.41% , 2)200ms~1000ms:3.5% , 3)50ms~200ms: 9.51% , 4)20ms~50ms: 22.58% , 5)<20ms: 64.0% 
Worst 10% Users: 5, Max Delay(ms): 2120.0, Avg Delay(ms): 240.35666666666668, Avg Profit(USD): 0.705624416455734
Delay distribution: 1) >1000ms:4.11% , 2)200ms~1000ms:31.7% , 3)50ms~200ms: 40.73% , 4)20ms~50ms: 16.81% , 5)<20ms: 6.65% 
Worst 25% Users: 7, Max Delay(ms): 640.0, Avg Delay(ms): 44.25857142857143, Avg Profit(USD): 3.150984913097964
Delay distribution: 1) >1000ms:0.0% , 2)200ms~1000ms:2.38% , 3)50ms~200ms: 27.99% , 4)20ms~50ms: 41.06% , 5)<20ms: 28.57% 
Worst 50% Users: 13, Max Delay(ms): 200.0, Avg Delay(ms): 19.103333333333328, Avg Profit(USD): 6.220610291977786
Delay distribution: 1) >1000ms:0.0% , 2)200ms~1000ms:0.0% , 3)50ms~200ms: 5.7% , 4)20ms~50ms: 40.1% , 5)<20ms: 54.2% 
Left Users: 25, Max Delay(ms): 90.0, Avg Delay(ms): 11.1552, Avg Profit(USD): 12.656332819035995
Delay distribution: 1) >1000ms:0.0% , 2)200ms~1000ms:0.0% , 3)50ms~200ms: 0.07% , 4)20ms~50ms: 9.45% , 5)<20ms: 90.49% 

Simulator step: 0
Simulator step: 1000
Simulator step: 2000
Simulator step: 3000
Simulator step: 4000
Simulator step: 5000
------------------------
Cycle: 21, start time: 13:45, end time: 13:50
------------------------
Total Users: 50, Max Delay(ms): 3610.0, Avg Delay(ms): 41.23539999999998, Avg Profit(USD): 8.461015536615408
Delay distribution: 1) >1000ms:0.46% , 2)200ms~1000ms:3.17% , 3)50ms~200ms: 9.82% , 4)20ms~50ms: 22.55% , 5)<20ms: 64.0% 
Worst 10% Users: 5, Max Delay(ms): 3610.0, Avg Delay(ms): 245.79033333333336, Avg Profit(USD): 0.7198190108441748
Delay distribution: 1) >1000ms:4.6% , 2)200ms~1000ms:29.17% , 3)50ms~200ms: 42.26% , 4)20ms~50ms: 17.16% , 5)<20ms: 6.8% 
Worst 25% Users: 7, Max Delay(ms): 560.0, Avg Delay(ms): 43.869047619047606, Avg Profit(USD): 3.0851171147279537
Delay distribution: 1) >1000ms:0.0% , 2)200ms~1000ms:1.83% , 3)50ms~200ms: 29.53% , 4)20ms~50ms: 40.68% , 5)<20ms: 27.96% 
Worst 50% Users: 13, Max Delay(ms): 200.0, Avg Delay(ms): 18.997564102564105, Avg Profit(USD): 6.245026327388806
Delay distribution: 1) >1000ms:0.0% , 2)200ms~1000ms:0.0% , 3)50ms~200ms: 5.48% , 4)20ms~50ms: 40.05% , 5)<20ms: 54.48% 
Left Users: 25, Max Delay(ms): 80.0, Avg Delay(ms): 11.150666666666666, Avg Profit(USD): 12.666820788695977
Delay distribution: 1) >1000ms:0.0% , 2)200ms~1000ms:0.0% , 3)50ms~200ms: 0.07% , 4)20ms~50ms: 9.45% , 5)<20ms: 90.48% 

Simulator step: 0
Simulator step: 1000
Simulator step: 2000
Simulator step: 3000
Simulator step: 4000
Simulator step: 5000
------------------------
Cycle: 22, start time: 13:50, end time: 13:55
------------------------
Total Users: 50, Max Delay(ms): 2670.0, Avg Delay(ms): 42.34933333333334, Avg Profit(USD): 8.459555045447518
Delay distribution: 1) >1000ms:0.56% , 2)200ms~1000ms:3.29% , 3)50ms~200ms: 9.64% , 4)20ms~50ms: 22.51% , 5)<20ms: 64.0% 
Worst 10% Users: 5, Max Delay(ms): 2670.0, Avg Delay(ms): 257.61100000000005, Avg Profit(USD): 0.6759288074341381
Delay distribution: 1) >1000ms:5.63% , 2)200ms~1000ms:30.04% , 3)50ms~200ms: 41.75% , 4)20ms~50ms: 16.21% , 5)<20ms: 6.37% 
Worst 25% Users: 7, Max Delay(ms): 490.0, Avg Delay(ms): 43.16047619047619, Avg Profit(USD): 3.1515159139421476
Delay distribution: 1) >1000ms:0.0% , 2)200ms~1000ms:2.03% , 3)50ms~200ms: 28.14% , 4)20ms~50ms: 41.3% , 5)<20ms: 28.53% 
Worst 50% Users: 13, Max Delay(ms): 210.0, Avg Delay(ms): 19.054743589743588, Avg Profit(USD): 6.272303450622037
Delay distribution: 1) >1000ms:0.0% , 2)200ms~1000ms:0.01% , 3)50ms~200ms: 5.73% , 4)20ms~50ms: 39.61% , 5)<20ms: 54.66% 
Left Users: 25, Max Delay(ms): 80.0, Avg Delay(ms): 11.183066666666669, Avg Profit(USD): 12.639902079180953
Delay distribution: 1) >1000ms:0.0% , 2)200ms~1000ms:0.0% , 3)50ms~200ms: 0.07% , 4)20ms~50ms: 9.62% , 5)<20ms: 90.31% 

Simulator step: 0
Simulator step: 1000
Simulator step: 2000
Simulator step: 3000
Simulator step: 4000
Simulator step: 5000
------------------------
Cycle: 23, start time: 13:55, end time: 14:00
------------------------
Total Users: 50, Max Delay(ms): 2070.0, Avg Delay(ms): 38.45963333333334, Avg Profit(USD): 8.462319774403028
Delay distribution: 1) >1000ms:0.33% , 2)200ms~1000ms:3.29% , 3)50ms~200ms: 9.78% , 4)20ms~50ms: 22.6% , 5)<20ms: 64.0% 
Worst 10% Users: 5, Max Delay(ms): 2070.0, Avg Delay(ms): 218.96933333333334, Avg Profit(USD): 0.7070183620615118
Delay distribution: 1) >1000ms:3.29% , 2)200ms~1000ms:30.21% , 3)50ms~200ms: 43.09% , 4)20ms~50ms: 16.73% , 5)<20ms: 6.67% 
Worst 25% Users: 7, Max Delay(ms): 500.0, Avg Delay(ms): 43.05500000000001, Avg Profit(USD): 3.1325496552194956
Delay distribution: 1) >1000ms:0.0% , 2)200ms~1000ms:1.91% , 3)50ms~200ms: 28.42% , 4)20ms~50ms: 41.29% , 5)<20ms: 28.39% 
Worst 50% Users: 13, Max Delay(ms): 190.0, Avg Delay(ms): 19.065384615384616, Avg Profit(USD): 6.232057394864931
Delay distribution: 1) >1000ms:0.0% , 2)200ms~1000ms:0.0% , 3)50ms~200ms: 5.62% , 4)20ms~50ms: 40.07% , 5)<20ms: 54.31% 
Left Users: 25, Max Delay(ms): 80.0, Avg Delay(ms): 11.155999999999999, Avg Profit(USD): 12.665452127602537
Delay distribution: 1) >1000ms:0.0% , 2)200ms~1000ms:0.0% , 3)50ms~200ms: 0.06% , 4)20ms~50ms: 9.46% , 5)<20ms: 90.48% 

Simulator step: 0
Simulator step: 1000
Simulator step: 2000
Simulator step: 3000
Simulator step: 4000
Simulator step: 5000
------------------------
Cycle: 24, start time: 14:00, end time: 14:05
------------------------
Total Users: 50, Max Delay(ms): 3320.0, Avg Delay(ms): 42.83246666666667, Avg Profit(USD): 8.459058785988791
Delay distribution: 1) >1000ms:0.51% , 2)200ms~1000ms:3.43% , 3)50ms~200ms: 9.63% , 4)20ms~50ms: 22.43% , 5)<20ms: 64.0% 
Worst 10% Users: 5, Max Delay(ms): 3320.0, Avg Delay(ms): 260.0626666666667, Avg Profit(USD): 0.698214149337289
Delay distribution: 1) >1000ms:5.14% , 2)200ms~1000ms:30.87% , 3)50ms~200ms: 41.07% , 4)20ms~50ms: 16.35% , 5)<20ms: 6.58% 
Worst 25% Users: 7, Max Delay(ms): 640.0, Avg Delay(ms): 45.23904761904761, Avg Profit(USD): 3.0842057585371006
Delay distribution: 1) >1000ms:0.0% , 2)200ms~1000ms:2.43% , 3)50ms~200ms: 29.09% , 4)20ms~50ms: 40.49% , 5)<20ms: 28.0% 
Worst 50% Users: 13, Max Delay(ms): 230.0, Avg Delay(ms): 18.875641025641027, Avg Profit(USD): 6.267086039549854
Delay distribution: 1) >1000ms:0.0% , 2)200ms~1000ms:0.01% , 3)50ms~200ms: 5.42% , 4)20ms~50ms: 39.91% , 5)<20ms: 54.67% 
Left Users: 25, Max Delay(ms): 80.0, Avg Delay(ms): 11.170133333333334, Avg Profit(USD): 12.656012389153817
Delay distribution: 1) >1000ms:0.0% , 2)200ms~1000ms:0.0% , 3)50ms~200ms: 0.08% , 4)20ms~50ms: 9.5% , 5)<20ms: 90.42% 

Simulator step: 0
Simulator step: 1000
Simulator step: 2000
Simulator step: 3000
Simulator step: 4000
Simulator step: 5000
------------------------
Cycle: 25, start time: 14:05, end time: 14:10
------------------------
Total Users: 50, Max Delay(ms): 3050.0, Avg Delay(ms): 42.950233333333344, Avg Profit(USD): 8.46226107546967
Delay distribution: 1) >1000ms:0.57% , 2)200ms~1000ms:3.35% , 3)50ms~200ms: 9.57% , 4)20ms~50ms: 22.51% , 5)<20ms: 64.0% 
Worst 10% Users: 5, Max Delay(ms): 3050.0, Avg Delay(ms): 261.6066666666667, Avg Profit(USD): 0.6934658380184588
Delay distribution: 1) >1000ms:5.67% , 2)200ms~1000ms:30.2% , 3)50ms~200ms: 41.1% , 4)20ms~50ms: 16.5% , 5)<20ms: 6.54% 
Worst 25% Users: 7, Max Delay(ms): 720.0, Avg Delay(ms): 44.941428571428574, Avg Profit(USD): 3.095423055595275
Delay distribution: 1) >1000ms:0.0% , 2)200ms~1000ms:2.34% , 3)50ms~200ms: 28.67% , 4)20ms~50ms: 40.98% , 5)<20ms: 28.02% 
Worst 50% Users: 13, Max Delay(ms): 180.0, Avg Delay(ms): 18.910256410256412, Avg Profit(USD): 6.270463255275658
Delay distribution: 1) >1000ms:0.0% , 2)200ms~1000ms:0.0% , 3)50ms~200ms: 5.45% , 4)20ms~50ms: 39.92% , 5)<20ms: 54.63% 
Left Users: 25, Max Delay(ms): 80.0, Avg Delay(ms): 11.162200000000002, Avg Profit(USD): 12.658469635025629
Delay distribution: 1) >1000ms:0.0% , 2)200ms~1000ms:0.0% , 3)50ms~200ms: 0.07% , 4)20ms~50ms: 9.49% , 5)<20ms: 90.44% 

Simulator step: 0
Simulator step: 1000
Simulator step: 2000
Simulator step: 3000
Simulator step: 4000
Simulator step: 5000
------------------------
Cycle: 26, start time: 14:10, end time: 14:15
------------------------
Total Users: 50, Max Delay(ms): 2270.0, Avg Delay(ms): 40.085766666666665, Avg Profit(USD): 8.456331746449944
Delay distribution: 1) >1000ms:0.44% , 2)200ms~1000ms:3.18% , 3)50ms~200ms: 9.72% , 4)20ms~50ms: 22.67% , 5)<20ms: 64.0% 
Worst 10% Users: 5, Max Delay(ms): 2270.0, Avg Delay(ms): 234.89466666666664, Avg Profit(USD): 0.727338846685415
Delay distribution: 1) >1000ms:4.38% , 2)200ms~1000ms:29.03% , 3)50ms~200ms: 42.49% , 4)20ms~50ms: 17.25% , 5)<20ms: 6.86% 
Worst 25% Users: 7, Max Delay(ms): 530.0, Avg Delay(ms): 43.18142857142857, Avg Profit(USD): 3.1669805384264076
Delay distribution: 1) >1000ms:0.0% , 2)200ms~1000ms:1.95% , 3)50ms~200ms: 28.26% , 4)20ms~50ms: 41.07% , 5)<20ms: 28.72% 
Worst 50% Users: 13, Max Delay(ms): 160.0, Avg Delay(ms): 19.087820512820514, Avg Profit(USD): 6.224767460976101
Delay distribution: 1) >1000ms:0.0% , 2)200ms~1000ms:0.0% , 3)50ms~200ms: 5.69% , 4)20ms~50ms: 40.01% , 5)<20ms: 54.3% 
Left Users: 25, Max Delay(ms): 90.0, Avg Delay(ms): 11.176133333333333, Avg Profit(USD): 12.64356209309584
Delay distribution: 1) >1000ms:0.0% , 2)200ms~1000ms:0.0% , 3)50ms~200ms: 0.07% , 4)20ms~50ms: 9.57% , 5)<20ms: 90.35% 

Simulator step: 0
Simulator step: 1000
Simulator step: 2000
Simulator step: 3000
Simulator step: 4000
Simulator step: 5000
------------------------
Cycle: 27, start time: 14:15, end time: 14:20
------------------------
Total Users: 50, Max Delay(ms): 2850.0, Avg Delay(ms): 41.631166666666665, Avg Profit(USD): 8.461759126991465
Delay distribution: 1) >1000ms:0.47% , 2)200ms~1000ms:3.43% , 3)50ms~200ms: 9.54% , 4)20ms~50ms: 22.57% , 5)<20ms: 64.0% 
Worst 10% Users: 5, Max Delay(ms): 2850.0, Avg Delay(ms): 248.97733333333335, Avg Profit(USD): 0.7079560009195567
Delay distribution: 1) >1000ms:4.65% , 2)200ms~1000ms:31.09% , 3)50ms~200ms: 40.95% , 4)20ms~50ms: 16.64% , 5)<20ms: 6.67% 
Worst 25% Users: 7, Max Delay(ms): 700.0, Avg Delay(ms): 44.25071428571428, Avg Profit(USD): 3.126565993003555
Delay distribution: 1) >1000ms:0.0% , 2)200ms~1000ms:2.3% , 3)50ms~200ms: 28.13% , 4)20ms~50ms: 41.22% , 5)<20ms: 28.35% 
Worst 50% Users: 13, Max Delay(ms): 190.0, Avg Delay(ms): 19.092948717948715, Avg Profit(USD): 6.221695544172306
Delay distribution: 1) >1000ms:0.0% , 2)200ms~1000ms:0.0% , 3)50ms~200ms: 5.66% , 4)20ms~50ms: 40.1% , 5)<20ms: 54.24% 
Left Users: 25, Max Delay(ms): 80.0, Avg Delay(ms): 11.148333333333333, Avg Profit(USD): 12.671206892788428
Delay distribution: 1) >1000ms:0.0% , 2)200ms~1000ms:0.0% , 3)50ms~200ms: 0.06% , 4)20ms~50ms: 9.42% , 5)<20ms: 90.52% 

Simulator step: 0
Simulator step: 1000
Simulator step: 2000
Simulator step: 3000
Simulator step: 4000
Simulator step: 5000
------------------------
Cycle: 28, start time: 14:20, end time: 14:25
------------------------
Total Users: 50, Max Delay(ms): 2450.0, Avg Delay(ms): 39.683366666666664, Avg Profit(USD): 8.460775640235516
Delay distribution: 1) >1000ms:0.41% , 2)200ms~1000ms:3.23% , 3)50ms~200ms: 9.71% , 4)20ms~50ms: 22.65% , 5)<20ms: 64.0% 
Worst 10% Users: 5, Max Delay(ms): 2450.0, Avg Delay(ms): 230.5676666666667, Avg Profit(USD): 0.7132027216114741
Delay distribution: 1) >1000ms:4.11% , 2)200ms~1000ms:29.4% , 3)50ms~200ms: 42.7% , 4)20ms~50ms: 17.06% , 5)<20ms: 6.73% 
Worst 25% Users: 7, Max Delay(ms): 500.0, Avg Delay(ms): 43.49738095238095, Avg Profit(USD): 3.1349382303013775
Delay distribution: 1) >1000ms:0.0% , 2)200ms~1000ms:2.09% , 3)50ms~200ms: 28.07% , 4)20ms~50ms: 41.45% , 5)<20ms: 28.39% 
Worst 50% Users: 13, Max Delay(ms): 160.0, Avg Delay(ms): 19.047307692307694, Avg Profit(USD): 6.239636111404457
Delay distribution: 1) >1000ms:0.0% , 2)200ms~1000ms:0.0% , 3)50ms~200ms: 5.64% , 4)20ms~50ms: 40.01% , 5)<20ms: 54.35% 
Left Users: 25, Max Delay(ms): 90.0, Avg Delay(ms): 11.16933333333333, Avg Profit(USD): 12.656517253734028
Delay distribution: 1) >1000ms:0.0% , 2)200ms~1000ms:0.0% , 3)50ms~200ms: 0.08% , 4)20ms~50ms: 9.48% , 5)<20ms: 90.44% 

Simulator step: 0
Simulator step: 1000
Simulator step: 2000
Simulator step: 3000
Simulator step: 4000
Simulator step: 5000
------------------------
Cycle: 29, start time: 14:25, end time: 14:30
------------------------
Total Users: 50, Max Delay(ms): 2650.0, Avg Delay(ms): 41.468966666666674, Avg Profit(USD): 8.462068616879572
Delay distribution: 1) >1000ms:0.5% , 2)200ms~1000ms:3.31% , 3)50ms~200ms: 9.65% , 4)20ms~50ms: 22.54% , 5)<20ms: 64.0% 
Worst 10% Users: 5, Max Delay(ms): 2650.0, Avg Delay(ms): 248.55866666666662, Avg Profit(USD): 0.6975032388266524
Delay distribution: 1) >1000ms:5.0% , 2)200ms~1000ms:30.28% , 3)50ms~200ms: 41.39% , 4)20ms~50ms: 16.75% , 5)<20ms: 6.58% 
Worst 25% Users: 7, Max Delay(ms): 470.0, Avg Delay(ms): 43.37166666666667, Avg Profit(USD): 3.117526054588667
Delay distribution: 1) >1000ms:0.0% , 2)200ms~1000ms:1.99% , 3)50ms~200ms: 28.54% , 4)20ms~50ms: 41.22% , 5)<20ms: 28.25% 
Worst 50% Users: 13, Max Delay(ms): 210.0, Avg Delay(ms): 19.086153846153845, Avg Profit(USD): 6.2360961190906385
Delay distribution: 1) >1000ms:0.0% , 2)200ms~1000ms:0.0% , 3)50ms~200ms: 5.73% , 4)20ms~50ms: 39.92% , 5)<20ms: 54.36% 
Left Users: 25, Max Delay(ms): 80.0, Avg Delay(ms): 11.157333333333334, Avg Profit(USD): 12.668959308781853
Delay distribution: 1) >1000ms:0.0% , 2)200ms~1000ms:0.0% , 3)50ms~200ms: 0.07% , 4)20ms~50ms: 9.43% , 5)<20ms: 90.51% 

Simulator step: 0
Simulator step: 1000
Simulator step: 2000
Simulator step: 3000
Simulator step: 4000
Simulator step: 5000
------------------------
Cycle: 30, start time: 14:30, end time: 14:35
------------------------
Total Users: 50, Max Delay(ms): 2370.0, Avg Delay(ms): 41.706100000000006, Avg Profit(USD): 8.460062012811033
Delay distribution: 1) >1000ms:0.5% , 2)200ms~1000ms:3.37% , 3)50ms~200ms: 9.66% , 4)20ms~50ms: 22.46% , 5)<20ms: 64.0% 
Worst 10% Users: 5, Max Delay(ms): 2370.0, Avg Delay(ms): 250.65366666666665, Avg Profit(USD): 0.6806766640751859
Delay distribution: 1) >1000ms:5.04% , 2)200ms~1000ms:30.86% , 3)50ms~200ms: 41.56% , 4)20ms~50ms: 16.14% , 5)<20ms: 6.4% 
Worst 25% Users: 7, Max Delay(ms): 430.0, Avg Delay(ms): 43.50380952380953, Avg Profit(USD): 3.1394064795287937
Delay distribution: 1) >1000ms:0.0% , 2)200ms~1000ms:2.06% , 3)50ms~200ms: 28.39% , 4)20ms~50ms: 41.08% , 5)<20ms: 28.47% 
Worst 50% Users: 13, Max Delay(ms): 180.0, Avg Delay(ms): 19.13820512820513, Avg Profit(USD): 6.223489277326956
Delay distribution: 1) >1000ms:0.0% , 2)200ms~1000ms:0.0% , 3)50ms~200ms: 5.77% , 4)20ms~50ms: 39.97% , 5)<20ms: 54.26% 
Left Users: 25, Max Delay(ms): 80.0, Avg Delay(ms): 11.148533333333335, Avg Profit(USD): 12.668740454328951
Delay distribution: 1) >1000ms:0.0% , 2)200ms~1000ms:0.0% , 3)50ms~200ms: 0.06% , 4)20ms~50ms: 9.4% , 5)<20ms: 90.53% 

Simulator step: 0
Simulator step: 1000
Simulator step: 2000
Simulator step: 3000
Simulator step: 4000
Simulator step: 5000
------------------------
Cycle: 31, start time: 14:35, end time: 14:40
------------------------
Total Users: 50, Max Delay(ms): 2190.0, Avg Delay(ms): 37.912000000000006, Avg Profit(USD): 8.459377600895989
Delay distribution: 1) >1000ms:0.25% , 2)200ms~1000ms:3.43% , 3)50ms~200ms: 9.85% , 4)20ms~50ms: 22.47% , 5)<20ms: 64.0% 
Worst 10% Users: 5, Max Delay(ms): 2190.0, Avg Delay(ms): 210.69099999999997, Avg Profit(USD): 0.7198262955121921
Delay distribution: 1) >1000ms:2.48% , 2)200ms~1000ms:30.94% , 3)50ms~200ms: 42.83% , 4)20ms~50ms: 16.96% , 5)<20ms: 6.78% 
Worst 25% Users: 7, Max Delay(ms): 590.0, Avg Delay(ms): 44.98119047619048, Avg Profit(USD): 3.091423022278503
Delay distribution: 1) >1000ms:0.0% , 2)200ms~1000ms:2.4% , 3)50ms~200ms: 28.78% , 4)20ms~50ms: 40.77% , 5)<20ms: 28.05% 
Worst 50% Users: 13, Max Delay(ms): 170.0, Avg Delay(ms): 19.107307692307693, Avg Profit(USD): 6.239106355350848
Delay distribution: 1) >1000ms:0.0% , 2)200ms~1000ms:0.0% , 3)50ms~200ms: 5.78% , 4)20ms~50ms: 39.84% , 5)<20ms: 54.38% 
Left Users: 25, Max Delay(ms): 70.0, Avg Delay(ms): 11.155266666666666, Avg Profit(USD): 12.664856191669113
Delay distribution: 1) >1000ms:0.0% , 2)200ms~1000ms:0.0% , 3)50ms~200ms: 0.07% , 4)20ms~50ms: 9.42% , 5)<20ms: 90.51% 

Simulator step: 0
Simulator step: 1000
Simulator step: 2000
Simulator step: 3000
Simulator step: 4000
Simulator step: 5000
------------------------
Cycle: 32, start time: 14:40, end time: 14:45
------------------------
Total Users: 50, Max Delay(ms): 4770.0, Avg Delay(ms): 43.2937, Avg Profit(USD): 8.457919926363594
Delay distribution: 1) >1000ms:0.55% , 2)200ms~1000ms:3.23% , 3)50ms~200ms: 9.61% , 4)20ms~50ms: 22.61% , 5)<20ms: 64.0% 
Worst 10% Users: 5, Max Delay(ms): 4770.0, Avg Delay(ms): 266.9593333333333, Avg Profit(USD): 0.712836625009033
Delay distribution: 1) >1000ms:5.52% , 2)200ms~1000ms:29.53% , 3)50ms~200ms: 41.38% , 4)20ms~50ms: 16.85% , 5)<20ms: 6.72% 
Worst 25% Users: 7, Max Delay(ms): 540.0, Avg Delay(ms): 43.270714285714284, Avg Profit(USD): 3.1586039639496297
Delay distribution: 1) >1000ms:0.0% , 2)200ms~1000ms:2.0% , 3)50ms~200ms: 28.36% , 4)20ms~50ms: 41.01% , 5)<20ms: 28.63% 
Worst 50% Users: 13, Max Delay(ms): 170.0, Avg Delay(ms): 19.040384615384617, Avg Profit(USD): 6.241788569781049
Delay distribution: 1) >1000ms:0.0% , 2)200ms~1000ms:0.0% , 3)50ms~200ms: 5.61% , 4)20ms~50ms: 39.98% , 5)<20ms: 54.41% 
Left Users: 25, Max Delay(ms): 70.0, Avg Delay(ms): 11.17873333333333, Avg Profit(USD): 12.643133361533343
Delay distribution: 1) >1000ms:0.0% , 2)200ms~1000ms:0.0% , 3)50ms~200ms: 0.08% , 4)20ms~50ms: 9.57% , 5)<20ms: 90.35% 

Simulator step: 0
Simulator step: 1000
Simulator step: 2000
Simulator step: 3000
Simulator step: 4000
Simulator step: 5000
------------------------
Cycle: 33, start time: 14:45, end time: 14:50
------------------------
Total Users: 50, Max Delay(ms): 2290.0, Avg Delay(ms): 37.797066666666666, Avg Profit(USD): 8.457966742803222
Delay distribution: 1) >1000ms:0.3% , 2)200ms~1000ms:3.16% , 3)50ms~200ms: 9.93% , 4)20ms~50ms: 22.61% , 5)<20ms: 64.0% 
Worst 10% Users: 5, Max Delay(ms): 2290.0, Avg Delay(ms): 211.476, Avg Profit(USD): 0.7376977167727725
Delay distribution: 1) >1000ms:3.01% , 2)200ms~1000ms:28.92% , 3)50ms~200ms: 43.51% , 4)20ms~50ms: 17.58% , 5)<20ms: 6.98% 
Worst 25% Users: 7, Max Delay(ms): 590.0, Avg Delay(ms): 43.39, Avg Profit(USD): 3.1326089336744443
Delay distribution: 1) >1000ms:0.0% , 2)200ms~1000ms:1.93% , 3)50ms~200ms: 28.72% , 4)20ms~50ms: 40.94% , 5)<20ms: 28.42% 
Worst 50% Users: 13, Max Delay(ms): 190.0, Avg Delay(ms): 19.205641025641025, Avg Profit(USD): 6.213136531121238
Delay distribution: 1) >1000ms:0.0% , 2)200ms~1000ms:0.0% , 3)50ms~200ms: 5.85% , 4)20ms~50ms: 39.94% , 5)<20ms: 54.21% 
Left Users: 25, Max Delay(ms): 70.0, Avg Delay(ms): 11.1628, Avg Profit(USD): 12.660432444640001
Delay distribution: 1) >1000ms:0.0% , 2)200ms~1000ms:0.0% , 3)50ms~200ms: 0.07% , 4)20ms~50ms: 9.47% , 5)<20ms: 90.46% 

Simulator step: 0
Simulator step: 1000
Simulator step: 2000
Simulator step: 3000
Simulator step: 4000
Simulator step: 5000
------------------------
Cycle: 34, start time: 14:50, end time: 14:55
------------------------
Total Users: 50, Max Delay(ms): 3140.0, Avg Delay(ms): 39.100133333333325, Avg Profit(USD): 8.460593015357848
Delay distribution: 1) >1000ms:0.31% , 2)200ms~1000ms:3.28% , 3)50ms~200ms: 9.82% , 4)20ms~50ms: 22.59% , 5)<20ms: 64.0% 
Worst 10% Users: 5, Max Delay(ms): 3140.0, Avg Delay(ms): 223.7043333333333, Avg Profit(USD): 0.7273606758798166
Delay distribution: 1) >1000ms:3.14% , 2)200ms~1000ms:29.83% , 3)50ms~200ms: 42.73% , 4)20ms~50ms: 17.44% , 5)<20ms: 6.86% 
Worst 25% Users: 7, Max Delay(ms): 480.0, Avg Delay(ms): 44.04452380952381, Avg Profit(USD): 3.1357401910390537
Delay distribution: 1) >1000ms:0.0% , 2)200ms~1000ms:2.13% , 3)50ms~200ms: 28.62% , 4)20ms~50ms: 40.85% , 5)<20ms: 28.39% 
Worst 50% Users: 13, Max Delay(ms): 230.0, Avg Delay(ms): 19.190128205128204, Avg Profit(USD): 6.20573496506634
Delay distribution: 1) >1000ms:0.0% , 2)200ms~1000ms:0.01% , 3)50ms~200ms: 5.78% , 4)20ms~50ms: 40.12% , 5)<20ms: 54.09% 
Left Users: 25, Max Delay(ms): 80.0, Avg Delay(ms): 11.148066666666669, Avg Profit(USD): 12.670724460214297
Delay distribution: 1) >1000ms:0.0% , 2)200ms~1000ms:0.0% , 3)50ms~200ms: 0.07% , 4)20ms~50ms: 9.38% , 5)<20ms: 90.55% 

Simulator step: 0
Simulator step: 1000
Simulator step: 2000
Simulator step: 3000
Simulator step: 4000
Simulator step: 5000
------------------------
Cycle: 35, start time: 14:55, end time: 15:00
------------------------
Total Users: 50, Max Delay(ms): 2600.0, Avg Delay(ms): 40.61629999999997, Avg Profit(USD): 8.461796271255368
Delay distribution: 1) >1000ms:0.41% , 2)200ms~1000ms:3.39% , 3)50ms~200ms: 9.6% , 4)20ms~50ms: 22.59% , 5)<20ms: 64.0% 
Worst 10% Users: 5, Max Delay(ms): 2600.0, Avg Delay(ms): 240.85066666666665, Avg Profit(USD): 0.6940536399545613
Delay distribution: 1) >1000ms:4.14% , 2)200ms~1000ms:31.35% , 3)50ms~200ms: 41.3% , 4)20ms~50ms: 16.66% , 5)<20ms: 6.56% 
Worst 25% Users: 7, Max Delay(ms): 440.0, Avg Delay(ms): 43.07904761904762, Avg Profit(USD): 3.113047335454712
Delay distribution: 1) >1000ms:0.0% , 2)200ms~1000ms:1.85% , 3)50ms~200ms: 28.73% , 4)20ms~50ms: 41.25% , 5)<20ms: 28.17% 
Worst 50% Users: 13, Max Delay(ms): 180.0, Avg Delay(ms): 18.92461538461539, Avg Profit(USD): 6.250305986399252
Delay distribution: 1) >1000ms:0.0% , 2)200ms~1000ms:0.0% , 3)50ms~200ms: 5.44% , 4)20ms~50ms: 40.12% , 5)<20ms: 54.44% 
Left Users: 25, Max Delay(ms): 80.0, Avg Delay(ms): 11.159533333333332, Avg Profit(USD): 12.662969447664896
Delay distribution: 1) >1000ms:0.0% , 2)200ms~1000ms:0.0% , 3)50ms~200ms: 0.07% , 4)20ms~50ms: 9.43% , 5)<20ms: 90.49% 

Simulator step: 0
Simulator step: 1000
Simulator step: 2000
Simulator step: 3000
Simulator step: 4000
Simulator step: 5000
------------------------
Cycle: 36, start time: 15:00, end time: 15:05
------------------------
Total Users: 50, Max Delay(ms): 2780.0, Avg Delay(ms): 39.010933333333334, Avg Profit(USD): 8.457728281260554
Delay distribution: 1) >1000ms:0.34% , 2)200ms~1000ms:3.33% , 3)50ms~200ms: 9.62% , 4)20ms~50ms: 22.71% , 5)<20ms: 64.0% 
Worst 10% Users: 5, Max Delay(ms): 2780.0, Avg Delay(ms): 224.7046666666667, Avg Profit(USD): 0.7105972148837496
Delay distribution: 1) >1000ms:3.39% , 2)200ms~1000ms:30.67% , 3)50ms~200ms: 42.27% , 4)20ms~50ms: 16.98% , 5)<20ms: 6.7% 
Worst 25% Users: 7, Max Delay(ms): 650.0, Avg Delay(ms): 43.06880952380952, Avg Profit(USD): 3.1468789869053655
Delay distribution: 1) >1000ms:0.0% , 2)200ms~1000ms:1.86% , 3)50ms~200ms: 28.25% , 4)20ms~50ms: 41.35% , 5)<20ms: 28.54% 
Worst 50% Users: 13, Max Delay(ms): 160.0, Avg Delay(ms): 18.929743589743588, Avg Profit(USD): 6.244715787313732
Delay distribution: 1) >1000ms:0.0% , 2)200ms~1000ms:0.0% , 3)50ms~200ms: 5.39% , 4)20ms~50ms: 40.16% , 5)<20ms: 54.46% 
Left Users: 25, Max Delay(ms): 100.0, Avg Delay(ms): 11.1782, Avg Profit(USD): 12.64495879380771
Delay distribution: 1) >1000ms:0.0% , 2)200ms~1000ms:0.0% , 3)50ms~200ms: 0.08% , 4)20ms~50ms: 9.56% , 5)<20ms: 90.35% 

Simulator step: 0
Simulator step: 1000
Simulator step: 2000
Simulator step: 3000
Simulator step: 4000
Simulator step: 5000
------------------------
Cycle: 37, start time: 15:05, end time: 15:10
------------------------
Total Users: 50, Max Delay(ms): 2490.0, Avg Delay(ms): 38.7864, Avg Profit(USD): 8.458476813939322
Delay distribution: 1) >1000ms:0.34% , 2)200ms~1000ms:3.27% , 3)50ms~200ms: 9.75% , 4)20ms~50ms: 22.64% , 5)<20ms: 64.0% 
Worst 10% Users: 5, Max Delay(ms): 2490.0, Avg Delay(ms): 221.78933333333336, Avg Profit(USD): 0.7253173053307508
Delay distribution: 1) >1000ms:3.37% , 2)200ms~1000ms:29.97% , 3)50ms~200ms: 42.56% , 4)20ms~50ms: 17.26% , 5)<20ms: 6.84% 
Worst 25% Users: 7, Max Delay(ms): 660.0, Avg Delay(ms): 43.27238095238095, Avg Profit(USD): 3.1631622439144276
Delay distribution: 1) >1000ms:0.0% , 2)200ms~1000ms:1.94% , 3)50ms~200ms: 28.45% , 4)20ms~50ms: 40.97% , 5)<20ms: 28.64% 
Worst 50% Users: 13, Max Delay(ms): 190.0, Avg Delay(ms): 19.09794871794872, Avg Profit(USD): 6.225591763057963
Delay distribution: 1) >1000ms:0.0% , 2)200ms~1000ms:0.0% , 3)50ms~200ms: 5.68% , 4)20ms~50ms: 40.07% , 5)<20ms: 54.24% 
Left Users: 25, Max Delay(ms): 90.0, Avg Delay(ms): 11.167733333333334, Avg Profit(USD): 12.648897021726311
Delay distribution: 1) >1000ms:0.0% , 2)200ms~1000ms:0.0% , 3)50ms~200ms: 0.07% , 4)20ms~50ms: 9.53% , 5)<20ms: 90.4% 

Simulator step: 0
Simulator step: 1000
Simulator step: 2000
Simulator step: 3000
Simulator step: 4000
Simulator step: 5000
------------------------
Cycle: 38, start time: 15:10, end time: 15:15
------------------------
Total Users: 50, Max Delay(ms): 2340.0, Avg Delay(ms): 39.76136666666665, Avg Profit(USD): 8.458293441813678
Delay distribution: 1) >1000ms:0.36% , 2)200ms~1000ms:3.33% , 3)50ms~200ms: 9.71% , 4)20ms~50ms: 22.6% , 5)<20ms: 64.0% 
Worst 10% Users: 5, Max Delay(ms): 2340.0, Avg Delay(ms): 230.368, Avg Profit(USD): 0.7100026696751995
Delay distribution: 1) >1000ms:3.57% , 2)200ms~1000ms:30.15% , 3)50ms~200ms: 42.41% , 4)20ms~50ms: 17.17% , 5)<20ms: 6.71% 
Worst 25% Users: 7, Max Delay(ms): 630.0, Avg Delay(ms): 44.192142857142855, Avg Profit(USD): 3.1416401653430506
Delay distribution: 1) >1000ms:0.0% , 2)200ms~1000ms:2.25% , 3)50ms~200ms: 28.51% , 4)20ms~50ms: 40.75% , 5)<20ms: 28.49% 
Worst 50% Users: 13, Max Delay(ms): 220.0, Avg Delay(ms): 19.062051282051286, Avg Profit(USD): 6.224171933429267
Delay distribution: 1) >1000ms:0.0% , 2)200ms~1000ms:0.0% , 3)50ms~200ms: 5.56% , 4)20ms~50ms: 40.18% , 5)<20ms: 54.26% 
Left Users: 25, Max Delay(ms): 80.0, Avg Delay(ms): 11.163066666666667, Avg Profit(USD): 12.658357698013043
Delay distribution: 1) >1000ms:0.0% , 2)200ms~1000ms:0.0% , 3)50ms~200ms: 0.07% , 4)20ms~50ms: 9.46% , 5)<20ms: 90.47% 

Simulator step: 0
Simulator step: 1000
Simulator step: 2000
Simulator step: 3000
Simulator step: 4000
Simulator step: 5000
------------------------
Cycle: 39, start time: 15:15, end time: 15:20
------------------------
Total Users: 50, Max Delay(ms): 3960.0, Avg Delay(ms): 41.9292, Avg Profit(USD): 8.457162837484757
Delay distribution: 1) >1000ms:0.47% , 2)200ms~1000ms:3.27% , 3)50ms~200ms: 9.73% , 4)20ms~50ms: 22.53% , 5)<20ms: 64.0% 
Worst 10% Users: 5, Max Delay(ms): 3960.0, Avg Delay(ms): 252.18300000000002, Avg Profit(USD): 0.7363172210661032
Delay distribution: 1) >1000ms:4.71% , 2)200ms~1000ms:29.8% , 3)50ms~200ms: 41.34% , 4)20ms~50ms: 17.21% , 5)<20ms: 6.94% 
Worst 25% Users: 7, Max Delay(ms): 600.0, Avg Delay(ms): 43.95119047619047, Avg Profit(USD): 3.1140173350971545
Delay distribution: 1) >1000ms:0.0% , 2)200ms~1000ms:2.1% , 3)50ms~200ms: 28.99% , 4)20ms~50ms: 40.72% , 5)<20ms: 28.19% 
Worst 50% Users: 13, Max Delay(ms): 210.0, Avg Delay(ms): 19.151666666666664, Avg Profit(USD): 6.219082907980804
Delay distribution: 1) >1000ms:0.0% , 2)200ms~1000ms:0.0% , 3)50ms~200ms: 5.77% , 4)20ms~50ms: 39.98% , 5)<20ms: 54.24% 
Left Users: 25, Max Delay(ms): 90.0, Avg Delay(ms): 11.1566, Avg Profit(USD): 12.661214264779074
Delay distribution: 1) >1000ms:0.0% , 2)200ms~1000ms:0.0% , 3)50ms~200ms: 0.07% , 4)20ms~50ms: 9.42% , 5)<20ms: 90.51% 

Simulator step: 0
Simulator step: 1000
Simulator step: 2000
Simulator step: 3000
Simulator step: 4000
Simulator step: 5000
------------------------
Cycle: 40, start time: 15:20, end time: 15:25
------------------------
Total Users: 50, Max Delay(ms): 1850.0, Avg Delay(ms): 37.57596666666667, Avg Profit(USD): 8.46142901417699
Delay distribution: 1) >1000ms:0.26% , 2)200ms~1000ms:3.29% , 3)50ms~200ms: 9.82% , 4)20ms~50ms: 22.62% , 5)<20ms: 64.0% 
Worst 10% Users: 5, Max Delay(ms): 1850.0, Avg Delay(ms): 209.79200000000003, Avg Profit(USD): 0.7192745793356742
Delay distribution: 1) >1000ms:2.63% , 2)200ms~1000ms:30.27% , 3)50ms~200ms: 43.12% , 4)20ms~50ms: 17.19% , 5)<20ms: 6.79% 
Worst 25% Users: 7, Max Delay(ms): 500.0, Avg Delay(ms): 43.25166666666667, Avg Profit(USD): 3.1357762733150953
Delay distribution: 1) >1000ms:0.0% , 2)200ms~1000ms:1.9% , 3)50ms~200ms: 28.64% , 4)20ms~50ms: 41.06% , 5)<20ms: 28.4% 
Worst 50% Users: 13, Max Delay(ms): 170.0, Avg Delay(ms): 19.049871794871795, Avg Profit(USD): 6.241251198066386
Delay distribution: 1) >1000ms:0.0% , 2)200ms~1000ms:0.0% , 3)50ms~200ms: 5.61% , 4)20ms~50ms: 40.0% , 5)<20ms: 54.39% 
Left Users: 25, Max Delay(ms): 120.0, Avg Delay(ms): 11.17713333333333, Avg Profit(USD): 12.655535132964095
Delay distribution: 1) >1000ms:0.0% , 2)200ms~1000ms:0.0% , 3)50ms~200ms: 0.08% , 4)20ms~50ms: 9.52% , 5)<20ms: 90.4% 

Simulator step: 0
Simulator step: 1000
Simulator step: 2000
Simulator step: 3000
Simulator step: 4000
Simulator step: 5000
------------------------
Cycle: 41, start time: 15:25, end time: 15:30
------------------------
Total Users: 50, Max Delay(ms): 2470.0, Avg Delay(ms): 38.243100000000005, Avg Profit(USD): 8.462841167321395
Delay distribution: 1) >1000ms:0.26% , 2)200ms~1000ms:3.39% , 3)50ms~200ms: 9.75% , 4)20ms~50ms: 22.61% , 5)<20ms: 64.0% 
Worst 10% Users: 5, Max Delay(ms): 2470.0, Avg Delay(ms): 216.229, Avg Profit(USD): 0.7137813730096292
Delay distribution: 1) >1000ms:2.56% , 2)200ms~1000ms:31.28% , 3)50ms~200ms: 42.68% , 4)20ms~50ms: 16.75% , 5)<20ms: 6.74% 
Worst 25% Users: 7, Max Delay(ms): 660.0, Avg Delay(ms): 43.38785714285714, Avg Profit(USD): 3.1612745587615922
Delay distribution: 1) >1000ms:0.0% , 2)200ms~1000ms:1.87% , 3)50ms~200ms: 28.44% , 4)20ms~50ms: 41.04% , 5)<20ms: 28.65% 
Worst 50% Users: 13, Max Delay(ms): 190.0, Avg Delay(ms): 19.074615384615385, Avg Profit(USD): 6.222161279163477
Delay distribution: 1) >1000ms:0.0% , 2)200ms~1000ms:0.0% , 3)50ms~200ms: 5.59% , 4)20ms~50ms: 40.17% , 5)<20ms: 54.24% 
Left Users: 25, Max Delay(ms): 80.0, Avg Delay(ms): 11.173, Avg Profit(USD): 12.662245318422617
Delay distribution: 1) >1000ms:0.0% , 2)200ms~1000ms:0.0% , 3)50ms~200ms: 0.08% , 4)20ms~50ms: 9.49% , 5)<20ms: 90.43% 

Simulator step: 0
Simulator step: 1000
Simulator step: 2000
Simulator step: 3000
Simulator step: 4000
Simulator step: 5000
------------------------
Cycle: 42, start time: 15:30, end time: 15:35
------------------------
Total Users: 50, Max Delay(ms): 2730.0, Avg Delay(ms): 41.062666666666665, Avg Profit(USD): 8.458100395551337
Delay distribution: 1) >1000ms:0.43% , 2)200ms~1000ms:3.39% , 3)50ms~200ms: 9.61% , 4)20ms~50ms: 22.57% , 5)<20ms: 64.0% 
Worst 10% Users: 5, Max Delay(ms): 2730.0, Avg Delay(ms): 244.02466666666666, Avg Profit(USD): 0.7206313540971574
Delay distribution: 1) >1000ms:4.34% , 2)200ms~1000ms:30.98% , 3)50ms~200ms: 41.06% , 4)20ms~50ms: 16.84% , 5)<20ms: 6.79% 
Worst 25% Users: 7, Max Delay(ms): 520.0, Avg Delay(ms): 43.69738095238095, Avg Profit(USD): 3.1087962004906524
Delay distribution: 1) >1000ms:0.0% , 2)200ms~1000ms:2.07% , 3)50ms~200ms: 28.45% , 4)20ms~50ms: 41.3% , 5)<20ms: 28.18% 
Worst 50% Users: 13, Max Delay(ms): 180.0, Avg Delay(ms): 19.09448717948718, Avg Profit(USD): 6.2220010053990595
Delay distribution: 1) >1000ms:0.0% , 2)200ms~1000ms:0.0% , 3)50ms~200ms: 5.7% , 4)20ms~50ms: 40.05% , 5)<20ms: 54.25% 
Left Users: 25, Max Delay(ms): 70.0, Avg Delay(ms): 11.155999999999997, Avg Profit(USD): 12.666171061338353
Delay distribution: 1) >1000ms:0.0% , 2)200ms~1000ms:0.0% , 3)50ms~200ms: 0.08% , 4)20ms~50ms: 9.38% , 5)<20ms: 90.54% 

Simulator step: 0
Simulator step: 1000
Simulator step: 2000
Simulator step: 3000
Simulator step: 4000
Simulator step: 5000
------------------------
Cycle: 43, start time: 15:35, end time: 15:40
------------------------
Total Users: 50, Max Delay(ms): 2630.0, Avg Delay(ms): 40.2435, Avg Profit(USD): 8.458673692344192
Delay distribution: 1) >1000ms:0.41% , 2)200ms~1000ms:3.33% , 3)50ms~200ms: 9.69% , 4)20ms~50ms: 22.56% , 5)<20ms: 64.0% 
Worst 10% Users: 5, Max Delay(ms): 2630.0, Avg Delay(ms): 236.0966666666667, Avg Profit(USD): 0.6936554993468974
Delay distribution: 1) >1000ms:4.11% , 2)200ms~1000ms:30.42% , 3)50ms~200ms: 42.36% , 4)20ms~50ms: 16.56% , 5)<20ms: 6.55% 
Worst 25% Users: 7, Max Delay(ms): 480.0, Avg Delay(ms): 43.50476190476191, Avg Profit(USD): 3.1538989256051946
Delay distribution: 1) >1000ms:0.0% , 2)200ms~1000ms:2.09% , 3)50ms~200ms: 28.23% , 4)20ms~50ms: 41.1% , 5)<20ms: 28.58% 
Worst 50% Users: 13, Max Delay(ms): 190.0, Avg Delay(ms): 19.10705128205128, Avg Profit(USD): 6.212413587564083
Delay distribution: 1) >1000ms:0.0% , 2)200ms~1000ms:0.0% , 3)50ms~200ms: 5.67% , 4)20ms~50ms: 40.17% , 5)<20ms: 54.16% 
Left Users: 25, Max Delay(ms): 70.0, Avg Delay(ms): 11.150666666666664, Avg Profit(USD): 12.665069520116226
Delay distribution: 1) >1000ms:0.0% , 2)200ms~1000ms:0.0% , 3)50ms~200ms: 0.06% , 4)20ms~50ms: 9.41% , 5)<20ms: 90.53% 

Simulator step: 0
Simulator step: 1000
Simulator step: 2000
Simulator step: 3000
Simulator step: 4000
Simulator step: 5000
------------------------
Cycle: 44, start time: 15:40, end time: 15:45
------------------------
Total Users: 50, Max Delay(ms): 3280.0, Avg Delay(ms): 44.05133333333333, Avg Profit(USD): 8.460069718441567
Delay distribution: 1) >1000ms:0.64% , 2)200ms~1000ms:3.19% , 3)50ms~200ms: 9.68% , 4)20ms~50ms: 22.49% , 5)<20ms: 64.0% 
Worst 10% Users: 5, Max Delay(ms): 3280.0, Avg Delay(ms): 272.467, Avg Profit(USD): 0.7296409584656064
Delay distribution: 1) >1000ms:6.44% , 2)200ms~1000ms:28.49% , 3)50ms~200ms: 41.06% , 4)20ms~50ms: 17.14% , 5)<20ms: 6.87% 
Worst 25% Users: 7, Max Delay(ms): 480.0, Avg Delay(ms): 44.71428571428571, Avg Profit(USD): 3.090367650015579
Delay distribution: 1) >1000ms:0.0% , 2)200ms~1000ms:2.41% , 3)50ms~200ms: 28.82% , 4)20ms~50ms: 40.74% , 5)<20ms: 28.03% 
Worst 50% Users: 13, Max Delay(ms): 160.0, Avg Delay(ms): 19.112564102564104, Avg Profit(USD): 6.226307232567304
Delay distribution: 1) >1000ms:0.0% , 2)200ms~1000ms:0.0% , 3)50ms~200ms: 5.77% , 4)20ms~50ms: 39.95% , 5)<20ms: 54.28% 
Left Users: 25, Max Delay(ms): 80.0, Avg Delay(ms): 11.150733333333333, Avg Profit(USD): 12.671228542250649
Delay distribution: 1) >1000ms:0.0% , 2)200ms~1000ms:0.0% , 3)50ms~200ms: 0.08% , 4)20ms~50ms: 9.37% , 5)<20ms: 90.55% 

Simulator step: 0
Simulator step: 1000
Simulator step: 2000
Simulator step: 3000
Simulator step: 4000
Simulator step: 5000
------------------------
Cycle: 45, start time: 15:45, end time: 15:50
------------------------
Total Users: 50, Max Delay(ms): 3010.0, Avg Delay(ms): 37.98473333333335, Avg Profit(USD): 8.461564064548071
Delay distribution: 1) >1000ms:0.29% , 2)200ms~1000ms:3.16% , 3)50ms~200ms: 9.92% , 4)20ms~50ms: 22.64% , 5)<20ms: 64.0% 
Worst 10% Users: 5, Max Delay(ms): 3010.0, Avg Delay(ms): 213.54033333333334, Avg Profit(USD): 0.7297885022970207
Delay distribution: 1) >1000ms:2.86% , 2)200ms~1000ms:28.88% , 3)50ms~200ms: 43.82% , 4)20ms~50ms: 17.54% , 5)<20ms: 6.89% 
Worst 25% Users: 7, Max Delay(ms): 480.0, Avg Delay(ms): 43.51309523809525, Avg Profit(USD): 3.1158302670418183
Delay distribution: 1) >1000ms:0.0% , 2)200ms~1000ms:1.93% , 3)50ms~200ms: 28.74% , 4)20ms~50ms: 41.07% , 5)<20ms: 28.26% 
Worst 50% Users: 13, Max Delay(ms): 170.0, Avg Delay(ms): 19.06871794871795, Avg Profit(USD): 6.236772852920774
Delay distribution: 1) >1000ms:0.0% , 2)200ms~1000ms:0.0% , 3)50ms~200ms: 5.68% , 4)20ms~50ms: 39.99% , 5)<20ms: 54.34% 
Left Users: 25, Max Delay(ms): 100.0, Avg Delay(ms): 11.161999999999999, Avg Profit(USD): 12.66161607034622
Delay distribution: 1) >1000ms:0.0% , 2)200ms~1000ms:0.0% , 3)50ms~200ms: 0.07% , 4)20ms~50ms: 9.47% , 5)<20ms: 90.45% 

Simulator step: 0
Simulator step: 1000
Simulator step: 2000
Simulator step: 3000
Simulator step: 4000
Simulator step: 5000
------------------------
Cycle: 46, start time: 15:50, end time: 15:55
------------------------
Total Users: 50, Max Delay(ms): 2780.0, Avg Delay(ms): 40.241666666666696, Avg Profit(USD): 8.460150463575753
Delay distribution: 1) >1000ms:0.42% , 2)200ms~1000ms:3.2% , 3)50ms~200ms: 9.73% , 4)20ms~50ms: 22.65% , 5)<20ms: 64.0% 
Worst 10% Users: 5, Max Delay(ms): 2780.0, Avg Delay(ms): 236.86666666666667, Avg Profit(USD): 0.7369614621581758
Delay distribution: 1) >1000ms:4.21% , 2)200ms~1000ms:29.58% , 3)50ms~200ms: 41.97% , 4)20ms~50ms: 17.27% , 5)<20ms: 6.96% 
Worst 25% Users: 7, Max Delay(ms): 520.0, Avg Delay(ms): 42.92, Avg Profit(USD): 3.1189551199459276
Delay distribution: 1) >1000ms:0.0% , 2)200ms~1000ms:1.74% , 3)50ms~200ms: 28.73% , 4)20ms~50ms: 41.26% , 5)<20ms: 28.27% 
Worst 50% Users: 13, Max Delay(ms): 220.0, Avg Delay(ms): 19.08397435897436, Avg Profit(USD): 6.235673481327959
Delay distribution: 1) >1000ms:0.0% , 2)200ms~1000ms:0.0% , 3)50ms~200ms: 5.67% , 4)20ms~50ms: 39.98% , 5)<20ms: 54.34% 
Left Users: 25, Max Delay(ms): 70.0, Avg Delay(ms): 11.168733333333336, Avg Profit(USD): 12.657050990844471
Delay distribution: 1) >1000ms:0.0% , 2)200ms~1000ms:0.0% , 3)50ms~200ms: 0.07% , 4)20ms~50ms: 9.5% , 5)<20ms: 90.43% 

Simulator step: 0
Simulator step: 1000
Simulator step: 2000
Simulator step: 3000
Simulator step: 4000
Simulator step: 5000
------------------------
Cycle: 47, start time: 15:55, end time: 16:00
------------------------
Total Users: 50, Max Delay(ms): 2860.0, Avg Delay(ms): 38.33840000000001, Avg Profit(USD): 8.456971082087412
Delay distribution: 1) >1000ms:0.27% , 2)200ms~1000ms:3.35% , 3)50ms~200ms: 9.9% , 4)20ms~50ms: 22.48% , 5)<20ms: 64.0% 
Worst 10% Users: 5, Max Delay(ms): 2860.0, Avg Delay(ms): 215.24866666666668, Avg Profit(USD): 0.7256775365561718
Delay distribution: 1) >1000ms:2.68% , 2)200ms~1000ms:30.27% , 3)50ms~200ms: 43.1% , 4)20ms~50ms: 17.1% , 5)<20ms: 6.86% 
Worst 25% Users: 7, Max Delay(ms): 480.0, Avg Delay(ms): 44.82238095238095, Avg Profit(USD): 3.1042679429464544
Delay distribution: 1) >1000ms:0.0% , 2)200ms~1000ms:2.31% , 3)50ms~200ms: 29.11% , 4)20ms~50ms: 40.43% , 5)<20ms: 28.14% 
Worst 50% Users: 13, Max Delay(ms): 170.0, Avg Delay(ms): 19.07448717948718, Avg Profit(USD): 6.244062066547926
Delay distribution: 1) >1000ms:0.0% , 2)200ms~1000ms:0.0% , 3)50ms~200ms: 5.67% , 4)20ms~50ms: 39.88% , 5)<20ms: 54.45% 
Left Users: 25, Max Delay(ms): 80.0, Avg Delay(ms): 11.158066666666667, Avg Profit(USD): 12.65269935823366
Delay distribution: 1) >1000ms:0.0% , 2)200ms~1000ms:0.0% , 3)50ms~200ms: 0.08% , 4)20ms~50ms: 9.49% , 5)<20ms: 90.43% 

Simulator step: 0
Simulator step: 1000
Simulator step: 2000
Simulator step: 3000
Simulator step: 4000
Simulator step: 5000
------------------------
Cycle: 48, start time: 16:00, end time: 16:05
------------------------
Total Users: 50, Max Delay(ms): 4090.0, Avg Delay(ms): 41.45193333333332, Avg Profit(USD): 8.462366525564022
Delay distribution: 1) >1000ms:0.42% , 2)200ms~1000ms:3.31% , 3)50ms~200ms: 9.72% , 4)20ms~50ms: 22.54% , 5)<20ms: 64.0% 
Worst 10% Users: 5, Max Delay(ms): 4090.0, Avg Delay(ms): 247.8046666666667, Avg Profit(USD): 0.7038832607933739
Delay distribution: 1) >1000ms:4.24% , 2)200ms~1000ms:30.24% , 3)50ms~200ms: 41.97% , 4)20ms~50ms: 16.91% , 5)<20ms: 6.64% 
Worst 25% Users: 7, Max Delay(ms): 460.0, Avg Delay(ms): 43.863571428571426, Avg Profit(USD): 3.1352466042314497
Delay distribution: 1) >1000ms:0.0% , 2)200ms~1000ms:2.03% , 3)50ms~200ms: 28.8% , 4)20ms~50ms: 40.75% , 5)<20ms: 28.41% 
Worst 50% Users: 13, Max Delay(ms): 190.0, Avg Delay(ms): 19.013717948717947, Avg Profit(USD): 6.258764723574501
Delay distribution: 1) >1000ms:0.0% , 2)200ms~1000ms:0.0% , 3)50ms~200ms: 5.58% , 4)20ms~50ms: 39.9% , 5)<20ms: 54.51% 
Left Users: 25, Max Delay(ms): 70.0, Avg Delay(ms): 11.174, Avg Profit(USD): 12.651529693525822
Delay distribution: 1) >1000ms:0.0% , 2)200ms~1000ms:0.0% , 3)50ms~200ms: 0.09% , 4)20ms~50ms: 9.54% , 5)<20ms: 90.37% 

Simulator step: 0
Simulator step: 1000
Simulator step: 2000
Simulator step: 3000
Simulator step: 4000
Simulator step: 5000
------------------------
Cycle: 49, start time: 16:05, end time: 16:10
------------------------
Total Users: 50, Max Delay(ms): 2680.0, Avg Delay(ms): 39.305833333333354, Avg Profit(USD): 8.459030851991482
Delay distribution: 1) >1000ms:0.38% , 2)200ms~1000ms:3.29% , 3)50ms~200ms: 9.72% , 4)20ms~50ms: 22.62% , 5)<20ms: 64.0% 
Worst 10% Users: 5, Max Delay(ms): 2680.0, Avg Delay(ms): 225.81833333333336, Avg Profit(USD): 0.7183152705578878
Delay distribution: 1) >1000ms:3.78% , 2)200ms~1000ms:29.78% , 3)50ms~200ms: 42.53% , 4)20ms~50ms: 17.12% , 5)<20ms: 6.78% 
Worst 25% Users: 7, Max Delay(ms): 680.0, Avg Delay(ms): 44.10452380952381, Avg Profit(USD): 3.133106606415621
Delay distribution: 1) >1000ms:0.0% , 2)200ms~1000ms:2.2% , 3)50ms~200ms: 28.14% , 4)20ms~50ms: 41.26% , 5)<20ms: 28.4% 
Worst 50% Users: 13, Max Delay(ms): 190.0, Avg Delay(ms): 19.1275641025641, Avg Profit(USD): 6.220311330401082
Delay distribution: 1) >1000ms:0.0% , 2)200ms~1000ms:0.0% , 3)50ms~200ms: 5.73% , 4)20ms~50ms: 40.06% , 5)<20ms: 54.21% 
Left Users: 25, Max Delay(ms): 90.0, Avg Delay(ms): 11.152399999999998, Avg Profit(USD): 12.662566908266445
Delay distribution: 1) >1000ms:0.0% , 2)200ms~1000ms:0.0% , 3)50ms~200ms: 0.07% , 4)20ms~50ms: 9.42% , 5)<20ms: 90.51% 

