Width/length: 10, number users: 50, weight_risk: 0.3 0.9 0.2 0.1


Simulator step: 0
Simulator step: 1000
Simulator step: 2000
Simulator step: 3000
Simulator step: 4000
Simulator step: 5000
------------------------
Cycle: 0, start time: 12:00, end time: 12:05
------------------------
Total Users: 50, Max Delay(ms): 2760.0, Avg Delay(ms): 39.67256666666667, Avg Profit(USD): 8.45727895562792
Delay distribution: 1) >1000ms:0.45% , 2)200ms~1000ms:3.09% , 3)50ms~200ms: 9.32% , 4)20ms~50ms: 23.12% , 5)<20ms: 64.01% 
Worst 10% Users: 5, Max Delay(ms): 2760.0, Avg Delay(ms): 245.0486666666667, Avg Profit(USD): 0.6792642551535587
Delay distribution: 1) >1000ms:4.52% , 2)200ms~1000ms:30.93% , 3)50ms~200ms: 41.83% , 4)20ms~50ms: 16.29% , 5)<20ms: 6.43% 
Worst 25% Users: 7, Max Delay(ms): 100.0, Avg Delay(ms): 32.71119047619048, Avg Profit(USD): 3.237372466982561
Delay distribution: 1) >1000ms:0.0% , 2)200ms~1000ms:0.0% , 3)50ms~200ms: 25.55% , 4)20ms~50ms: 44.64% , 5)<20ms: 29.81% 
Worst 50% Users: 13, Max Delay(ms): 190.0, Avg Delay(ms): 19.23679487179487, Avg Profit(USD): 6.1950869710760355
Delay distribution: 1) >1000ms:0.0% , 2)200ms~1000ms:0.0% , 3)50ms~200ms: 5.89% , 4)20ms~50ms: 40.17% , 5)<20ms: 53.94% 
Left Users: 25, Max Delay(ms): 70.0, Avg Delay(ms): 11.173133333333336, Avg Profit(USD): 12.65079554451047
Delay distribution: 1) >1000ms:0.0% , 2)200ms~1000ms:0.0% , 3)50ms~200ms: 0.07% , 4)20ms~50ms: 9.59% , 5)<20ms: 90.34% 

Simulator step: 0
Simulator step: 1000
Simulator step: 2000
Simulator step: 3000
Simulator step: 4000
Simulator step: 5000
------------------------
Cycle: 1, start time: 12:05, end time: 12:10
------------------------
Total Users: 50, Max Delay(ms): 3320.0, Avg Delay(ms): 39.77949999999999, Avg Profit(USD): 8.455371982255537
Delay distribution: 1) >1000ms:0.43% , 2)200ms~1000ms:3.1% , 3)50ms~200ms: 9.36% , 4)20ms~50ms: 23.1% , 5)<20ms: 64.0% 
Worst 10% Users: 5, Max Delay(ms): 3320.0, Avg Delay(ms): 245.65033333333332, Avg Profit(USD): 0.6854201622074857
Delay distribution: 1) >1000ms:4.32% , 2)200ms~1000ms:31.02% , 3)50ms~200ms: 41.74% , 4)20ms~50ms: 16.46% , 5)<20ms: 6.46% 
Worst 25% Users: 7, Max Delay(ms): 100.0, Avg Delay(ms): 32.983809523809526, Avg Profit(USD): 3.2232840755628898
Delay distribution: 1) >1000ms:0.0% , 2)200ms~1000ms:0.0% , 3)50ms~200ms: 25.95% , 4)20ms~50ms: 44.35% , 5)<20ms: 29.7% 
Worst 50% Users: 13, Max Delay(ms): 200.0, Avg Delay(ms): 19.242051282051285, Avg Profit(USD): 6.208588863777783
Delay distribution: 1) >1000ms:0.0% , 2)200ms~1000ms:0.0% , 3)50ms~200ms: 5.84% , 4)20ms~50ms: 40.11% , 5)<20ms: 54.04% 
Left Users: 25, Max Delay(ms): 70.0, Avg Delay(ms): 11.187600000000002, Avg Profit(USD): 12.642674181747521
Delay distribution: 1) >1000ms:0.0% , 2)200ms~1000ms:0.0% , 3)50ms~200ms: 0.08% , 4)20ms~50ms: 9.63% , 5)<20ms: 90.29% 

Simulator step: 0
Simulator step: 1000
Simulator step: 2000
Simulator step: 3000
Simulator step: 4000
Simulator step: 5000
------------------------
Cycle: 2, start time: 12:10, end time: 12:15
------------------------
Total Users: 50, Max Delay(ms): 2430.0, Avg Delay(ms): 38.102799999999995, Avg Profit(USD): 8.457765760091924
Delay distribution: 1) >1000ms:0.35% , 2)200ms~1000ms:3.18% , 3)50ms~200ms: 9.19% , 4)20ms~50ms: 23.29% , 5)<20ms: 64.0% 
Worst 10% Users: 5, Max Delay(ms): 2430.0, Avg Delay(ms): 229.8826666666667, Avg Profit(USD): 0.6946345905301355
Delay distribution: 1) >1000ms:3.5% , 2)200ms~1000ms:31.75% , 3)50ms~200ms: 41.82% , 4)20ms~50ms: 16.4% , 5)<20ms: 6.54% 
Worst 25% Users: 7, Max Delay(ms): 100.0, Avg Delay(ms): 32.417857142857144, Avg Profit(USD): 3.2414977045050613
Delay distribution: 1) >1000ms:0.0% , 2)200ms~1000ms:0.0% , 3)50ms~200ms: 25.02% , 4)20ms~50ms: 45.18% , 5)<20ms: 29.8% 
Worst 50% Users: 13, Max Delay(ms): 200.0, Avg Delay(ms): 19.164230769230773, Avg Profit(USD): 6.202098952343231
Delay distribution: 1) >1000ms:0.0% , 2)200ms~1000ms:0.0% , 3)50ms~200ms: 5.64% , 4)20ms~50ms: 40.39% , 5)<20ms: 53.96% 
Left Users: 25, Max Delay(ms): 80.0, Avg Delay(ms): 11.186666666666667, Avg Profit(USD): 12.643893789597925
Delay distribution: 1) >1000ms:0.0% , 2)200ms~1000ms:0.0% , 3)50ms~200ms: 0.07% , 4)20ms~50ms: 9.64% , 5)<20ms: 90.29% 

Simulator step: 0
Simulator step: 1000
Simulator step: 2000
Simulator step: 3000
Simulator step: 4000
Simulator step: 5000
------------------------
Cycle: 3, start time: 12:15, end time: 12:20
------------------------
Total Users: 50, Max Delay(ms): 2930.0, Avg Delay(ms): 39.78553333333336, Avg Profit(USD): 8.459336690290586
Delay distribution: 1) >1000ms:0.45% , 2)200ms~1000ms:3.1% , 3)50ms~200ms: 9.28% , 4)20ms~50ms: 23.18% , 5)<20ms: 64.0% 
Worst 10% Users: 5, Max Delay(ms): 2930.0, Avg Delay(ms): 246.26066666666668, Avg Profit(USD): 0.681275834923949
Delay distribution: 1) >1000ms:4.47% , 2)200ms~1000ms:30.95% , 3)50ms~200ms: 41.82% , 4)20ms~50ms: 16.34% , 5)<20ms: 6.42% 
Worst 25% Users: 7, Max Delay(ms): 100.0, Avg Delay(ms): 32.52452380952381, Avg Profit(USD): 3.255882373375303
Delay distribution: 1) >1000ms:0.0% , 2)200ms~1000ms:0.0% , 3)50ms~200ms: 25.16% , 4)20ms~50ms: 44.91% , 5)<20ms: 29.93% 
Worst 50% Users: 13, Max Delay(ms): 180.0, Avg Delay(ms): 19.290512820512816, Avg Profit(USD): 6.185218562640906
Delay distribution: 1) >1000ms:0.0% , 2)200ms~1000ms:0.0% , 3)50ms~200ms: 5.91% , 4)20ms~50ms: 40.26% , 5)<20ms: 53.83% 
Left Users: 25, Max Delay(ms): 80.0, Avg Delay(ms): 11.181, Avg Profit(USD): 12.654457496478027
Delay distribution: 1) >1000ms:0.0% , 2)200ms~1000ms:0.0% , 3)50ms~200ms: 0.07% , 4)20ms~50ms: 9.58% , 5)<20ms: 90.35% 

Simulator step: 0
Simulator step: 1000
Simulator step: 2000
Simulator step: 3000
Simulator step: 4000
Simulator step: 5000
------------------------
Cycle: 4, start time: 12:20, end time: 12:25
------------------------
Total Users: 50, Max Delay(ms): 2450.0, Avg Delay(ms): 38.765266666666676, Avg Profit(USD): 8.453030896742824
Delay distribution: 1) >1000ms:0.43% , 2)200ms~1000ms:2.99% , 3)50ms~200ms: 9.35% , 4)20ms~50ms: 23.22% , 5)<20ms: 64.0% 
Worst 10% Users: 5, Max Delay(ms): 2450.0, Avg Delay(ms): 235.88133333333332, Avg Profit(USD): 0.7116255125500676
Delay distribution: 1) >1000ms:4.29% , 2)200ms~1000ms:29.95% , 3)50ms~200ms: 42.29% , 4)20ms~50ms: 16.77% , 5)<20ms: 6.71% 
Worst 25% Users: 7, Max Delay(ms): 100.0, Avg Delay(ms): 32.7, Avg Profit(USD): 3.2458895710575084
Delay distribution: 1) >1000ms:0.0% , 2)200ms~1000ms:0.0% , 3)50ms~200ms: 25.47% , 4)20ms~50ms: 44.64% , 5)<20ms: 29.89% 
Worst 50% Users: 13, Max Delay(ms): 170.0, Avg Delay(ms): 19.249102564102568, Avg Profit(USD): 6.191739923190332
Delay distribution: 1) >1000ms:0.0% , 2)200ms~1000ms:0.0% , 3)50ms~200ms: 5.87% , 4)20ms~50ms: 40.21% , 5)<20ms: 53.93% 
Left Users: 25, Max Delay(ms): 70.0, Avg Delay(ms): 11.188733333333335, Avg Profit(USD): 12.635182851020563
Delay distribution: 1) >1000ms:0.0% , 2)200ms~1000ms:0.0% , 3)50ms~200ms: 0.07% , 4)20ms~50ms: 9.68% , 5)<20ms: 90.25% 

Simulator step: 0
Simulator step: 1000
Simulator step: 2000
Simulator step: 3000
Simulator step: 4000
Simulator step: 5000
------------------------
Cycle: 5, start time: 12:25, end time: 12:30
------------------------
Total Users: 50, Max Delay(ms): 4430.0, Avg Delay(ms): 42.2863, Avg Profit(USD): 8.450080743055898
Delay distribution: 1) >1000ms:0.56% , 2)200ms~1000ms:2.87% , 3)50ms~200ms: 9.37% , 4)20ms~50ms: 23.2% , 5)<20ms: 64.0% 
Worst 10% Users: 5, Max Delay(ms): 4430.0, Avg Delay(ms): 271.03166666666664, Avg Profit(USD): 0.7083144906278916
Delay distribution: 1) >1000ms:5.56% , 2)200ms~1000ms:28.72% , 3)50ms~200ms: 42.15% , 4)20ms~50ms: 16.89% , 5)<20ms: 6.67% 
Worst 25% Users: 7, Max Delay(ms): 100.0, Avg Delay(ms): 32.92095238095238, Avg Profit(USD): 3.2284551872565386
Delay distribution: 1) >1000ms:0.0% , 2)200ms~1000ms:0.0% , 3)50ms~200ms: 25.87% , 4)20ms~50ms: 44.4% , 5)<20ms: 29.73% 
Worst 50% Users: 13, Max Delay(ms): 180.0, Avg Delay(ms): 19.14384615384616, Avg Profit(USD): 6.195594187695942
Delay distribution: 1) >1000ms:0.0% , 2)200ms~1000ms:0.0% , 3)50ms~200ms: 5.72% , 4)20ms~50ms: 40.3% , 5)<20ms: 53.98% 
Left Users: 25, Max Delay(ms): 70.0, Avg Delay(ms): 11.193600000000002, Avg Profit(USD): 12.632822157952493
Delay distribution: 1) >1000ms:0.0% , 2)200ms~1000ms:0.0% , 3)50ms~200ms: 0.08% , 4)20ms~50ms: 9.64% , 5)<20ms: 90.27% 

Simulator step: 0
Simulator step: 1000
Simulator step: 2000
Simulator step: 3000
Simulator step: 4000
Simulator step: 5000
------------------------
Cycle: 6, start time: 12:30, end time: 12:35
------------------------
Total Users: 50, Max Delay(ms): 2290.0, Avg Delay(ms): 38.507533333333335, Avg Profit(USD): 8.458438502498767
Delay distribution: 1) >1000ms:0.39% , 2)200ms~1000ms:3.15% , 3)50ms~200ms: 9.33% , 4)20ms~50ms: 23.13% , 5)<20ms: 64.0% 
Worst 10% Users: 5, Max Delay(ms): 2290.0, Avg Delay(ms): 233.24200000000002, Avg Profit(USD): 0.683051017164963
Delay distribution: 1) >1000ms:3.92% , 2)200ms~1000ms:31.48% , 3)50ms~200ms: 41.72% , 4)20ms~50ms: 16.43% , 5)<20ms: 6.44% 
Worst 25% Users: 7, Max Delay(ms): 100.0, Avg Delay(ms): 32.71738095238095, Avg Profit(USD): 3.2417909620332392
Delay distribution: 1) >1000ms:0.0% , 2)200ms~1000ms:0.0% , 3)50ms~200ms: 25.64% , 4)20ms~50ms: 44.57% , 5)<20ms: 29.79% 
Worst 50% Users: 13, Max Delay(ms): 170.0, Avg Delay(ms): 19.302435897435895, Avg Profit(USD): 6.171076890926468
Delay distribution: 1) >1000ms:0.0% , 2)200ms~1000ms:0.0% , 3)50ms~200ms: 5.89% , 4)20ms~50ms: 40.36% , 5)<20ms: 53.75% 
Left Users: 25, Max Delay(ms): 70.0, Avg Delay(ms): 11.168533333333334, Avg Profit(USD): 12.663605348913473
Delay distribution: 1) >1000ms:0.0% , 2)200ms~1000ms:0.0% , 3)50ms~200ms: 0.07% , 4)20ms~50ms: 9.51% , 5)<20ms: 90.42% 

Simulator step: 0
Simulator step: 1000
Simulator step: 2000
Simulator step: 3000
Simulator step: 4000
Simulator step: 5000
------------------------
Cycle: 7, start time: 12:35, end time: 12:40
------------------------
Total Users: 50, Max Delay(ms): 3420.0, Avg Delay(ms): 39.12383333333332, Avg Profit(USD): 8.450793097931914
Delay distribution: 1) >1000ms:0.39% , 2)200ms~1000ms:3.03% , 3)50ms~200ms: 9.31% , 4)20ms~50ms: 23.26% , 5)<20ms: 64.0% 
Worst 10% Users: 5, Max Delay(ms): 3420.0, Avg Delay(ms): 239.9203333333333, Avg Profit(USD): 0.7002416074420493
Delay distribution: 1) >1000ms:3.91% , 2)200ms~1000ms:30.33% , 3)50ms~200ms: 42.4% , 4)20ms~50ms: 16.76% , 5)<20ms: 6.59% 
Worst 25% Users: 7, Max Delay(ms): 100.0, Avg Delay(ms): 32.521190476190476, Avg Profit(USD): 3.252602595018296
Delay distribution: 1) >1000ms:0.0% , 2)200ms~1000ms:0.0% , 3)50ms~200ms: 25.23% , 4)20ms~50ms: 44.89% , 5)<20ms: 29.88% 
Worst 50% Users: 13, Max Delay(ms): 180.0, Avg Delay(ms): 19.142564102564105, Avg Profit(USD): 6.189931902816486
Delay distribution: 1) >1000ms:0.0% , 2)200ms~1000ms:0.0% , 3)50ms~200ms: 5.72% , 4)20ms~50ms: 40.36% , 5)<20ms: 53.93% 
Left Users: 25, Max Delay(ms): 90.0, Avg Delay(ms): 11.203533333333333, Avg Profit(USD): 12.632044558305731
Delay distribution: 1) >1000ms:0.0% , 2)200ms~1000ms:0.0% , 3)50ms~200ms: 0.11% , 4)20ms~50ms: 9.61% , 5)<20ms: 90.27% 

Simulator step: 0
Simulator step: 1000
Simulator step: 2000
Simulator step: 3000
Simulator step: 4000
Simulator step: 5000
------------------------
Cycle: 8, start time: 12:40, end time: 12:45
------------------------
Total Users: 50, Max Delay(ms): 2250.0, Avg Delay(ms): 37.56793333333333, Avg Profit(USD): 8.454944036701646
Delay distribution: 1) >1000ms:0.3% , 2)200ms~1000ms:3.16% , 3)50ms~200ms: 9.3% , 4)20ms~50ms: 23.24% , 5)<20ms: 64.0% 
Worst 10% Users: 5, Max Delay(ms): 2250.0, Avg Delay(ms): 224.31433333333334, Avg Profit(USD): 0.6973612999225273
Delay distribution: 1) >1000ms:3.0% , 2)200ms~1000ms:31.59% , 3)50ms~200ms: 42.23% , 4)20ms~50ms: 16.61% , 5)<20ms: 6.57% 
Worst 25% Users: 7, Max Delay(ms): 100.0, Avg Delay(ms): 32.76428571428572, Avg Profit(USD): 3.2219891830667042
Delay distribution: 1) >1000ms:0.0% , 2)200ms~1000ms:0.0% , 3)50ms~200ms: 25.56% , 4)20ms~50ms: 44.74% , 5)<20ms: 29.7% 
Worst 50% Users: 13, Max Delay(ms): 150.0, Avg Delay(ms): 19.080000000000005, Avg Profit(USD): 6.200866127026676
Delay distribution: 1) >1000ms:0.0% , 2)200ms~1000ms:0.0% , 3)50ms~200ms: 5.64% , 4)20ms~50ms: 40.35% , 5)<20ms: 54.02% 
Left Users: 25, Max Delay(ms): 80.0, Avg Delay(ms): 11.177400000000002, Avg Profit(USD): 12.643808456106235
Delay distribution: 1) >1000ms:0.0% , 2)200ms~1000ms:0.0% , 3)50ms~200ms: 0.06% , 4)20ms~50ms: 9.66% , 5)<20ms: 90.28% 

Simulator step: 0
Simulator step: 1000
Simulator step: 2000
Simulator step: 3000
Simulator step: 4000
Simulator step: 5000
------------------------
Cycle: 9, start time: 12:45, end time: 12:50
------------------------
Total Users: 50, Max Delay(ms): 3030.0, Avg Delay(ms): 38.29536666666666, Avg Profit(USD): 8.456128789349327
Delay distribution: 1) >1000ms:0.35% , 2)200ms~1000ms:3.03% , 3)50ms~200ms: 9.43% , 4)20ms~50ms: 23.18% , 5)<20ms: 64.0% 
Worst 10% Users: 5, Max Delay(ms): 3030.0, Avg Delay(ms): 230.95933333333335, Avg Profit(USD): 0.7135964022967215
Delay distribution: 1) >1000ms:3.54% , 2)200ms~1000ms:30.34% , 3)50ms~200ms: 42.39% , 4)20ms~50ms: 17.0% , 5)<20ms: 6.73% 
Worst 25% Users: 7, Max Delay(ms): 100.0, Avg Delay(ms): 32.968333333333334, Avg Profit(USD): 3.1974290519384647
Delay distribution: 1) >1000ms:0.0% , 2)200ms~1000ms:0.0% , 3)50ms~200ms: 25.9% , 4)20ms~50ms: 44.64% , 5)<20ms: 29.45% 
Worst 50% Users: 13, Max Delay(ms): 190.0, Avg Delay(ms): 19.205128205128204, Avg Profit(USD): 6.1956495504377465
Delay distribution: 1) >1000ms:0.0% , 2)200ms~1000ms:0.0% , 3)50ms~200ms: 5.86% , 4)20ms~50ms: 40.19% , 5)<20ms: 53.96% 
Left Users: 25, Max Delay(ms): 80.0, Avg Delay(ms): 11.181066666666668, Avg Profit(USD): 12.652520397468916
Delay distribution: 1) >1000ms:0.0% , 2)200ms~1000ms:0.0% , 3)50ms~200ms: 0.08% , 4)20ms~50ms: 9.57% , 5)<20ms: 90.35% 

Simulator step: 0
Simulator step: 1000
Simulator step: 2000
Simulator step: 3000
Simulator step: 4000
Simulator step: 5000
------------------------
Cycle: 10, start time: 12:50, end time: 12:55
------------------------
Total Users: 50, Max Delay(ms): 2100.0, Avg Delay(ms): 37.035433333333344, Avg Profit(USD): 8.453048403218947
Delay distribution: 1) >1000ms:0.28% , 2)200ms~1000ms:3.07% , 3)50ms~200ms: 9.46% , 4)20ms~50ms: 23.18% , 5)<20ms: 64.0% 
Worst 10% Users: 5, Max Delay(ms): 2100.0, Avg Delay(ms): 218.2906666666667, Avg Profit(USD): 0.7106441477703829
Delay distribution: 1) >1000ms:2.84% , 2)200ms~1000ms:30.75% , 3)50ms~200ms: 42.78% , 4)20ms~50ms: 16.95% , 5)<20ms: 6.69% 
Worst 25% Users: 7, Max Delay(ms): 100.0, Avg Delay(ms): 32.981904761904765, Avg Profit(USD): 3.2201187932690947
Delay distribution: 1) >1000ms:0.0% , 2)200ms~1000ms:0.0% , 3)50ms~200ms: 26.0% , 4)20ms~50ms: 44.34% , 5)<20ms: 29.66% 
Worst 50% Users: 13, Max Delay(ms): 190.0, Avg Delay(ms): 19.260769230769235, Avg Profit(USD): 6.177629653905913
Delay distribution: 1) >1000ms:0.0% , 2)200ms~1000ms:0.0% , 3)50ms~200ms: 5.84% , 4)20ms~50ms: 40.33% , 5)<20ms: 53.82% 
Left Users: 25, Max Delay(ms): 70.0, Avg Delay(ms): 11.1622, Avg Profit(USD): 12.649967294737396
Delay distribution: 1) >1000ms:0.0% , 2)200ms~1000ms:0.0% , 3)50ms~200ms: 0.06% , 4)20ms~50ms: 9.57% , 5)<20ms: 90.37% 

Simulator step: 0
Simulator step: 1000
Simulator step: 2000
Simulator step: 3000
Simulator step: 4000
Simulator step: 5000
------------------------
Cycle: 11, start time: 12:55, end time: 13:00
------------------------
Total Users: 50, Max Delay(ms): 4380.0, Avg Delay(ms): 43.09190000000002, Avg Profit(USD): 8.455643550249698
Delay distribution: 1) >1000ms:0.6% , 2)200ms~1000ms:2.93% , 3)50ms~200ms: 9.25% , 4)20ms~50ms: 23.22% , 5)<20ms: 64.0% 
Worst 10% Users: 5, Max Delay(ms): 4380.0, Avg Delay(ms): 279.343, Avg Profit(USD): 0.6983888199497713
Delay distribution: 1) >1000ms:6.01% , 2)200ms~1000ms:29.33% , 3)50ms~200ms: 41.4% , 4)20ms~50ms: 16.65% , 5)<20ms: 6.6% 
Worst 25% Users: 7, Max Delay(ms): 100.0, Avg Delay(ms): 32.63547619047619, Avg Profit(USD): 3.2334801781030986
Delay distribution: 1) >1000ms:0.0% , 2)200ms~1000ms:0.0% , 3)50ms~200ms: 25.29% , 4)20ms~50ms: 44.95% , 5)<20ms: 29.76% 
Worst 50% Users: 13, Max Delay(ms): 180.0, Avg Delay(ms): 19.231153846153845, Avg Profit(USD): 6.179753579196232
Delay distribution: 1) >1000ms:0.0% , 2)200ms~1000ms:0.0% , 3)50ms~200ms: 5.88% , 4)20ms~50ms: 40.32% , 5)<20ms: 53.81% 
Left Users: 25, Max Delay(ms): 70.0, Avg Delay(ms): 11.17706666666667, Avg Profit(USD): 12.652763025458528
Delay distribution: 1) >1000ms:0.0% , 2)200ms~1000ms:0.0% , 3)50ms~200ms: 0.08% , 4)20ms~50ms: 9.56% , 5)<20ms: 90.36% 

Simulator step: 0
Simulator step: 1000
Simulator step: 2000
Simulator step: 3000
Simulator step: 4000
Simulator step: 5000
------------------------
Cycle: 12, start time: 13:00, end time: 13:05
------------------------
Total Users: 50, Max Delay(ms): 3160.0, Avg Delay(ms): 38.731733333333324, Avg Profit(USD): 8.458636109176622
Delay distribution: 1) >1000ms:0.41% , 2)200ms~1000ms:3.06% , 3)50ms~200ms: 9.33% , 4)20ms~50ms: 23.2% , 5)<20ms: 64.0% 
Worst 10% Users: 5, Max Delay(ms): 3160.0, Avg Delay(ms): 235.51733333333334, Avg Profit(USD): 0.7029100243335827
Delay distribution: 1) >1000ms:4.14% , 2)200ms~1000ms:30.58% , 3)50ms~200ms: 42.0% , 4)20ms~50ms: 16.65% , 5)<20ms: 6.63% 
Worst 25% Users: 7, Max Delay(ms): 100.0, Avg Delay(ms): 32.732142857142854, Avg Profit(USD): 3.248445093741343
Delay distribution: 1) >1000ms:0.0% , 2)200ms~1000ms:0.0% , 3)50ms~200ms: 25.48% , 4)20ms~50ms: 44.64% , 5)<20ms: 29.88% 
Worst 50% Users: 13, Max Delay(ms): 170.0, Avg Delay(ms): 19.26474358974359, Avg Profit(USD): 6.161149435231048
Delay distribution: 1) >1000ms:0.0% , 2)200ms~1000ms:0.0% , 3)50ms~200ms: 5.84% , 4)20ms~50ms: 40.5% , 5)<20ms: 53.66% 
Left Users: 25, Max Delay(ms): 80.0, Avg Delay(ms): 11.17733333333333, Avg Profit(USD): 12.663327880918807
Delay distribution: 1) >1000ms:0.0% , 2)200ms~1000ms:0.0% , 3)50ms~200ms: 0.08% , 4)20ms~50ms: 9.51% , 5)<20ms: 90.41% 

Simulator step: 0
Simulator step: 1000
Simulator step: 2000
Simulator step: 3000
Simulator step: 4000
Simulator step: 5000
------------------------
Cycle: 13, start time: 13:05, end time: 13:10
------------------------
Total Users: 50, Max Delay(ms): 2190.0, Avg Delay(ms): 37.63640000000001, Avg Profit(USD): 8.457348243203535
Delay distribution: 1) >1000ms:0.34% , 2)200ms~1000ms:3.0% , 3)50ms~200ms: 9.38% , 4)20ms~50ms: 23.28% , 5)<20ms: 64.0% 
Worst 10% Users: 5, Max Delay(ms): 2190.0, Avg Delay(ms): 224.842, Avg Profit(USD): 0.7105102031832373
Delay distribution: 1) >1000ms:3.41% , 2)200ms~1000ms:29.99% , 3)50ms~200ms: 42.9% , 4)20ms~50ms: 17.0% , 5)<20ms: 6.7% 
Worst 25% Users: 7, Max Delay(ms): 100.0, Avg Delay(ms): 32.668571428571425, Avg Profit(USD): 3.226956697162725
Delay distribution: 1) >1000ms:0.0% , 2)200ms~1000ms:0.0% , 3)50ms~200ms: 25.4% , 4)20ms~50ms: 44.92% , 5)<20ms: 29.68% 
Worst 50% Users: 13, Max Delay(ms): 180.0, Avg Delay(ms): 19.16846153846154, Avg Profit(USD): 6.198621301085469
Delay distribution: 1) >1000ms:0.0% , 2)200ms~1000ms:0.0% , 3)50ms~200ms: 5.74% , 4)20ms~50ms: 40.32% , 5)<20ms: 53.94% 
Left Users: 25, Max Delay(ms): 90.0, Avg Delay(ms): 11.189600000000002, Avg Profit(USD): 12.645763494000414
Delay distribution: 1) >1000ms:0.0% , 2)200ms~1000ms:0.0% , 3)50ms~200ms: 0.08% , 4)20ms~50ms: 9.62% , 5)<20ms: 90.3% 

Simulator step: 0
Simulator step: 1000
Simulator step: 2000
Simulator step: 3000
Simulator step: 4000
Simulator step: 5000
------------------------
Cycle: 14, start time: 13:10, end time: 13:15
------------------------
Total Users: 50, Max Delay(ms): 2840.0, Avg Delay(ms): 42.98709999999997, Avg Profit(USD): 8.455424335425155
Delay distribution: 1) >1000ms:0.65% , 2)200ms~1000ms:3.04% , 3)50ms~200ms: 9.2% , 4)20ms~50ms: 23.11% , 5)<20ms: 64.0% 
Worst 10% Users: 5, Max Delay(ms): 2840.0, Avg Delay(ms): 278.176, Avg Profit(USD): 0.6884237279928056
Delay distribution: 1) >1000ms:6.55% , 2)200ms~1000ms:30.34% , 3)50ms~200ms: 40.58% , 4)20ms~50ms: 16.06% , 5)<20ms: 6.48% 
Worst 25% Users: 7, Max Delay(ms): 100.0, Avg Delay(ms): 32.90880952380952, Avg Profit(USD): 3.2319412824295606
Delay distribution: 1) >1000ms:0.0% , 2)200ms~1000ms:0.0% , 3)50ms~200ms: 25.89% , 4)20ms~50ms: 44.33% , 5)<20ms: 29.78% 
Worst 50% Users: 13, Max Delay(ms): 220.0, Avg Delay(ms): 19.152051282051282, Avg Profit(USD): 6.182509660710821
Delay distribution: 1) >1000ms:0.0% , 2)200ms~1000ms:0.0% , 3)50ms~200ms: 5.7% , 4)20ms~50ms: 40.47% , 5)<20ms: 53.83% 
Left Users: 25, Max Delay(ms): 80.0, Avg Delay(ms): 11.165466666666667, Avg Profit(USD): 12.653315342601845
Delay distribution: 1) >1000ms:0.0% , 2)200ms~1000ms:0.0% , 3)50ms~200ms: 0.06% , 4)20ms~50ms: 9.56% , 5)<20ms: 90.37% 

Simulator step: 0
Simulator step: 1000
Simulator step: 2000
Simulator step: 3000
Simulator step: 4000
Simulator step: 5000
------------------------
Cycle: 15, start time: 13:15, end time: 13:20
------------------------
Total Users: 50, Max Delay(ms): 3760.0, Avg Delay(ms): 39.19166666666668, Avg Profit(USD): 8.454777966963016
Delay distribution: 1) >1000ms:0.37% , 2)200ms~1000ms:3.08% , 3)50ms~200ms: 9.45% , 4)20ms~50ms: 23.09% , 5)<20ms: 64.0% 
Worst 10% Users: 5, Max Delay(ms): 3760.0, Avg Delay(ms): 239.9033333333333, Avg Profit(USD): 0.6933099312743841
Delay distribution: 1) >1000ms:3.73% , 2)200ms~1000ms:30.84% , 3)50ms~200ms: 42.6% , 4)20ms~50ms: 16.31% , 5)<20ms: 6.52% 
Worst 25% Users: 7, Max Delay(ms): 100.0, Avg Delay(ms): 32.91285714285714, Avg Profit(USD): 3.2234510238031113
Delay distribution: 1) >1000ms:0.0% , 2)200ms~1000ms:0.0% , 3)50ms~200ms: 25.84% , 4)20ms~50ms: 44.5% , 5)<20ms: 29.66% 
Worst 50% Users: 13, Max Delay(ms): 170.0, Avg Delay(ms): 19.264358974358974, Avg Profit(USD): 6.184341370644788
Delay distribution: 1) >1000ms:0.0% , 2)200ms~1000ms:0.0% , 3)50ms~200ms: 5.9% , 4)20ms~50ms: 40.25% , 5)<20ms: 53.85% 
Left Users: 25, Max Delay(ms): 100.0, Avg Delay(ms): 11.169599999999999, Avg Profit(USD): 12.652470148270996
Delay distribution: 1) >1000ms:0.0% , 2)200ms~1000ms:0.0% , 3)50ms~200ms: 0.08% , 4)20ms~50ms: 9.54% , 5)<20ms: 90.39% 

Simulator step: 0
Simulator step: 1000
Simulator step: 2000
Simulator step: 3000
Simulator step: 4000
Simulator step: 5000
------------------------
Cycle: 16, start time: 13:20, end time: 13:25
------------------------
Total Users: 50, Max Delay(ms): 2520.0, Avg Delay(ms): 38.80986666666666, Avg Profit(USD): 8.455004489210722
Delay distribution: 1) >1000ms:0.36% , 2)200ms~1000ms:3.21% , 3)50ms~200ms: 9.32% , 4)20ms~50ms: 23.12% , 5)<20ms: 64.0% 
Worst 10% Users: 5, Max Delay(ms): 2520.0, Avg Delay(ms): 236.33866666666665, Avg Profit(USD): 0.688023588199414
Delay distribution: 1) >1000ms:3.58% , 2)200ms~1000ms:32.05% , 3)50ms~200ms: 41.61% , 4)20ms~50ms: 16.27% , 5)<20ms: 6.48% 
Worst 25% Users: 7, Max Delay(ms): 100.0, Avg Delay(ms): 32.67357142857143, Avg Profit(USD): 3.26543380862652
Delay distribution: 1) >1000ms:0.0% , 2)200ms~1000ms:0.0% , 3)50ms~200ms: 25.54% , 4)20ms~50ms: 44.45% , 5)<20ms: 30.01% 
Worst 50% Users: 13, Max Delay(ms): 210.0, Avg Delay(ms): 19.235384615384618, Avg Profit(USD): 6.197974565089946
Delay distribution: 1) >1000ms:0.0% , 2)200ms~1000ms:0.0% , 3)50ms~200ms: 5.88% , 4)20ms~50ms: 40.16% , 5)<20ms: 53.96% 
Left Users: 25, Max Delay(ms): 110.0, Avg Delay(ms): 11.200999999999999, Avg Profit(USD): 12.635136020519367
Delay distribution: 1) >1000ms:0.0% , 2)200ms~1000ms:0.0% , 3)50ms~200ms: 0.1% , 4)20ms~50ms: 9.66% , 5)<20ms: 90.24% 

Simulator step: 0
Simulator step: 1000
Simulator step: 2000
Simulator step: 3000
Simulator step: 4000
Simulator step: 5000
------------------------
Cycle: 17, start time: 13:25, end time: 13:30
------------------------
Total Users: 50, Max Delay(ms): 2340.0, Avg Delay(ms): 38.64023333333334, Avg Profit(USD): 8.453171750143293
Delay distribution: 1) >1000ms:0.43% , 2)200ms~1000ms:3.02% , 3)50ms~200ms: 9.23% , 4)20ms~50ms: 23.33% , 5)<20ms: 64.0% 
Worst 10% Users: 5, Max Delay(ms): 2340.0, Avg Delay(ms): 235.14266666666668, Avg Profit(USD): 0.7153041511526401
Delay distribution: 1) >1000ms:4.27% , 2)200ms~1000ms:30.15% , 3)50ms~200ms: 41.99% , 4)20ms~50ms: 16.84% , 5)<20ms: 6.74% 
Worst 25% Users: 7, Max Delay(ms): 100.0, Avg Delay(ms): 32.48642857142857, Avg Profit(USD): 3.2502105000713732
Delay distribution: 1) >1000ms:0.0% , 2)200ms~1000ms:0.0% , 3)50ms~200ms: 25.05% , 4)20ms~50ms: 45.07% , 5)<20ms: 29.88% 
Worst 50% Users: 13, Max Delay(ms): 160.0, Avg Delay(ms): 19.148974358974357, Avg Profit(USD): 6.183223122089413
Delay distribution: 1) >1000ms:0.0% , 2)200ms~1000ms:0.0% , 3)50ms~200ms: 5.68% , 4)20ms~50ms: 40.42% , 5)<20ms: 53.89% 
Left Users: 25, Max Delay(ms): 100.0, Avg Delay(ms): 11.198266666666665, Avg Profit(USD): 12.637947706549578
Delay distribution: 1) >1000ms:0.0% , 2)200ms~1000ms:0.0% , 3)50ms~200ms: 0.09% , 4)20ms~50ms: 9.65% , 5)<20ms: 90.26% 

Simulator step: 0
Simulator step: 1000
Simulator step: 2000
Simulator step: 3000
Simulator step: 4000
Simulator step: 5000
------------------------
Cycle: 18, start time: 13:30, end time: 13:35
------------------------
Total Users: 50, Max Delay(ms): 2020.0, Avg Delay(ms): 36.7475, Avg Profit(USD): 8.4557958524068
Delay distribution: 1) >1000ms:0.24% , 2)200ms~1000ms:3.22% , 3)50ms~200ms: 9.51% , 4)20ms~50ms: 23.03% , 5)<20ms: 64.0% 
Worst 10% Users: 5, Max Delay(ms): 2020.0, Avg Delay(ms): 215.47933333333333, Avg Profit(USD): 0.6738501128921398
Delay distribution: 1) >1000ms:2.43% , 2)200ms~1000ms:32.22% , 3)50ms~200ms: 42.92% , 4)20ms~50ms: 16.09% , 5)<20ms: 6.33% 
Worst 25% Users: 7, Max Delay(ms): 100.0, Avg Delay(ms): 32.80952380952381, Avg Profit(USD): 3.222077148912375
Delay distribution: 1) >1000ms:0.0% , 2)200ms~1000ms:0.0% , 3)50ms~200ms: 25.69% , 4)20ms~50ms: 44.63% , 5)<20ms: 29.68% 
Worst 50% Users: 13, Max Delay(ms): 180.0, Avg Delay(ms): 19.357692307692307, Avg Profit(USD): 6.163403132323679
Delay distribution: 1) >1000ms:0.0% , 2)200ms~1000ms:0.0% , 3)50ms~200ms: 6.11% , 4)20ms~50ms: 40.22% , 5)<20ms: 53.67% 
Left Users: 25, Max Delay(ms): 80.0, Avg Delay(ms): 11.146466666666665, Avg Profit(USD): 12.669670451731388
Delay distribution: 1) >1000ms:0.0% , 2)200ms~1000ms:0.0% , 3)50ms~200ms: 0.06% , 4)20ms~50ms: 9.43% , 5)<20ms: 90.51% 

Simulator step: 0
Simulator step: 1000
Simulator step: 2000
Simulator step: 3000
Simulator step: 4000
Simulator step: 5000
------------------------
Cycle: 19, start time: 13:35, end time: 13:40
------------------------
Total Users: 50, Max Delay(ms): 2930.0, Avg Delay(ms): 42.07023333333333, Avg Profit(USD): 8.455174108547402
Delay distribution: 1) >1000ms:0.62% , 2)200ms~1000ms:2.98% , 3)50ms~200ms: 9.23% , 4)20ms~50ms: 23.17% , 5)<20ms: 64.0% 
Worst 10% Users: 5, Max Delay(ms): 2930.0, Avg Delay(ms): 269.11733333333336, Avg Profit(USD): 0.6919345974264076
Delay distribution: 1) >1000ms:6.19% , 2)200ms~1000ms:29.77% , 3)50ms~200ms: 41.19% , 4)20ms~50ms: 16.32% , 5)<20ms: 6.53% 
Worst 25% Users: 7, Max Delay(ms): 100.0, Avg Delay(ms): 32.544285714285714, Avg Profit(USD): 3.257795014419923
Delay distribution: 1) >1000ms:0.0% , 2)200ms~1000ms:0.0% , 3)50ms~200ms: 25.31% , 4)20ms~50ms: 44.69% , 5)<20ms: 30.0% 
Worst 50% Users: 13, Max Delay(ms): 200.0, Avg Delay(ms): 19.251666666666665, Avg Profit(USD): 6.183088367076074
Delay distribution: 1) >1000ms:0.0% , 2)200ms~1000ms:0.0% , 3)50ms~200ms: 5.87% , 4)20ms~50ms: 40.29% , 5)<20ms: 53.85% 
Left Users: 25, Max Delay(ms): 90.0, Avg Delay(ms): 11.19373333333333, Avg Profit(USD): 12.644572742692384
Delay distribution: 1) >1000ms:0.0% , 2)200ms~1000ms:0.0% , 3)50ms~200ms: 0.09% , 4)20ms~50ms: 9.62% , 5)<20ms: 90.29% 

Simulator step: 0
Simulator step: 1000
Simulator step: 2000
Simulator step: 3000
Simulator step: 4000
Simulator step: 5000
------------------------
Cycle: 20, start time: 13:40, end time: 13:45
------------------------
Total Users: 50, Max Delay(ms): 2920.0, Avg Delay(ms): 39.85770000000001, Avg Profit(USD): 8.45148695667296
Delay distribution: 1) >1000ms:0.42% , 2)200ms~1000ms:3.26% , 3)50ms~200ms: 9.18% , 4)20ms~50ms: 23.14% , 5)<20ms: 64.0% 
Worst 10% Users: 5, Max Delay(ms): 2920.0, Avg Delay(ms): 246.97799999999998, Avg Profit(USD): 0.6799147405351319
Delay distribution: 1) >1000ms:4.16% , 2)200ms~1000ms:32.56% , 3)50ms~200ms: 40.63% , 4)20ms~50ms: 16.26% , 5)<20ms: 6.39% 
Worst 25% Users: 7, Max Delay(ms): 100.0, Avg Delay(ms): 32.73928571428571, Avg Profit(USD): 3.236239938187448
Delay distribution: 1) >1000ms:0.0% , 2)200ms~1000ms:0.0% , 3)50ms~200ms: 25.56% , 4)20ms~50ms: 44.64% , 5)<20ms: 29.8% 
Worst 50% Users: 13, Max Delay(ms): 180.0, Avg Delay(ms): 19.179871794871797, Avg Profit(USD): 6.193775201289069
Delay distribution: 1) >1000ms:0.0% , 2)200ms~1000ms:0.0% , 3)50ms~200ms: 5.78% , 4)20ms~50ms: 40.3% , 5)<20ms: 53.92% 
Left Users: 25, Max Delay(ms): 90.0, Avg Delay(ms): 11.179266666666665, Avg Profit(USD): 12.640080677876085
Delay distribution: 1) >1000ms:0.0% , 2)200ms~1000ms:0.0% , 3)50ms~200ms: 0.08% , 4)20ms~50ms: 9.58% , 5)<20ms: 90.34% 

Simulator step: 0
Simulator step: 1000
Simulator step: 2000
Simulator step: 3000
Simulator step: 4000
Simulator step: 5000
------------------------
Cycle: 21, start time: 13:45, end time: 13:50
------------------------
Total Users: 50, Max Delay(ms): 3780.0, Avg Delay(ms): 40.85876666666668, Avg Profit(USD): 8.45589931759587
Delay distribution: 1) >1000ms:0.5% , 2)200ms~1000ms:3.01% , 3)50ms~200ms: 9.31% , 4)20ms~50ms: 23.19% , 5)<20ms: 64.0% 
Worst 10% Users: 5, Max Delay(ms): 3780.0, Avg Delay(ms): 256.825, Avg Profit(USD): 0.6998614654026504
Delay distribution: 1) >1000ms:5.0% , 2)200ms~1000ms:30.07% , 3)50ms~200ms: 41.7% , 4)20ms~50ms: 16.62% , 5)<20ms: 6.61% 
Worst 25% Users: 7, Max Delay(ms): 100.0, Avg Delay(ms): 33.03523809523809, Avg Profit(USD): 3.1917485409725623
Delay distribution: 1) >1000ms:0.0% , 2)200ms~1000ms:0.0% , 3)50ms~200ms: 25.99% , 4)20ms~50ms: 44.6% , 5)<20ms: 29.41% 
Worst 50% Users: 13, Max Delay(ms): 170.0, Avg Delay(ms): 19.088333333333335, Avg Profit(USD): 6.203443268561007
Delay distribution: 1) >1000ms:0.0% , 2)200ms~1000ms:0.0% , 3)50ms~200ms: 5.62% , 4)20ms~50ms: 40.31% , 5)<20ms: 54.07% 
Left Users: 25, Max Delay(ms): 80.0, Avg Delay(ms): 11.176733333333333, Avg Profit(USD): 12.652346250987168
Delay distribution: 1) >1000ms:0.0% , 2)200ms~1000ms:0.0% , 3)50ms~200ms: 0.07% , 4)20ms~50ms: 9.6% , 5)<20ms: 90.33% 

Simulator step: 0
Simulator step: 1000
Simulator step: 2000
Simulator step: 3000
Simulator step: 4000
Simulator step: 5000
------------------------
Cycle: 22, start time: 13:50, end time: 13:55
------------------------
Total Users: 50, Max Delay(ms): 2600.0, Avg Delay(ms): 40.77916666666668, Avg Profit(USD): 8.45440294577696
Delay distribution: 1) >1000ms:0.53% , 2)200ms~1000ms:3.09% , 3)50ms~200ms: 9.26% , 4)20ms~50ms: 23.12% , 5)<20ms: 64.0% 
Worst 10% Users: 5, Max Delay(ms): 2600.0, Avg Delay(ms): 256.27299999999997, Avg Profit(USD): 0.6656193705548167
Delay distribution: 1) >1000ms:5.31% , 2)200ms~1000ms:30.88% , 3)50ms~200ms: 41.54% , 4)20ms~50ms: 15.99% , 5)<20ms: 6.27% 
Worst 25% Users: 7, Max Delay(ms): 100.0, Avg Delay(ms): 32.46, Avg Profit(USD): 3.2561651614808307
Delay distribution: 1) >1000ms:0.0% , 2)200ms~1000ms:0.0% , 3)50ms~200ms: 25.1% , 4)20ms~50ms: 44.95% , 5)<20ms: 29.95% 
Worst 50% Users: 13, Max Delay(ms): 210.0, Avg Delay(ms): 19.251794871794875, Avg Profit(USD): 6.222937845155119
Delay distribution: 1) >1000ms:0.0% , 2)200ms~1000ms:0.0% , 3)50ms~200ms: 5.95% , 4)20ms~50ms: 39.86% , 5)<20ms: 54.19% 
Left Users: 25, Max Delay(ms): 80.0, Avg Delay(ms): 11.204000000000002, Avg Profit(USD): 12.628028092747662
Delay distribution: 1) >1000ms:0.0% , 2)200ms~1000ms:0.0% , 3)50ms~200ms: 0.08% , 4)20ms~50ms: 9.74% , 5)<20ms: 90.18% 

Simulator step: 0
Simulator step: 1000
Simulator step: 2000
Simulator step: 3000
Simulator step: 4000
Simulator step: 5000
------------------------
Cycle: 23, start time: 13:55, end time: 14:00
------------------------
Total Users: 50, Max Delay(ms): 3050.0, Avg Delay(ms): 40.090199999999996, Avg Profit(USD): 8.456860017926129
Delay distribution: 1) >1000ms:0.48% , 2)200ms~1000ms:3.01% , 3)50ms~200ms: 9.29% , 4)20ms~50ms: 23.22% , 5)<20ms: 64.0% 
Worst 10% Users: 5, Max Delay(ms): 3050.0, Avg Delay(ms): 249.38299999999998, Avg Profit(USD): 0.696349704021596
Delay distribution: 1) >1000ms:4.81% , 2)200ms~1000ms:30.05% , 3)50ms~200ms: 42.16% , 4)20ms~50ms: 16.4% , 5)<20ms: 6.57% 
Worst 25% Users: 7, Max Delay(ms): 100.0, Avg Delay(ms): 32.68666666666667, Avg Profit(USD): 3.229729170339118
Delay distribution: 1) >1000ms:0.0% , 2)200ms~1000ms:0.0% , 3)50ms~200ms: 25.4% , 4)20ms~50ms: 44.87% , 5)<20ms: 29.73% 
Worst 50% Users: 13, Max Delay(ms): 200.0, Avg Delay(ms): 19.1775641025641, Avg Profit(USD): 6.196885106172395
Delay distribution: 1) >1000ms:0.0% , 2)200ms~1000ms:0.0% , 3)50ms~200ms: 5.73% , 4)20ms~50ms: 40.33% , 5)<20ms: 53.95% 
Left Users: 25, Max Delay(ms): 80.0, Avg Delay(ms): 11.179199999999998, Avg Profit(USD): 12.647745672143335
Delay distribution: 1) >1000ms:0.0% , 2)200ms~1000ms:0.0% , 3)50ms~200ms: 0.07% , 4)20ms~50ms: 9.63% , 5)<20ms: 90.31% 

Simulator step: 0
Simulator step: 1000
Simulator step: 2000
Simulator step: 3000
Simulator step: 4000
Simulator step: 5000
------------------------
Cycle: 24, start time: 14:00, end time: 14:05
------------------------
Total Users: 50, Max Delay(ms): 3290.0, Avg Delay(ms): 39.90276666666668, Avg Profit(USD): 8.45318472555392
Delay distribution: 1) >1000ms:0.43% , 2)200ms~1000ms:3.19% , 3)50ms~200ms: 9.25% , 4)20ms~50ms: 23.13% , 5)<20ms: 64.0% 
Worst 10% Users: 5, Max Delay(ms): 3290.0, Avg Delay(ms): 247.5186666666667, Avg Profit(USD): 0.677457203555199
Delay distribution: 1) >1000ms:4.31% , 2)200ms~1000ms:31.86% , 3)50ms~200ms: 41.42% , 4)20ms~50ms: 16.03% , 5)<20ms: 6.38% 
Worst 25% Users: 7, Max Delay(ms): 100.0, Avg Delay(ms): 32.97309523809523, Avg Profit(USD): 3.2035337348151223
Delay distribution: 1) >1000ms:0.0% , 2)200ms~1000ms:0.0% , 3)50ms~200ms: 25.89% , 4)20ms~50ms: 44.57% , 5)<20ms: 29.55% 
Worst 50% Users: 13, Max Delay(ms): 230.0, Avg Delay(ms): 18.99320512820513, Avg Profit(USD): 6.2183062591194505
Delay distribution: 1) >1000ms:0.0% , 2)200ms~1000ms:0.01% , 3)50ms~200ms: 5.55% , 4)20ms~50ms: 40.24% , 5)<20ms: 54.2% 
Left Users: 25, Max Delay(ms): 80.0, Avg Delay(ms): 11.192866666666664, Avg Profit(USD): 12.640369309906454
Delay distribution: 1) >1000ms:0.0% , 2)200ms~1000ms:0.0% , 3)50ms~200ms: 0.09% , 4)20ms~50ms: 9.65% , 5)<20ms: 90.27% 

Simulator step: 0
Simulator step: 1000
Simulator step: 2000
Simulator step: 3000
Simulator step: 4000
Simulator step: 5000
------------------------
Cycle: 25, start time: 14:05, end time: 14:10
------------------------
Total Users: 50, Max Delay(ms): 3050.0, Avg Delay(ms): 42.84743333333332, Avg Profit(USD): 8.456419312279344
Delay distribution: 1) >1000ms:0.63% , 2)200ms~1000ms:3.09% , 3)50ms~200ms: 9.14% , 4)20ms~50ms: 23.15% , 5)<20ms: 64.0% 
Worst 10% Users: 5, Max Delay(ms): 3050.0, Avg Delay(ms): 276.902, Avg Profit(USD): 0.6775351477491883
Delay distribution: 1) >1000ms:6.27% , 2)200ms~1000ms:30.85% , 3)50ms~200ms: 40.36% , 4)20ms~50ms: 16.14% , 5)<20ms: 6.38% 
Worst 25% Users: 7, Max Delay(ms): 100.0, Avg Delay(ms): 32.79976190476191, Avg Profit(USD): 3.2193176508078523
Delay distribution: 1) >1000ms:0.0% , 2)200ms~1000ms:0.0% , 3)50ms~200ms: 25.63% , 4)20ms~50ms: 44.77% , 5)<20ms: 29.6% 
Worst 50% Users: 13, Max Delay(ms): 190.0, Avg Delay(ms): 19.124102564102564, Avg Profit(USD): 6.220752037525925
Delay distribution: 1) >1000ms:0.0% , 2)200ms~1000ms:0.0% , 3)50ms~200ms: 5.71% , 4)20ms~50ms: 40.12% , 5)<20ms: 54.16% 
Left Users: 25, Max Delay(ms): 80.0, Avg Delay(ms): 11.185999999999998, Avg Profit(USD): 12.641131593269176
Delay distribution: 1) >1000ms:0.0% , 2)200ms~1000ms:0.0% , 3)50ms~200ms: 0.07% , 4)20ms~50ms: 9.66% , 5)<20ms: 90.27% 

Simulator step: 0
Simulator step: 1000
Simulator step: 2000
Simulator step: 3000
Simulator step: 4000
Simulator step: 5000
------------------------
Cycle: 26, start time: 14:10, end time: 14:15
------------------------
Total Users: 50, Max Delay(ms): 2270.0, Avg Delay(ms): 38.33530000000002, Avg Profit(USD): 8.450226907190773
Delay distribution: 1) >1000ms:0.42% , 2)200ms~1000ms:2.92% , 3)50ms~200ms: 9.38% , 4)20ms~50ms: 23.27% , 5)<20ms: 64.0% 
Worst 10% Users: 5, Max Delay(ms): 2270.0, Avg Delay(ms): 231.863, Avg Profit(USD): 0.7119068836228828
Delay distribution: 1) >1000ms:4.22% , 2)200ms~1000ms:29.24% , 3)50ms~200ms: 42.79% , 4)20ms~50ms: 17.05% , 5)<20ms: 6.7% 
Worst 25% Users: 7, Max Delay(ms): 100.0, Avg Delay(ms): 32.44690476190476, Avg Profit(USD): 3.2691868009244796
Delay distribution: 1) >1000ms:0.0% , 2)200ms~1000ms:0.0% , 3)50ms~200ms: 25.14% , 4)20ms~50ms: 44.75% , 5)<20ms: 30.1% 
Worst 50% Users: 13, Max Delay(ms): 160.0, Avg Delay(ms): 19.25269230769231, Avg Profit(USD): 6.185562516561723
Delay distribution: 1) >1000ms:0.0% , 2)200ms~1000ms:0.0% , 3)50ms~200ms: 5.92% , 4)20ms~50ms: 40.16% , 5)<20ms: 53.92% 
Left Users: 25, Max Delay(ms): 90.0, Avg Delay(ms): 11.201466666666667, Avg Profit(USD): 12.626207624786025
Delay distribution: 1) >1000ms:0.0% , 2)200ms~1000ms:0.0% , 3)50ms~200ms: 0.08% , 4)20ms~50ms: 9.73% , 5)<20ms: 90.19% 

Simulator step: 0
Simulator step: 1000
Simulator step: 2000
Simulator step: 3000
Simulator step: 4000
Simulator step: 5000
------------------------
Cycle: 27, start time: 14:15, end time: 14:20
------------------------
Total Users: 50, Max Delay(ms): 2330.0, Avg Delay(ms): 39.27016666666666, Avg Profit(USD): 8.455492917333752
Delay distribution: 1) >1000ms:0.43% , 2)200ms~1000ms:3.13% , 3)50ms~200ms: 9.23% , 4)20ms~50ms: 23.2% , 5)<20ms: 64.0% 
Worst 10% Users: 5, Max Delay(ms): 2330.0, Avg Delay(ms): 241.077, Avg Profit(USD): 0.6996772067507658
Delay distribution: 1) >1000ms:4.34% , 2)200ms~1000ms:31.33% , 3)50ms~200ms: 41.24% , 4)20ms~50ms: 16.51% , 5)<20ms: 6.58% 
Worst 25% Users: 7, Max Delay(ms): 100.0, Avg Delay(ms): 32.506904761904764, Avg Profit(USD): 3.2466987897004187
Delay distribution: 1) >1000ms:0.0% , 2)200ms~1000ms:0.0% , 3)50ms~200ms: 25.09% , 4)20ms~50ms: 45.0% , 5)<20ms: 29.91% 
Worst 50% Users: 13, Max Delay(ms): 180.0, Avg Delay(ms): 19.332948717948717, Avg Profit(USD): 6.16608080151152
Delay distribution: 1) >1000ms:0.0% , 2)200ms~1000ms:0.0% , 3)50ms~200ms: 6.0% , 4)20ms~50ms: 40.29% , 5)<20ms: 53.7% 
Left Users: 25, Max Delay(ms): 70.0, Avg Delay(ms): 11.169866666666667, Avg Profit(USD): 12.655612715415243
Delay distribution: 1) >1000ms:0.0% , 2)200ms~1000ms:0.0% , 3)50ms~200ms: 0.06% , 4)20ms~50ms: 9.56% , 5)<20ms: 90.38% 

Simulator step: 0
Simulator step: 1000
Simulator step: 2000
Simulator step: 3000
Simulator step: 4000
Simulator step: 5000
------------------------
Cycle: 28, start time: 14:20, end time: 14:25
------------------------
Total Users: 50, Max Delay(ms): 2820.0, Avg Delay(ms): 40.479433333333326, Avg Profit(USD): 8.454984423300294
Delay distribution: 1) >1000ms:0.53% , 2)200ms~1000ms:3.0% , 3)50ms~200ms: 9.3% , 4)20ms~50ms: 23.17% , 5)<20ms: 64.0% 
Worst 10% Users: 5, Max Delay(ms): 2820.0, Avg Delay(ms): 253.26933333333335, Avg Profit(USD): 0.6759196692541825
Delay distribution: 1) >1000ms:5.27% , 2)200ms~1000ms:30.04% , 3)50ms~200ms: 42.0% , 4)20ms~50ms: 16.32% , 5)<20ms: 6.37% 
Worst 25% Users: 7, Max Delay(ms): 100.0, Avg Delay(ms): 32.64023809523809, Avg Profit(USD): 3.2325003682789983
Delay distribution: 1) >1000ms:0.0% , 2)200ms~1000ms:0.0% , 3)50ms~200ms: 25.35% , 4)20ms~50ms: 44.87% , 5)<20ms: 29.78% 
Worst 50% Users: 13, Max Delay(ms): 160.0, Avg Delay(ms): 19.19448717948718, Avg Profit(USD): 6.204935482509323
Delay distribution: 1) >1000ms:0.0% , 2)200ms~1000ms:0.0% , 3)50ms~200ms: 5.81% , 4)20ms~50ms: 40.2% , 5)<20ms: 53.99% 
Left Users: 25, Max Delay(ms): 90.0, Avg Delay(ms): 11.1846, Avg Profit(USD): 12.643118358726781
Delay distribution: 1) >1000ms:0.0% , 2)200ms~1000ms:0.0% , 3)50ms~200ms: 0.07% , 4)20ms~50ms: 9.61% , 5)<20ms: 90.31% 

Simulator step: 0
Simulator step: 1000
Simulator step: 2000
Simulator step: 3000
Simulator step: 4000
Simulator step: 5000
------------------------
Cycle: 29, start time: 14:25, end time: 14:30
------------------------
Total Users: 50, Max Delay(ms): 2500.0, Avg Delay(ms): 39.38870000000001, Avg Profit(USD): 8.45633687258871
Delay distribution: 1) >1000ms:0.44% , 2)200ms~1000ms:3.14% , 3)50ms~200ms: 9.28% , 4)20ms~50ms: 23.14% , 5)<20ms: 64.0% 
Worst 10% Users: 5, Max Delay(ms): 2500.0, Avg Delay(ms): 242.08466666666664, Avg Profit(USD): 0.6818758540794595
Delay distribution: 1) >1000ms:4.38% , 2)200ms~1000ms:31.42% , 3)50ms~200ms: 41.36% , 4)20ms~50ms: 16.4% , 5)<20ms: 6.43% 
Worst 25% Users: 7, Max Delay(ms): 100.0, Avg Delay(ms): 32.62357142857143, Avg Profit(USD): 3.234654948727127
Delay distribution: 1) >1000ms:0.0% , 2)200ms~1000ms:0.0% , 3)50ms~200ms: 25.28% , 4)20ms~50ms: 44.94% , 5)<20ms: 29.78% 
Worst 50% Users: 13, Max Delay(ms): 200.0, Avg Delay(ms): 19.326666666666664, Avg Profit(USD): 6.188771721375102
Delay distribution: 1) >1000ms:0.0% , 2)200ms~1000ms:0.0% , 3)50ms~200ms: 6.04% , 4)20ms~50ms: 40.07% , 5)<20ms: 53.88% 
Left Users: 25, Max Delay(ms): 70.0, Avg Delay(ms): 11.175999999999997, Avg Profit(USD): 12.652433893602877
Delay distribution: 1) >1000ms:0.0% , 2)200ms~1000ms:0.0% , 3)50ms~200ms: 0.06% , 4)20ms~50ms: 9.58% , 5)<20ms: 90.35% 

Simulator step: 0
Simulator step: 1000
Simulator step: 2000
Simulator step: 3000
Simulator step: 4000
Simulator step: 5000
------------------------
Cycle: 30, start time: 14:30, end time: 14:35
------------------------
Total Users: 50, Max Delay(ms): 2820.0, Avg Delay(ms): 42.193466666666666, Avg Profit(USD): 8.454856973949802
Delay distribution: 1) >1000ms:0.59% , 2)200ms~1000ms:3.06% , 3)50ms~200ms: 9.27% , 4)20ms~50ms: 23.07% , 5)<20ms: 64.0% 
Worst 10% Users: 5, Max Delay(ms): 2820.0, Avg Delay(ms): 270.1936666666667, Avg Profit(USD): 0.6741997326014958
Delay distribution: 1) >1000ms:5.94% , 2)200ms~1000ms:30.64% , 3)50ms~200ms: 41.24% , 4)20ms~50ms: 15.85% , 5)<20ms: 6.33% 
Worst 25% Users: 7, Max Delay(ms): 100.0, Avg Delay(ms): 32.736666666666665, Avg Profit(USD): 3.223958835176434
Delay distribution: 1) >1000ms:0.0% , 2)200ms~1000ms:0.0% , 3)50ms~200ms: 25.55% , 4)20ms~50ms: 44.74% , 5)<20ms: 29.7% 
Worst 50% Users: 13, Max Delay(ms): 170.0, Avg Delay(ms): 19.266538461538467, Avg Profit(USD): 6.186341630784714
Delay distribution: 1) >1000ms:0.0% , 2)200ms~1000ms:0.0% , 3)50ms~200ms: 5.93% , 4)20ms~50ms: 40.19% , 5)<20ms: 53.88% 
Left Users: 25, Max Delay(ms): 80.0, Avg Delay(ms): 11.163333333333332, Avg Profit(USD): 12.655267879521855
Delay distribution: 1) >1000ms:0.0% , 2)200ms~1000ms:0.0% , 3)50ms~200ms: 0.06% , 4)20ms~50ms: 9.54% , 5)<20ms: 90.4% 

Simulator step: 0
Simulator step: 1000
Simulator step: 2000
Simulator step: 3000
Simulator step: 4000
Simulator step: 5000
------------------------
Cycle: 31, start time: 14:35, end time: 14:40
------------------------
Total Users: 50, Max Delay(ms): 2300.0, Avg Delay(ms): 37.85556666666667, Avg Profit(USD): 8.45427012243049
Delay distribution: 1) >1000ms:0.34% , 2)200ms~1000ms:3.09% , 3)50ms~200ms: 9.45% , 4)20ms~50ms: 23.13% , 5)<20ms: 64.0% 
Worst 10% Users: 5, Max Delay(ms): 2300.0, Avg Delay(ms): 226.41533333333336, Avg Profit(USD): 0.7084718910623176
Delay distribution: 1) >1000ms:3.36% , 2)200ms~1000ms:30.91% , 3)50ms~200ms: 42.29% , 4)20ms~50ms: 16.78% , 5)<20ms: 6.67% 
Worst 25% Users: 7, Max Delay(ms): 100.0, Avg Delay(ms): 33.00642857142857, Avg Profit(USD): 3.1866419810237328
Delay distribution: 1) >1000ms:0.0% , 2)200ms~1000ms:0.0% , 3)50ms~200ms: 25.96% , 4)20ms~50ms: 44.66% , 5)<20ms: 29.38% 
Worst 50% Users: 13, Max Delay(ms): 160.0, Avg Delay(ms): 19.24653846153846, Avg Profit(USD): 6.193206753569289
Delay distribution: 1) >1000ms:0.0% , 2)200ms~1000ms:0.0% , 3)50ms~200ms: 5.93% , 4)20ms~50ms: 40.14% , 5)<20ms: 53.93% 
Left Users: 25, Max Delay(ms): 80.0, Avg Delay(ms): 11.178066666666668, Avg Profit(USD): 12.654118600105841
Delay distribution: 1) >1000ms:0.0% , 2)200ms~1000ms:0.0% , 3)50ms~200ms: 0.08% , 4)20ms~50ms: 9.52% , 5)<20ms: 90.4% 

Simulator step: 0
Simulator step: 1000
Simulator step: 2000
Simulator step: 3000
Simulator step: 4000
Simulator step: 5000
------------------------
Cycle: 32, start time: 14:40, end time: 14:45
------------------------
Total Users: 50, Max Delay(ms): 4430.0, Avg Delay(ms): 42.24979999999999, Avg Profit(USD): 8.452417989714624
Delay distribution: 1) >1000ms:0.58% , 2)200ms~1000ms:3.0% , 3)50ms~200ms: 9.2% , 4)20ms~50ms: 23.22% , 5)<20ms: 64.0% 
Worst 10% Users: 5, Max Delay(ms): 4430.0, Avg Delay(ms): 271.1306666666667, Avg Profit(USD): 0.6925700807608451
Delay distribution: 1) >1000ms:5.78% , 2)200ms~1000ms:30.03% , 3)50ms~200ms: 41.25% , 4)20ms~50ms: 16.42% , 5)<20ms: 6.52% 
Worst 25% Users: 7, Max Delay(ms): 100.0, Avg Delay(ms): 32.51190476190476, Avg Profit(USD): 3.2682585517738896
Delay distribution: 1) >1000ms:0.0% , 2)200ms~1000ms:0.0% , 3)50ms~200ms: 25.25% , 4)20ms~50ms: 44.65% , 5)<20ms: 30.1% 
Worst 50% Users: 13, Max Delay(ms): 170.0, Avg Delay(ms): 19.1775641025641, Avg Profit(USD): 6.196980079243207
Delay distribution: 1) >1000ms:0.0% , 2)200ms~1000ms:0.0% , 3)50ms~200ms: 5.78% , 4)20ms~50ms: 40.25% , 5)<20ms: 53.97% 
Left Users: 25, Max Delay(ms): 70.0, Avg Delay(ms): 11.1978, Avg Profit(USD): 12.628779927573925
Delay distribution: 1) >1000ms:0.0% , 2)200ms~1000ms:0.0% , 3)50ms~200ms: 0.08% , 4)20ms~50ms: 9.72% , 5)<20ms: 90.2% 

Simulator step: 0
Simulator step: 1000
Simulator step: 2000
Simulator step: 3000
Simulator step: 4000
Simulator step: 5000
------------------------
Cycle: 33, start time: 14:45, end time: 14:50
------------------------
Total Users: 50, Max Delay(ms): 3260.0, Avg Delay(ms): 37.6554, Avg Profit(USD): 8.452386380911735
Delay distribution: 1) >1000ms:0.34% , 2)200ms~1000ms:2.95% , 3)50ms~200ms: 9.49% , 4)20ms~50ms: 23.23% , 5)<20ms: 64.0% 
Worst 10% Users: 5, Max Delay(ms): 3260.0, Avg Delay(ms): 224.62500000000003, Avg Profit(USD): 0.7177954607956164
Delay distribution: 1) >1000ms:3.36% , 2)200ms~1000ms:29.48% , 3)50ms~200ms: 43.16% , 4)20ms~50ms: 17.23% , 5)<20ms: 6.78% 
Worst 25% Users: 7, Max Delay(ms): 100.0, Avg Delay(ms): 32.64404761904761, Avg Profit(USD): 3.233804306207691
Delay distribution: 1) >1000ms:0.0% , 2)200ms~1000ms:0.0% , 3)50ms~200ms: 25.41% , 4)20ms~50ms: 44.78% , 5)<20ms: 29.81% 
Worst 50% Users: 13, Max Delay(ms): 190.0, Avg Delay(ms): 19.36730769230769, Avg Profit(USD): 6.166525692325208
Delay distribution: 1) >1000ms:0.0% , 2)200ms~1000ms:0.0% , 3)50ms~200ms: 6.07% , 4)20ms~50ms: 40.19% , 5)<20ms: 53.74% 
Left Users: 25, Max Delay(ms): 70.0, Avg Delay(ms): 11.174466666666667, Avg Profit(USD): 12.649155103917083
Delay distribution: 1) >1000ms:0.0% , 2)200ms~1000ms:0.0% , 3)50ms~200ms: 0.08% , 4)20ms~50ms: 9.57% , 5)<20ms: 90.35% 

Simulator step: 0
Simulator step: 1000
Simulator step: 2000
Simulator step: 3000
Simulator step: 4000
Simulator step: 5000
------------------------
Cycle: 34, start time: 14:50, end time: 14:55
------------------------
Total Users: 50, Max Delay(ms): 3850.0, Avg Delay(ms): 39.08876666666665, Avg Profit(USD): 8.454705544010231
Delay distribution: 1) >1000ms:0.39% , 2)200ms~1000ms:3.0% , 3)50ms~200ms: 9.35% , 4)20ms~50ms: 23.25% , 5)<20ms: 64.0% 
Worst 10% Users: 5, Max Delay(ms): 3850.0, Avg Delay(ms): 239.00566666666666, Avg Profit(USD): 0.718434980237273
Delay distribution: 1) >1000ms:3.94% , 2)200ms~1000ms:30.0% , 3)50ms~200ms: 42.0% , 4)20ms~50ms: 17.29% , 5)<20ms: 6.77% 
Worst 25% Users: 7, Max Delay(ms): 100.0, Avg Delay(ms): 32.65785714285715, Avg Profit(USD): 3.2564080842106784
Delay distribution: 1) >1000ms:0.0% , 2)200ms~1000ms:0.0% , 3)50ms~200ms: 25.47% , 4)20ms~50ms: 44.59% , 5)<20ms: 29.94% 
Worst 50% Users: 13, Max Delay(ms): 230.0, Avg Delay(ms): 19.358205128205128, Avg Profit(USD): 6.153058268631787
Delay distribution: 1) >1000ms:0.0% , 2)200ms~1000ms:0.01% , 3)50ms~200ms: 5.97% , 4)20ms~50ms: 40.44% , 5)<20ms: 53.58% 
Left Users: 25, Max Delay(ms): 80.0, Avg Delay(ms): 11.165933333333333, Avg Profit(USD): 12.65433952870549
Delay distribution: 1) >1000ms:0.0% , 2)200ms~1000ms:0.0% , 3)50ms~200ms: 0.06% , 4)20ms~50ms: 9.54% , 5)<20ms: 90.4% 

Simulator step: 0
Simulator step: 1000
Simulator step: 2000
Simulator step: 3000
Simulator step: 4000
Simulator step: 5000
------------------------
Cycle: 35, start time: 14:55, end time: 15:00
------------------------
Total Users: 50, Max Delay(ms): 2100.0, Avg Delay(ms): 39.050133333333314, Avg Profit(USD): 8.45563427210917
Delay distribution: 1) >1000ms:0.4% , 2)200ms~1000ms:3.18% , 3)50ms~200ms: 9.22% , 4)20ms~50ms: 23.21% , 5)<20ms: 64.0% 
Worst 10% Users: 5, Max Delay(ms): 2100.0, Avg Delay(ms): 239.0896666666667, Avg Profit(USD): 0.6853616197377289
Delay distribution: 1) >1000ms:3.99% , 2)200ms~1000ms:31.77% , 3)50ms~200ms: 41.32% , 4)20ms~50ms: 16.45% , 5)<20ms: 6.47% 
Worst 25% Users: 7, Max Delay(ms): 100.0, Avg Delay(ms): 32.64404761904762, Avg Profit(USD): 3.2348658222831683
Delay distribution: 1) >1000ms:0.0% , 2)200ms~1000ms:0.0% , 3)50ms~200ms: 25.41% , 4)20ms~50ms: 44.85% , 5)<20ms: 29.75% 
Worst 50% Users: 13, Max Delay(ms): 180.0, Avg Delay(ms): 19.154871794871795, Avg Profit(USD): 6.195604550627736
Delay distribution: 1) >1000ms:0.0% , 2)200ms~1000ms:0.0% , 3)50ms~200ms: 5.73% , 4)20ms~50ms: 40.36% , 5)<20ms: 53.91% 
Left Users: 25, Max Delay(ms): 80.0, Avg Delay(ms): 11.181466666666669, Avg Profit(USD): 12.646719423705086
Delay distribution: 1) >1000ms:0.0% , 2)200ms~1000ms:0.0% , 3)50ms~200ms: 0.08% , 4)20ms~50ms: 9.58% , 5)<20ms: 90.34% 

Simulator step: 0
Simulator step: 1000
Simulator step: 2000
Simulator step: 3000
Simulator step: 4000
Simulator step: 5000
------------------------
Cycle: 36, start time: 15:00, end time: 15:05
------------------------
Total Users: 50, Max Delay(ms): 2220.0, Avg Delay(ms): 37.86166666666667, Avg Profit(USD): 8.452245671588004
Delay distribution: 1) >1000ms:0.36% , 2)200ms~1000ms:3.06% , 3)50ms~200ms: 9.26% , 4)20ms~50ms: 23.31% , 5)<20ms: 64.0% 
Worst 10% Users: 5, Max Delay(ms): 2220.0, Avg Delay(ms): 227.25933333333333, Avg Profit(USD): 0.706421781826127
Delay distribution: 1) >1000ms:3.63% , 2)200ms~1000ms:30.62% , 3)50ms~200ms: 42.22% , 4)20ms~50ms: 16.88% , 5)<20ms: 6.65% 
Worst 25% Users: 7, Max Delay(ms): 100.0, Avg Delay(ms): 32.56785714285714, Avg Profit(USD): 3.2506414884557464
Delay distribution: 1) >1000ms:0.0% , 2)200ms~1000ms:0.0% , 3)50ms~200ms: 25.24% , 4)20ms~50ms: 44.8% , 5)<20ms: 29.96% 
Worst 50% Users: 13, Max Delay(ms): 190.0, Avg Delay(ms): 19.128205128205128, Avg Profit(USD): 6.197816552649601
Delay distribution: 1) >1000ms:0.0% , 2)200ms~1000ms:0.0% , 3)50ms~200ms: 5.6% , 4)20ms~50ms: 40.4% , 5)<20ms: 54.0% 
Left Users: 25, Max Delay(ms): 80.0, Avg Delay(ms): 11.205800000000002, Avg Profit(USD): 12.630162762665382
Delay distribution: 1) >1000ms:0.0% , 2)200ms~1000ms:0.0% , 3)50ms~200ms: 0.1% , 4)20ms~50ms: 9.7% , 5)<20ms: 90.2% 

Simulator step: 0
Simulator step: 1000
Simulator step: 2000
Simulator step: 3000
Simulator step: 4000
Simulator step: 5000
------------------------
Cycle: 37, start time: 15:05, end time: 15:10
------------------------
Total Users: 50, Max Delay(ms): 2490.0, Avg Delay(ms): 38.34510000000001, Avg Profit(USD): 8.45317657221283
Delay distribution: 1) >1000ms:0.38% , 2)200ms~1000ms:3.08% , 3)50ms~200ms: 9.31% , 4)20ms~50ms: 23.23% , 5)<20ms: 64.0% 
Worst 10% Users: 5, Max Delay(ms): 2490.0, Avg Delay(ms): 231.9513333333333, Avg Profit(USD): 0.6917339220438541
Delay distribution: 1) >1000ms:3.83% , 2)200ms~1000ms:30.81% , 3)50ms~200ms: 42.32% , 4)20ms~50ms: 16.52% , 5)<20ms: 6.52% 
Worst 25% Users: 7, Max Delay(ms): 100.0, Avg Delay(ms): 32.48119047619048, Avg Profit(USD): 3.27124298661692
Delay distribution: 1) >1000ms:0.0% , 2)200ms~1000ms:0.0% , 3)50ms~200ms: 25.1% , 4)20ms~50ms: 44.81% , 5)<20ms: 30.09% 
Worst 50% Users: 13, Max Delay(ms): 240.0, Avg Delay(ms): 19.257435897435897, Avg Profit(USD): 6.184452646459075
Delay distribution: 1) >1000ms:0.0% , 2)200ms~1000ms:0.01% , 3)50ms~200ms: 5.86% , 4)20ms~50ms: 40.29% , 5)<20ms: 53.85% 
Left Users: 25, Max Delay(ms): 90.0, Avg Delay(ms): 11.191333333333336, Avg Profit(USD): 12.636142947605434
Delay distribution: 1) >1000ms:0.0% , 2)200ms~1000ms:0.0% , 3)50ms~200ms: 0.08% , 4)20ms~50ms: 9.65% , 5)<20ms: 90.27% 

Simulator step: 0
Simulator step: 1000
Simulator step: 2000
Simulator step: 3000
Simulator step: 4000
Simulator step: 5000
------------------------
Cycle: 38, start time: 15:10, end time: 15:15
------------------------
Total Users: 50, Max Delay(ms): 3300.0, Avg Delay(ms): 38.91593333333334, Avg Profit(USD): 8.452993572737384
Delay distribution: 1) >1000ms:0.36% , 2)200ms~1000ms:3.09% , 3)50ms~200ms: 9.36% , 4)20ms~50ms: 23.19% , 5)<20ms: 64.0% 
Worst 10% Users: 5, Max Delay(ms): 3300.0, Avg Delay(ms): 237.3623333333333, Avg Profit(USD): 0.6943160265872781
Delay distribution: 1) >1000ms:3.61% , 2)200ms~1000ms:30.88% , 3)50ms~200ms: 42.15% , 4)20ms~50ms: 16.8% , 5)<20ms: 6.55% 
Worst 25% Users: 7, Max Delay(ms): 100.0, Avg Delay(ms): 32.75309523809524, Avg Profit(USD): 3.2468652167451095
Delay distribution: 1) >1000ms:0.0% , 2)200ms~1000ms:0.0% , 3)50ms~200ms: 25.64% , 4)20ms~50ms: 44.45% , 5)<20ms: 29.91% 
Worst 50% Users: 13, Max Delay(ms): 220.0, Avg Delay(ms): 19.243076923076924, Avg Profit(USD): 6.1776242252571825
Delay distribution: 1) >1000ms:0.0% , 2)200ms~1000ms:0.0% , 3)50ms~200ms: 5.83% , 4)20ms~50ms: 40.37% , 5)<20ms: 53.8% 
Left Users: 25, Max Delay(ms): 80.0, Avg Delay(ms): 11.182133333333335, Avg Profit(USD): 12.645637082334947
Delay distribution: 1) >1000ms:0.0% , 2)200ms~1000ms:0.0% , 3)50ms~200ms: 0.08% , 4)20ms~50ms: 9.58% , 5)<20ms: 90.34% 

Simulator step: 0
Simulator step: 1000
Simulator step: 2000
Simulator step: 3000
Simulator step: 4000
Simulator step: 5000
------------------------
Cycle: 39, start time: 15:15, end time: 15:20
------------------------
Total Users: 50, Max Delay(ms): 2460.0, Avg Delay(ms): 39.49576666666667, Avg Profit(USD): 8.452346739458138
Delay distribution: 1) >1000ms:0.45% , 2)200ms~1000ms:3.02% , 3)50ms~200ms: 9.42% , 4)20ms~50ms: 23.11% , 5)<20ms: 64.0% 
Worst 10% Users: 5, Max Delay(ms): 2460.0, Avg Delay(ms): 242.60533333333336, Avg Profit(USD): 0.716764591964818
Delay distribution: 1) >1000ms:4.49% , 2)200ms~1000ms:30.21% , 3)50ms~200ms: 41.63% , 4)20ms~50ms: 16.91% , 5)<20ms: 6.76% 
Worst 25% Users: 7, Max Delay(ms): 100.0, Avg Delay(ms): 33.015476190476186, Avg Profit(USD): 3.2257128807099082
Delay distribution: 1) >1000ms:0.0% , 2)200ms~1000ms:0.0% , 3)50ms~200ms: 26.15% , 4)20ms~50ms: 44.19% , 5)<20ms: 29.66% 
Worst 50% Users: 13, Max Delay(ms): 200.0, Avg Delay(ms): 19.350128205128208, Avg Profit(USD): 6.163330341038359
Delay distribution: 1) >1000ms:0.0% , 2)200ms~1000ms:0.0% , 3)50ms~200ms: 6.0% , 4)20ms~50ms: 40.29% , 5)<20ms: 53.7% 
Left Users: 25, Max Delay(ms): 70.0, Avg Delay(ms): 11.164066666666665, Avg Profit(USD): 12.653209176584598
Delay distribution: 1) >1000ms:0.0% , 2)200ms~1000ms:0.0% , 3)50ms~200ms: 0.07% , 4)20ms~50ms: 9.51% , 5)<20ms: 90.42% 

Simulator step: 0
Simulator step: 1000
Simulator step: 2000
Simulator step: 3000
Simulator step: 4000
Simulator step: 5000
------------------------
Cycle: 40, start time: 15:20, end time: 15:25
------------------------
Total Users: 50, Max Delay(ms): 1800.0, Avg Delay(ms): 37.009933333333336, Avg Profit(USD): 8.45617476852721
Delay distribution: 1) >1000ms:0.3% , 2)200ms~1000ms:3.13% , 3)50ms~200ms: 9.35% , 4)20ms~50ms: 23.22% , 5)<20ms: 64.0% 
Worst 10% Users: 5, Max Delay(ms): 1800.0, Avg Delay(ms): 218.35000000000002, Avg Profit(USD): 0.6976209471800848
Delay distribution: 1) >1000ms:2.99% , 2)200ms~1000ms:31.29% , 3)50ms~200ms: 42.36% , 4)20ms~50ms: 16.78% , 5)<20ms: 6.57% 
Worst 25% Users: 7, Max Delay(ms): 100.0, Avg Delay(ms): 32.69880952380952, Avg Profit(USD): 3.2466006073757634
Delay distribution: 1) >1000ms:0.0% , 2)200ms~1000ms:0.0% , 3)50ms~200ms: 25.5% , 4)20ms~50ms: 44.64% , 5)<20ms: 29.87% 
Worst 50% Users: 13, Max Delay(ms): 170.0, Avg Delay(ms): 19.215897435897432, Avg Profit(USD): 6.2026588141608965
Delay distribution: 1) >1000ms:0.0% , 2)200ms~1000ms:0.0% , 3)50ms~200ms: 5.77% , 4)20ms~50ms: 40.22% , 5)<20ms: 54.01% 
Left Users: 25, Max Delay(ms): 100.0, Avg Delay(ms): 11.201933333333331, Avg Profit(USD): 12.63839459418952
Delay distribution: 1) >1000ms:0.0% , 2)200ms~1000ms:0.0% , 3)50ms~200ms: 0.09% , 4)20ms~50ms: 9.67% , 5)<20ms: 90.24% 

Simulator step: 0
Simulator step: 1000
Simulator step: 2000
Simulator step: 3000
Simulator step: 4000
Simulator step: 5000
------------------------
Cycle: 41, start time: 15:25, end time: 15:30
------------------------
Total Users: 50, Max Delay(ms): 2800.0, Avg Delay(ms): 38.18430000000001, Avg Profit(USD): 8.456857971483934
Delay distribution: 1) >1000ms:0.33% , 2)200ms~1000ms:3.13% , 3)50ms~200ms: 9.34% , 4)20ms~50ms: 23.2% , 5)<20ms: 64.0% 
Worst 10% Users: 5, Max Delay(ms): 2800.0, Avg Delay(ms): 230.32, Avg Profit(USD): 0.6991900889562302
Delay distribution: 1) >1000ms:3.34% , 2)200ms~1000ms:31.29% , 3)50ms~200ms: 42.38% , 4)20ms~50ms: 16.39% , 5)<20ms: 6.6% 
Worst 25% Users: 7, Max Delay(ms): 100.0, Avg Delay(ms): 32.59690476190476, Avg Profit(USD): 3.270927662517497
Delay distribution: 1) >1000ms:0.0% , 2)200ms~1000ms:0.0% , 3)50ms~200ms: 25.36% , 4)20ms~50ms: 44.57% , 5)<20ms: 30.07% 
Worst 50% Users: 13, Max Delay(ms): 160.0, Avg Delay(ms): 19.200128205128205, Avg Profit(USD): 6.181668180590238
Delay distribution: 1) >1000ms:0.0% , 2)200ms~1000ms:0.0% , 3)50ms~200ms: 5.79% , 4)20ms~50ms: 40.38% , 5)<20ms: 53.82% 
Left Users: 25, Max Delay(ms): 70.0, Avg Delay(ms): 11.193400000000002, Avg Profit(USD): 12.643550725764797
Delay distribution: 1) >1000ms:0.0% , 2)200ms~1000ms:0.0% , 3)50ms~200ms: 0.08% , 4)20ms~50ms: 9.65% , 5)<20ms: 90.27% 

Simulator step: 0
Simulator step: 1000
Simulator step: 2000
Simulator step: 3000
Simulator step: 4000
Simulator step: 5000
------------------------
Cycle: 42, start time: 15:30, end time: 15:35
------------------------
Total Users: 50, Max Delay(ms): 2730.0, Avg Delay(ms): 40.5783, Avg Profit(USD): 8.451914452488271
Delay distribution: 1) >1000ms:0.49% , 2)200ms~1000ms:3.15% , 3)50ms~200ms: 9.16% , 4)20ms~50ms: 23.2% , 5)<20ms: 64.0% 
Worst 10% Users: 5, Max Delay(ms): 2730.0, Avg Delay(ms): 254.09333333333333, Avg Profit(USD): 0.7064725500144068
Delay distribution: 1) >1000ms:4.91% , 2)200ms~1000ms:31.52% , 3)50ms~200ms: 40.33% , 4)20ms~50ms: 16.6% , 5)<20ms: 6.65% 
Worst 25% Users: 7, Max Delay(ms): 100.0, Avg Delay(ms): 32.65261904761905, Avg Profit(USD): 3.221204121143309
Delay distribution: 1) >1000ms:0.0% , 2)200ms~1000ms:0.0% , 3)50ms~200ms: 25.37% , 4)20ms~50ms: 45.01% , 5)<20ms: 29.63% 
Worst 50% Users: 13, Max Delay(ms): 170.0, Avg Delay(ms): 19.255384615384614, Avg Profit(USD): 6.185050191929112
Delay distribution: 1) >1000ms:0.0% , 2)200ms~1000ms:0.0% , 3)50ms~200ms: 5.91% , 4)20ms~50ms: 40.2% , 5)<20ms: 53.88% 
Left Users: 25, Max Delay(ms): 70.0, Avg Delay(ms): 11.182399999999998, Avg Profit(USD): 12.644371141250392
Delay distribution: 1) >1000ms:0.0% , 2)200ms~1000ms:0.0% , 3)50ms~200ms: 0.08% , 4)20ms~50ms: 9.56% , 5)<20ms: 90.35% 

Simulator step: 0
Simulator step: 1000
Simulator step: 2000
Simulator step: 3000
Simulator step: 4000
Simulator step: 5000
------------------------
Cycle: 43, start time: 15:35, end time: 15:40
------------------------
Total Users: 50, Max Delay(ms): 3580.0, Avg Delay(ms): 40.275566666666684, Avg Profit(USD): 8.452572252804867
Delay distribution: 1) >1000ms:0.44% , 2)200ms~1000ms:3.15% , 3)50ms~200ms: 9.24% , 4)20ms~50ms: 23.18% , 5)<20ms: 64.0% 
Worst 10% Users: 5, Max Delay(ms): 3580.0, Avg Delay(ms): 251.36599999999999, Avg Profit(USD): 0.6762803841047437
Delay distribution: 1) >1000ms:4.35% , 2)200ms~1000ms:31.53% , 3)50ms~200ms: 41.58% , 4)20ms~50ms: 16.16% , 5)<20ms: 6.38% 
Worst 25% Users: 7, Max Delay(ms): 100.0, Avg Delay(ms): 32.46785714285714, Avg Profit(USD): 3.257733344849088
Delay distribution: 1) >1000ms:0.0% , 2)200ms~1000ms:0.0% , 3)50ms~200ms: 25.11% , 4)20ms~50ms: 44.92% , 5)<20ms: 29.97% 
Worst 50% Users: 13, Max Delay(ms): 170.0, Avg Delay(ms): 19.26205128205128, Avg Profit(USD): 6.168368311348733
Delay distribution: 1) >1000ms:0.0% , 2)200ms~1000ms:0.0% , 3)50ms~200ms: 5.87% , 4)20ms~50ms: 40.39% , 5)<20ms: 53.73% 
Left Users: 25, Max Delay(ms): 80.0, Avg Delay(ms): 11.170666666666666, Avg Profit(USD): 12.650171570329697
Delay distribution: 1) >1000ms:0.0% , 2)200ms~1000ms:0.0% , 3)50ms~200ms: 0.07% , 4)20ms~50ms: 9.54% , 5)<20ms: 90.39% 

Simulator step: 0
Simulator step: 1000
Simulator step: 2000
Simulator step: 3000
Simulator step: 4000
Simulator step: 5000
------------------------
Cycle: 44, start time: 15:40, end time: 15:45
------------------------
Total Users: 50, Max Delay(ms): 3400.0, Avg Delay(ms): 42.516066666666674, Avg Profit(USD): 8.454833301785905
Delay distribution: 1) >1000ms:0.64% , 2)200ms~1000ms:2.87% , 3)50ms~200ms: 9.38% , 4)20ms~50ms: 23.12% , 5)<20ms: 64.0% 
Worst 10% Users: 5, Max Delay(ms): 3400.0, Avg Delay(ms): 272.977, Avg Profit(USD): 0.7130896288814739
Delay distribution: 1) >1000ms:6.36% , 2)200ms~1000ms:28.73% , 3)50ms~200ms: 41.39% , 4)20ms~50ms: 16.82% , 5)<20ms: 6.71% 
Worst 25% Users: 7, Max Delay(ms): 100.0, Avg Delay(ms): 32.96071428571429, Avg Profit(USD): 3.197111796308427
Delay distribution: 1) >1000ms:0.0% , 2)200ms~1000ms:0.0% , 3)50ms~200ms: 25.9% , 4)20ms~50ms: 44.62% , 5)<20ms: 29.48% 
Worst 50% Users: 13, Max Delay(ms): 160.0, Avg Delay(ms): 19.316025641025643, Avg Profit(USD): 6.164368463961231
Delay distribution: 1) >1000ms:0.0% , 2)200ms~1000ms:0.0% , 3)50ms~200ms: 6.03% , 4)20ms~50ms: 40.28% , 5)<20ms: 53.69% 
Left Users: 25, Max Delay(ms): 80.0, Avg Delay(ms): 11.1634, Avg Profit(USD): 12.666385773569317
Delay distribution: 1) >1000ms:0.0% , 2)200ms~1000ms:0.0% , 3)50ms~200ms: 0.09% , 4)20ms~50ms: 9.43% , 5)<20ms: 90.48% 

Simulator step: 0
Simulator step: 1000
Simulator step: 2000
Simulator step: 3000
Simulator step: 4000
Simulator step: 5000
------------------------
Cycle: 45, start time: 15:45, end time: 15:50
------------------------
Total Users: 50, Max Delay(ms): 3010.0, Avg Delay(ms): 38.023466666666664, Avg Profit(USD): 8.4558127599362
Delay distribution: 1) >1000ms:0.38% , 2)200ms~1000ms:2.91% , 3)50ms~200ms: 9.47% , 4)20ms~50ms: 23.24% , 5)<20ms: 64.0% 
Worst 10% Users: 5, Max Delay(ms): 3010.0, Avg Delay(ms): 228.38866666666664, Avg Profit(USD): 0.7134371732274164
Delay distribution: 1) >1000ms:3.75% , 2)200ms~1000ms:29.14% , 3)50ms~200ms: 43.2% , 4)20ms~50ms: 17.18% , 5)<20ms: 6.73% 
Worst 25% Users: 7, Max Delay(ms): 100.0, Avg Delay(ms): 32.755, Avg Profit(USD): 3.226517192400678
Delay distribution: 1) >1000ms:0.0% , 2)200ms~1000ms:0.0% , 3)50ms~200ms: 25.6% , 4)20ms~50ms: 44.68% , 5)<20ms: 29.72% 
Worst 50% Users: 13, Max Delay(ms): 180.0, Avg Delay(ms): 19.248333333333335, Avg Profit(USD): 6.197486097370072
Delay distribution: 1) >1000ms:0.0% , 2)200ms~1000ms:0.0% , 3)50ms~200ms: 5.88% , 4)20ms~50ms: 40.19% , 5)<20ms: 53.94% 
Left Users: 25, Max Delay(ms): 90.0, Avg Delay(ms): 11.188666666666666, Avg Profit(USD): 12.642820500722278
Delay distribution: 1) >1000ms:0.0% , 2)200ms~1000ms:0.0% , 3)50ms~200ms: 0.08% , 4)20ms~50ms: 9.63% , 5)<20ms: 90.29% 

Simulator step: 0
Simulator step: 1000
Simulator step: 2000
Simulator step: 3000
Simulator step: 4000
Simulator step: 5000
------------------------
Cycle: 46, start time: 15:50, end time: 15:55
------------------------
Total Users: 50, Max Delay(ms): 3080.0, Avg Delay(ms): 40.35946666666667, Avg Profit(USD): 8.455098096327072
Delay distribution: 1) >1000ms:0.51% , 2)200ms~1000ms:2.96% , 3)50ms~200ms: 9.26% , 4)20ms~50ms: 23.27% , 5)<20ms: 64.0% 
Worst 10% Users: 5, Max Delay(ms): 3080.0, Avg Delay(ms): 252.04233333333332, Avg Profit(USD): 0.7143094444520933
Delay distribution: 1) >1000ms:5.09% , 2)200ms~1000ms:29.59% , 3)50ms~200ms: 41.7% , 4)20ms~50ms: 16.89% , 5)<20ms: 6.74% 
Worst 25% Users: 7, Max Delay(ms): 100.0, Avg Delay(ms): 32.69833333333333, Avg Profit(USD): 3.2258582434872394
Delay distribution: 1) >1000ms:0.0% , 2)200ms~1000ms:0.0% , 3)50ms~200ms: 25.44% , 4)20ms~50ms: 44.87% , 5)<20ms: 29.69% 
Worst 50% Users: 13, Max Delay(ms): 150.0, Avg Delay(ms): 19.15089743589744, Avg Profit(USD): 6.196915799978245
Delay distribution: 1) >1000ms:0.0% , 2)200ms~1000ms:0.0% , 3)50ms~200ms: 5.73% , 4)20ms~50ms: 40.3% , 5)<20ms: 53.97% 
Left Users: 25, Max Delay(ms): 70.0, Avg Delay(ms): 11.196466666666666, Avg Profit(USD): 12.641697779598612
Delay distribution: 1) >1000ms:0.0% , 2)200ms~1000ms:0.0% , 3)50ms~200ms: 0.08% , 4)20ms~50ms: 9.64% , 5)<20ms: 90.27% 

Simulator step: 0
Simulator step: 1000
Simulator step: 2000
Simulator step: 3000
Simulator step: 4000
Simulator step: 5000
------------------------
Cycle: 47, start time: 15:55, end time: 16:00
------------------------
Total Users: 50, Max Delay(ms): 4430.0, Avg Delay(ms): 38.470399999999984, Avg Profit(USD): 8.45218991855838
Delay distribution: 1) >1000ms:0.32% , 2)200ms~1000ms:3.02% , 3)50ms~200ms: 9.53% , 4)20ms~50ms: 23.14% , 5)<20ms: 64.0% 
Worst 10% Users: 5, Max Delay(ms): 4430.0, Avg Delay(ms): 232.373, Avg Profit(USD): 0.710016832338124
Delay distribution: 1) >1000ms:3.17% , 2)200ms~1000ms:30.2% , 3)50ms~200ms: 43.02% , 4)20ms~50ms: 16.91% , 5)<20ms: 6.7% 
Worst 25% Users: 7, Max Delay(ms): 100.0, Avg Delay(ms): 33.047619047619044, Avg Profit(USD): 3.21742353163616
Delay distribution: 1) >1000ms:0.0% , 2)200ms~1000ms:0.0% , 3)50ms~200ms: 26.07% , 4)20ms~50ms: 44.28% , 5)<20ms: 29.65% 
Worst 50% Users: 13, Max Delay(ms): 240.0, Avg Delay(ms): 19.31025641025641, Avg Profit(USD): 6.184385105788581
Delay distribution: 1) >1000ms:0.0% , 2)200ms~1000ms:0.01% , 3)50ms~200ms: 5.91% , 4)20ms~50ms: 40.21% , 5)<20ms: 53.88% 
Left Users: 25, Max Delay(ms): 80.0, Avg Delay(ms): 11.171533333333329, Avg Profit(USD): 12.64561762678095
Delay distribution: 1) >1000ms:0.0% , 2)200ms~1000ms:0.0% , 3)50ms~200ms: 0.08% , 4)20ms~50ms: 9.58% , 5)<20ms: 90.34% 

Simulator step: 0
Simulator step: 1000
Simulator step: 2000
Simulator step: 3000
Simulator step: 4000
Simulator step: 5000
------------------------
Cycle: 48, start time: 16:00, end time: 16:05
------------------------
Total Users: 50, Max Delay(ms): 1970.0, Avg Delay(ms): 38.17156666666666, Avg Profit(USD): 8.45653458382034
Delay distribution: 1) >1000ms:0.34% , 2)200ms~1000ms:3.14% , 3)50ms~200ms: 9.34% , 4)20ms~50ms: 23.18% , 5)<20ms: 64.0% 
Worst 10% Users: 5, Max Delay(ms): 1970.0, Avg Delay(ms): 230.08766666666668, Avg Profit(USD): 0.6890239122222407
Delay distribution: 1) >1000ms:3.4% , 2)200ms~1000ms:31.44% , 3)50ms~200ms: 42.14% , 4)20ms~50ms: 16.53% , 5)<20ms: 6.49% 
Worst 25% Users: 7, Max Delay(ms): 100.0, Avg Delay(ms): 32.79452380952381, Avg Profit(USD): 3.2339333615379227
Delay distribution: 1) >1000ms:0.0% , 2)200ms~1000ms:0.0% , 3)50ms~200ms: 25.64% , 4)20ms~50ms: 44.54% , 5)<20ms: 29.81% 
Worst 50% Users: 13, Max Delay(ms): 180.0, Avg Delay(ms): 19.144743589743587, Avg Profit(USD): 6.212625201603221
Delay distribution: 1) >1000ms:0.0% , 2)200ms~1000ms:0.0% , 3)50ms~200ms: 5.74% , 4)20ms~50ms: 40.2% , 5)<20ms: 54.06% 
Left Users: 25, Max Delay(ms): 80.0, Avg Delay(ms): 11.187866666666668, Avg Profit(USD): 12.639197939131934
Delay distribution: 1) >1000ms:0.0% , 2)200ms~1000ms:0.0% , 3)50ms~200ms: 0.08% , 4)20ms~50ms: 9.67% , 5)<20ms: 90.24% 

Simulator step: 0
Simulator step: 1000
Simulator step: 2000
Simulator step: 3000
Simulator step: 4000
Simulator step: 5000
------------------------
Cycle: 49, start time: 16:05, end time: 16:10
------------------------
Total Users: 50, Max Delay(ms): 3070.0, Avg Delay(ms): 39.52926666666668, Avg Profit(USD): 8.453626785397965
Delay distribution: 1) >1000ms:0.45% , 2)200ms~1000ms:3.03% , 3)50ms~200ms: 9.3% , 4)20ms~50ms: 23.22% , 5)<20ms: 64.0% 
Worst 10% Users: 5, Max Delay(ms): 3070.0, Avg Delay(ms): 243.702, Avg Profit(USD): 0.6995029324065621
Delay distribution: 1) >1000ms:4.46% , 2)200ms~1000ms:30.31% , 3)50ms~200ms: 41.93% , 4)20ms~50ms: 16.7% , 5)<20ms: 6.6% 
Worst 25% Users: 7, Max Delay(ms): 100.0, Avg Delay(ms): 32.6552380952381, Avg Profit(USD): 3.243967029679878
Delay distribution: 1) >1000ms:0.0% , 2)200ms~1000ms:0.0% , 3)50ms~200ms: 25.4% , 4)20ms~50ms: 44.74% , 5)<20ms: 29.86% 
Worst 50% Users: 13, Max Delay(ms): 170.0, Avg Delay(ms): 19.239358974358975, Avg Profit(USD): 6.171344997913445
Delay distribution: 1) >1000ms:0.0% , 2)200ms~1000ms:0.0% , 3)50ms~200ms: 5.81% , 4)20ms~50ms: 40.45% , 5)<20ms: 53.74% 
Left Users: 25, Max Delay(ms): 90.0, Avg Delay(ms): 11.1702, Avg Profit(USD): 12.64994281708926
Delay distribution: 1) >1000ms:0.0% , 2)200ms~1000ms:0.0% , 3)50ms~200ms: 0.08% , 4)20ms~50ms: 9.55% , 5)<20ms: 90.38% 

