Simulator step: 0
Simulator step: 1000
Simulator step: 2000
Simulator step: 3000
Simulator step: 4000
Simulator step: 5000
------------------------
Cycle: 0, start time: 12:00, end time: 12:05
------------------------
Total Users: 50, Max Delay(ms): 2810.0, Avg Delay(ms): 40.73896666666664, Avg Profit(USD): 8.463028538962886
Delay distribution: 1) >1000ms:0.43% , 2)200ms~1000ms:3.34% , 3)50ms~200ms: 9.67% , 4)20ms~50ms: 22.56% , 5)<20ms: 64.01% 
Worst 10% Users: 5, Max Delay(ms): 2810.0, Avg Delay(ms): 241.41233333333332, Avg Profit(USD): 0.6944540963170486
Delay distribution: 1) >1000ms:4.27% , 2)200ms~1000ms:30.64% , 3)50ms~200ms: 41.95% , 4)20ms~50ms: 16.55% , 5)<20ms: 6.59% 
Worst 25% Users: 7, Max Delay(ms): 540.0, Avg Delay(ms): 43.41428571428572, Avg Profit(USD): 3.1379508129749794
Delay distribution: 1) >1000ms:0.0% , 2)200ms~1000ms:1.96% , 3)50ms~200ms: 28.48% , 4)20ms~50ms: 41.09% , 5)<20ms: 28.46% 
Worst 50% Users: 13, Max Delay(ms): 190.0, Avg Delay(ms): 19.004615384615384, Avg Profit(USD): 6.241882462780699
Delay distribution: 1) >1000ms:0.0% , 2)200ms~1000ms:0.0% , 3)50ms~200ms: 5.57% , 4)20ms~50ms: 40.03% , 5)<20ms: 54.4% 
Left Users: 25, Max Delay(ms): 70.0, Avg Delay(ms): 11.15706666666667, Avg Profit(USD): 12.662761150383405
Delay distribution: 1) >1000ms:0.0% , 2)200ms~1000ms:0.0% , 3)50ms~200ms: 0.07% , 4)20ms~50ms: 9.48% , 5)<20ms: 90.45% 

Simulator step: 0
Simulator step: 1000
Simulator step: 2000
Simulator step: 3000
Simulator step: 4000
Simulator step: 5000
------------------------
Cycle: 1, start time: 12:05, end time: 12:10
------------------------
Total Users: 50, Max Delay(ms): 2820.0, Avg Delay(ms): 40.538333333333334, Avg Profit(USD): 8.461473938248666
Delay distribution: 1) >1000ms:0.41% , 2)200ms~1000ms:3.37% , 3)50ms~200ms: 9.71% , 4)20ms~50ms: 22.51% , 5)<20ms: 64.0% 
Worst 10% Users: 5, Max Delay(ms): 2820.0, Avg Delay(ms): 237.65566666666666, Avg Profit(USD): 0.7139884011239034
Delay distribution: 1) >1000ms:4.1% , 2)200ms~1000ms:30.56% , 3)50ms~200ms: 41.64% , 4)20ms~50ms: 16.96% , 5)<20ms: 6.75% 
Worst 25% Users: 7, Max Delay(ms): 540.0, Avg Delay(ms): 44.49309523809524, Avg Profit(USD): 3.1266050581628546
Delay distribution: 1) >1000ms:0.0% , 2)200ms~1000ms:2.22% , 3)50ms~200ms: 28.81% , 4)20ms~50ms: 40.66% , 5)<20ms: 28.31% 
Worst 50% Users: 13, Max Delay(ms): 180.0, Avg Delay(ms): 19.071794871794875, Avg Profit(USD): 6.249391216212598
Delay distribution: 1) >1000ms:0.0% , 2)200ms~1000ms:0.0% , 3)50ms~200ms: 5.69% , 4)20ms~50ms: 39.86% , 5)<20ms: 54.45% 
Left Users: 25, Max Delay(ms): 70.0, Avg Delay(ms): 11.170133333333332, Avg Profit(USD): 12.655017347556404
Delay distribution: 1) >1000ms:0.0% , 2)200ms~1000ms:0.0% , 3)50ms~200ms: 0.07% , 4)20ms~50ms: 9.52% , 5)<20ms: 90.41% 

Simulator step: 0
Simulator step: 1000
Simulator step: 2000
Simulator step: 3000
Simulator step: 4000
Simulator step: 5000
------------------------
Cycle: 2, start time: 12:10, end time: 12:15
------------------------
Total Users: 50, Max Delay(ms): 2170.0, Avg Delay(ms): 39.41549999999999, Avg Profit(USD): 8.462969331564684
Delay distribution: 1) >1000ms:0.36% , 2)200ms~1000ms:3.38% , 3)50ms~200ms: 9.56% , 4)20ms~50ms: 22.71% , 5)<20ms: 64.0% 
Worst 10% Users: 5, Max Delay(ms): 2170.0, Avg Delay(ms): 229.926, Avg Profit(USD): 0.7104396209846989
Delay distribution: 1) >1000ms:3.57% , 2)200ms~1000ms:31.53% , 3)50ms~200ms: 41.57% , 4)20ms~50ms: 16.64% , 5)<20ms: 6.69% 
Worst 25% Users: 7, Max Delay(ms): 520.0, Avg Delay(ms): 42.227380952380955, Avg Profit(USD): 3.124887261472612
Delay distribution: 1) >1000ms:0.0% , 2)200ms~1000ms:1.62% , 3)50ms~200ms: 28.26% , 4)20ms~50ms: 41.79% , 5)<20ms: 28.33% 
Worst 50% Users: 13, Max Delay(ms): 200.0, Avg Delay(ms): 18.965641025641027, Avg Profit(USD): 6.243043303887444
Delay distribution: 1) >1000ms:0.0% , 2)200ms~1000ms:0.0% , 3)50ms~200ms: 5.42% , 4)20ms~50ms: 40.2% , 5)<20ms: 54.38% 
Left Users: 25, Max Delay(ms): 80.0, Avg Delay(ms): 11.16, Avg Profit(USD): 12.662499787698623
Delay distribution: 1) >1000ms:0.0% , 2)200ms~1000ms:0.0% , 3)50ms~200ms: 0.07% , 4)20ms~50ms: 9.48% , 5)<20ms: 90.45% 

Simulator step: 0
Simulator step: 1000
Simulator step: 2000
Simulator step: 3000
Simulator step: 4000
Simulator step: 5000
------------------------
Cycle: 3, start time: 12:15, end time: 12:20
------------------------
Total Users: 50, Max Delay(ms): 2820.0, Avg Delay(ms): 40.15196666666665, Avg Profit(USD): 8.464520036481689
Delay distribution: 1) >1000ms:0.41% , 2)200ms~1000ms:3.32% , 3)50ms~200ms: 9.71% , 4)20ms~50ms: 22.56% , 5)<20ms: 64.0% 
Worst 10% Users: 5, Max Delay(ms): 2820.0, Avg Delay(ms): 234.81066666666666, Avg Profit(USD): 0.7015768635633759
Delay distribution: 1) >1000ms:4.06% , 2)200ms~1000ms:30.22% , 3)50ms~200ms: 42.35% , 4)20ms~50ms: 16.75% , 5)<20ms: 6.62% 
Worst 25% Users: 7, Max Delay(ms): 540.0, Avg Delay(ms): 43.77880952380952, Avg Profit(USD): 3.1409544664403866
Delay distribution: 1) >1000ms:0.0% , 2)200ms~1000ms:2.15% , 3)50ms~200ms: 28.27% , 4)20ms~50ms: 41.15% , 5)<20ms: 28.43% 
Worst 50% Users: 13, Max Delay(ms): 160.0, Avg Delay(ms): 19.076410256410256, Avg Profit(USD): 6.23529170130752
Delay distribution: 1) >1000ms:0.0% , 2)200ms~1000ms:0.0% , 3)50ms~200ms: 5.7% , 4)20ms~50ms: 39.99% , 5)<20ms: 54.31% 
Left Users: 25, Max Delay(ms): 80.0, Avg Delay(ms): 11.163999999999996, Avg Profit(USD): 12.666905764967485
Delay distribution: 1) >1000ms:0.0% , 2)200ms~1000ms:0.0% , 3)50ms~200ms: 0.07% , 4)20ms~50ms: 9.45% , 5)<20ms: 90.48% 

Simulator step: 0
Simulator step: 1000
Simulator step: 2000
Simulator step: 3000
Simulator step: 4000
Simulator step: 5000
------------------------
Cycle: 4, start time: 12:20, end time: 12:25
------------------------
Total Users: 50, Max Delay(ms): 2470.0, Avg Delay(ms): 39.50053333333334, Avg Profit(USD): 8.45905892092006
Delay distribution: 1) >1000ms:0.41% , 2)200ms~1000ms:3.2% , 3)50ms~200ms: 9.8% , 4)20ms~50ms: 22.59% , 5)<20ms: 64.0% 
Worst 10% Users: 5, Max Delay(ms): 2470.0, Avg Delay(ms): 228.19233333333332, Avg Profit(USD): 0.7223016028719469
Delay distribution: 1) >1000ms:4.08% , 2)200ms~1000ms:29.02% , 3)50ms~200ms: 42.87% , 4)20ms~50ms: 17.21% , 5)<20ms: 6.82% 
Worst 25% Users: 7, Max Delay(ms): 490.0, Avg Delay(ms): 43.92666666666666, Avg Profit(USD): 3.1223888057357625
Delay distribution: 1) >1000ms:0.0% , 2)200ms~1000ms:2.13% , 3)50ms~200ms: 28.73% , 4)20ms~50ms: 40.85% , 5)<20ms: 28.29% 
Worst 50% Users: 13, Max Delay(ms): 170.0, Avg Delay(ms): 19.034999999999997, Avg Profit(USD): 6.245425647886861
Delay distribution: 1) >1000ms:0.0% , 2)200ms~1000ms:0.0% , 3)50ms~200ms: 5.61% , 4)20ms~50ms: 39.95% , 5)<20ms: 54.44% 
Left Users: 25, Max Delay(ms): 70.0, Avg Delay(ms): 11.164933333333336, Avg Profit(USD): 12.651767318758557
Delay distribution: 1) >1000ms:0.0% , 2)200ms~1000ms:0.0% , 3)50ms~200ms: 0.07% , 4)20ms~50ms: 9.53% , 5)<20ms: 90.41% 

Simulator step: 0
Simulator step: 1000
Simulator step: 2000
Simulator step: 3000
Simulator step: 4000
Simulator step: 5000
------------------------
Cycle: 5, start time: 12:25, end time: 12:30
------------------------
Total Users: 50, Max Delay(ms): 2820.0, Avg Delay(ms): 41.16399999999997, Avg Profit(USD): 8.45538322462404
Delay distribution: 1) >1000ms:0.49% , 2)200ms~1000ms:3.19% , 3)50ms~200ms: 9.75% , 4)20ms~50ms: 22.57% , 5)<20ms: 64.0% 
Worst 10% Users: 5, Max Delay(ms): 2820.0, Avg Delay(ms): 243.88599999999997, Avg Profit(USD): 0.7211042576450555
Delay distribution: 1) >1000ms:4.91% , 2)200ms~1000ms:28.69% , 3)50ms~200ms: 42.42% , 4)20ms~50ms: 17.17% , 5)<20ms: 6.8% 
Worst 25% Users: 7, Max Delay(ms): 540.0, Avg Delay(ms): 44.67761904761905, Avg Profit(USD): 3.128273321190939
Delay distribution: 1) >1000ms:0.0% , 2)200ms~1000ms:2.29% , 3)50ms~200ms: 28.78% , 4)20ms~50ms: 40.58% , 5)<20ms: 28.34% 
Worst 50% Users: 13, Max Delay(ms): 160.0, Avg Delay(ms): 18.979102564102565, Avg Profit(USD): 6.243004226839381
Delay distribution: 1) >1000ms:0.0% , 2)200ms~1000ms:0.0% , 3)50ms~200ms: 5.53% , 4)20ms~50ms: 40.03% , 5)<20ms: 54.45% 
Left Users: 25, Max Delay(ms): 70.0, Avg Delay(ms): 11.171933333333335, Avg Profit(USD): 12.644266869829124
Delay distribution: 1) >1000ms:0.0% , 2)200ms~1000ms:0.0% , 3)50ms~200ms: 0.07% , 4)20ms~50ms: 9.54% , 5)<20ms: 90.39% 

Simulator step: 0
Simulator step: 1000
Simulator step: 2000
Simulator step: 3000
Simulator step: 4000
Simulator step: 5000
------------------------
Cycle: 6, start time: 12:30, end time: 12:35
------------------------
Total Users: 50, Max Delay(ms): 2290.0, Avg Delay(ms): 39.47043333333334, Avg Profit(USD): 8.463679239098822
Delay distribution: 1) >1000ms:0.38% , 2)200ms~1000ms:3.31% , 3)50ms~200ms: 9.75% , 4)20ms~50ms: 22.56% , 5)<20ms: 64.0% 
Worst 10% Users: 5, Max Delay(ms): 2290.0, Avg Delay(ms): 229.44066666666663, Avg Profit(USD): 0.6972277894079973
Delay distribution: 1) >1000ms:3.83% , 2)200ms~1000ms:30.74% , 3)50ms~200ms: 42.09% , 4)20ms~50ms: 16.76% , 5)<20ms: 6.58% 
Worst 25% Users: 7, Max Delay(ms): 540.0, Avg Delay(ms): 42.76761904761904, Avg Profit(USD): 3.1337715091963902
Delay distribution: 1) >1000ms:0.0% , 2)200ms~1000ms:1.67% , 3)50ms~200ms: 28.9% , 4)20ms~50ms: 41.06% , 5)<20ms: 28.36% 
Worst 50% Users: 13, Max Delay(ms): 180.0, Avg Delay(ms): 19.08769230769231, Avg Profit(USD): 6.223760688335478
Delay distribution: 1) >1000ms:0.0% , 2)200ms~1000ms:0.0% , 3)50ms~200ms: 5.65% , 4)20ms~50ms: 40.09% , 5)<20ms: 54.26% 
Left Users: 25, Max Delay(ms): 70.0, Avg Delay(ms): 11.152199999999999, Avg Profit(USD): 12.674101339806608
Delay distribution: 1) >1000ms:0.0% , 2)200ms~1000ms:0.0% , 3)50ms~200ms: 0.06% , 4)20ms~50ms: 9.41% , 5)<20ms: 90.52% 

Simulator step: 0
Simulator step: 1000
Simulator step: 2000
Simulator step: 3000
Simulator step: 4000
Simulator step: 5000
------------------------
Cycle: 7, start time: 12:35, end time: 12:40
------------------------
Total Users: 50, Max Delay(ms): 2820.0, Avg Delay(ms): 40.286700000000025, Avg Profit(USD): 8.45563930629461
Delay distribution: 1) >1000ms:0.42% , 2)200ms~1000ms:3.22% , 3)50ms~200ms: 9.67% , 4)20ms~50ms: 22.69% , 5)<20ms: 64.0% 
Worst 10% Users: 5, Max Delay(ms): 2820.0, Avg Delay(ms): 238.9013333333333, Avg Profit(USD): 0.7128040437215735
Delay distribution: 1) >1000ms:4.15% , 2)200ms~1000ms:30.14% , 3)50ms~200ms: 42.04% , 4)20ms~50ms: 16.95% , 5)<20ms: 6.72% 
Worst 25% Users: 7, Max Delay(ms): 510.0, Avg Delay(ms): 41.9647619047619, Avg Profit(USD): 3.154012325475579
Delay distribution: 1) >1000ms:0.0% , 2)200ms~1000ms:1.47% , 3)50ms~200ms: 28.5% , 4)20ms~50ms: 41.48% , 5)<20ms: 28.55% 
Worst 50% Users: 13, Max Delay(ms): 170.0, Avg Delay(ms): 18.962564102564098, Avg Profit(USD): 6.2344171368342804
Delay distribution: 1) >1000ms:0.0% , 2)200ms~1000ms:0.0% , 3)50ms~200ms: 5.5% , 4)20ms~50ms: 40.14% , 5)<20ms: 54.37% 
Left Users: 25, Max Delay(ms): 90.0, Avg Delay(ms): 11.182466666666668, Avg Profit(USD): 12.643697441557919
Delay distribution: 1) >1000ms:0.0% , 2)200ms~1000ms:0.0% , 3)50ms~200ms: 0.1% , 4)20ms~50ms: 9.51% , 5)<20ms: 90.39% 

Simulator step: 0
Simulator step: 1000
Simulator step: 2000
Simulator step: 3000
Simulator step: 4000
Simulator step: 5000
------------------------
Cycle: 8, start time: 12:40, end time: 12:45
------------------------
Total Users: 50, Max Delay(ms): 2250.0, Avg Delay(ms): 39.25089999999999, Avg Profit(USD): 8.461477297469786
Delay distribution: 1) >1000ms:0.33% , 2)200ms~1000ms:3.39% , 3)50ms~200ms: 9.68% , 4)20ms~50ms: 22.6% , 5)<20ms: 64.0% 
Worst 10% Users: 5, Max Delay(ms): 2250.0, Avg Delay(ms): 225.90433333333334, Avg Profit(USD): 0.715095211566875
Delay distribution: 1) >1000ms:3.3% , 2)200ms~1000ms:30.98% , 3)50ms~200ms: 42.02% , 4)20ms~50ms: 16.94% , 5)<20ms: 6.75% 
Worst 25% Users: 7, Max Delay(ms): 530.0, Avg Delay(ms): 44.0252380952381, Avg Profit(USD): 3.1137266331911406
Delay distribution: 1) >1000ms:0.0% , 2)200ms~1000ms:2.08% , 3)50ms~200ms: 28.89% , 4)20ms~50ms: 40.83% , 5)<20ms: 28.2% 
Worst 50% Users: 13, Max Delay(ms): 210.0, Avg Delay(ms): 18.90230769230769, Avg Profit(USD): 6.252980372616298
Delay distribution: 1) >1000ms:0.0% , 2)200ms~1000ms:0.0% , 3)50ms~200ms: 5.39% , 4)20ms~50ms: 40.1% , 5)<20ms: 54.52% 
Left Users: 25, Max Delay(ms): 80.0, Avg Delay(ms): 11.164666666666667, Avg Profit(USD): 12.656542301572202
Delay distribution: 1) >1000ms:0.0% , 2)200ms~1000ms:0.0% , 3)50ms~200ms: 0.07% , 4)20ms~50ms: 9.52% , 5)<20ms: 90.41% 

Simulator step: 0
Simulator step: 1000
Simulator step: 2000
Simulator step: 3000
Simulator step: 4000
Simulator step: 5000
------------------------
Cycle: 9, start time: 12:45, end time: 12:50
------------------------
Total Users: 50, Max Delay(ms): 2820.0, Avg Delay(ms): 38.396333333333324, Avg Profit(USD): 8.46190449019843
Delay distribution: 1) >1000ms:0.29% , 2)200ms~1000ms:3.34% , 3)50ms~200ms: 9.81% , 4)20ms~50ms: 22.56% , 5)<20ms: 64.0% 
Worst 10% Users: 5, Max Delay(ms): 2820.0, Avg Delay(ms): 216.66199999999998, Avg Profit(USD): 0.7348277558658679
Delay distribution: 1) >1000ms:2.88% , 2)200ms~1000ms:30.39% , 3)50ms~200ms: 42.53% , 4)20ms~50ms: 17.27% , 5)<20ms: 6.93% 
Worst 25% Users: 7, Max Delay(ms): 540.0, Avg Delay(ms): 44.34499999999999, Avg Profit(USD): 3.0830697913622354
Delay distribution: 1) >1000ms:0.0% , 2)200ms~1000ms:2.15% , 3)50ms~200ms: 29.0% , 4)20ms~50ms: 40.92% , 5)<20ms: 27.93% 
Worst 50% Users: 13, Max Delay(ms): 160.0, Avg Delay(ms): 19.018076923076922, Avg Profit(USD): 6.23890413990095
Delay distribution: 1) >1000ms:0.0% , 2)200ms~1000ms:0.0% , 3)50ms~200ms: 5.63% , 4)20ms~50ms: 40.0% , 5)<20ms: 54.37% 
Left Users: 25, Max Delay(ms): 80.0, Avg Delay(ms): 11.154266666666668, Avg Profit(USD): 12.669353734893765
Delay distribution: 1) >1000ms:0.0% , 2)200ms~1000ms:0.0% , 3)50ms~200ms: 0.07% , 4)20ms~50ms: 9.41% , 5)<20ms: 90.52% 

Simulator step: 0
Simulator step: 1000
Simulator step: 2000
Simulator step: 3000
Simulator step: 4000
Simulator step: 5000
------------------------
Cycle: 10, start time: 12:50, end time: 12:55
------------------------
Total Users: 50, Max Delay(ms): 1800.0, Avg Delay(ms): 37.206333333333326, Avg Profit(USD): 8.458597771623712
Delay distribution: 1) >1000ms:0.21% , 2)200ms~1000ms:3.32% , 3)50ms~200ms: 9.85% , 4)20ms~50ms: 22.62% , 5)<20ms: 64.0% 
Worst 10% Users: 5, Max Delay(ms): 1800.0, Avg Delay(ms): 205.33066666666667, Avg Profit(USD): 0.7358005704100538
Delay distribution: 1) >1000ms:2.14% , 2)200ms~1000ms:30.41% , 3)50ms~200ms: 43.0% , 4)20ms~50ms: 17.51% , 5)<20ms: 6.94% 
Worst 25% Users: 7, Max Delay(ms): 540.0, Avg Delay(ms): 43.75214285714286, Avg Profit(USD): 3.1322335084935724
Delay distribution: 1) >1000ms:0.0% , 2)200ms~1000ms:1.97% , 3)50ms~200ms: 28.9% , 4)20ms~50ms: 40.76% , 5)<20ms: 28.36% 
Worst 50% Users: 13, Max Delay(ms): 190.0, Avg Delay(ms): 19.122179487179487, Avg Profit(USD): 6.221976425108787
Delay distribution: 1) >1000ms:0.0% , 2)200ms~1000ms:0.0% , 3)50ms~200ms: 5.69% , 4)20ms~50ms: 40.04% , 5)<20ms: 54.27% 
Left Users: 25, Max Delay(ms): 70.0, Avg Delay(ms): 11.1524, Avg Profit(USD): 12.657582305730642
Delay distribution: 1) >1000ms:0.0% , 2)200ms~1000ms:0.0% , 3)50ms~200ms: 0.06% , 4)20ms~50ms: 9.5% , 5)<20ms: 90.45% 

Simulator step: 0
Simulator step: 1000
Simulator step: 2000
Simulator step: 3000
Simulator step: 4000
Simulator step: 5000
------------------------
Cycle: 11, start time: 12:55, end time: 13:00
------------------------
Total Users: 50, Max Delay(ms): 2820.0, Avg Delay(ms): 41.94763333333333, Avg Profit(USD): 8.460738315291504
Delay distribution: 1) >1000ms:0.51% , 2)200ms~1000ms:3.18% , 3)50ms~200ms: 9.7% , 4)20ms~50ms: 22.6% , 5)<20ms: 64.0% 
Worst 10% Users: 5, Max Delay(ms): 2820.0, Avg Delay(ms): 253.40300000000002, Avg Profit(USD): 0.721381989103486
Delay distribution: 1) >1000ms:5.14% , 2)200ms~1000ms:29.21% , 3)50ms~200ms: 41.7% , 4)20ms~50ms: 17.12% , 5)<20ms: 6.82% 
Worst 25% Users: 7, Max Delay(ms): 520.0, Avg Delay(ms): 43.308809523809515, Avg Profit(USD): 3.126510177531962
Delay distribution: 1) >1000ms:0.0% , 2)200ms~1000ms:1.88% , 3)50ms~200ms: 28.62% , 4)20ms~50ms: 41.18% , 5)<20ms: 28.33% 
Worst 50% Users: 13, Max Delay(ms): 190.0, Avg Delay(ms): 19.094871794871793, Avg Profit(USD): 6.222933112663432
Delay distribution: 1) >1000ms:0.0% , 2)200ms~1000ms:0.0% , 3)50ms~200ms: 5.71% , 4)20ms~50ms: 40.04% , 5)<20ms: 54.25% 
Left Users: 25, Max Delay(ms): 70.0, Avg Delay(ms): 11.158866666666666, Avg Profit(USD): 12.66585216446838
Delay distribution: 1) >1000ms:0.0% , 2)200ms~1000ms:0.0% , 3)50ms~200ms: 0.08% , 4)20ms~50ms: 9.43% , 5)<20ms: 90.5% 

Simulator step: 0
Simulator step: 1000
Simulator step: 2000
Simulator step: 3000
Simulator step: 4000
Simulator step: 5000
------------------------
Cycle: 12, start time: 13:00, end time: 13:05
------------------------
Total Users: 50, Max Delay(ms): 2820.0, Avg Delay(ms): 39.09206666666667, Avg Profit(USD): 8.464232742273957
Delay distribution: 1) >1000ms:0.35% , 2)200ms~1000ms:3.32% , 3)50ms~200ms: 9.78% , 4)20ms~50ms: 22.56% , 5)<20ms: 64.0% 
Worst 10% Users: 5, Max Delay(ms): 2820.0, Avg Delay(ms): 223.54233333333332, Avg Profit(USD): 0.7215478261560774
Delay distribution: 1) >1000ms:3.51% , 2)200ms~1000ms:30.15% , 3)50ms~200ms: 42.51% , 4)20ms~50ms: 17.02% , 5)<20ms: 6.81% 
Worst 25% Users: 7, Max Delay(ms): 520.0, Avg Delay(ms): 44.25523809523809, Avg Profit(USD): 3.122570671129862
Delay distribution: 1) >1000ms:0.0% , 2)200ms~1000ms:2.16% , 3)50ms~200ms: 28.66% , 4)20ms~50ms: 40.9% , 5)<20ms: 28.27% 
Worst 50% Users: 13, Max Delay(ms): 170.0, Avg Delay(ms): 19.066538461538464, Avg Profit(USD): 6.221054011916285
Delay distribution: 1) >1000ms:0.0% , 2)200ms~1000ms:0.0% , 3)50ms~200ms: 5.64% , 4)20ms~50ms: 40.12% , 5)<20ms: 54.23% 
Left Users: 25, Max Delay(ms): 80.0, Avg Delay(ms): 11.169599999999999, Avg Profit(USD): 12.674888045203868
Delay distribution: 1) >1000ms:0.0% , 2)200ms~1000ms:0.0% , 3)50ms~200ms: 0.09% , 4)20ms~50ms: 9.39% , 5)<20ms: 90.52% 

Simulator step: 0
Simulator step: 1000
Simulator step: 2000
Simulator step: 3000
Simulator step: 4000
Simulator step: 5000
------------------------
Cycle: 13, start time: 13:05, end time: 13:10
------------------------
Total Users: 50, Max Delay(ms): 2190.0, Avg Delay(ms): 39.07169999999999, Avg Profit(USD): 8.462893942433798
Delay distribution: 1) >1000ms:0.36% , 2)200ms~1000ms:3.2% , 3)50ms~200ms: 9.78% , 4)20ms~50ms: 22.66% , 5)<20ms: 64.0% 
Worst 10% Users: 5, Max Delay(ms): 2190.0, Avg Delay(ms): 224.30533333333335, Avg Profit(USD): 0.7270915623628821
Delay distribution: 1) >1000ms:3.6% , 2)200ms~1000ms:29.29% , 3)50ms~200ms: 43.04% , 4)20ms~50ms: 17.21% , 5)<20ms: 6.86% 
Worst 25% Users: 7, Max Delay(ms): 540.0, Avg Delay(ms): 43.67023809523809, Avg Profit(USD): 3.1163217416202866
Delay distribution: 1) >1000ms:0.0% , 2)200ms~1000ms:1.97% , 3)50ms~200ms: 28.52% , 4)20ms~50ms: 41.29% , 5)<20ms: 28.22% 
Worst 50% Users: 13, Max Delay(ms): 180.0, Avg Delay(ms): 19.015128205128207, Avg Profit(USD): 6.238894353267941
Delay distribution: 1) >1000ms:0.0% , 2)200ms~1000ms:0.0% , 3)50ms~200ms: 5.54% , 4)20ms~50ms: 40.11% , 5)<20ms: 54.35% 
Left Users: 25, Max Delay(ms): 80.0, Avg Delay(ms): 11.166799999999997, Avg Profit(USD): 12.663574421042007
Delay distribution: 1) >1000ms:0.0% , 2)200ms~1000ms:0.0% , 3)50ms~200ms: 0.08% , 4)20ms~50ms: 9.46% , 5)<20ms: 90.47% 

Simulator step: 0
Simulator step: 1000
Simulator step: 2000
Simulator step: 3000
Simulator step: 4000
Simulator step: 5000
------------------------
Cycle: 14, start time: 13:10, end time: 13:15
------------------------
Total Users: 50, Max Delay(ms): 2600.0, Avg Delay(ms): 41.09056666666667, Avg Profit(USD): 8.46082785273721
Delay distribution: 1) >1000ms:0.47% , 2)200ms~1000ms:3.33% , 3)50ms~200ms: 9.68% , 4)20ms~50ms: 22.52% , 5)<20ms: 64.0% 
Worst 10% Users: 5, Max Delay(ms): 2600.0, Avg Delay(ms): 243.90233333333333, Avg Profit(USD): 0.7134180489006532
Delay distribution: 1) >1000ms:4.68% , 2)200ms~1000ms:30.28% , 3)50ms~200ms: 41.63% , 4)20ms~50ms: 16.68% , 5)<20ms: 6.72% 
Worst 25% Users: 7, Max Delay(ms): 540.0, Avg Delay(ms): 44.08928571428571, Avg Profit(USD): 3.1262494950456814
Delay distribution: 1) >1000ms:0.0% , 2)200ms~1000ms:2.14% , 3)50ms~200ms: 28.73% , 4)20ms~50ms: 40.8% , 5)<20ms: 28.33% 
Worst 50% Users: 13, Max Delay(ms): 170.0, Avg Delay(ms): 19.047179487179488, Avg Profit(USD): 6.23165396044207
Delay distribution: 1) >1000ms:0.0% , 2)200ms~1000ms:0.0% , 3)50ms~200ms: 5.63% , 4)20ms~50ms: 40.06% , 5)<20ms: 54.31% 
Left Users: 25, Max Delay(ms): 80.0, Avg Delay(ms): 11.151133333333334, Avg Profit(USD): 12.663162177651621
Delay distribution: 1) >1000ms:0.0% , 2)200ms~1000ms:0.0% , 3)50ms~200ms: 0.06% , 4)20ms~50ms: 9.46% , 5)<20ms: 90.48% 

Simulator step: 0
Simulator step: 1000
Simulator step: 2000
Simulator step: 3000
Simulator step: 4000
Simulator step: 5000
------------------------
Cycle: 15, start time: 13:15, end time: 13:20
------------------------
Total Users: 50, Max Delay(ms): 2340.0, Avg Delay(ms): 38.83399999999999, Avg Profit(USD): 8.459883687602918
Delay distribution: 1) >1000ms:0.31% , 2)200ms~1000ms:3.38% , 3)50ms~200ms: 9.83% , 4)20ms~50ms: 22.47% , 5)<20ms: 64.0% 
Worst 10% Users: 5, Max Delay(ms): 2340.0, Avg Delay(ms): 220.2883333333333, Avg Profit(USD): 0.7221823951558969
Delay distribution: 1) >1000ms:3.11% , 2)200ms~1000ms:30.46% , 3)50ms~200ms: 42.78% , 4)20ms~50ms: 16.84% , 5)<20ms: 6.8% 
Worst 25% Users: 7, Max Delay(ms): 500.0, Avg Delay(ms): 44.6902380952381, Avg Profit(USD): 3.1227344610031134
Delay distribution: 1) >1000ms:0.0% , 2)200ms~1000ms:2.4% , 3)50ms~200ms: 28.75% , 4)20ms~50ms: 40.56% , 5)<20ms: 28.28% 
Worst 50% Users: 13, Max Delay(ms): 150.0, Avg Delay(ms): 19.116410256410255, Avg Profit(USD): 6.224903786169636
Delay distribution: 1) >1000ms:0.0% , 2)200ms~1000ms:0.0% , 3)50ms~200ms: 5.74% , 4)20ms~50ms: 40.0% , 5)<20ms: 54.26% 
Left Users: 25, Max Delay(ms): 80.0, Avg Delay(ms): 11.156533333333332, Avg Profit(USD): 12.664015278285575
Delay distribution: 1) >1000ms:0.0% , 2)200ms~1000ms:0.0% , 3)50ms~200ms: 0.08% , 4)20ms~50ms: 9.42% , 5)<20ms: 90.51% 

Simulator step: 0
Simulator step: 1000
Simulator step: 2000
Simulator step: 3000
Simulator step: 4000
Simulator step: 5000
------------------------
Cycle: 16, start time: 13:20, end time: 13:25
------------------------
Total Users: 50, Max Delay(ms): 2620.0, Avg Delay(ms): 39.99400000000001, Avg Profit(USD): 8.460111660215619
Delay distribution: 1) >1000ms:0.35% , 2)200ms~1000ms:3.42% , 3)50ms~200ms: 9.72% , 4)20ms~50ms: 22.52% , 5)<20ms: 64.0% 
Worst 10% Users: 5, Max Delay(ms): 2620.0, Avg Delay(ms): 232.75033333333334, Avg Profit(USD): 0.7051747418500238
Delay distribution: 1) >1000ms:3.49% , 2)200ms~1000ms:31.03% , 3)50ms~200ms: 42.11% , 4)20ms~50ms: 16.72% , 5)<20ms: 6.65% 
Worst 25% Users: 7, Max Delay(ms): 540.0, Avg Delay(ms): 44.139761904761905, Avg Profit(USD): 3.151552018810867
Delay distribution: 1) >1000ms:0.0% , 2)200ms~1000ms:2.26% , 3)50ms~200ms: 28.6% , 4)20ms~50ms: 40.61% , 5)<20ms: 28.53% 
Worst 50% Users: 13, Max Delay(ms): 150.0, Avg Delay(ms): 19.02243589743589, Avg Profit(USD): 6.247105827481779
Delay distribution: 1) >1000ms:0.0% , 2)200ms~1000ms:0.0% , 3)50ms~200ms: 5.57% , 4)20ms~50ms: 39.99% , 5)<20ms: 54.44% 
Left Users: 25, Max Delay(ms): 100.0, Avg Delay(ms): 11.187133333333332, Avg Profit(USD): 12.648258776503667
Delay distribution: 1) >1000ms:0.0% , 2)200ms~1000ms:0.0% , 3)50ms~200ms: 0.1% , 4)20ms~50ms: 9.52% , 5)<20ms: 90.37% 

Simulator step: 0
Simulator step: 1000
Simulator step: 2000
Simulator step: 3000
Simulator step: 4000
Simulator step: 5000
------------------------
Cycle: 17, start time: 13:25, end time: 13:30
------------------------
Total Users: 50, Max Delay(ms): 2270.0, Avg Delay(ms): 39.7106, Avg Profit(USD): 8.458696713731795
Delay distribution: 1) >1000ms:0.41% , 2)200ms~1000ms:3.28% , 3)50ms~200ms: 9.63% , 4)20ms~50ms: 22.68% , 5)<20ms: 64.0% 
Worst 10% Users: 5, Max Delay(ms): 2270.0, Avg Delay(ms): 230.99666666666667, Avg Profit(USD): 0.7227486434241585
Delay distribution: 1) >1000ms:4.1% , 2)200ms~1000ms:29.93% , 3)50ms~200ms: 42.11% , 4)20ms~50ms: 17.03% , 5)<20ms: 6.82% 
Worst 25% Users: 7, Max Delay(ms): 540.0, Avg Delay(ms): 43.503809523809515, Avg Profit(USD): 3.1517182567394415
Delay distribution: 1) >1000ms:0.0% , 2)200ms~1000ms:2.05% , 3)50ms~200ms: 28.28% , 4)20ms~50ms: 41.13% , 5)<20ms: 28.55% 
Worst 50% Users: 13, Max Delay(ms): 160.0, Avg Delay(ms): 18.971666666666668, Avg Profit(USD): 6.223348464401917
Delay distribution: 1) >1000ms:0.0% , 2)200ms~1000ms:0.0% , 3)50ms~200ms: 5.46% , 4)20ms~50ms: 40.24% , 5)<20ms: 54.3% 
Left Users: 25, Max Delay(ms): 100.0, Avg Delay(ms): 11.175533333333332, Avg Profit(USD): 12.654221385402723
Delay distribution: 1) >1000ms:0.0% , 2)200ms~1000ms:0.0% , 3)50ms~200ms: 0.08% , 4)20ms~50ms: 9.51% , 5)<20ms: 90.41% 

Simulator step: 0
Simulator step: 1000
Simulator step: 2000
Simulator step: 3000
Simulator step: 4000
Simulator step: 5000
------------------------
Cycle: 18, start time: 13:30, end time: 13:35
------------------------
Total Users: 50, Max Delay(ms): 2010.0, Avg Delay(ms): 38.64423333333335, Avg Profit(USD): 8.4609694632849
Delay distribution: 1) >1000ms:0.31% , 2)200ms~1000ms:3.36% , 3)50ms~200ms: 9.91% , 4)20ms~50ms: 22.42% , 5)<20ms: 64.0% 
Worst 10% Users: 5, Max Delay(ms): 2010.0, Avg Delay(ms): 220.45900000000003, Avg Profit(USD): 0.7011331537370797
Delay distribution: 1) >1000ms:3.1% , 2)200ms~1000ms:31.1% , 3)50ms~200ms: 42.72% , 4)20ms~50ms: 16.48% , 5)<20ms: 6.6% 
Worst 25% Users: 7, Max Delay(ms): 480.0, Avg Delay(ms): 43.21880952380952, Avg Profit(USD): 3.110701038705582
Delay distribution: 1) >1000ms:0.0% , 2)200ms~1000ms:1.79% , 3)50ms~200ms: 29.15% , 4)20ms~50ms: 40.86% , 5)<20ms: 28.2% 
Worst 50% Users: 13, Max Delay(ms): 190.0, Avg Delay(ms): 19.16935897435897, Avg Profit(USD): 6.211724980229226
Delay distribution: 1) >1000ms:0.0% , 2)200ms~1000ms:0.0% , 3)50ms~200ms: 5.88% , 4)20ms~50ms: 39.98% , 5)<20ms: 54.14% 
Left Users: 25, Max Delay(ms): 80.0, Avg Delay(ms): 11.12733333333333, Avg Profit(USD): 12.680619015265624
Delay distribution: 1) >1000ms:0.0% , 2)200ms~1000ms:0.0% , 3)50ms~200ms: 0.05% , 4)20ms~50ms: 9.31% , 5)<20ms: 90.63% 

Simulator step: 0
Simulator step: 1000
Simulator step: 2000
Simulator step: 3000
Simulator step: 4000
Simulator step: 5000
------------------------
Cycle: 19, start time: 13:35, end time: 13:40
------------------------
Total Users: 50, Max Delay(ms): 2540.0, Avg Delay(ms): 40.69560000000001, Avg Profit(USD): 8.460096906699599
Delay distribution: 1) >1000ms:0.49% , 2)200ms~1000ms:3.19% , 3)50ms~200ms: 9.7% , 4)20ms~50ms: 22.61% , 5)<20ms: 64.0% 
Worst 10% Users: 5, Max Delay(ms): 2540.0, Avg Delay(ms): 240.92100000000002, Avg Profit(USD): 0.7114676609550623
Delay distribution: 1) >1000ms:4.93% , 2)200ms~1000ms:29.16% , 3)50ms~200ms: 42.36% , 4)20ms~50ms: 16.82% , 5)<20ms: 6.73% 
Worst 25% Users: 7, Max Delay(ms): 540.0, Avg Delay(ms): 43.13333333333333, Avg Profit(USD): 3.172273988324088
Delay distribution: 1) >1000ms:0.0% , 2)200ms~1000ms:1.96% , 3)50ms~200ms: 28.06% , 4)20ms~50ms: 41.21% , 5)<20ms: 28.77% 
Worst 50% Users: 13, Max Delay(ms): 200.0, Avg Delay(ms): 19.13307692307692, Avg Profit(USD): 6.227026555702533
Delay distribution: 1) >1000ms:0.0% , 2)200ms~1000ms:0.0% , 3)50ms~200ms: 5.75% , 4)20ms~50ms: 39.97% , 5)<20ms: 54.28% 
Left Users: 25, Max Delay(ms): 80.0, Avg Delay(ms): 11.180466666666664, Avg Profit(USD): 12.651609755512123
Delay distribution: 1) >1000ms:0.0% , 2)200ms~1000ms:0.0% , 3)50ms~200ms: 0.08% , 4)20ms~50ms: 9.54% , 5)<20ms: 90.38% 

Simulator step: 0
Simulator step: 1000
Simulator step: 2000
Simulator step: 3000
Simulator step: 4000
Simulator step: 5000
------------------------
Cycle: 20, start time: 13:40, end time: 13:45
------------------------
Total Users: 50, Max Delay(ms): 2120.0, Avg Delay(ms): 40.759433333333334, Avg Profit(USD): 8.457235470448532
Delay distribution: 1) >1000ms:0.41% , 2)200ms~1000ms:3.5% , 3)50ms~200ms: 9.51% , 4)20ms~50ms: 22.58% , 5)<20ms: 64.0% 
Worst 10% Users: 5, Max Delay(ms): 2120.0, Avg Delay(ms): 240.41066666666669, Avg Profit(USD): 0.7050252150091196
Delay distribution: 1) >1000ms:4.11% , 2)200ms~1000ms:31.72% , 3)50ms~200ms: 40.73% , 4)20ms~50ms: 16.79% , 5)<20ms: 6.64% 
Worst 25% Users: 7, Max Delay(ms): 540.0, Avg Delay(ms): 44.10095238095238, Avg Profit(USD): 3.151732063566978
Delay distribution: 1) >1000ms:0.0% , 2)200ms~1000ms:2.35% , 3)50ms~200ms: 28.0% , 4)20ms~50ms: 41.08% , 5)<20ms: 28.58% 
Worst 50% Users: 13, Max Delay(ms): 200.0, Avg Delay(ms): 19.102948717948717, Avg Profit(USD): 6.22033402798014
Delay distribution: 1) >1000ms:0.0% , 2)200ms~1000ms:0.0% , 3)50ms~200ms: 5.7% , 4)20ms~50ms: 40.1% , 5)<20ms: 54.2% 
Left Users: 25, Max Delay(ms): 90.0, Avg Delay(ms): 11.154933333333332, Avg Profit(USD): 12.656407225546813
Delay distribution: 1) >1000ms:0.0% , 2)200ms~1000ms:0.0% , 3)50ms~200ms: 0.07% , 4)20ms~50ms: 9.45% , 5)<20ms: 90.49% 

Simulator step: 0
Simulator step: 1000
Simulator step: 2000
Simulator step: 3000
Simulator step: 4000
Simulator step: 5000
------------------------
Cycle: 21, start time: 13:45, end time: 13:50
------------------------
Total Users: 50, Max Delay(ms): 2820.0, Avg Delay(ms): 40.48949999999999, Avg Profit(USD): 8.461006398754918
Delay distribution: 1) >1000ms:0.43% , 2)200ms~1000ms:3.19% , 3)50ms~200ms: 9.82% , 4)20ms~50ms: 22.55% , 5)<20ms: 64.0% 
Worst 10% Users: 5, Max Delay(ms): 2820.0, Avg Delay(ms): 238.36433333333335, Avg Profit(USD): 0.7199910276038558
Delay distribution: 1) >1000ms:4.34% , 2)200ms~1000ms:29.37% , 3)50ms~200ms: 42.31% , 4)20ms~50ms: 17.17% , 5)<20ms: 6.8% 
Worst 25% Users: 7, Max Delay(ms): 540.0, Avg Delay(ms): 43.84023809523809, Avg Profit(USD): 3.0861350651405792
Delay distribution: 1) >1000ms:0.0% , 2)200ms~1000ms:1.82% , 3)50ms~200ms: 29.53% , 4)20ms~50ms: 40.68% , 5)<20ms: 27.97% 
Worst 50% Users: 13, Max Delay(ms): 200.0, Avg Delay(ms): 19.000128205128203, Avg Profit(USD): 6.244454554970746
Delay distribution: 1) >1000ms:0.0% , 2)200ms~1000ms:0.0% , 3)50ms~200ms: 5.48% , 4)20ms~50ms: 40.05% , 5)<20ms: 54.47% 
Left Users: 25, Max Delay(ms): 80.0, Avg Delay(ms): 11.150800000000004, Avg Profit(USD): 12.666780405164916
Delay distribution: 1) >1000ms:0.0% , 2)200ms~1000ms:0.0% , 3)50ms~200ms: 0.07% , 4)20ms~50ms: 9.45% , 5)<20ms: 90.48% 

Simulator step: 0
Simulator step: 1000
Simulator step: 2000
Simulator step: 3000
Simulator step: 4000
Simulator step: 5000
------------------------
Cycle: 22, start time: 13:50, end time: 13:55
------------------------
Total Users: 50, Max Delay(ms): 2670.0, Avg Delay(ms): 42.34933333333334, Avg Profit(USD): 8.459555045447518
Delay distribution: 1) >1000ms:0.56% , 2)200ms~1000ms:3.29% , 3)50ms~200ms: 9.64% , 4)20ms~50ms: 22.51% , 5)<20ms: 64.0% 
Worst 10% Users: 5, Max Delay(ms): 2670.0, Avg Delay(ms): 257.61100000000005, Avg Profit(USD): 0.6759288074341381
Delay distribution: 1) >1000ms:5.63% , 2)200ms~1000ms:30.04% , 3)50ms~200ms: 41.75% , 4)20ms~50ms: 16.21% , 5)<20ms: 6.37% 
Worst 25% Users: 7, Max Delay(ms): 490.0, Avg Delay(ms): 43.16047619047619, Avg Profit(USD): 3.1515159139421476
Delay distribution: 1) >1000ms:0.0% , 2)200ms~1000ms:2.03% , 3)50ms~200ms: 28.14% , 4)20ms~50ms: 41.3% , 5)<20ms: 28.53% 
Worst 50% Users: 13, Max Delay(ms): 210.0, Avg Delay(ms): 19.054743589743588, Avg Profit(USD): 6.272303450622037
Delay distribution: 1) >1000ms:0.0% , 2)200ms~1000ms:0.01% , 3)50ms~200ms: 5.73% , 4)20ms~50ms: 39.61% , 5)<20ms: 54.66% 
Left Users: 25, Max Delay(ms): 80.0, Avg Delay(ms): 11.183066666666669, Avg Profit(USD): 12.639902079180953
Delay distribution: 1) >1000ms:0.0% , 2)200ms~1000ms:0.0% , 3)50ms~200ms: 0.07% , 4)20ms~50ms: 9.62% , 5)<20ms: 90.31% 

Simulator step: 0
Simulator step: 1000
Simulator step: 2000
Simulator step: 3000
Simulator step: 4000
Simulator step: 5000
------------------------
Cycle: 23, start time: 13:55, end time: 14:00
------------------------
Total Users: 50, Max Delay(ms): 2070.0, Avg Delay(ms): 38.45963333333334, Avg Profit(USD): 8.462319774403028
Delay distribution: 1) >1000ms:0.33% , 2)200ms~1000ms:3.29% , 3)50ms~200ms: 9.78% , 4)20ms~50ms: 22.6% , 5)<20ms: 64.0% 
Worst 10% Users: 5, Max Delay(ms): 2070.0, Avg Delay(ms): 218.96933333333334, Avg Profit(USD): 0.7070183620615118
Delay distribution: 1) >1000ms:3.29% , 2)200ms~1000ms:30.21% , 3)50ms~200ms: 43.09% , 4)20ms~50ms: 16.73% , 5)<20ms: 6.67% 
Worst 25% Users: 7, Max Delay(ms): 500.0, Avg Delay(ms): 43.05500000000001, Avg Profit(USD): 3.1325496552194956
Delay distribution: 1) >1000ms:0.0% , 2)200ms~1000ms:1.91% , 3)50ms~200ms: 28.42% , 4)20ms~50ms: 41.29% , 5)<20ms: 28.39% 
Worst 50% Users: 13, Max Delay(ms): 190.0, Avg Delay(ms): 19.065384615384616, Avg Profit(USD): 6.232057394864931
Delay distribution: 1) >1000ms:0.0% , 2)200ms~1000ms:0.0% , 3)50ms~200ms: 5.62% , 4)20ms~50ms: 40.07% , 5)<20ms: 54.31% 
Left Users: 25, Max Delay(ms): 80.0, Avg Delay(ms): 11.155999999999999, Avg Profit(USD): 12.665452127602537
Delay distribution: 1) >1000ms:0.0% , 2)200ms~1000ms:0.0% , 3)50ms~200ms: 0.06% , 4)20ms~50ms: 9.46% , 5)<20ms: 90.48% 

Simulator step: 0
Simulator step: 1000
Simulator step: 2000
Simulator step: 3000
Simulator step: 4000
Simulator step: 5000
------------------------
Cycle: 24, start time: 14:00, end time: 14:05
------------------------
Total Users: 50, Max Delay(ms): 2820.0, Avg Delay(ms): 42.356266666666684, Avg Profit(USD): 8.459058214691087
Delay distribution: 1) >1000ms:0.5% , 2)200ms~1000ms:3.44% , 3)50ms~200ms: 9.63% , 4)20ms~50ms: 22.43% , 5)<20ms: 64.0% 
Worst 10% Users: 5, Max Delay(ms): 2820.0, Avg Delay(ms): 255.47466666666674, Avg Profit(USD): 0.6981120931599161
Delay distribution: 1) >1000ms:4.97% , 2)200ms~1000ms:31.02% , 3)50ms~200ms: 41.08% , 4)20ms~50ms: 16.35% , 5)<20ms: 6.58% 
Worst 25% Users: 7, Max Delay(ms): 540.0, Avg Delay(ms): 45.10952380952381, Avg Profit(USD): 3.084407601855992
Delay distribution: 1) >1000ms:0.0% , 2)200ms~1000ms:2.4% , 3)50ms~200ms: 29.1% , 4)20ms~50ms: 40.5% , 5)<20ms: 28.0% 
Worst 50% Users: 13, Max Delay(ms): 230.0, Avg Delay(ms): 18.8774358974359, Avg Profit(USD): 6.266675158694883
Delay distribution: 1) >1000ms:0.0% , 2)200ms~1000ms:0.01% , 3)50ms~200ms: 5.42% , 4)20ms~50ms: 39.91% , 5)<20ms: 54.67% 
Left Users: 25, Max Delay(ms): 80.0, Avg Delay(ms): 11.170666666666664, Avg Profit(USD): 12.656188799709174
Delay distribution: 1) >1000ms:0.0% , 2)200ms~1000ms:0.0% , 3)50ms~200ms: 0.08% , 4)20ms~50ms: 9.5% , 5)<20ms: 90.42% 

Simulator step: 0
Simulator step: 1000
Simulator step: 2000
Simulator step: 3000
Simulator step: 4000
Simulator step: 5000
------------------------
Cycle: 25, start time: 14:05, end time: 14:10
------------------------
Total Users: 50, Max Delay(ms): 2820.0, Avg Delay(ms): 42.53466666666667, Avg Profit(USD): 8.462225631046124
Delay distribution: 1) >1000ms:0.55% , 2)200ms~1000ms:3.34% , 3)50ms~200ms: 9.59% , 4)20ms~50ms: 22.51% , 5)<20ms: 64.0% 
Worst 10% Users: 5, Max Delay(ms): 2820.0, Avg Delay(ms): 257.7686666666667, Avg Profit(USD): 0.6934944900939832
Delay distribution: 1) >1000ms:5.53% , 2)200ms~1000ms:30.21% , 3)50ms~200ms: 41.2% , 4)20ms~50ms: 16.52% , 5)<20ms: 6.54% 
Worst 25% Users: 7, Max Delay(ms): 540.0, Avg Delay(ms): 44.715714285714284, Avg Profit(USD): 3.0945274718449687
Delay distribution: 1) >1000ms:0.0% , 2)200ms~1000ms:2.29% , 3)50ms~200ms: 28.71% , 4)20ms~50ms: 40.98% , 5)<20ms: 28.01% 
Worst 50% Users: 13, Max Delay(ms): 180.0, Avg Delay(ms): 18.909230769230767, Avg Profit(USD): 6.271075527986705
Delay distribution: 1) >1000ms:0.0% , 2)200ms~1000ms:0.0% , 3)50ms~200ms: 5.45% , 4)20ms~50ms: 39.91% , 5)<20ms: 54.64% 
Left Users: 25, Max Delay(ms): 80.0, Avg Delay(ms): 11.162399999999998, Avg Profit(USD): 12.658325397403779
Delay distribution: 1) >1000ms:0.0% , 2)200ms~1000ms:0.0% , 3)50ms~200ms: 0.07% , 4)20ms~50ms: 9.5% , 5)<20ms: 90.44% 

Simulator step: 0
Simulator step: 1000
Simulator step: 2000
Simulator step: 3000
Simulator step: 4000
Simulator step: 5000
------------------------
Cycle: 26, start time: 14:10, end time: 14:15
------------------------
Total Users: 50, Max Delay(ms): 2270.0, Avg Delay(ms): 40.085766666666665, Avg Profit(USD): 8.456331746449944
Delay distribution: 1) >1000ms:0.44% , 2)200ms~1000ms:3.18% , 3)50ms~200ms: 9.72% , 4)20ms~50ms: 22.67% , 5)<20ms: 64.0% 
Worst 10% Users: 5, Max Delay(ms): 2270.0, Avg Delay(ms): 234.89466666666664, Avg Profit(USD): 0.727338846685415
Delay distribution: 1) >1000ms:4.38% , 2)200ms~1000ms:29.03% , 3)50ms~200ms: 42.49% , 4)20ms~50ms: 17.25% , 5)<20ms: 6.86% 
Worst 25% Users: 7, Max Delay(ms): 530.0, Avg Delay(ms): 43.18142857142857, Avg Profit(USD): 3.1669805384264076
Delay distribution: 1) >1000ms:0.0% , 2)200ms~1000ms:1.95% , 3)50ms~200ms: 28.26% , 4)20ms~50ms: 41.07% , 5)<20ms: 28.72% 
Worst 50% Users: 13, Max Delay(ms): 160.0, Avg Delay(ms): 19.087820512820514, Avg Profit(USD): 6.224767460976101
Delay distribution: 1) >1000ms:0.0% , 2)200ms~1000ms:0.0% , 3)50ms~200ms: 5.69% , 4)20ms~50ms: 40.01% , 5)<20ms: 54.3% 
Left Users: 25, Max Delay(ms): 90.0, Avg Delay(ms): 11.176133333333333, Avg Profit(USD): 12.64356209309584
Delay distribution: 1) >1000ms:0.0% , 2)200ms~1000ms:0.0% , 3)50ms~200ms: 0.07% , 4)20ms~50ms: 9.57% , 5)<20ms: 90.35% 

Simulator step: 0
Simulator step: 1000
Simulator step: 2000
Simulator step: 3000
Simulator step: 4000
Simulator step: 5000
------------------------
Cycle: 27, start time: 14:15, end time: 14:20
------------------------
Total Users: 50, Max Delay(ms): 2820.0, Avg Delay(ms): 41.57413333333332, Avg Profit(USD): 8.461710786968512
Delay distribution: 1) >1000ms:0.46% , 2)200ms~1000ms:3.42% , 3)50ms~200ms: 9.54% , 4)20ms~50ms: 22.57% , 5)<20ms: 64.0% 
Worst 10% Users: 5, Max Delay(ms): 2820.0, Avg Delay(ms): 248.69533333333334, Avg Profit(USD): 0.7081702266271113
Delay distribution: 1) >1000ms:4.64% , 2)200ms~1000ms:31.09% , 3)50ms~200ms: 40.95% , 4)20ms~50ms: 16.64% , 5)<20ms: 6.67% 
Worst 25% Users: 7, Max Delay(ms): 540.0, Avg Delay(ms): 44.046190476190475, Avg Profit(USD): 3.1265145681029507
Delay distribution: 1) >1000ms:0.0% , 2)200ms~1000ms:2.26% , 3)50ms~200ms: 28.16% , 4)20ms~50ms: 41.23% , 5)<20ms: 28.35% 
Worst 50% Users: 13, Max Delay(ms): 190.0, Avg Delay(ms): 19.09205128205128, Avg Profit(USD): 6.221763832670575
Delay distribution: 1) >1000ms:0.0% , 2)200ms~1000ms:0.0% , 3)50ms~200ms: 5.66% , 4)20ms~50ms: 40.1% , 5)<20ms: 54.24% 
Left Users: 25, Max Delay(ms): 80.0, Avg Delay(ms): 11.1484, Avg Profit(USD): 12.671046256554076
Delay distribution: 1) >1000ms:0.0% , 2)200ms~1000ms:0.0% , 3)50ms~200ms: 0.06% , 4)20ms~50ms: 9.42% , 5)<20ms: 90.52% 

Simulator step: 0
Simulator step: 1000
Simulator step: 2000
Simulator step: 3000
Simulator step: 4000
Simulator step: 5000
------------------------
Cycle: 28, start time: 14:20, end time: 14:25
------------------------
Total Users: 50, Max Delay(ms): 2450.0, Avg Delay(ms): 39.683366666666664, Avg Profit(USD): 8.460775640235516
Delay distribution: 1) >1000ms:0.41% , 2)200ms~1000ms:3.23% , 3)50ms~200ms: 9.71% , 4)20ms~50ms: 22.65% , 5)<20ms: 64.0% 
Worst 10% Users: 5, Max Delay(ms): 2450.0, Avg Delay(ms): 230.5676666666667, Avg Profit(USD): 0.7132027216114741
Delay distribution: 1) >1000ms:4.11% , 2)200ms~1000ms:29.4% , 3)50ms~200ms: 42.7% , 4)20ms~50ms: 17.06% , 5)<20ms: 6.73% 
Worst 25% Users: 7, Max Delay(ms): 500.0, Avg Delay(ms): 43.49738095238095, Avg Profit(USD): 3.1349382303013775
Delay distribution: 1) >1000ms:0.0% , 2)200ms~1000ms:2.09% , 3)50ms~200ms: 28.07% , 4)20ms~50ms: 41.45% , 5)<20ms: 28.39% 
Worst 50% Users: 13, Max Delay(ms): 160.0, Avg Delay(ms): 19.047307692307694, Avg Profit(USD): 6.239636111404457
Delay distribution: 1) >1000ms:0.0% , 2)200ms~1000ms:0.0% , 3)50ms~200ms: 5.64% , 4)20ms~50ms: 40.01% , 5)<20ms: 54.35% 
Left Users: 25, Max Delay(ms): 90.0, Avg Delay(ms): 11.16933333333333, Avg Profit(USD): 12.656517253734028
Delay distribution: 1) >1000ms:0.0% , 2)200ms~1000ms:0.0% , 3)50ms~200ms: 0.08% , 4)20ms~50ms: 9.48% , 5)<20ms: 90.44% 

Simulator step: 0
Simulator step: 1000
Simulator step: 2000
Simulator step: 3000
Simulator step: 4000
Simulator step: 5000
------------------------
Cycle: 29, start time: 14:25, end time: 14:30
------------------------
Total Users: 50, Max Delay(ms): 2650.0, Avg Delay(ms): 41.468966666666674, Avg Profit(USD): 8.462068616879572
Delay distribution: 1) >1000ms:0.5% , 2)200ms~1000ms:3.31% , 3)50ms~200ms: 9.65% , 4)20ms~50ms: 22.54% , 5)<20ms: 64.0% 
Worst 10% Users: 5, Max Delay(ms): 2650.0, Avg Delay(ms): 248.55866666666662, Avg Profit(USD): 0.6975032388266524
Delay distribution: 1) >1000ms:5.0% , 2)200ms~1000ms:30.28% , 3)50ms~200ms: 41.39% , 4)20ms~50ms: 16.75% , 5)<20ms: 6.58% 
Worst 25% Users: 7, Max Delay(ms): 470.0, Avg Delay(ms): 43.37166666666667, Avg Profit(USD): 3.117526054588667
Delay distribution: 1) >1000ms:0.0% , 2)200ms~1000ms:1.99% , 3)50ms~200ms: 28.54% , 4)20ms~50ms: 41.22% , 5)<20ms: 28.25% 
Worst 50% Users: 13, Max Delay(ms): 210.0, Avg Delay(ms): 19.086153846153845, Avg Profit(USD): 6.2360961190906385
Delay distribution: 1) >1000ms:0.0% , 2)200ms~1000ms:0.0% , 3)50ms~200ms: 5.73% , 4)20ms~50ms: 39.92% , 5)<20ms: 54.36% 
Left Users: 25, Max Delay(ms): 80.0, Avg Delay(ms): 11.157333333333334, Avg Profit(USD): 12.668959308781853
Delay distribution: 1) >1000ms:0.0% , 2)200ms~1000ms:0.0% , 3)50ms~200ms: 0.07% , 4)20ms~50ms: 9.43% , 5)<20ms: 90.51% 

Simulator step: 0
Simulator step: 1000
Simulator step: 2000
Simulator step: 3000
Simulator step: 4000
Simulator step: 5000
------------------------
Cycle: 30, start time: 14:30, end time: 14:35
------------------------
Total Users: 50, Max Delay(ms): 2370.0, Avg Delay(ms): 41.706100000000006, Avg Profit(USD): 8.460062012811033
Delay distribution: 1) >1000ms:0.5% , 2)200ms~1000ms:3.37% , 3)50ms~200ms: 9.66% , 4)20ms~50ms: 22.46% , 5)<20ms: 64.0% 
Worst 10% Users: 5, Max Delay(ms): 2370.0, Avg Delay(ms): 250.65366666666665, Avg Profit(USD): 0.6806766640751859
Delay distribution: 1) >1000ms:5.04% , 2)200ms~1000ms:30.86% , 3)50ms~200ms: 41.56% , 4)20ms~50ms: 16.14% , 5)<20ms: 6.4% 
Worst 25% Users: 7, Max Delay(ms): 430.0, Avg Delay(ms): 43.50380952380953, Avg Profit(USD): 3.1394064795287937
Delay distribution: 1) >1000ms:0.0% , 2)200ms~1000ms:2.06% , 3)50ms~200ms: 28.39% , 4)20ms~50ms: 41.08% , 5)<20ms: 28.47% 
Worst 50% Users: 13, Max Delay(ms): 180.0, Avg Delay(ms): 19.13820512820513, Avg Profit(USD): 6.223489277326956
Delay distribution: 1) >1000ms:0.0% , 2)200ms~1000ms:0.0% , 3)50ms~200ms: 5.77% , 4)20ms~50ms: 39.97% , 5)<20ms: 54.26% 
Left Users: 25, Max Delay(ms): 80.0, Avg Delay(ms): 11.148533333333335, Avg Profit(USD): 12.668740454328951
Delay distribution: 1) >1000ms:0.0% , 2)200ms~1000ms:0.0% , 3)50ms~200ms: 0.06% , 4)20ms~50ms: 9.4% , 5)<20ms: 90.53% 

Simulator step: 0
Simulator step: 1000
Simulator step: 2000
Simulator step: 3000
Simulator step: 4000
Simulator step: 5000
------------------------
Cycle: 31, start time: 14:35, end time: 14:40
------------------------
Total Users: 50, Max Delay(ms): 2190.0, Avg Delay(ms): 37.918699999999994, Avg Profit(USD): 8.459342672295975
Delay distribution: 1) >1000ms:0.25% , 2)200ms~1000ms:3.44% , 3)50ms~200ms: 9.84% , 4)20ms~50ms: 22.47% , 5)<20ms: 64.0% 
Worst 10% Users: 5, Max Delay(ms): 2190.0, Avg Delay(ms): 210.75699999999998, Avg Profit(USD): 0.7194841010390496
Delay distribution: 1) >1000ms:2.48% , 2)200ms~1000ms:30.96% , 3)50ms~200ms: 42.83% , 4)20ms~50ms: 16.95% , 5)<20ms: 6.78% 
Worst 25% Users: 7, Max Delay(ms): 540.0, Avg Delay(ms): 44.9847619047619, Avg Profit(USD): 3.0917312576597706
Delay distribution: 1) >1000ms:0.0% , 2)200ms~1000ms:2.42% , 3)50ms~200ms: 28.76% , 4)20ms~50ms: 40.77% , 5)<20ms: 28.05% 
Worst 50% Users: 13, Max Delay(ms): 170.0, Avg Delay(ms): 19.10538461538461, Avg Profit(USD): 6.239390597261115
Delay distribution: 1) >1000ms:0.0% , 2)200ms~1000ms:0.0% , 3)50ms~200ms: 5.78% , 4)20ms~50ms: 39.84% , 5)<20ms: 54.39% 
Left Users: 25, Max Delay(ms): 70.0, Avg Delay(ms): 11.155466666666666, Avg Profit(USD): 12.664620661663623
Delay distribution: 1) >1000ms:0.0% , 2)200ms~1000ms:0.0% , 3)50ms~200ms: 0.07% , 4)20ms~50ms: 9.42% , 5)<20ms: 90.51% 

Simulator step: 0
Simulator step: 1000
Simulator step: 2000
Simulator step: 3000
Simulator step: 4000
Simulator step: 5000
------------------------
Cycle: 32, start time: 14:40, end time: 14:45
------------------------
Total Users: 50, Max Delay(ms): 2820.0, Avg Delay(ms): 41.45989999999999, Avg Profit(USD): 8.457896171702895
Delay distribution: 1) >1000ms:0.52% , 2)200ms~1000ms:3.26% , 3)50ms~200ms: 9.61% , 4)20ms~50ms: 22.61% , 5)<20ms: 64.0% 
Worst 10% Users: 5, Max Delay(ms): 2820.0, Avg Delay(ms): 248.64133333333336, Avg Profit(USD): 0.7126324895042758
Delay distribution: 1) >1000ms:5.19% , 2)200ms~1000ms:29.8% , 3)50ms~200ms: 41.44% , 4)20ms~50ms: 16.85% , 5)<20ms: 6.72% 
Worst 25% Users: 7, Max Delay(ms): 540.0, Avg Delay(ms): 43.25714285714285, Avg Profit(USD): 3.1587899818716494
Delay distribution: 1) >1000ms:0.0% , 2)200ms~1000ms:2.0% , 3)50ms~200ms: 28.36% , 4)20ms~50ms: 41.01% , 5)<20ms: 28.63% 
Worst 50% Users: 13, Max Delay(ms): 170.0, Avg Delay(ms): 19.039615384615388, Avg Profit(USD): 6.241978241046264
Delay distribution: 1) >1000ms:0.0% , 2)200ms~1000ms:0.0% , 3)50ms~200ms: 5.61% , 4)20ms~50ms: 39.98% , 5)<20ms: 54.41% 
Left Users: 25, Max Delay(ms): 70.0, Avg Delay(ms): 11.17893333333333, Avg Profit(USD): 12.642975965236817
Delay distribution: 1) >1000ms:0.0% , 2)200ms~1000ms:0.0% , 3)50ms~200ms: 0.08% , 4)20ms~50ms: 9.57% , 5)<20ms: 90.35% 

Simulator step: 0
Simulator step: 1000
Simulator step: 2000
Simulator step: 3000
Simulator step: 4000
Simulator step: 5000
------------------------
Cycle: 33, start time: 14:45, end time: 14:50
------------------------
Total Users: 50, Max Delay(ms): 2290.0, Avg Delay(ms): 37.788466666666665, Avg Profit(USD): 8.457966211075165
Delay distribution: 1) >1000ms:0.3% , 2)200ms~1000ms:3.16% , 3)50ms~200ms: 9.93% , 4)20ms~50ms: 22.61% , 5)<20ms: 64.0% 
Worst 10% Users: 5, Max Delay(ms): 2290.0, Avg Delay(ms): 211.476, Avg Profit(USD): 0.7376977167727725
Delay distribution: 1) >1000ms:3.01% , 2)200ms~1000ms:28.92% , 3)50ms~200ms: 43.51% , 4)20ms~50ms: 17.58% , 5)<20ms: 6.98% 
Worst 25% Users: 7, Max Delay(ms): 540.0, Avg Delay(ms): 43.32690476190477, Avg Profit(USD): 3.1328153888074253
Delay distribution: 1) >1000ms:0.0% , 2)200ms~1000ms:1.91% , 3)50ms~200ms: 28.73% , 4)20ms~50ms: 40.94% , 5)<20ms: 28.42% 
Worst 50% Users: 13, Max Delay(ms): 190.0, Avg Delay(ms): 19.20602564102564, Avg Profit(USD): 6.2130592464256855
Delay distribution: 1) >1000ms:0.0% , 2)200ms~1000ms:0.0% , 3)50ms~200ms: 5.85% , 4)20ms~50ms: 39.94% , 5)<20ms: 54.21% 
Left Users: 25, Max Delay(ms): 70.0, Avg Delay(ms): 11.163066666666667, Avg Profit(USD): 12.660413761788337
Delay distribution: 1) >1000ms:0.0% , 2)200ms~1000ms:0.0% , 3)50ms~200ms: 0.07% , 4)20ms~50ms: 9.47% , 5)<20ms: 90.46% 

Simulator step: 0
Simulator step: 1000
Simulator step: 2000
Simulator step: 3000
Simulator step: 4000
Simulator step: 5000
------------------------
Cycle: 34, start time: 14:50, end time: 14:55
------------------------
Total Users: 50, Max Delay(ms): 2820.0, Avg Delay(ms): 38.799499999999995, Avg Profit(USD): 8.460583020584249
Delay distribution: 1) >1000ms:0.3% , 2)200ms~1000ms:3.29% , 3)50ms~200ms: 9.82% , 4)20ms~50ms: 22.59% , 5)<20ms: 64.0% 
Worst 10% Users: 5, Max Delay(ms): 2820.0, Avg Delay(ms): 220.69633333333337, Avg Profit(USD): 0.7275698853004035
Delay distribution: 1) >1000ms:3.03% , 2)200ms~1000ms:29.87% , 3)50ms~200ms: 42.78% , 4)20ms~50ms: 17.45% , 5)<20ms: 6.86% 
Worst 25% Users: 7, Max Delay(ms): 480.0, Avg Delay(ms): 44.045, Avg Profit(USD): 3.1354498780369964
Delay distribution: 1) >1000ms:0.0% , 2)200ms~1000ms:2.13% , 3)50ms~200ms: 28.62% , 4)20ms~50ms: 40.85% , 5)<20ms: 28.39% 
Worst 50% Users: 13, Max Delay(ms): 230.0, Avg Delay(ms): 19.190512820512822, Avg Profit(USD): 6.205778621183422
Delay distribution: 1) >1000ms:0.0% , 2)200ms~1000ms:0.01% , 3)50ms~200ms: 5.78% , 4)20ms~50ms: 40.12% , 5)<20ms: 54.09% 
Left Users: 25, Max Delay(ms): 80.0, Avg Delay(ms): 11.148066666666669, Avg Profit(USD): 12.670721215242677
Delay distribution: 1) >1000ms:0.0% , 2)200ms~1000ms:0.0% , 3)50ms~200ms: 0.07% , 4)20ms~50ms: 9.38% , 5)<20ms: 90.55% 

Simulator step: 0
Simulator step: 1000
Simulator step: 2000
Simulator step: 3000
Simulator step: 4000
Simulator step: 5000
------------------------
Cycle: 35, start time: 14:55, end time: 15:00
------------------------
Total Users: 50, Max Delay(ms): 2600.0, Avg Delay(ms): 40.61629999999997, Avg Profit(USD): 8.461796271255368
Delay distribution: 1) >1000ms:0.41% , 2)200ms~1000ms:3.39% , 3)50ms~200ms: 9.6% , 4)20ms~50ms: 22.59% , 5)<20ms: 64.0% 
Worst 10% Users: 5, Max Delay(ms): 2600.0, Avg Delay(ms): 240.85066666666665, Avg Profit(USD): 0.6940536399545613
Delay distribution: 1) >1000ms:4.14% , 2)200ms~1000ms:31.35% , 3)50ms~200ms: 41.3% , 4)20ms~50ms: 16.66% , 5)<20ms: 6.56% 
Worst 25% Users: 7, Max Delay(ms): 440.0, Avg Delay(ms): 43.07904761904762, Avg Profit(USD): 3.113047335454712
Delay distribution: 1) >1000ms:0.0% , 2)200ms~1000ms:1.85% , 3)50ms~200ms: 28.73% , 4)20ms~50ms: 41.25% , 5)<20ms: 28.17% 
Worst 50% Users: 13, Max Delay(ms): 180.0, Avg Delay(ms): 18.92461538461539, Avg Profit(USD): 6.250305986399252
Delay distribution: 1) >1000ms:0.0% , 2)200ms~1000ms:0.0% , 3)50ms~200ms: 5.44% , 4)20ms~50ms: 40.12% , 5)<20ms: 54.44% 
Left Users: 25, Max Delay(ms): 80.0, Avg Delay(ms): 11.159533333333332, Avg Profit(USD): 12.662969447664896
Delay distribution: 1) >1000ms:0.0% , 2)200ms~1000ms:0.0% , 3)50ms~200ms: 0.07% , 4)20ms~50ms: 9.43% , 5)<20ms: 90.49% 

Simulator step: 0
Simulator step: 1000
Simulator step: 2000
Simulator step: 3000
Simulator step: 4000
Simulator step: 5000
------------------------
Cycle: 36, start time: 15:00, end time: 15:05
------------------------
Total Users: 50, Max Delay(ms): 2780.0, Avg Delay(ms): 38.989366666666676, Avg Profit(USD): 8.45774334244407
Delay distribution: 1) >1000ms:0.34% , 2)200ms~1000ms:3.32% , 3)50ms~200ms: 9.63% , 4)20ms~50ms: 22.71% , 5)<20ms: 64.0% 
Worst 10% Users: 5, Max Delay(ms): 2780.0, Avg Delay(ms): 224.7046666666667, Avg Profit(USD): 0.7105972148837496
Delay distribution: 1) >1000ms:3.39% , 2)200ms~1000ms:30.67% , 3)50ms~200ms: 42.27% , 4)20ms~50ms: 16.98% , 5)<20ms: 6.7% 
Worst 25% Users: 7, Max Delay(ms): 540.0, Avg Delay(ms): 42.918571428571425, Avg Profit(USD): 3.1465708465409996
Delay distribution: 1) >1000ms:0.0% , 2)200ms~1000ms:1.83% , 3)50ms~200ms: 28.27% , 4)20ms~50ms: 41.36% , 5)<20ms: 28.54% 
Worst 50% Users: 13, Max Delay(ms): 160.0, Avg Delay(ms): 18.9274358974359, Avg Profit(USD): 6.244815580981925
Delay distribution: 1) >1000ms:0.0% , 2)200ms~1000ms:0.0% , 3)50ms~200ms: 5.38% , 4)20ms~50ms: 40.16% , 5)<20ms: 54.46% 
Left Users: 25, Max Delay(ms): 100.0, Avg Delay(ms): 11.178333333333333, Avg Profit(USD): 12.645023302769312
Delay distribution: 1) >1000ms:0.0% , 2)200ms~1000ms:0.0% , 3)50ms~200ms: 0.08% , 4)20ms~50ms: 9.56% , 5)<20ms: 90.35% 

Simulator step: 0
Simulator step: 1000
Simulator step: 2000
Simulator step: 3000
Simulator step: 4000
Simulator step: 5000
------------------------
Cycle: 37, start time: 15:05, end time: 15:10
------------------------
Total Users: 50, Max Delay(ms): 2490.0, Avg Delay(ms): 38.7686, Avg Profit(USD): 8.458497672819368
Delay distribution: 1) >1000ms:0.34% , 2)200ms~1000ms:3.27% , 3)50ms~200ms: 9.75% , 4)20ms~50ms: 22.64% , 5)<20ms: 64.0% 
Worst 10% Users: 5, Max Delay(ms): 2490.0, Avg Delay(ms): 221.81133333333335, Avg Profit(USD): 0.7249614823102116
Delay distribution: 1) >1000ms:3.37% , 2)200ms~1000ms:29.98% , 3)50ms~200ms: 42.56% , 4)20ms~50ms: 17.25% , 5)<20ms: 6.84% 
Worst 25% Users: 7, Max Delay(ms): 540.0, Avg Delay(ms): 43.13047619047619, Avg Profit(USD): 3.162749961820381
Delay distribution: 1) >1000ms:0.0% , 2)200ms~1000ms:1.91% , 3)50ms~200ms: 28.48% , 4)20ms~50ms: 40.98% , 5)<20ms: 28.64% 
Worst 50% Users: 13, Max Delay(ms): 190.0, Avg Delay(ms): 19.09679487179487, Avg Profit(USD): 6.226247857915298
Delay distribution: 1) >1000ms:0.0% , 2)200ms~1000ms:0.0% , 3)50ms~200ms: 5.68% , 4)20ms~50ms: 40.07% , 5)<20ms: 54.25% 
Left Users: 25, Max Delay(ms): 90.0, Avg Delay(ms): 11.168066666666668, Avg Profit(USD): 12.648784173751032
Delay distribution: 1) >1000ms:0.0% , 2)200ms~1000ms:0.0% , 3)50ms~200ms: 0.07% , 4)20ms~50ms: 9.53% , 5)<20ms: 90.4% 

Simulator step: 0
Simulator step: 1000
Simulator step: 2000
Simulator step: 3000
Simulator step: 4000
Simulator step: 5000
------------------------
Cycle: 38, start time: 15:10, end time: 15:15
------------------------
Total Users: 50, Max Delay(ms): 2340.0, Avg Delay(ms): 39.745366666666655, Avg Profit(USD): 8.45827433788462
Delay distribution: 1) >1000ms:0.36% , 2)200ms~1000ms:3.33% , 3)50ms~200ms: 9.72% , 4)20ms~50ms: 22.6% , 5)<20ms: 64.0% 
Worst 10% Users: 5, Max Delay(ms): 2340.0, Avg Delay(ms): 230.368, Avg Profit(USD): 0.7100026696751995
Delay distribution: 1) >1000ms:3.57% , 2)200ms~1000ms:30.15% , 3)50ms~200ms: 42.41% , 4)20ms~50ms: 17.17% , 5)<20ms: 6.71% 
Worst 25% Users: 7, Max Delay(ms): 540.0, Avg Delay(ms): 44.076190476190476, Avg Profit(USD): 3.1415091552496786
Delay distribution: 1) >1000ms:0.0% , 2)200ms~1000ms:2.23% , 3)50ms~200ms: 28.52% , 4)20ms~50ms: 40.76% , 5)<20ms: 28.49% 
Worst 50% Users: 13, Max Delay(ms): 220.0, Avg Delay(ms): 19.06294871794872, Avg Profit(USD): 6.224178460337518
Delay distribution: 1) >1000ms:0.0% , 2)200ms~1000ms:0.0% , 3)50ms~200ms: 5.56% , 4)20ms~50ms: 40.18% , 5)<20ms: 54.26% 
Left Users: 25, Max Delay(ms): 80.0, Avg Delay(ms): 11.163066666666667, Avg Profit(USD): 12.658352778988776
Delay distribution: 1) >1000ms:0.0% , 2)200ms~1000ms:0.0% , 3)50ms~200ms: 0.07% , 4)20ms~50ms: 9.46% , 5)<20ms: 90.47% 

Simulator step: 0
Simulator step: 1000
Simulator step: 2000
Simulator step: 3000
Simulator step: 4000
Simulator step: 5000
------------------------
Cycle: 39, start time: 15:15, end time: 15:20
------------------------
Total Users: 50, Max Delay(ms): 2820.0, Avg Delay(ms): 40.84543333333332, Avg Profit(USD): 8.457113756546555
Delay distribution: 1) >1000ms:0.44% , 2)200ms~1000ms:3.3% , 3)50ms~200ms: 9.73% , 4)20ms~50ms: 22.53% , 5)<20ms: 64.0% 
Worst 10% Users: 5, Max Delay(ms): 2820.0, Avg Delay(ms): 241.447, Avg Profit(USD): 0.7369598341661415
Delay distribution: 1) >1000ms:4.38% , 2)200ms~1000ms:30.06% , 3)50ms~200ms: 41.38% , 4)20ms~50ms: 17.23% , 5)<20ms: 6.95% 
Worst 25% Users: 7, Max Delay(ms): 540.0, Avg Delay(ms): 43.87119047619048, Avg Profit(USD): 3.114728712915873
Delay distribution: 1) >1000ms:0.0% , 2)200ms~1000ms:2.09% , 3)50ms~200ms: 28.99% , 4)20ms~50ms: 40.73% , 5)<20ms: 28.19% 
Worst 50% Users: 13, Max Delay(ms): 210.0, Avg Delay(ms): 19.155641025641025, Avg Profit(USD): 6.218483516870534
Delay distribution: 1) >1000ms:0.0% , 2)200ms~1000ms:0.0% , 3)50ms~200ms: 5.78% , 4)20ms~50ms: 39.98% , 5)<20ms: 54.24% 
Left Users: 25, Max Delay(ms): 90.0, Avg Delay(ms): 11.156600000000001, Avg Profit(USD): 12.66110007787076
Delay distribution: 1) >1000ms:0.0% , 2)200ms~1000ms:0.0% , 3)50ms~200ms: 0.07% , 4)20ms~50ms: 9.42% , 5)<20ms: 90.51% 

Simulator step: 0
Simulator step: 1000
Simulator step: 2000
Simulator step: 3000
Simulator step: 4000
Simulator step: 5000
------------------------
Cycle: 40, start time: 15:20, end time: 15:25
------------------------
Total Users: 50, Max Delay(ms): 1850.0, Avg Delay(ms): 37.57473333333335, Avg Profit(USD): 8.461424244491173
Delay distribution: 1) >1000ms:0.26% , 2)200ms~1000ms:3.29% , 3)50ms~200ms: 9.82% , 4)20ms~50ms: 22.63% , 5)<20ms: 64.0% 
Worst 10% Users: 5, Max Delay(ms): 1850.0, Avg Delay(ms): 209.79200000000003, Avg Profit(USD): 0.7192745793356742
Delay distribution: 1) >1000ms:2.63% , 2)200ms~1000ms:30.27% , 3)50ms~200ms: 43.12% , 4)20ms~50ms: 17.19% , 5)<20ms: 6.79% 
Worst 25% Users: 7, Max Delay(ms): 500.0, Avg Delay(ms): 43.24690476190476, Avg Profit(USD): 3.135998600299572
Delay distribution: 1) >1000ms:0.0% , 2)200ms~1000ms:1.9% , 3)50ms~200ms: 28.64% , 4)20ms~50ms: 41.06% , 5)<20ms: 28.4% 
Worst 50% Users: 13, Max Delay(ms): 170.0, Avg Delay(ms): 19.050256410256413, Avg Profit(USD): 6.2409481087483965
Delay distribution: 1) >1000ms:0.0% , 2)200ms~1000ms:0.0% , 3)50ms~200ms: 5.61% , 4)20ms~50ms: 40.0% , 5)<20ms: 54.39% 
Left Users: 25, Max Delay(ms): 100.0, Avg Delay(ms): 11.175799999999999, Avg Profit(USD): 12.655620948482161
Delay distribution: 1) >1000ms:0.0% , 2)200ms~1000ms:0.0% , 3)50ms~200ms: 0.08% , 4)20ms~50ms: 9.52% , 5)<20ms: 90.41% 

Simulator step: 0
Simulator step: 1000
Simulator step: 2000
Simulator step: 3000
Simulator step: 4000
Simulator step: 5000
------------------------
Cycle: 41, start time: 15:25, end time: 15:30
------------------------
Total Users: 50, Max Delay(ms): 2470.0, Avg Delay(ms): 38.221600000000024, Avg Profit(USD): 8.462874343112073
Delay distribution: 1) >1000ms:0.26% , 2)200ms~1000ms:3.39% , 3)50ms~200ms: 9.75% , 4)20ms~50ms: 22.61% , 5)<20ms: 64.0% 
Worst 10% Users: 5, Max Delay(ms): 2470.0, Avg Delay(ms): 216.219, Avg Profit(USD): 0.7141047415445801
Delay distribution: 1) >1000ms:2.56% , 2)200ms~1000ms:31.28% , 3)50ms~200ms: 42.67% , 4)20ms~50ms: 16.75% , 5)<20ms: 6.74% 
Worst 25% Users: 7, Max Delay(ms): 540.0, Avg Delay(ms): 43.235, Avg Profit(USD): 3.1612643085082213
Delay distribution: 1) >1000ms:0.0% , 2)200ms~1000ms:1.84% , 3)50ms~200ms: 28.46% , 4)20ms~50ms: 41.04% , 5)<20ms: 28.65% 
Worst 50% Users: 13, Max Delay(ms): 190.0, Avg Delay(ms): 19.078461538461543, Avg Profit(USD): 6.221750824848782
Delay distribution: 1) >1000ms:0.0% , 2)200ms~1000ms:0.0% , 3)50ms~200ms: 5.6% , 4)20ms~50ms: 40.17% , 5)<20ms: 54.23% 
Left Users: 25, Max Delay(ms): 80.0, Avg Delay(ms): 11.1728, Avg Profit(USD): 12.662463302611567
Delay distribution: 1) >1000ms:0.0% , 2)200ms~1000ms:0.0% , 3)50ms~200ms: 0.08% , 4)20ms~50ms: 9.49% , 5)<20ms: 90.43% 

Simulator step: 0
Simulator step: 1000
Simulator step: 2000
Simulator step: 3000
Simulator step: 4000
Simulator step: 5000
------------------------
Cycle: 42, start time: 15:30, end time: 15:35
------------------------
Total Users: 50, Max Delay(ms): 2730.0, Avg Delay(ms): 41.062666666666665, Avg Profit(USD): 8.458100395551337
Delay distribution: 1) >1000ms:0.43% , 2)200ms~1000ms:3.39% , 3)50ms~200ms: 9.61% , 4)20ms~50ms: 22.57% , 5)<20ms: 64.0% 
Worst 10% Users: 5, Max Delay(ms): 2730.0, Avg Delay(ms): 244.02466666666666, Avg Profit(USD): 0.7206313540971574
Delay distribution: 1) >1000ms:4.34% , 2)200ms~1000ms:30.98% , 3)50ms~200ms: 41.06% , 4)20ms~50ms: 16.84% , 5)<20ms: 6.79% 
Worst 25% Users: 7, Max Delay(ms): 520.0, Avg Delay(ms): 43.69738095238095, Avg Profit(USD): 3.1087962004906524
Delay distribution: 1) >1000ms:0.0% , 2)200ms~1000ms:2.07% , 3)50ms~200ms: 28.45% , 4)20ms~50ms: 41.3% , 5)<20ms: 28.18% 
Worst 50% Users: 13, Max Delay(ms): 180.0, Avg Delay(ms): 19.09448717948718, Avg Profit(USD): 6.2220010053990595
Delay distribution: 1) >1000ms:0.0% , 2)200ms~1000ms:0.0% , 3)50ms~200ms: 5.7% , 4)20ms~50ms: 40.05% , 5)<20ms: 54.25% 
Left Users: 25, Max Delay(ms): 70.0, Avg Delay(ms): 11.155999999999997, Avg Profit(USD): 12.666171061338353
Delay distribution: 1) >1000ms:0.0% , 2)200ms~1000ms:0.0% , 3)50ms~200ms: 0.08% , 4)20ms~50ms: 9.38% , 5)<20ms: 90.54% 

Simulator step: 0
Simulator step: 1000
Simulator step: 2000
Simulator step: 3000
Simulator step: 4000
Simulator step: 5000
------------------------
Cycle: 43, start time: 15:35, end time: 15:40
------------------------
Total Users: 50, Max Delay(ms): 2630.0, Avg Delay(ms): 40.2435, Avg Profit(USD): 8.458673692344192
Delay distribution: 1) >1000ms:0.41% , 2)200ms~1000ms:3.33% , 3)50ms~200ms: 9.69% , 4)20ms~50ms: 22.56% , 5)<20ms: 64.0% 
Worst 10% Users: 5, Max Delay(ms): 2630.0, Avg Delay(ms): 236.0966666666667, Avg Profit(USD): 0.6936554993468974
Delay distribution: 1) >1000ms:4.11% , 2)200ms~1000ms:30.42% , 3)50ms~200ms: 42.36% , 4)20ms~50ms: 16.56% , 5)<20ms: 6.55% 
Worst 25% Users: 7, Max Delay(ms): 480.0, Avg Delay(ms): 43.50476190476191, Avg Profit(USD): 3.1538989256051946
Delay distribution: 1) >1000ms:0.0% , 2)200ms~1000ms:2.09% , 3)50ms~200ms: 28.23% , 4)20ms~50ms: 41.1% , 5)<20ms: 28.58% 
Worst 50% Users: 13, Max Delay(ms): 190.0, Avg Delay(ms): 19.10705128205128, Avg Profit(USD): 6.212413587564083
Delay distribution: 1) >1000ms:0.0% , 2)200ms~1000ms:0.0% , 3)50ms~200ms: 5.67% , 4)20ms~50ms: 40.17% , 5)<20ms: 54.16% 
Left Users: 25, Max Delay(ms): 70.0, Avg Delay(ms): 11.150666666666664, Avg Profit(USD): 12.665069520116226
Delay distribution: 1) >1000ms:0.0% , 2)200ms~1000ms:0.0% , 3)50ms~200ms: 0.06% , 4)20ms~50ms: 9.41% , 5)<20ms: 90.53% 

Simulator step: 0
Simulator step: 1000
Simulator step: 2000
Simulator step: 3000
Simulator step: 4000
Simulator step: 5000
------------------------
Cycle: 44, start time: 15:40, end time: 15:45
------------------------
Total Users: 50, Max Delay(ms): 2820.0, Avg Delay(ms): 43.59156666666668, Avg Profit(USD): 8.460059264486542
Delay distribution: 1) >1000ms:0.63% , 2)200ms~1000ms:3.2% , 3)50ms~200ms: 9.69% , 4)20ms~50ms: 22.49% , 5)<20ms: 64.0% 
Worst 10% Users: 5, Max Delay(ms): 2820.0, Avg Delay(ms): 267.861, Avg Profit(USD): 0.7302593477279075
Delay distribution: 1) >1000ms:6.28% , 2)200ms~1000ms:28.58% , 3)50ms~200ms: 41.11% , 4)20ms~50ms: 17.15% , 5)<20ms: 6.88% 
Worst 25% Users: 7, Max Delay(ms): 480.0, Avg Delay(ms): 44.716666666666654, Avg Profit(USD): 3.0898139581889694
Delay distribution: 1) >1000ms:0.0% , 2)200ms~1000ms:2.41% , 3)50ms~200ms: 28.83% , 4)20ms~50ms: 40.74% , 5)<20ms: 28.02% 
Worst 50% Users: 13, Max Delay(ms): 160.0, Avg Delay(ms): 19.114743589743586, Avg Profit(USD): 6.226169367923108
Delay distribution: 1) >1000ms:0.0% , 2)200ms~1000ms:0.0% , 3)50ms~200ms: 5.78% , 4)20ms~50ms: 39.95% , 5)<20ms: 54.28% 
Left Users: 25, Max Delay(ms): 80.0, Avg Delay(ms): 11.150599999999999, Avg Profit(USD): 12.671310679814576
Delay distribution: 1) >1000ms:0.0% , 2)200ms~1000ms:0.0% , 3)50ms~200ms: 0.08% , 4)20ms~50ms: 9.37% , 5)<20ms: 90.55% 

Simulator step: 0
Simulator step: 1000
Simulator step: 2000
Simulator step: 3000
Simulator step: 4000
Simulator step: 5000
------------------------
Cycle: 45, start time: 15:45, end time: 15:50
------------------------
Total Users: 50, Max Delay(ms): 2820.0, Avg Delay(ms): 37.80726666666668, Avg Profit(USD): 8.461546328650202
Delay distribution: 1) >1000ms:0.28% , 2)200ms~1000ms:3.16% , 3)50ms~200ms: 9.92% , 4)20ms~50ms: 22.64% , 5)<20ms: 64.0% 
Worst 10% Users: 5, Max Delay(ms): 2820.0, Avg Delay(ms): 211.76366666666667, Avg Profit(USD): 0.7296836288021237
Delay distribution: 1) >1000ms:2.8% , 2)200ms~1000ms:28.88% , 3)50ms~200ms: 43.88% , 4)20ms~50ms: 17.55% , 5)<20ms: 6.89% 
Worst 25% Users: 7, Max Delay(ms): 480.0, Avg Delay(ms): 43.51285714285714, Avg Profit(USD): 3.1158335165282742
Delay distribution: 1) >1000ms:0.0% , 2)200ms~1000ms:1.93% , 3)50ms~200ms: 28.73% , 4)20ms~50ms: 41.07% , 5)<20ms: 28.26% 
Worst 50% Users: 13, Max Delay(ms): 170.0, Avg Delay(ms): 19.069487179487183, Avg Profit(USD): 6.236955338518351
Delay distribution: 1) >1000ms:0.0% , 2)200ms~1000ms:0.0% , 3)50ms~200ms: 5.68% , 4)20ms~50ms: 39.98% , 5)<20ms: 54.34% 
Left Users: 25, Max Delay(ms): 100.0, Avg Delay(ms): 11.162066666666666, Avg Profit(USD): 12.661505770882519
Delay distribution: 1) >1000ms:0.0% , 2)200ms~1000ms:0.0% , 3)50ms~200ms: 0.07% , 4)20ms~50ms: 9.47% , 5)<20ms: 90.45% 

Simulator step: 0
Simulator step: 1000
Simulator step: 2000
Simulator step: 3000
Simulator step: 4000
Simulator step: 5000
------------------------
Cycle: 46, start time: 15:50, end time: 15:55
------------------------
Total Users: 50, Max Delay(ms): 2780.0, Avg Delay(ms): 40.241666666666696, Avg Profit(USD): 8.460150463575753
Delay distribution: 1) >1000ms:0.42% , 2)200ms~1000ms:3.2% , 3)50ms~200ms: 9.73% , 4)20ms~50ms: 22.65% , 5)<20ms: 64.0% 
Worst 10% Users: 5, Max Delay(ms): 2780.0, Avg Delay(ms): 236.86666666666667, Avg Profit(USD): 0.7369614621581758
Delay distribution: 1) >1000ms:4.21% , 2)200ms~1000ms:29.58% , 3)50ms~200ms: 41.97% , 4)20ms~50ms: 17.27% , 5)<20ms: 6.96% 
Worst 25% Users: 7, Max Delay(ms): 520.0, Avg Delay(ms): 42.92, Avg Profit(USD): 3.1189551199459276
Delay distribution: 1) >1000ms:0.0% , 2)200ms~1000ms:1.74% , 3)50ms~200ms: 28.73% , 4)20ms~50ms: 41.26% , 5)<20ms: 28.27% 
Worst 50% Users: 13, Max Delay(ms): 220.0, Avg Delay(ms): 19.08397435897436, Avg Profit(USD): 6.235673481327959
Delay distribution: 1) >1000ms:0.0% , 2)200ms~1000ms:0.0% , 3)50ms~200ms: 5.67% , 4)20ms~50ms: 39.98% , 5)<20ms: 54.34% 
Left Users: 25, Max Delay(ms): 70.0, Avg Delay(ms): 11.168733333333336, Avg Profit(USD): 12.657050990844471
Delay distribution: 1) >1000ms:0.0% , 2)200ms~1000ms:0.0% , 3)50ms~200ms: 0.07% , 4)20ms~50ms: 9.5% , 5)<20ms: 90.43% 

Simulator step: 0
Simulator step: 1000
Simulator step: 2000
Simulator step: 3000
Simulator step: 4000
Simulator step: 5000
------------------------
Cycle: 47, start time: 15:55, end time: 16:00
------------------------
Total Users: 50, Max Delay(ms): 2820.0, Avg Delay(ms): 38.30046666666667, Avg Profit(USD): 8.456968489345492
Delay distribution: 1) >1000ms:0.27% , 2)200ms~1000ms:3.35% , 3)50ms~200ms: 9.9% , 4)20ms~50ms: 22.48% , 5)<20ms: 64.0% 
Worst 10% Users: 5, Max Delay(ms): 2820.0, Avg Delay(ms): 214.86766666666668, Avg Profit(USD): 0.7262553653358739
Delay distribution: 1) >1000ms:2.67% , 2)200ms~1000ms:30.27% , 3)50ms~200ms: 43.09% , 4)20ms~50ms: 17.11% , 5)<20ms: 6.86% 
Worst 25% Users: 7, Max Delay(ms): 480.0, Avg Delay(ms): 44.821904761904754, Avg Profit(USD): 3.1044998869292217
Delay distribution: 1) >1000ms:0.0% , 2)200ms~1000ms:2.31% , 3)50ms~200ms: 29.11% , 4)20ms~50ms: 40.43% , 5)<20ms: 28.15% 
Worst 50% Users: 13, Max Delay(ms): 170.0, Avg Delay(ms): 19.075128205128205, Avg Profit(USD): 6.243751094296285
Delay distribution: 1) >1000ms:0.0% , 2)200ms~1000ms:0.0% , 3)50ms~200ms: 5.67% , 4)20ms~50ms: 39.88% , 5)<20ms: 54.45% 
Left Users: 25, Max Delay(ms): 80.0, Avg Delay(ms): 11.158199999999997, Avg Profit(USD): 12.652675368249561
Delay distribution: 1) >1000ms:0.0% , 2)200ms~1000ms:0.0% , 3)50ms~200ms: 0.08% , 4)20ms~50ms: 9.49% , 5)<20ms: 90.43% 

Simulator step: 0
Simulator step: 1000
Simulator step: 2000
Simulator step: 3000
Simulator step: 4000
Simulator step: 5000
------------------------
Cycle: 48, start time: 16:00, end time: 16:05
------------------------
Total Users: 50, Max Delay(ms): 2820.0, Avg Delay(ms): 40.258333333333326, Avg Profit(USD): 8.462362680564874
Delay distribution: 1) >1000ms:0.39% , 2)200ms~1000ms:3.34% , 3)50ms~200ms: 9.73% , 4)20ms~50ms: 22.54% , 5)<20ms: 64.0% 
Worst 10% Users: 5, Max Delay(ms): 2820.0, Avg Delay(ms): 235.86666666666667, Avg Profit(USD): 0.7041367974784455
Delay distribution: 1) >1000ms:3.91% , 2)200ms~1000ms:30.5% , 3)50ms~200ms: 42.02% , 4)20ms~50ms: 16.92% , 5)<20ms: 6.64% 
Worst 25% Users: 7, Max Delay(ms): 460.0, Avg Delay(ms): 43.861666666666665, Avg Profit(USD): 3.1354855169264217
Delay distribution: 1) >1000ms:0.0% , 2)200ms~1000ms:2.03% , 3)50ms~200ms: 28.8% , 4)20ms~50ms: 40.76% , 5)<20ms: 28.41% 
Worst 50% Users: 13, Max Delay(ms): 190.0, Avg Delay(ms): 19.015641025641024, Avg Profit(USD): 6.258343760062697
Delay distribution: 1) >1000ms:0.0% , 2)200ms~1000ms:0.0% , 3)50ms~200ms: 5.59% , 4)20ms~50ms: 39.9% , 5)<20ms: 54.51% 
Left Users: 25, Max Delay(ms): 70.0, Avg Delay(ms): 11.173933333333332, Avg Profit(USD): 12.651623301662063
Delay distribution: 1) >1000ms:0.0% , 2)200ms~1000ms:0.0% , 3)50ms~200ms: 0.09% , 4)20ms~50ms: 9.54% , 5)<20ms: 90.37% 

Simulator step: 0
Simulator step: 1000
Simulator step: 2000
Simulator step: 3000
Simulator step: 4000
Simulator step: 5000
------------------------
Cycle: 49, start time: 16:05, end time: 16:10
------------------------
Total Users: 50, Max Delay(ms): 2680.0, Avg Delay(ms): 39.27060000000001, Avg Profit(USD): 8.459040972201844
Delay distribution: 1) >1000ms:0.38% , 2)200ms~1000ms:3.28% , 3)50ms~200ms: 9.72% , 4)20ms~50ms: 22.62% , 5)<20ms: 64.0% 
Worst 10% Users: 5, Max Delay(ms): 2680.0, Avg Delay(ms): 225.84366666666668, Avg Profit(USD): 0.7179497086708562
Delay distribution: 1) >1000ms:3.78% , 2)200ms~1000ms:29.8% , 3)50ms~200ms: 42.53% , 4)20ms~50ms: 17.11% , 5)<20ms: 6.78% 
Worst 25% Users: 7, Max Delay(ms): 540.0, Avg Delay(ms): 43.839999999999996, Avg Profit(USD): 3.132949003824208
Delay distribution: 1) >1000ms:0.0% , 2)200ms~1000ms:2.15% , 3)50ms~200ms: 28.18% , 4)20ms~50ms: 41.27% , 5)<20ms: 28.4% 
Worst 50% Users: 13, Max Delay(ms): 190.0, Avg Delay(ms): 19.124102564102557, Avg Profit(USD): 6.220777494195817
Delay distribution: 1) >1000ms:0.0% , 2)200ms~1000ms:0.0% , 3)50ms~200ms: 5.73% , 4)20ms~50ms: 40.07% , 5)<20ms: 54.21% 
Left Users: 25, Max Delay(ms): 90.0, Avg Delay(ms): 11.152733333333334, Avg Profit(USD): 12.66246198461691
Delay distribution: 1) >1000ms:0.0% , 2)200ms~1000ms:0.0% , 3)50ms~200ms: 0.07% , 4)20ms~50ms: 9.42% , 5)<20ms: 90.5% 

