Simulator step: 0
Simulator step: 1000
Simulator step: 2000
Simulator step: 3000
Simulator step: 4000
Simulator step: 5000
------------------------
Cycle: 0, start time: 12:00, end time: 12:05
------------------------
Total Users: 50, Max Delay(ms): 260.0, Avg Delay(ms): 26.39299999999999, Avg Profit(USD): 8.457662854945202
Delay distribution: 1) >1000ms:0.0% , 2)200ms~1000ms:1.54% , 3)50ms~200ms: 11.36% , 4)20ms~50ms: 23.09% , 5)<20ms: 64.01% 
Worst 10% Users: 5, Max Delay(ms): 260.0, Avg Delay(ms): 99.35566666666666, Avg Profit(USD): 0.8007843027249426
Delay distribution: 1) >1000ms:0.0% , 2)200ms~1000ms:13.35% , 3)50ms~200ms: 57.59% , 4)20ms~50ms: 20.97% , 5)<20ms: 8.09% 
Worst 25% Users: 7, Max Delay(ms): 260.0, Avg Delay(ms): 42.331428571428575, Avg Profit(USD): 3.110828344740088
Delay distribution: 1) >1000ms:0.0% , 2)200ms~1000ms:1.45% , 3)50ms~200ms: 29.18% , 4)20ms~50ms: 41.15% , 5)<20ms: 28.22% 
Worst 50% Users: 13, Max Delay(ms): 100.0, Avg Delay(ms): 19.023974358974357, Avg Profit(USD): 6.210460111689835
Delay distribution: 1) >1000ms:0.0% , 2)200ms~1000ms:0.0% , 3)50ms~200ms: 5.67% , 4)20ms~50ms: 40.23% , 5)<20ms: 54.1% 
Left Users: 25, Max Delay(ms): 80.0, Avg Delay(ms): 11.169600000000004, Avg Profit(USD): 12.654697654739472
Delay distribution: 1) >1000ms:0.0% , 2)200ms~1000ms:0.0% , 3)50ms~200ms: 0.08% , 4)20ms~50ms: 9.55% , 5)<20ms: 90.37% 

Simulator step: 0
Simulator step: 1000
Simulator step: 2000
Simulator step: 3000
Simulator step: 4000
Simulator step: 5000
------------------------
Cycle: 1, start time: 12:05, end time: 12:10
------------------------
Total Users: 50, Max Delay(ms): 260.0, Avg Delay(ms): 26.436, Avg Profit(USD): 8.456231862247709
Delay distribution: 1) >1000ms:0.0% , 2)200ms~1000ms:1.55% , 3)50ms~200ms: 11.39% , 4)20ms~50ms: 23.06% , 5)<20ms: 64.0% 
Worst 10% Users: 5, Max Delay(ms): 260.0, Avg Delay(ms): 99.33566666666667, Avg Profit(USD): 0.815166349351092
Delay distribution: 1) >1000ms:0.0% , 2)200ms~1000ms:13.5% , 3)50ms~200ms: 57.28% , 4)20ms~50ms: 21.04% , 5)<20ms: 8.19% 
Worst 25% Users: 7, Max Delay(ms): 260.0, Avg Delay(ms): 42.58, Avg Profit(USD): 3.1003554411743557
Delay distribution: 1) >1000ms:0.0% , 2)200ms~1000ms:1.41% , 3)50ms~200ms: 29.68% , 4)20ms~50ms: 40.84% , 5)<20ms: 28.07% 
Worst 50% Users: 13, Max Delay(ms): 100.0, Avg Delay(ms): 19.04320512820513, Avg Profit(USD): 6.219506819274656
Delay distribution: 1) >1000ms:0.0% , 2)200ms~1000ms:0.0% , 3)50ms~200ms: 5.67% , 4)20ms~50ms: 40.15% , 5)<20ms: 54.18% 
Left Users: 25, Max Delay(ms): 70.0, Avg Delay(ms): 11.18, Avg Profit(USD): 12.647187385073558
Delay distribution: 1) >1000ms:0.0% , 2)200ms~1000ms:0.0% , 3)50ms~200ms: 0.07% , 4)20ms~50ms: 9.6% , 5)<20ms: 90.33% 

Simulator step: 0
Simulator step: 1000
Simulator step: 2000
Simulator step: 3000
Simulator step: 4000
Simulator step: 5000
------------------------
Cycle: 2, start time: 12:10, end time: 12:15
------------------------
Total Users: 50, Max Delay(ms): 260.0, Avg Delay(ms): 26.298500000000008, Avg Profit(USD): 8.457454738304737
Delay distribution: 1) >1000ms:0.0% , 2)200ms~1000ms:1.53% , 3)50ms~200ms: 11.22% , 4)20ms~50ms: 23.25% , 5)<20ms: 64.0% 
Worst 10% Users: 5, Max Delay(ms): 260.0, Avg Delay(ms): 99.75033333333332, Avg Profit(USD): 0.8215651739070401
Delay distribution: 1) >1000ms:0.0% , 2)200ms~1000ms:13.64% , 3)50ms~200ms: 57.16% , 4)20ms~50ms: 20.96% , 5)<20ms: 8.25% 
Worst 25% Users: 7, Max Delay(ms): 260.0, Avg Delay(ms): 41.479285714285716, Avg Profit(USD): 3.1010190774678295
Delay distribution: 1) >1000ms:0.0% , 2)200ms~1000ms:1.21% , 3)50ms~200ms: 28.89% , 4)20ms~50ms: 41.8% , 5)<20ms: 28.1% 
Worst 50% Users: 13, Max Delay(ms): 100.0, Avg Delay(ms): 18.95448717948718, Avg Profit(USD): 6.21456994113192
Delay distribution: 1) >1000ms:0.0% , 2)200ms~1000ms:0.0% , 3)50ms~200ms: 5.47% , 4)20ms~50ms: 40.41% , 5)<20ms: 54.12% 
Left Users: 25, Max Delay(ms): 80.0, Avg Delay(ms): 11.1764, Avg Profit(USD): 12.650734730748473
Delay distribution: 1) >1000ms:0.0% , 2)200ms~1000ms:0.0% , 3)50ms~200ms: 0.07% , 4)20ms~50ms: 9.59% , 5)<20ms: 90.34% 

Simulator step: 0
Simulator step: 1000
Simulator step: 2000
Simulator step: 3000
Simulator step: 4000
Simulator step: 5000
------------------------
Cycle: 3, start time: 12:15, end time: 12:20
------------------------
Total Users: 50, Max Delay(ms): 260.0, Avg Delay(ms): 26.358866666666678, Avg Profit(USD): 8.459178326849578
Delay distribution: 1) >1000ms:0.0% , 2)200ms~1000ms:1.54% , 3)50ms~200ms: 11.33% , 4)20ms~50ms: 23.13% , 5)<20ms: 64.0% 
Worst 10% Users: 5, Max Delay(ms): 260.0, Avg Delay(ms): 99.53133333333334, Avg Profit(USD): 0.8121228711317982
Delay distribution: 1) >1000ms:0.0% , 2)200ms~1000ms:13.39% , 3)50ms~200ms: 57.51% , 4)20ms~50ms: 20.95% , 5)<20ms: 8.15% 
Worst 25% Users: 7, Max Delay(ms): 260.0, Avg Delay(ms): 41.80833333333333, Avg Profit(USD): 3.117236529987985
Delay distribution: 1) >1000ms:0.0% , 2)200ms~1000ms:1.46% , 3)50ms~200ms: 28.86% , 4)20ms~50ms: 41.45% , 5)<20ms: 28.23% 
Worst 50% Users: 13, Max Delay(ms): 100.0, Avg Delay(ms): 19.087179487179487, Avg Profit(USD): 6.203556923462111
Delay distribution: 1) >1000ms:0.0% , 2)200ms~1000ms:0.0% , 3)50ms~200ms: 5.74% , 4)20ms~50ms: 40.25% , 5)<20ms: 54.01% 
Left Users: 25, Max Delay(ms): 90.0, Avg Delay(ms): 11.1798, Avg Profit(USD): 12.657256250875871
Delay distribution: 1) >1000ms:0.0% , 2)200ms~1000ms:0.0% , 3)50ms~200ms: 0.08% , 4)20ms~50ms: 9.54% , 5)<20ms: 90.38% 

Simulator step: 0
Simulator step: 1000
Simulator step: 2000
Simulator step: 3000
Simulator step: 4000
Simulator step: 5000
------------------------
Cycle: 4, start time: 12:20, end time: 12:25
------------------------
Total Users: 50, Max Delay(ms): 260.0, Avg Delay(ms): 26.370899999999992, Avg Profit(USD): 8.453603229641704
Delay distribution: 1) >1000ms:0.0% , 2)200ms~1000ms:1.53% , 3)50ms~200ms: 11.35% , 4)20ms~50ms: 23.13% , 5)<20ms: 64.0% 
Worst 10% Users: 5, Max Delay(ms): 260.0, Avg Delay(ms): 99.006, Avg Profit(USD): 0.8225442864236855
Delay distribution: 1) >1000ms:0.0% , 2)200ms~1000ms:13.21% , 3)50ms~200ms: 57.44% , 4)20ms~50ms: 21.12% , 5)<20ms: 8.23% 
Worst 25% Users: 7, Max Delay(ms): 260.0, Avg Delay(ms): 42.537142857142854, Avg Profit(USD): 3.0899489944648013
Delay distribution: 1) >1000ms:0.0% , 2)200ms~1000ms:1.48% , 3)50ms~200ms: 29.55% , 4)20ms~50ms: 40.98% , 5)<20ms: 28.0% 
Worst 50% Users: 13, Max Delay(ms): 100.0, Avg Delay(ms): 18.946153846153848, Avg Profit(USD): 6.225548947206311
Delay distribution: 1) >1000ms:0.0% , 2)200ms~1000ms:0.0% , 3)50ms~200ms: 5.51% , 4)20ms~50ms: 40.24% , 5)<20ms: 54.25% 
Left Users: 25, Max Delay(ms): 90.0, Avg Delay(ms): 11.1782, Avg Profit(USD): 12.640226431001237
Delay distribution: 1) >1000ms:0.0% , 2)200ms~1000ms:0.0% , 3)50ms~200ms: 0.07% , 4)20ms~50ms: 9.63% , 5)<20ms: 90.31% 

Simulator step: 0
Simulator step: 1000
Simulator step: 2000
Simulator step: 3000
Simulator step: 4000
Simulator step: 5000
------------------------
Cycle: 5, start time: 12:25, end time: 12:30
------------------------
Total Users: 50, Max Delay(ms): 260.0, Avg Delay(ms): 26.398466666666668, Avg Profit(USD): 8.450543188810007
Delay distribution: 1) >1000ms:0.0% , 2)200ms~1000ms:1.53% , 3)50ms~200ms: 11.38% , 4)20ms~50ms: 23.09% , 5)<20ms: 64.0% 
Worst 10% Users: 5, Max Delay(ms): 260.0, Avg Delay(ms): 98.59333333333333, Avg Profit(USD): 0.8164756927214212
Delay distribution: 1) >1000ms:0.0% , 2)200ms~1000ms:13.11% , 3)50ms~200ms: 57.47% , 4)20ms~50ms: 21.22% , 5)<20ms: 8.19% 
Worst 25% Users: 7, Max Delay(ms): 260.0, Avg Delay(ms): 42.97357142857143, Avg Profit(USD): 3.0951329383181236
Delay distribution: 1) >1000ms:0.0% , 2)200ms~1000ms:1.55% , 3)50ms~200ms: 29.63% , 4)20ms~50ms: 40.77% , 5)<20ms: 28.05% 
Worst 50% Users: 13, Max Delay(ms): 100.0, Avg Delay(ms): 18.968205128205128, Avg Profit(USD): 6.217463576296916
Delay distribution: 1) >1000ms:0.0% , 2)200ms~1000ms:0.0% , 3)50ms~200ms: 5.56% , 4)20ms~50ms: 40.24% , 5)<20ms: 54.21% 
Left Users: 25, Max Delay(ms): 70.0, Avg Delay(ms): 11.1822, Avg Profit(USD): 12.638072956672257
Delay distribution: 1) >1000ms:0.0% , 2)200ms~1000ms:0.0% , 3)50ms~200ms: 0.08% , 4)20ms~50ms: 9.6% , 5)<20ms: 90.32% 

Simulator step: 0
Simulator step: 1000
Simulator step: 2000
Simulator step: 3000
Simulator step: 4000
Simulator step: 5000
------------------------
Cycle: 6, start time: 12:30, end time: 12:35
------------------------
Total Users: 50, Max Delay(ms): 260.0, Avg Delay(ms): 26.335433333333334, Avg Profit(USD): 8.457997609144888
Delay distribution: 1) >1000ms:0.0% , 2)200ms~1000ms:1.53% , 3)50ms~200ms: 11.37% , 4)20ms~50ms: 23.1% , 5)<20ms: 64.0% 
Worst 10% Users: 5, Max Delay(ms): 260.0, Avg Delay(ms): 99.66266666666668, Avg Profit(USD): 0.8019767877554586
Delay distribution: 1) >1000ms:0.0% , 2)200ms~1000ms:13.59% , 3)50ms~200ms: 57.38% , 4)20ms~50ms: 20.96% , 5)<20ms: 8.07% 
Worst 25% Users: 7, Max Delay(ms): 260.0, Avg Delay(ms): 41.60333333333333, Avg Profit(USD): 3.1148775573375436
Delay distribution: 1) >1000ms:0.0% , 2)200ms~1000ms:1.21% , 3)50ms~200ms: 29.4% , 4)20ms~50ms: 41.18% , 5)<20ms: 28.2% 
Worst 50% Users: 13, Max Delay(ms): 100.0, Avg Delay(ms): 19.09371794871795, Avg Profit(USD): 6.189398973903896
Delay distribution: 1) >1000ms:0.0% , 2)200ms~1000ms:0.0% , 3)50ms~200ms: 5.7% , 4)20ms~50ms: 40.35% , 5)<20ms: 53.95% 
Left Users: 25, Max Delay(ms): 70.0, Avg Delay(ms): 11.160666666666668, Avg Profit(USD): 12.664946678254148
Delay distribution: 1) >1000ms:0.0% , 2)200ms~1000ms:0.0% , 3)50ms~200ms: 0.06% , 4)20ms~50ms: 9.5% , 5)<20ms: 90.44% 

Simulator step: 0
Simulator step: 1000
Simulator step: 2000
Simulator step: 3000
Simulator step: 4000
Simulator step: 5000
------------------------
Cycle: 7, start time: 12:35, end time: 12:40
------------------------
Total Users: 50, Max Delay(ms): 260.0, Avg Delay(ms): 26.2853, Avg Profit(USD): 8.450606459730661
Delay distribution: 1) >1000ms:0.0% , 2)200ms~1000ms:1.5% , 3)50ms~200ms: 11.34% , 4)20ms~50ms: 23.16% , 5)<20ms: 64.0% 
Worst 10% Users: 5, Max Delay(ms): 260.0, Avg Delay(ms): 99.541, Avg Profit(USD): 0.806946019458162
Delay distribution: 1) >1000ms:0.0% , 2)200ms~1000ms:13.4% , 3)50ms~200ms: 57.57% , 4)20ms~50ms: 20.91% , 5)<20ms: 8.12% 
Worst 25% Users: 7, Max Delay(ms): 260.0, Avg Delay(ms): 41.4302380952381, Avg Profit(USD): 3.1320515057243967
Delay distribution: 1) >1000ms:0.0% , 2)200ms~1000ms:1.13% , 3)50ms~200ms: 29.22% , 4)20ms~50ms: 41.31% , 5)<20ms: 28.34% 
Worst 50% Users: 13, Max Delay(ms): 100.0, Avg Delay(ms): 18.981025641025646, Avg Profit(USD): 6.202292934302871
Delay distribution: 1) >1000ms:0.0% , 2)200ms~1000ms:0.0% , 3)50ms~200ms: 5.54% , 4)20ms~50ms: 40.39% , 5)<20ms: 54.06% 
Left Users: 25, Max Delay(ms): 90.0, Avg Delay(ms): 11.1918, Avg Profit(USD): 12.637656968129367
Delay distribution: 1) >1000ms:0.0% , 2)200ms~1000ms:0.0% , 3)50ms~200ms: 0.1% , 4)20ms~50ms: 9.58% , 5)<20ms: 90.33% 

Simulator step: 0
Simulator step: 1000
Simulator step: 2000
Simulator step: 3000
Simulator step: 4000
Simulator step: 5000
------------------------
Cycle: 8, start time: 12:40, end time: 12:45
------------------------
Total Users: 50, Max Delay(ms): 260.0, Avg Delay(ms): 26.41396666666668, Avg Profit(USD): 8.456187047159364
Delay distribution: 1) >1000ms:0.0% , 2)200ms~1000ms:1.55% , 3)50ms~200ms: 11.31% , 4)20ms~50ms: 23.14% , 5)<20ms: 64.0% 
Worst 10% Users: 5, Max Delay(ms): 260.0, Avg Delay(ms): 99.22566666666667, Avg Profit(USD): 0.82177842574505
Delay distribution: 1) >1000ms:0.0% , 2)200ms~1000ms:13.48% , 3)50ms~200ms: 57.15% , 4)20ms~50ms: 21.12% , 5)<20ms: 8.26% 
Worst 25% Users: 7, Max Delay(ms): 260.0, Avg Delay(ms): 42.725476190476186, Avg Profit(USD): 3.0919262847791877
Delay distribution: 1) >1000ms:0.0% , 2)200ms~1000ms:1.45% , 3)50ms~200ms: 29.55% , 4)20ms~50ms: 40.98% , 5)<20ms: 28.01% 
Worst 50% Users: 13, Max Delay(ms): 100.0, Avg Delay(ms): 18.93166666666667, Avg Profit(USD): 6.215973326935964
Delay distribution: 1) >1000ms:0.0% , 2)200ms~1000ms:0.0% , 3)50ms~200ms: 5.48% , 4)20ms~50ms: 40.35% , 5)<20ms: 54.17% 
Left Users: 25, Max Delay(ms): 80.0, Avg Delay(ms): 11.175199999999998, Avg Profit(USD): 12.64997291942484
Delay distribution: 1) >1000ms:0.0% , 2)200ms~1000ms:0.0% , 3)50ms~200ms: 0.07% , 4)20ms~50ms: 9.59% , 5)<20ms: 90.34% 

Simulator step: 0
Simulator step: 1000
Simulator step: 2000
Simulator step: 3000
Simulator step: 4000
Simulator step: 5000
------------------------
Cycle: 9, start time: 12:45, end time: 12:50
------------------------
Total Users: 50, Max Delay(ms): 260.0, Avg Delay(ms): 26.325900000000008, Avg Profit(USD): 8.456703925084831
Delay distribution: 1) >1000ms:0.0% , 2)200ms~1000ms:1.51% , 3)50ms~200ms: 11.4% , 4)20ms~50ms: 23.1% , 5)<20ms: 64.0% 
Worst 10% Users: 5, Max Delay(ms): 260.0, Avg Delay(ms): 98.45066666666666, Avg Profit(USD): 0.8379056076690669
Delay distribution: 1) >1000ms:0.0% , 2)200ms~1000ms:13.14% , 3)50ms~200ms: 57.11% , 4)20ms~50ms: 21.37% , 5)<20ms: 8.38% 
Worst 25% Users: 7, Max Delay(ms): 260.0, Avg Delay(ms): 42.47500000000001, Avg Profit(USD): 3.0661375799927666
Delay distribution: 1) >1000ms:0.0% , 2)200ms~1000ms:1.37% , 3)50ms~200ms: 29.78% , 4)20ms~50ms: 41.07% , 5)<20ms: 27.79% 
Worst 50% Users: 13, Max Delay(ms): 100.0, Avg Delay(ms): 19.039358974358976, Avg Profit(USD): 6.208133214366159
Delay distribution: 1) >1000ms:0.0% , 2)200ms~1000ms:0.0% , 3)50ms~200ms: 5.71% , 4)20ms~50ms: 40.2% , 5)<20ms: 54.09% 
Left Users: 25, Max Delay(ms): 80.0, Avg Delay(ms): 11.168200000000002, Avg Profit(USD): 12.65907893476747
Delay distribution: 1) >1000ms:0.0% , 2)200ms~1000ms:0.0% , 3)50ms~200ms: 0.07% , 4)20ms~50ms: 9.51% , 5)<20ms: 90.42% 

Simulator step: 0
Simulator step: 1000
Simulator step: 2000
Simulator step: 3000
Simulator step: 4000
Simulator step: 5000
------------------------
Cycle: 10, start time: 12:50, end time: 12:55
------------------------
Total Users: 50, Max Delay(ms): 260.0, Avg Delay(ms): 26.253, Avg Profit(USD): 8.45343716319945
Delay distribution: 1) >1000ms:0.0% , 2)200ms~1000ms:1.48% , 3)50ms~200ms: 11.37% , 4)20ms~50ms: 23.14% , 5)<20ms: 64.0% 
Worst 10% Users: 5, Max Delay(ms): 260.0, Avg Delay(ms): 97.78333333333333, Avg Profit(USD): 0.8365922684254516
Delay distribution: 1) >1000ms:0.0% , 2)200ms~1000ms:12.94% , 3)50ms~200ms: 57.21% , 4)20ms~50ms: 21.51% , 5)<20ms: 8.35% 
Worst 25% Users: 7, Max Delay(ms): 260.0, Avg Delay(ms): 42.37095238095239, Avg Profit(USD): 3.1088695997631373
Delay distribution: 1) >1000ms:0.0% , 2)200ms~1000ms:1.34% , 3)50ms~200ms: 29.64% , 4)20ms~50ms: 40.86% , 5)<20ms: 28.16% 
Worst 50% Users: 13, Max Delay(ms): 100.0, Avg Delay(ms): 19.060641025641026, Avg Profit(USD): 6.202837152821643
Delay distribution: 1) >1000ms:0.0% , 2)200ms~1000ms:0.0% , 3)50ms~200ms: 5.65% , 4)20ms~50ms: 40.28% , 5)<20ms: 54.07% 
Left Users: 25, Max Delay(ms): 70.0, Avg Delay(ms): 11.173933333333332, Avg Profit(USD): 12.643597065312873
Delay distribution: 1) >1000ms:0.0% , 2)200ms~1000ms:0.0% , 3)50ms~200ms: 0.07% , 4)20ms~50ms: 9.6% , 5)<20ms: 90.33% 

Simulator step: 0
Simulator step: 1000
Simulator step: 2000
Simulator step: 3000
Simulator step: 4000
Simulator step: 5000
------------------------
Cycle: 11, start time: 12:55, end time: 13:00
------------------------
Total Users: 50, Max Delay(ms): 260.0, Avg Delay(ms): 26.304033333333354, Avg Profit(USD): 8.455377539443015
Delay distribution: 1) >1000ms:0.0% , 2)200ms~1000ms:1.5% , 3)50ms~200ms: 11.34% , 4)20ms~50ms: 23.16% , 5)<20ms: 64.0% 
Worst 10% Users: 5, Max Delay(ms): 260.0, Avg Delay(ms): 98.87899999999999, Avg Profit(USD): 0.8242945867374244
Delay distribution: 1) >1000ms:0.0% , 2)200ms~1000ms:13.22% , 3)50ms~200ms: 57.22% , 4)20ms~50ms: 21.27% , 5)<20ms: 8.3% 
Worst 25% Users: 7, Max Delay(ms): 260.0, Avg Delay(ms): 41.87095238095238, Avg Profit(USD): 3.115520981530092
Delay distribution: 1) >1000ms:0.0% , 2)200ms~1000ms:1.3% , 3)50ms~200ms: 29.11% , 4)20ms~50ms: 41.37% , 5)<20ms: 28.22% 
Worst 50% Users: 13, Max Delay(ms): 100.0, Avg Delay(ms): 19.104743589743588, Avg Profit(USD): 6.188631403662587
Delay distribution: 1) >1000ms:0.0% , 2)200ms~1000ms:0.0% , 3)50ms~200ms: 5.77% , 4)20ms~50ms: 40.3% , 5)<20ms: 53.93% 
Left Users: 25, Max Delay(ms): 70.0, Avg Delay(ms): 11.173933333333332, Avg Profit(USD): 12.655461956805578
Delay distribution: 1) >1000ms:0.0% , 2)200ms~1000ms:0.0% , 3)50ms~200ms: 0.08% , 4)20ms~50ms: 9.52% , 5)<20ms: 90.39% 

Simulator step: 0
Simulator step: 1000
Simulator step: 2000
Simulator step: 3000
Simulator step: 4000
Simulator step: 5000
------------------------
Cycle: 12, start time: 13:00, end time: 13:05
------------------------
Total Users: 50, Max Delay(ms): 260.0, Avg Delay(ms): 26.396299999999997, Avg Profit(USD): 8.459537257144333
Delay distribution: 1) >1000ms:0.0% , 2)200ms~1000ms:1.53% , 3)50ms~200ms: 11.36% , 4)20ms~50ms: 23.11% , 5)<20ms: 64.0% 
Worst 10% Users: 5, Max Delay(ms): 260.0, Avg Delay(ms): 98.99100000000001, Avg Profit(USD): 0.8203523567579923
Delay distribution: 1) >1000ms:0.0% , 2)200ms~1000ms:13.3% , 3)50ms~200ms: 57.37% , 4)20ms~50ms: 21.08% , 5)<20ms: 8.24% 
Worst 25% Users: 7, Max Delay(ms): 260.0, Avg Delay(ms): 42.532380952380954, Avg Profit(USD): 3.09673400287233
Delay distribution: 1) >1000ms:0.0% , 2)200ms~1000ms:1.45% , 3)50ms~200ms: 29.41% , 4)20ms~50ms: 41.1% , 5)<20ms: 28.04% 
Worst 50% Users: 13, Max Delay(ms): 100.0, Avg Delay(ms): 19.05474358974359, Avg Profit(USD): 6.190491735589475
Delay distribution: 1) >1000ms:0.0% , 2)200ms~1000ms:0.0% , 3)50ms~200ms: 5.61% , 4)20ms~50ms: 40.45% , 5)<20ms: 53.94% 
Left Users: 25, Max Delay(ms): 80.0, Avg Delay(ms): 11.176866666666667, Avg Profit(USD): 12.668862819626288
Delay distribution: 1) >1000ms:0.0% , 2)200ms~1000ms:0.0% , 3)50ms~200ms: 0.09% , 4)20ms~50ms: 9.46% , 5)<20ms: 90.45% 

Simulator step: 0
Simulator step: 1000
Simulator step: 2000
Simulator step: 3000
Simulator step: 4000
Simulator step: 5000
------------------------
Cycle: 13, start time: 13:05, end time: 13:10
------------------------
Total Users: 50, Max Delay(ms): 260.0, Avg Delay(ms): 26.2227, Avg Profit(USD): 8.457682349338429
Delay distribution: 1) >1000ms:0.0% , 2)200ms~1000ms:1.47% , 3)50ms~200ms: 11.31% , 4)20ms~50ms: 23.23% , 5)<20ms: 64.0% 
Worst 10% Users: 5, Max Delay(ms): 260.0, Avg Delay(ms): 97.74333333333333, Avg Profit(USD): 0.8318312818230535
Delay distribution: 1) >1000ms:0.0% , 2)200ms~1000ms:12.7% , 3)50ms~200ms: 57.67% , 4)20ms~50ms: 21.32% , 5)<20ms: 8.31% 
Worst 25% Users: 7, Max Delay(ms): 260.0, Avg Delay(ms): 42.35, Avg Profit(USD): 3.098907520186682
Delay distribution: 1) >1000ms:0.0% , 2)200ms~1000ms:1.42% , 3)50ms~200ms: 29.14% , 4)20ms~50ms: 41.38% , 5)<20ms: 28.06% 
Worst 50% Users: 13, Max Delay(ms): 100.0, Avg Delay(ms): 18.964487179487183, Avg Profit(USD): 6.208187352624144
Delay distribution: 1) >1000ms:0.0% , 2)200ms~1000ms:0.0% , 3)50ms~200ms: 5.47% , 4)20ms~50ms: 40.46% , 5)<20ms: 54.07% 
Left Users: 25, Max Delay(ms): 70.0, Avg Delay(ms): 11.177200000000001, Avg Profit(USD): 12.653046913295427
Delay distribution: 1) >1000ms:0.0% , 2)200ms~1000ms:0.0% , 3)50ms~200ms: 0.07% , 4)20ms~50ms: 9.56% , 5)<20ms: 90.36% 

Simulator step: 0
Simulator step: 1000
Simulator step: 2000
Simulator step: 3000
Simulator step: 4000
Simulator step: 5000
------------------------
Cycle: 14, start time: 13:10, end time: 13:15
------------------------
Total Users: 50, Max Delay(ms): 260.0, Avg Delay(ms): 26.386000000000006, Avg Profit(USD): 8.455454957098501
Delay distribution: 1) >1000ms:0.0% , 2)200ms~1000ms:1.54% , 3)50ms~200ms: 11.36% , 4)20ms~50ms: 23.11% , 5)<20ms: 64.0% 
Worst 10% Users: 5, Max Delay(ms): 260.0, Avg Delay(ms): 98.93166666666667, Avg Profit(USD): 0.8193582188573879
Delay distribution: 1) >1000ms:0.0% , 2)200ms~1000ms:13.35% , 3)50ms~200ms: 57.34% , 4)20ms~50ms: 21.07% , 5)<20ms: 8.24% 
Worst 25% Users: 7, Max Delay(ms): 260.0, Avg Delay(ms): 42.537142857142854, Avg Profit(USD): 3.111779960324981
Delay distribution: 1) >1000ms:0.0% , 2)200ms~1000ms:1.45% , 3)50ms~200ms: 29.45% , 4)20ms~50ms: 40.9% , 5)<20ms: 28.2% 
Worst 50% Users: 13, Max Delay(ms): 100.0, Avg Delay(ms): 19.055384615384614, Avg Profit(USD): 6.195963906559179
Delay distribution: 1) >1000ms:0.0% , 2)200ms~1000ms:0.0% , 3)50ms~200ms: 5.65% , 4)20ms~50ms: 40.37% , 5)<20ms: 53.98% 
Left Users: 25, Max Delay(ms): 80.0, Avg Delay(ms): 11.16646666666667, Avg Profit(USD): 12.653838650123758
Delay distribution: 1) >1000ms:0.0% , 2)200ms~1000ms:0.0% , 3)50ms~200ms: 0.06% , 4)20ms~50ms: 9.55% , 5)<20ms: 90.39% 

Simulator step: 0
Simulator step: 1000
Simulator step: 2000
Simulator step: 3000
Simulator step: 4000
Simulator step: 5000
------------------------
Cycle: 15, start time: 13:15, end time: 13:20
------------------------
Total Users: 50, Max Delay(ms): 260.0, Avg Delay(ms): 26.53343333333334, Avg Profit(USD): 8.454579337776044
Delay distribution: 1) >1000ms:0.0% , 2)200ms~1000ms:1.56% , 3)50ms~200ms: 11.44% , 4)20ms~50ms: 22.99% , 5)<20ms: 64.0% 
Worst 10% Users: 5, Max Delay(ms): 260.0, Avg Delay(ms): 99.69166666666668, Avg Profit(USD): 0.8161632628041411
Delay distribution: 1) >1000ms:0.0% , 2)200ms~1000ms:13.36% , 3)50ms~200ms: 57.7% , 4)20ms~50ms: 20.77% , 5)<20ms: 8.17% 
Worst 25% Users: 7, Max Delay(ms): 260.0, Avg Delay(ms): 42.8547619047619, Avg Profit(USD): 3.113119118780717
Delay distribution: 1) >1000ms:0.0% , 2)200ms~1000ms:1.63% , 3)50ms~200ms: 29.39% , 4)20ms~50ms: 40.78% , 5)<20ms: 28.2% 
Worst 50% Users: 13, Max Delay(ms): 100.0, Avg Delay(ms): 19.14487179487179, Avg Profit(USD): 6.1923061708333265
Delay distribution: 1) >1000ms:0.0% , 2)200ms~1000ms:0.0% , 3)50ms~200ms: 5.82% , 4)20ms~50ms: 40.21% , 5)<20ms: 53.97% 
Left Users: 25, Max Delay(ms): 90.0, Avg Delay(ms): 11.173866666666667, Avg Profit(USD): 12.654253460899335
Delay distribution: 1) >1000ms:0.0% , 2)200ms~1000ms:0.0% , 3)50ms~200ms: 0.08% , 4)20ms~50ms: 9.51% , 5)<20ms: 90.41% 

Simulator step: 0
Simulator step: 1000
Simulator step: 2000
Simulator step: 3000
Simulator step: 4000
Simulator step: 5000
------------------------
Cycle: 16, start time: 13:20, end time: 13:25
------------------------
Total Users: 50, Max Delay(ms): 260.0, Avg Delay(ms): 26.463300000000018, Avg Profit(USD): 8.45441240086432
Delay distribution: 1) >1000ms:0.0% , 2)200ms~1000ms:1.57% , 3)50ms~200ms: 11.35% , 4)20ms~50ms: 23.08% , 5)<20ms: 64.0% 
Worst 10% Users: 5, Max Delay(ms): 260.0, Avg Delay(ms): 99.578, Avg Profit(USD): 0.8116758790558009
Delay distribution: 1) >1000ms:0.0% , 2)200ms~1000ms:13.45% , 3)50ms~200ms: 57.55% , 4)20ms~50ms: 20.83% , 5)<20ms: 8.16% 
Worst 25% Users: 7, Max Delay(ms): 260.0, Avg Delay(ms): 42.6052380952381, Avg Profit(USD): 3.1340104213718427
Delay distribution: 1) >1000ms:0.0% , 2)200ms~1000ms:1.6% , 3)50ms~200ms: 29.19% , 4)20ms~50ms: 40.82% , 5)<20ms: 28.39% 
Worst 50% Users: 13, Max Delay(ms): 100.0, Avg Delay(ms): 19.008333333333333, Avg Profit(USD): 6.207428200315155
Delay distribution: 1) >1000ms:0.0% , 2)200ms~1000ms:0.0% , 3)50ms~200ms: 5.62% , 4)20ms~50ms: 40.29% , 5)<20ms: 54.09% 
Left Users: 25, Max Delay(ms): 100.0, Avg Delay(ms): 11.1972, Avg Profit(USD): 12.64110404376949
Delay distribution: 1) >1000ms:0.0% , 2)200ms~1000ms:0.0% , 3)50ms~200ms: 0.1% , 4)20ms~50ms: 9.61% , 5)<20ms: 90.29% 

Simulator step: 0
Simulator step: 1000
Simulator step: 2000
Simulator step: 3000
Simulator step: 4000
Simulator step: 5000
------------------------
Cycle: 17, start time: 13:25, end time: 13:30
------------------------
Total Users: 50, Max Delay(ms): 260.0, Avg Delay(ms): 26.321733333333334, Avg Profit(USD): 8.453792489568642
Delay distribution: 1) >1000ms:0.0% , 2)200ms~1000ms:1.53% , 3)50ms~200ms: 11.28% , 4)20ms~50ms: 23.19% , 5)<20ms: 64.0% 
Worst 10% Users: 5, Max Delay(ms): 260.0, Avg Delay(ms): 99.07533333333333, Avg Profit(USD): 0.8146973543815206
Delay distribution: 1) >1000ms:0.0% , 2)200ms~1000ms:13.31% , 3)50ms~200ms: 57.55% , 4)20ms~50ms: 20.94% , 5)<20ms: 8.19% 
Worst 25% Users: 7, Max Delay(ms): 260.0, Avg Delay(ms): 42.03952380952381, Avg Profit(USD): 3.1364562205608597
Delay distribution: 1) >1000ms:0.0% , 2)200ms~1000ms:1.42% , 3)50ms~200ms: 28.9% , 4)20ms~50ms: 41.28% , 5)<20ms: 28.4% 
Worst 50% Users: 13, Max Delay(ms): 100.0, Avg Delay(ms): 18.978974358974362, Avg Profit(USD): 6.19069753135992
Delay distribution: 1) >1000ms:0.0% , 2)200ms~1000ms:0.0% , 3)50ms~200ms: 5.51% , 4)20ms~50ms: 40.49% , 5)<20ms: 54.0% 
Left Users: 25, Max Delay(ms): 100.0, Avg Delay(ms): 11.188266666666667, Avg Profit(USD): 12.647275050196782
Delay distribution: 1) >1000ms:0.0% , 2)200ms~1000ms:0.0% , 3)50ms~200ms: 0.08% , 4)20ms~50ms: 9.59% , 5)<20ms: 90.33% 

Simulator step: 0
Simulator step: 1000
Simulator step: 2000
Simulator step: 3000
Simulator step: 4000
Simulator step: 5000
------------------------
Cycle: 18, start time: 13:30, end time: 13:35
------------------------
Total Users: 50, Max Delay(ms): 260.0, Avg Delay(ms): 26.45046666666667, Avg Profit(USD): 8.455428534418077
Delay distribution: 1) >1000ms:0.0% , 2)200ms~1000ms:1.54% , 3)50ms~200ms: 11.48% , 4)20ms~50ms: 22.98% , 5)<20ms: 64.0% 
Worst 10% Users: 5, Max Delay(ms): 260.0, Avg Delay(ms): 100.00666666666666, Avg Profit(USD): 0.8063136938119858
Delay distribution: 1) >1000ms:0.0% , 2)200ms~1000ms:13.52% , 3)50ms~200ms: 57.79% , 4)20ms~50ms: 20.6% , 5)<20ms: 8.08% 
Worst 25% Users: 7, Max Delay(ms): 260.0, Avg Delay(ms): 42.073095238095235, Avg Profit(USD): 3.0954977716988012
Delay distribution: 1) >1000ms:0.0% , 2)200ms~1000ms:1.36% , 3)50ms~200ms: 29.46% , 4)20ms~50ms: 41.11% , 5)<20ms: 28.07% 
Worst 50% Users: 13, Max Delay(ms): 100.0, Avg Delay(ms): 19.18730769230769, Avg Profit(USD): 6.178067488694878
Delay distribution: 1) >1000ms:0.0% , 2)200ms~1000ms:0.0% , 3)50ms~200ms: 5.94% , 4)20ms~50ms: 40.24% , 5)<20ms: 53.82% 
Left Users: 25, Max Delay(ms): 80.0, Avg Delay(ms): 11.141733333333333, Avg Profit(USD): 12.670259859876753
Delay distribution: 1) >1000ms:0.0% , 2)200ms~1000ms:0.0% , 3)50ms~200ms: 0.06% , 4)20ms~50ms: 9.4% , 5)<20ms: 90.54% 

Simulator step: 0
Simulator step: 1000
Simulator step: 2000
Simulator step: 3000
Simulator step: 4000
Simulator step: 5000
------------------------
Cycle: 19, start time: 13:35, end time: 13:40
------------------------
Total Users: 50, Max Delay(ms): 260.0, Avg Delay(ms): 26.337500000000006, Avg Profit(USD): 8.454490269256972
Delay distribution: 1) >1000ms:0.0% , 2)200ms~1000ms:1.54% , 3)50ms~200ms: 11.29% , 4)20ms~50ms: 23.17% , 5)<20ms: 64.0% 
Worst 10% Users: 5, Max Delay(ms): 260.0, Avg Delay(ms): 99.57, Avg Profit(USD): 0.8127618366102194
Delay distribution: 1) >1000ms:0.0% , 2)200ms~1000ms:13.53% , 3)50ms~200ms: 57.36% , 4)20ms~50ms: 20.93% , 5)<20ms: 8.18% 
Worst 25% Users: 7, Max Delay(ms): 260.0, Avg Delay(ms): 41.632380952380956, Avg Profit(USD): 3.1447205931193065
Delay distribution: 1) >1000ms:0.0% , 2)200ms~1000ms:1.33% , 3)50ms~200ms: 28.75% , 4)20ms~50ms: 41.4% , 5)<20ms: 28.52% 
Worst 50% Users: 13, Max Delay(ms): 100.0, Avg Delay(ms): 19.053589743589743, Avg Profit(USD): 6.202539197339802
Delay distribution: 1) >1000ms:0.0% , 2)200ms~1000ms:0.0% , 3)50ms~200ms: 5.7% , 4)20ms~50ms: 40.25% , 5)<20ms: 54.05% 
Left Users: 25, Max Delay(ms): 90.0, Avg Delay(ms): 11.196066666666663, Avg Profit(USD): 12.640586022501802
Delay distribution: 1) >1000ms:0.0% , 2)200ms~1000ms:0.0% , 3)50ms~200ms: 0.09% , 4)20ms~50ms: 9.64% , 5)<20ms: 90.27% 

Simulator step: 0
Simulator step: 1000
Simulator step: 2000
Simulator step: 3000
Simulator step: 4000
Simulator step: 5000
------------------------
Cycle: 20, start time: 13:40, end time: 13:45
------------------------
Total Users: 50, Max Delay(ms): 260.0, Avg Delay(ms): 26.430933333333336, Avg Profit(USD): 8.451865197635831
Delay distribution: 1) >1000ms:0.0% , 2)200ms~1000ms:1.56% , 3)50ms~200ms: 11.33% , 4)20ms~50ms: 23.11% , 5)<20ms: 64.0% 
Worst 10% Users: 5, Max Delay(ms): 260.0, Avg Delay(ms): 99.27066666666664, Avg Profit(USD): 0.8076665838214719
Delay distribution: 1) >1000ms:0.0% , 2)200ms~1000ms:13.38% , 3)50ms~200ms: 57.41% , 4)20ms~50ms: 21.1% , 5)<20ms: 8.11% 
Worst 25% Users: 7, Max Delay(ms): 260.0, Avg Delay(ms): 42.53571428571429, Avg Profit(USD): 3.1270178546102048
Delay distribution: 1) >1000ms:0.0% , 2)200ms~1000ms:1.6% , 3)50ms~200ms: 28.98% , 4)20ms~50ms: 41.07% , 5)<20ms: 28.35% 
Worst 50% Users: 13, Max Delay(ms): 100.0, Avg Delay(ms): 19.090128205128206, Avg Profit(USD): 6.19650990763015
Delay distribution: 1) >1000ms:0.0% , 2)200ms~1000ms:0.0% , 3)50ms~200ms: 5.75% , 4)20ms~50ms: 40.28% , 5)<20ms: 53.97% 
Left Users: 25, Max Delay(ms): 90.0, Avg Delay(ms): 11.170866666666669, Avg Profit(USD): 12.644446927248826
Delay distribution: 1) >1000ms:0.0% , 2)200ms~1000ms:0.0% , 3)50ms~200ms: 0.07% , 4)20ms~50ms: 9.56% , 5)<20ms: 90.37% 

Simulator step: 0
Simulator step: 1000
Simulator step: 2000
Simulator step: 3000
Simulator step: 4000
Simulator step: 5000
------------------------
Cycle: 21, start time: 13:45, end time: 13:50
------------------------
Total Users: 50, Max Delay(ms): 260.0, Avg Delay(ms): 26.431199999999997, Avg Profit(USD): 8.45571268994818
Delay distribution: 1) >1000ms:0.0% , 2)200ms~1000ms:1.52% , 3)50ms~200ms: 11.42% , 4)20ms~50ms: 23.07% , 5)<20ms: 64.0% 
Worst 10% Users: 5, Max Delay(ms): 260.0, Avg Delay(ms): 99.50833333333333, Avg Profit(USD): 0.8167934926164571
Delay distribution: 1) >1000ms:0.0% , 2)200ms~1000ms:13.39% , 3)50ms~200ms: 57.41% , 4)20ms~50ms: 20.97% , 5)<20ms: 8.23% 
Worst 25% Users: 7, Max Delay(ms): 260.0, Avg Delay(ms): 42.60428571428571, Avg Profit(USD): 3.076335013882347
Delay distribution: 1) >1000ms:0.0% , 2)200ms~1000ms:1.29% , 3)50ms~200ms: 30.05% , 4)20ms~50ms: 40.77% , 5)<20ms: 27.89% 
Worst 50% Users: 13, Max Delay(ms): 100.0, Avg Delay(ms): 18.97217948717949, Avg Profit(USD): 6.206062591969158
Delay distribution: 1) >1000ms:0.0% , 2)200ms~1000ms:0.0% , 3)50ms~200ms: 5.49% , 4)20ms~50ms: 40.39% , 5)<20ms: 54.12% 
Left Users: 25, Max Delay(ms): 80.0, Avg Delay(ms): 11.166, Avg Profit(USD): 12.65954032966205
Delay distribution: 1) >1000ms:0.0% , 2)200ms~1000ms:0.0% , 3)50ms~200ms: 0.08% , 4)20ms~50ms: 9.52% , 5)<20ms: 90.41% 

Simulator step: 0
Simulator step: 1000
Simulator step: 2000
Simulator step: 3000
Simulator step: 4000
Simulator step: 5000
------------------------
Cycle: 22, start time: 13:50, end time: 13:55
------------------------
Total Users: 50, Max Delay(ms): 260.0, Avg Delay(ms): 26.49989999999999, Avg Profit(USD): 8.454012903928348
Delay distribution: 1) >1000ms:0.0% , 2)200ms~1000ms:1.59% , 3)50ms~200ms: 11.34% , 4)20ms~50ms: 23.07% , 5)<20ms: 64.0% 
Worst 10% Users: 5, Max Delay(ms): 260.0, Avg Delay(ms): 100.93133333333334, Avg Profit(USD): 0.7848084749151235
Delay distribution: 1) >1000ms:0.0% , 2)200ms~1000ms:13.89% , 3)50ms~200ms: 57.74% , 4)20ms~50ms: 20.45% , 5)<20ms: 7.92% 
Worst 25% Users: 7, Max Delay(ms): 260.0, Avg Delay(ms): 41.85690476190476, Avg Profit(USD): 3.1326270855177056
Delay distribution: 1) >1000ms:0.0% , 2)200ms~1000ms:1.42% , 3)50ms~200ms: 28.81% , 4)20ms~50ms: 41.4% , 5)<20ms: 28.36% 
Worst 50% Users: 13, Max Delay(ms): 100.0, Avg Delay(ms): 19.03628205128205, Avg Profit(USD): 6.235851512544243
Delay distribution: 1) >1000ms:0.0% , 2)200ms~1000ms:0.0% , 3)50ms~200ms: 5.73% , 4)20ms~50ms: 39.96% , 5)<20ms: 54.31% 
Left Users: 25, Max Delay(ms): 80.0, Avg Delay(ms): 11.194733333333334, Avg Profit(USD): 12.631285742405714
Delay distribution: 1) >1000ms:0.0% , 2)200ms~1000ms:0.0% , 3)50ms~200ms: 0.08% , 4)20ms~50ms: 9.68% , 5)<20ms: 90.24% 

Simulator step: 0
Simulator step: 1000
Simulator step: 2000
Simulator step: 3000
Simulator step: 4000
Simulator step: 5000
------------------------
Cycle: 23, start time: 13:55, end time: 14:00
------------------------
Total Users: 50, Max Delay(ms): 260.0, Avg Delay(ms): 26.42733333333333, Avg Profit(USD): 8.456737858929776
Delay distribution: 1) >1000ms:0.0% , 2)200ms~1000ms:1.55% , 3)50ms~200ms: 11.34% , 4)20ms~50ms: 23.11% , 5)<20ms: 64.0% 
Worst 10% Users: 5, Max Delay(ms): 260.0, Avg Delay(ms): 100.04266666666666, Avg Profit(USD): 0.807423312811318
Delay distribution: 1) >1000ms:0.0% , 2)200ms~1000ms:13.51% , 3)50ms~200ms: 57.6% , 4)20ms~50ms: 20.77% , 5)<20ms: 8.12% 
Worst 25% Users: 7, Max Delay(ms): 260.0, Avg Delay(ms): 42.097857142857144, Avg Profit(USD): 3.1077519139389738
Delay distribution: 1) >1000ms:0.0% , 2)200ms~1000ms:1.45% , 3)50ms~200ms: 29.16% , 4)20ms~50ms: 41.22% , 5)<20ms: 28.17% 
Worst 50% Users: 13, Max Delay(ms): 100.0, Avg Delay(ms): 19.020897435897435, Avg Profit(USD): 6.205186172134464
Delay distribution: 1) >1000ms:0.0% , 2)200ms~1000ms:0.0% , 3)50ms~200ms: 5.64% , 4)20ms~50ms: 40.3% , 5)<20ms: 54.06% 
Left Users: 25, Max Delay(ms): 80.0, Avg Delay(ms): 11.167866666666665, Avg Profit(USD): 12.655123709884458
Delay distribution: 1) >1000ms:0.0% , 2)200ms~1000ms:0.0% , 3)50ms~200ms: 0.06% , 4)20ms~50ms: 9.57% , 5)<20ms: 90.38% 

Simulator step: 0
Simulator step: 1000
Simulator step: 2000
Simulator step: 3000
Simulator step: 4000
Simulator step: 5000
------------------------
Cycle: 24, start time: 14:00, end time: 14:05
------------------------
Total Users: 50, Max Delay(ms): 260.0, Avg Delay(ms): 26.673100000000005, Avg Profit(USD): 8.453485643824425
Delay distribution: 1) >1000ms:0.0% , 2)200ms~1000ms:1.65% , 3)50ms~200ms: 11.39% , 4)20ms~50ms: 22.96% , 5)<20ms: 64.0% 
Worst 10% Users: 5, Max Delay(ms): 260.0, Avg Delay(ms): 100.91366666666667, Avg Profit(USD): 0.7974887996236031
Delay distribution: 1) >1000ms:0.0% , 2)200ms~1000ms:14.06% , 3)50ms~200ms: 57.38% , 4)20ms~50ms: 20.5% , 5)<20ms: 8.06% 
Worst 25% Users: 7, Max Delay(ms): 260.0, Avg Delay(ms): 43.38619047619047, Avg Profit(USD): 3.067843289182577
Delay distribution: 1) >1000ms:0.0% , 2)200ms~1000ms:1.71% , 3)50ms~200ms: 29.84% , 4)20ms~50ms: 40.58% , 5)<20ms: 27.87% 
Worst 50% Users: 13, Max Delay(ms): 100.0, Avg Delay(ms): 18.913205128205128, Avg Profit(USD): 6.227989910871659
Delay distribution: 1) >1000ms:0.0% , 2)200ms~1000ms:0.0% , 3)50ms~200ms: 5.51% , 4)20ms~50ms: 40.19% , 5)<20ms: 54.3% 
Left Users: 25, Max Delay(ms): 80.0, Avg Delay(ms): 11.180466666666664, Avg Profit(USD): 12.649922653099743
Delay distribution: 1) >1000ms:0.0% , 2)200ms~1000ms:0.0% , 3)50ms~200ms: 0.08% , 4)20ms~50ms: 9.57% , 5)<20ms: 90.35% 

Simulator step: 0
Simulator step: 1000
Simulator step: 2000
Simulator step: 3000
Simulator step: 4000
Simulator step: 5000
------------------------
Cycle: 25, start time: 14:05, end time: 14:10
------------------------
Total Users: 50, Max Delay(ms): 260.0, Avg Delay(ms): 26.48823333333333, Avg Profit(USD): 8.456876124457823
Delay distribution: 1) >1000ms:0.0% , 2)200ms~1000ms:1.58% , 3)50ms~200ms: 11.36% , 4)20ms~50ms: 23.06% , 5)<20ms: 64.0% 
Worst 10% Users: 5, Max Delay(ms): 260.0, Avg Delay(ms): 99.89533333333334, Avg Profit(USD): 0.8021357360088064
Delay distribution: 1) >1000ms:0.0% , 2)200ms~1000ms:13.62% , 3)50ms~200ms: 57.52% , 4)20ms~50ms: 20.81% , 5)<20ms: 8.04% 
Worst 25% Users: 7, Max Delay(ms): 260.0, Avg Delay(ms): 42.743809523809524, Avg Profit(USD): 3.080348719454085
Delay distribution: 1) >1000ms:0.0% , 2)200ms~1000ms:1.55% , 3)50ms~200ms: 29.39% , 4)20ms~50ms: 41.18% , 5)<20ms: 27.89% 
Worst 50% Users: 13, Max Delay(ms): 100.0, Avg Delay(ms): 18.948717948717945, Avg Profit(USD): 6.235910948101215
Delay distribution: 1) >1000ms:0.0% , 2)200ms~1000ms:0.0% , 3)50ms~200ms: 5.6% , 4)20ms~50ms: 40.09% , 5)<20ms: 54.3% 
Left Users: 25, Max Delay(ms): 80.0, Avg Delay(ms): 11.175800000000002, Avg Profit(USD): 12.648153767254112
Delay distribution: 1) >1000ms:0.0% , 2)200ms~1000ms:0.0% , 3)50ms~200ms: 0.07% , 4)20ms~50ms: 9.58% , 5)<20ms: 90.34% 

Simulator step: 0
Simulator step: 1000
Simulator step: 2000
Simulator step: 3000
Simulator step: 4000
Simulator step: 5000
------------------------
Cycle: 26, start time: 14:10, end time: 14:15
------------------------
Total Users: 50, Max Delay(ms): 260.0, Avg Delay(ms): 26.263599999999997, Avg Profit(USD): 8.451117142102046
Delay distribution: 1) >1000ms:0.0% , 2)200ms~1000ms:1.48% , 3)50ms~200ms: 11.35% , 4)20ms~50ms: 23.17% , 5)<20ms: 64.0% 
Worst 10% Users: 5, Max Delay(ms): 260.0, Avg Delay(ms): 98.63566666666668, Avg Profit(USD): 0.8230669876362168
Delay distribution: 1) >1000ms:0.0% , 2)200ms~1000ms:12.96% , 3)50ms~200ms: 57.67% , 4)20ms~50ms: 21.13% , 5)<20ms: 8.24% 
Worst 25% Users: 7, Max Delay(ms): 260.0, Avg Delay(ms): 41.768571428571434, Avg Profit(USD): 3.1310172016576314
Delay distribution: 1) >1000ms:0.0% , 2)200ms~1000ms:1.32% , 3)50ms~200ms: 29.01% , 4)20ms~50ms: 41.28% , 5)<20ms: 28.39% 
Worst 50% Users: 13, Max Delay(ms): 100.0, Avg Delay(ms): 19.073205128205128, Avg Profit(USD): 6.204430519300126
Delay distribution: 1) >1000ms:0.0% , 2)200ms~1000ms:0.0% , 3)50ms~200ms: 5.7% , 4)20ms~50ms: 40.19% , 5)<20ms: 54.11% 
Left Users: 25, Max Delay(ms): 90.0, Avg Delay(ms): 11.186799999999998, Avg Profit(USD): 12.634632200176648
Delay distribution: 1) >1000ms:0.0% , 2)200ms~1000ms:0.0% , 3)50ms~200ms: 0.07% , 4)20ms~50ms: 9.66% , 5)<20ms: 90.27% 

Simulator step: 0
Simulator step: 1000
Simulator step: 2000
Simulator step: 3000
Simulator step: 4000
Simulator step: 5000
------------------------
Cycle: 27, start time: 14:15, end time: 14:20
------------------------
Total Users: 50, Max Delay(ms): 260.0, Avg Delay(ms): 26.50346666666666, Avg Profit(USD): 8.455389390760242
Delay distribution: 1) >1000ms:0.0% , 2)200ms~1000ms:1.61% , 3)50ms~200ms: 11.26% , 4)20ms~50ms: 23.13% , 5)<20ms: 64.0% 
Worst 10% Users: 5, Max Delay(ms): 260.0, Avg Delay(ms): 99.98966666666666, Avg Profit(USD): 0.8168966421913667
Delay distribution: 1) >1000ms:0.0% , 2)200ms~1000ms:13.78% , 3)50ms~200ms: 56.95% , 4)20ms~50ms: 21.04% , 5)<20ms: 8.23% 
Worst 25% Users: 7, Max Delay(ms): 260.0, Avg Delay(ms): 42.57404761904762, Avg Profit(USD): 3.0953013606756508
Delay distribution: 1) >1000ms:0.0% , 2)200ms~1000ms:1.65% , 3)50ms~200ms: 28.88% , 4)20ms~50ms: 41.4% , 5)<20ms: 28.07% 
Worst 50% Users: 13, Max Delay(ms): 100.0, Avg Delay(ms): 19.075384615384618, Avg Profit(USD): 6.201122860452839
Delay distribution: 1) >1000ms:0.0% , 2)200ms~1000ms:0.0% , 3)50ms~200ms: 5.7% , 4)20ms~50ms: 40.26% , 5)<20ms: 54.05% 
Left Users: 25, Max Delay(ms): 80.0, Avg Delay(ms): 11.169066666666666, Avg Profit(USD): 12.656131184657552
Delay distribution: 1) >1000ms:0.0% , 2)200ms~1000ms:0.0% , 3)50ms~200ms: 0.07% , 4)20ms~50ms: 9.53% , 5)<20ms: 90.39% 

Simulator step: 0
Simulator step: 1000
Simulator step: 2000
Simulator step: 3000
Simulator step: 4000
Simulator step: 5000
------------------------
Cycle: 28, start time: 14:20, end time: 14:25
------------------------
Total Users: 50, Max Delay(ms): 260.0, Avg Delay(ms): 26.271500000000003, Avg Profit(USD): 8.455349606240144
Delay distribution: 1) >1000ms:0.0% , 2)200ms~1000ms:1.51% , 3)50ms~200ms: 11.29% , 4)20ms~50ms: 23.2% , 5)<20ms: 64.0% 
Worst 10% Users: 5, Max Delay(ms): 260.0, Avg Delay(ms): 99.14299999999999, Avg Profit(USD): 0.8106949711668606
Delay distribution: 1) >1000ms:0.0% , 2)200ms~1000ms:13.29% , 3)50ms~200ms: 57.49% , 4)20ms~50ms: 21.07% , 5)<20ms: 8.14% 
Worst 25% Users: 7, Max Delay(ms): 260.0, Avg Delay(ms): 41.55785714285714, Avg Profit(USD): 3.117582514600538
Delay distribution: 1) >1000ms:0.0% , 2)200ms~1000ms:1.26% , 3)50ms~200ms: 28.86% , 4)20ms~50ms: 41.64% , 5)<20ms: 28.24% 
Worst 50% Users: 13, Max Delay(ms): 100.0, Avg Delay(ms): 19.013589743589744, Avg Profit(USD): 6.215919056704244
Delay distribution: 1) >1000ms:0.0% , 2)200ms~1000ms:0.0% , 3)50ms~200ms: 5.62% , 4)20ms~50ms: 40.26% , 5)<20ms: 54.12% 
Left Users: 25, Max Delay(ms): 90.0, Avg Delay(ms): 11.191133333333333, Avg Profit(USD): 12.643359204672556
Delay distribution: 1) >1000ms:0.0% , 2)200ms~1000ms:0.0% , 3)50ms~200ms: 0.09% , 4)20ms~50ms: 9.59% , 5)<20ms: 90.32% 

Simulator step: 0
Simulator step: 1000
Simulator step: 2000
Simulator step: 3000
Simulator step: 4000
Simulator step: 5000
------------------------
Cycle: 29, start time: 14:25, end time: 14:30
------------------------
Total Users: 50, Max Delay(ms): 260.0, Avg Delay(ms): 26.374533333333336, Avg Profit(USD): 8.456397553927701
Delay distribution: 1) >1000ms:0.0% , 2)200ms~1000ms:1.53% , 3)50ms~200ms: 11.39% , 4)20ms~50ms: 23.08% , 5)<20ms: 64.0% 
Worst 10% Users: 5, Max Delay(ms): 260.0, Avg Delay(ms): 99.23333333333333, Avg Profit(USD): 0.8121779337510412
Delay distribution: 1) >1000ms:0.0% , 2)200ms~1000ms:13.35% , 3)50ms~200ms: 57.47% , 4)20ms~50ms: 21.03% , 5)<20ms: 8.15% 
Worst 25% Users: 7, Max Delay(ms): 260.0, Avg Delay(ms): 42.21952380952381, Avg Profit(USD): 3.0896096603749372
Delay distribution: 1) >1000ms:0.0% , 2)200ms~1000ms:1.42% , 3)50ms~200ms: 29.38% , 4)20ms~50ms: 41.2% , 5)<20ms: 28.0% 
Worst 50% Users: 13, Max Delay(ms): 100.0, Avg Delay(ms): 19.04320512820513, Avg Profit(USD): 6.210233357988073
Delay distribution: 1) >1000ms:0.0% , 2)200ms~1000ms:0.0% , 3)50ms~200ms: 5.73% , 4)20ms~50ms: 40.16% , 5)<20ms: 54.12% 
Left Users: 25, Max Delay(ms): 90.0, Avg Delay(ms): 11.178466666666667, Avg Profit(USD): 12.655947470046417
Delay distribution: 1) >1000ms:0.0% , 2)200ms~1000ms:0.0% , 3)50ms~200ms: 0.07% , 4)20ms~50ms: 9.54% , 5)<20ms: 90.39% 

Simulator step: 0
Simulator step: 1000
Simulator step: 2000
Simulator step: 3000
Simulator step: 4000
Simulator step: 5000
------------------------
Cycle: 30, start time: 14:30, end time: 14:35
------------------------
Total Users: 50, Max Delay(ms): 260.0, Avg Delay(ms): 26.61806666666667, Avg Profit(USD): 8.454542168863426
Delay distribution: 1) >1000ms:0.0% , 2)200ms~1000ms:1.59% , 3)50ms~200ms: 11.4% , 4)20ms~50ms: 23.01% , 5)<20ms: 64.0% 
Worst 10% Users: 5, Max Delay(ms): 260.0, Avg Delay(ms): 100.99433333333334, Avg Profit(USD): 0.7894832540040702
Delay distribution: 1) >1000ms:0.0% , 2)200ms~1000ms:13.77% , 3)50ms~200ms: 57.9% , 4)20ms~50ms: 20.4% , 5)<20ms: 7.93% 
Worst 25% Users: 7, Max Delay(ms): 260.0, Avg Delay(ms): 42.64333333333333, Avg Profit(USD): 3.110511285539947
Delay distribution: 1) >1000ms:0.0% , 2)200ms~1000ms:1.52% , 3)50ms~200ms: 29.22% , 4)20ms~50ms: 41.06% , 5)<20ms: 28.2% 
Worst 50% Users: 13, Max Delay(ms): 100.0, Avg Delay(ms): 19.112435897435894, Avg Profit(USD): 6.19183354114827
Delay distribution: 1) >1000ms:0.0% , 2)200ms~1000ms:0.0% , 3)50ms~200ms: 5.73% , 4)20ms~50ms: 40.29% , 5)<20ms: 53.97% 
Left Users: 25, Max Delay(ms): 70.0, Avg Delay(ms): 11.158666666666665, Avg Profit(USD): 12.660491085577753
Delay distribution: 1) >1000ms:0.0% , 2)200ms~1000ms:0.0% , 3)50ms~200ms: 0.06% , 4)20ms~50ms: 9.48% , 5)<20ms: 90.45% 

Simulator step: 0
Simulator step: 1000
Simulator step: 2000
Simulator step: 3000
Simulator step: 4000
Simulator step: 5000
------------------------
Cycle: 31, start time: 14:35, end time: 14:40
------------------------
Total Users: 50, Max Delay(ms): 260.0, Avg Delay(ms): 26.477333333333327, Avg Profit(USD): 8.453816068109786
Delay distribution: 1) >1000ms:0.0% , 2)200ms~1000ms:1.54% , 3)50ms~200ms: 11.46% , 4)20ms~50ms: 23.0% , 5)<20ms: 64.0% 
Worst 10% Users: 5, Max Delay(ms): 260.0, Avg Delay(ms): 98.468, Avg Profit(USD): 0.8317654449847315
Delay distribution: 1) >1000ms:0.0% , 2)200ms~1000ms:13.09% , 3)50ms~200ms: 57.4% , 4)20ms~50ms: 21.19% , 5)<20ms: 8.32% 
Worst 25% Users: 7, Max Delay(ms): 260.0, Avg Delay(ms): 43.42404761904763, Avg Profit(USD): 3.0569729904146747
Delay distribution: 1) >1000ms:0.0% , 2)200ms~1000ms:1.65% , 3)50ms~200ms: 29.8% , 4)20ms~50ms: 40.8% , 5)<20ms: 27.75% 
Worst 50% Users: 13, Max Delay(ms): 100.0, Avg Delay(ms): 19.118076923076924, Avg Profit(USD): 6.206312518944178
Delay distribution: 1) >1000ms:0.0% , 2)200ms~1000ms:0.0% , 3)50ms~200ms: 5.82% , 4)20ms~50ms: 40.09% , 5)<20ms: 54.09% 
Left Users: 25, Max Delay(ms): 70.0, Avg Delay(ms): 11.160933333333332, Avg Profit(USD): 12.658044100055545
Delay distribution: 1) >1000ms:0.0% , 2)200ms~1000ms:0.0% , 3)50ms~200ms: 0.06% , 4)20ms~50ms: 9.5% , 5)<20ms: 90.44% 

Simulator step: 0
Simulator step: 1000
Simulator step: 2000
Simulator step: 3000
Simulator step: 4000
Simulator step: 5000
------------------------
Cycle: 32, start time: 14:40, end time: 14:45
------------------------
Total Users: 50, Max Delay(ms): 260.0, Avg Delay(ms): 26.393566666666658, Avg Profit(USD): 8.45226918524057
Delay distribution: 1) >1000ms:0.0% , 2)200ms~1000ms:1.57% , 3)50ms~200ms: 11.29% , 4)20ms~50ms: 23.14% , 5)<20ms: 64.0% 
Worst 10% Users: 5, Max Delay(ms): 260.0, Avg Delay(ms): 99.47566666666667, Avg Profit(USD): 0.8170831451684568
Delay distribution: 1) >1000ms:0.0% , 2)200ms~1000ms:13.6% , 3)50ms~200ms: 57.11% , 4)20ms~50ms: 21.06% , 5)<20ms: 8.23% 
Worst 25% Users: 7, Max Delay(ms): 260.0, Avg Delay(ms): 42.099047619047624, Avg Profit(USD): 3.1373841383600003
Delay distribution: 1) >1000ms:0.0% , 2)200ms~1000ms:1.5% , 3)50ms~200ms: 28.98% , 4)20ms~50ms: 41.08% , 5)<20ms: 28.45% 
Worst 50% Users: 13, Max Delay(ms): 100.0, Avg Delay(ms): 19.06820512820513, Avg Profit(USD): 6.207647658727218
Delay distribution: 1) >1000ms:0.0% , 2)200ms~1000ms:0.0% , 3)50ms~200ms: 5.7% , 4)20ms~50ms: 40.21% , 5)<20ms: 54.09% 
Left Users: 25, Max Delay(ms): 70.0, Avg Delay(ms): 11.188799999999997, Avg Profit(USD): 12.6346774001685
Delay distribution: 1) >1000ms:0.0% , 2)200ms~1000ms:0.0% , 3)50ms~200ms: 0.08% , 4)20ms~50ms: 9.66% , 5)<20ms: 90.26% 

Simulator step: 0
Simulator step: 1000
Simulator step: 2000
Simulator step: 3000
Simulator step: 4000
Simulator step: 5000
------------------------
Cycle: 33, start time: 14:45, end time: 14:50
------------------------
Total Users: 50, Max Delay(ms): 260.0, Avg Delay(ms): 26.252600000000008, Avg Profit(USD): 8.45298202281051
Delay distribution: 1) >1000ms:0.0% , 2)200ms~1000ms:1.49% , 3)50ms~200ms: 11.38% , 4)20ms~50ms: 23.13% , 5)<20ms: 64.0% 
Worst 10% Users: 5, Max Delay(ms): 260.0, Avg Delay(ms): 97.79866666666666, Avg Profit(USD): 0.834862826636293
Delay distribution: 1) >1000ms:0.0% , 2)200ms~1000ms:12.87% , 3)50ms~200ms: 57.31% , 4)20ms~50ms: 21.46% , 5)<20ms: 8.36% 
Worst 25% Users: 7, Max Delay(ms): 260.0, Avg Delay(ms): 42.160714285714285, Avg Profit(USD): 3.1153506284358956
Delay distribution: 1) >1000ms:0.0% , 2)200ms~1000ms:1.42% , 3)50ms~200ms: 29.22% , 4)20ms~50ms: 41.1% , 5)<20ms: 28.26% 
Worst 50% Users: 13, Max Delay(ms): 100.0, Avg Delay(ms): 19.17448717948718, Avg Profit(USD): 6.1817864871188775
Delay distribution: 1) >1000ms:0.0% , 2)200ms~1000ms:0.0% , 3)50ms~200ms: 5.88% , 4)20ms~50ms: 40.2% , 5)<20ms: 53.92% 
Left Users: 25, Max Delay(ms): 70.0, Avg Delay(ms): 11.169733333333333, Avg Profit(USD): 12.652164331029894
Delay distribution: 1) >1000ms:0.0% , 2)200ms~1000ms:0.0% , 3)50ms~200ms: 0.07% , 4)20ms~50ms: 9.56% , 5)<20ms: 90.38% 

Simulator step: 0
Simulator step: 1000
Simulator step: 2000
Simulator step: 3000
Simulator step: 4000
Simulator step: 5000
------------------------
Cycle: 34, start time: 14:50, end time: 14:55
------------------------
Total Users: 50, Max Delay(ms): 260.0, Avg Delay(ms): 26.287733333333335, Avg Profit(USD): 8.454741995236251
Delay distribution: 1) >1000ms:0.0% , 2)200ms~1000ms:1.51% , 3)50ms~200ms: 11.34% , 4)20ms~50ms: 23.15% , 5)<20ms: 64.0% 
Worst 10% Users: 5, Max Delay(ms): 260.0, Avg Delay(ms): 97.77866666666667, Avg Profit(USD): 0.8301907779956104
Delay distribution: 1) >1000ms:0.0% , 2)200ms~1000ms:12.94% , 3)50ms~200ms: 57.2% , 4)20ms~50ms: 21.55% , 5)<20ms: 8.31% 
Worst 25% Users: 7, Max Delay(ms): 260.0, Avg Delay(ms): 42.50523809523809, Avg Profit(USD): 3.1145760209328355
Delay distribution: 1) >1000ms:0.0% , 2)200ms~1000ms:1.53% , 3)50ms~200ms: 29.16% , 4)20ms~50ms: 41.09% , 5)<20ms: 28.21% 
Worst 50% Users: 13, Max Delay(ms): 100.0, Avg Delay(ms): 19.147692307692306, Avg Profit(USD): 6.174829896577976
Delay distribution: 1) >1000ms:0.0% , 2)200ms~1000ms:0.0% , 3)50ms~200ms: 5.78% , 4)20ms~50ms: 40.42% , 5)<20ms: 53.81% 
Left Users: 25, Max Delay(ms): 80.0, Avg Delay(ms): 11.16146666666667, Avg Profit(USD): 12.66045300279164
Delay distribution: 1) >1000ms:0.0% , 2)200ms~1000ms:0.0% , 3)50ms~200ms: 0.07% , 4)20ms~50ms: 9.47% , 5)<20ms: 90.46% 

Simulator step: 0
Simulator step: 1000
Simulator step: 2000
Simulator step: 3000
Simulator step: 4000
Simulator step: 5000
------------------------
Cycle: 35, start time: 14:55, end time: 15:00
------------------------
Total Users: 50, Max Delay(ms): 260.0, Avg Delay(ms): 26.4514, Avg Profit(USD): 8.456077047314343
Delay distribution: 1) >1000ms:0.0% , 2)200ms~1000ms:1.59% , 3)50ms~200ms: 11.32% , 4)20ms~50ms: 23.1% , 5)<20ms: 64.0% 
Worst 10% Users: 5, Max Delay(ms): 260.0, Avg Delay(ms): 100.18433333333333, Avg Profit(USD): 0.8003255501020387
Delay distribution: 1) >1000ms:0.0% , 2)200ms~1000ms:13.93% , 3)50ms~200ms: 57.07% , 4)20ms~50ms: 20.91% , 5)<20ms: 8.08% 
Worst 25% Users: 7, Max Delay(ms): 260.0, Avg Delay(ms): 42.232142857142854, Avg Profit(USD): 3.1004015624113634
Delay distribution: 1) >1000ms:0.0% , 2)200ms~1000ms:1.39% , 3)50ms~200ms: 29.4% , 4)20ms~50ms: 41.15% , 5)<20ms: 28.05% 
Worst 50% Users: 13, Max Delay(ms): 100.0, Avg Delay(ms): 18.97153846153846, Avg Profit(USD): 6.2158875609352275
Delay distribution: 1) >1000ms:0.0% , 2)200ms~1000ms:0.0% , 3)50ms~200ms: 5.6% , 4)20ms~50ms: 40.29% , 5)<20ms: 54.12% 
Left Users: 25, Max Delay(ms): 90.0, Avg Delay(ms): 11.175733333333334, Avg Profit(USD): 12.651715015446777
Delay distribution: 1) >1000ms:0.0% , 2)200ms~1000ms:0.0% , 3)50ms~200ms: 0.08% , 4)20ms~50ms: 9.54% , 5)<20ms: 90.39% 

Simulator step: 0
Simulator step: 1000
Simulator step: 2000
Simulator step: 3000
Simulator step: 4000
Simulator step: 5000
------------------------
Cycle: 36, start time: 15:00, end time: 15:05
------------------------
Total Users: 50, Max Delay(ms): 260.0, Avg Delay(ms): 26.283666666666676, Avg Profit(USD): 8.45210719740218
Delay distribution: 1) >1000ms:0.0% , 2)200ms~1000ms:1.53% , 3)50ms~200ms: 11.25% , 4)20ms~50ms: 23.23% , 5)<20ms: 64.0% 
Worst 10% Users: 5, Max Delay(ms): 260.0, Avg Delay(ms): 99.00366666666667, Avg Profit(USD): 0.8169689403020627
Delay distribution: 1) >1000ms:0.0% , 2)200ms~1000ms:13.36% , 3)50ms~200ms: 57.39% , 4)20ms~50ms: 21.07% , 5)<20ms: 8.19% 
Worst 25% Users: 7, Max Delay(ms): 260.0, Avg Delay(ms): 41.944761904761904, Avg Profit(USD): 3.120070240276549
Delay distribution: 1) >1000ms:0.0% , 2)200ms~1000ms:1.38% , 3)50ms~200ms: 29.05% , 4)20ms~50ms: 41.28% , 5)<20ms: 28.29% 
Worst 50% Users: 13, Max Delay(ms): 100.0, Avg Delay(ms): 18.904999999999998, Avg Profit(USD): 6.2138159825451424
Delay distribution: 1) >1000ms:0.0% , 2)200ms~1000ms:0.0% , 3)50ms~200ms: 5.38% , 4)20ms~50ms: 40.46% , 5)<20ms: 54.17% 
Left Users: 25, Max Delay(ms): 100.0, Avg Delay(ms): 11.191466666666665, Avg Profit(USD): 12.636016628543043
Delay distribution: 1) >1000ms:0.0% , 2)200ms~1000ms:0.0% , 3)50ms~200ms: 0.08% , 4)20ms~50ms: 9.64% , 5)<20ms: 90.27% 

Simulator step: 0
Simulator step: 1000
Simulator step: 2000
Simulator step: 3000
Simulator step: 4000
Simulator step: 5000
------------------------
Cycle: 37, start time: 15:05, end time: 15:10
------------------------
Total Users: 50, Max Delay(ms): 260.0, Avg Delay(ms): 26.241300000000003, Avg Profit(USD): 8.453047320757939
Delay distribution: 1) >1000ms:0.0% , 2)200ms~1000ms:1.49% , 3)50ms~200ms: 11.3% , 4)20ms~50ms: 23.21% , 5)<20ms: 64.0% 
Worst 10% Users: 5, Max Delay(ms): 260.0, Avg Delay(ms): 98.39566666666667, Avg Profit(USD): 0.8302621724179216
Delay distribution: 1) >1000ms:0.0% , 2)200ms~1000ms:13.15% , 3)50ms~200ms: 57.19% , 4)20ms~50ms: 21.35% , 5)<20ms: 8.32% 
Worst 25% Users: 7, Max Delay(ms): 260.0, Avg Delay(ms): 41.86666666666667, Avg Profit(USD): 3.1372367711310902
Delay distribution: 1) >1000ms:0.0% , 2)200ms~1000ms:1.28% , 3)50ms~200ms: 29.19% , 4)20ms~50ms: 41.11% , 5)<20ms: 28.41% 
Worst 50% Users: 13, Max Delay(ms): 100.0, Avg Delay(ms): 19.03038461538461, Avg Profit(USD): 6.1998690730052
Delay distribution: 1) >1000ms:0.0% , 2)200ms~1000ms:0.0% , 3)50ms~200ms: 5.61% , 4)20ms~50ms: 40.38% , 5)<20ms: 54.01% 
Left Users: 25, Max Delay(ms): 90.0, Avg Delay(ms): 11.185, Avg Profit(USD): 12.637683993152883
Delay distribution: 1) >1000ms:0.0% , 2)200ms~1000ms:0.0% , 3)50ms~200ms: 0.07% , 4)20ms~50ms: 9.63% , 5)<20ms: 90.3% 

Simulator step: 0
Simulator step: 1000
Simulator step: 2000
Simulator step: 3000
Simulator step: 4000
Simulator step: 5000
------------------------
Cycle: 38, start time: 15:10, end time: 15:15
------------------------
Total Users: 50, Max Delay(ms): 260.0, Avg Delay(ms): 26.3622, Avg Profit(USD): 8.453107444483607
Delay distribution: 1) >1000ms:0.0% , 2)200ms~1000ms:1.54% , 3)50ms~200ms: 11.34% , 4)20ms~50ms: 23.12% , 5)<20ms: 64.0% 
Worst 10% Users: 5, Max Delay(ms): 260.0, Avg Delay(ms): 99.14633333333333, Avg Profit(USD): 0.8041577105795774
Delay distribution: 1) >1000ms:0.0% , 2)200ms~1000ms:13.33% , 3)50ms~200ms: 57.56% , 4)20ms~50ms: 21.04% , 5)<20ms: 8.07% 
Worst 25% Users: 7, Max Delay(ms): 260.0, Avg Delay(ms): 42.13595238095238, Avg Profit(USD): 3.127316228389881
Delay distribution: 1) >1000ms:0.0% , 2)200ms~1000ms:1.49% , 3)50ms~200ms: 29.11% , 4)20ms~50ms: 41.05% , 5)<20ms: 28.36% 
Worst 50% Users: 13, Max Delay(ms): 100.0, Avg Delay(ms): 19.088333333333335, Avg Profit(USD): 6.184851121378361
Delay distribution: 1) >1000ms:0.0% , 2)200ms~1000ms:0.0% , 3)50ms~200ms: 5.65% , 4)20ms~50ms: 40.45% , 5)<20ms: 53.9% 
Left Users: 25, Max Delay(ms): 80.0, Avg Delay(ms): 11.171133333333332, Avg Profit(USD): 12.653612219785382
Delay distribution: 1) >1000ms:0.0% , 2)200ms~1000ms:0.0% , 3)50ms~200ms: 0.07% , 4)20ms~50ms: 9.51% , 5)<20ms: 90.42% 

Simulator step: 0
Simulator step: 1000
Simulator step: 2000
Simulator step: 3000
Simulator step: 4000
Simulator step: 5000
------------------------
Cycle: 39, start time: 15:15, end time: 15:20
------------------------
Total Users: 50, Max Delay(ms): 260.0, Avg Delay(ms): 26.33303333333334, Avg Profit(USD): 8.452208457844076
Delay distribution: 1) >1000ms:0.0% , 2)200ms~1000ms:1.52% , 3)50ms~200ms: 11.38% , 4)20ms~50ms: 23.1% , 5)<20ms: 64.0% 
Worst 10% Users: 5, Max Delay(ms): 260.0, Avg Delay(ms): 98.263, Avg Profit(USD): 0.8434259957361334
Delay distribution: 1) >1000ms:0.0% , 2)200ms~1000ms:13.07% , 3)50ms~200ms: 57.19% , 4)20ms~50ms: 21.33% , 5)<20ms: 8.42% 
Worst 25% Users: 7, Max Delay(ms): 260.0, Avg Delay(ms): 42.56904761904762, Avg Profit(USD): 3.0898557258314234
Delay distribution: 1) >1000ms:0.0% , 2)200ms~1000ms:1.53% , 3)50ms~200ms: 29.57% , 4)20ms~50ms: 40.92% , 5)<20ms: 27.98% 
Worst 50% Users: 13, Max Delay(ms): 100.0, Avg Delay(ms): 19.085512820512825, Avg Profit(USD): 6.18976882017309
Delay distribution: 1) >1000ms:0.0% , 2)200ms~1000ms:0.0% , 3)50ms~200ms: 5.7% , 4)20ms~50ms: 40.33% , 5)<20ms: 53.97% 
Left Users: 25, Max Delay(ms): 70.0, Avg Delay(ms): 11.169666666666668, Avg Profit(USD): 12.651892326818116
Delay distribution: 1) >1000ms:0.0% , 2)200ms~1000ms:0.0% , 3)50ms~200ms: 0.08% , 4)20ms~50ms: 9.5% , 5)<20ms: 90.42% 

Simulator step: 0
Simulator step: 1000
Simulator step: 2000
Simulator step: 3000
Simulator step: 4000
Simulator step: 5000
------------------------
Cycle: 40, start time: 15:20, end time: 15:25
------------------------
Total Users: 50, Max Delay(ms): 260.0, Avg Delay(ms): 26.31450000000001, Avg Profit(USD): 8.456428364467012
Delay distribution: 1) >1000ms:0.0% , 2)200ms~1000ms:1.51% , 3)50ms~200ms: 11.37% , 4)20ms~50ms: 23.12% , 5)<20ms: 64.0% 
Worst 10% Users: 5, Max Delay(ms): 260.0, Avg Delay(ms): 98.74333333333334, Avg Profit(USD): 0.817476027044353
Delay distribution: 1) >1000ms:0.0% , 2)200ms~1000ms:13.14% , 3)50ms~200ms: 57.56% , 4)20ms~50ms: 21.1% , 5)<20ms: 8.2% 
Worst 25% Users: 7, Max Delay(ms): 260.0, Avg Delay(ms): 42.0447619047619, Avg Profit(USD): 3.1127218321376824
Delay distribution: 1) >1000ms:0.0% , 2)200ms~1000ms:1.38% , 3)50ms~200ms: 29.2% , 4)20ms~50ms: 41.23% , 5)<20ms: 28.2% 
Worst 50% Users: 13, Max Delay(ms): 100.0, Avg Delay(ms): 19.073974358974358, Avg Profit(USD): 6.210129000735982
Delay distribution: 1) >1000ms:0.0% , 2)200ms~1000ms:0.0% , 3)50ms~200ms: 5.71% , 4)20ms~50ms: 40.18% , 5)<20ms: 54.11% 
Left Users: 25, Max Delay(ms): 100.0, Avg Delay(ms): 11.189333333333334, Avg Profit(USD): 12.648532330143892
Delay distribution: 1) >1000ms:0.0% , 2)200ms~1000ms:0.0% , 3)50ms~200ms: 0.09% , 4)20ms~50ms: 9.59% , 5)<20ms: 90.33% 

Simulator step: 0
Simulator step: 1000
Simulator step: 2000
Simulator step: 3000
Simulator step: 4000
Simulator step: 5000
------------------------
Cycle: 41, start time: 15:25, end time: 15:30
------------------------
Total Users: 50, Max Delay(ms): 260.0, Avg Delay(ms): 26.369800000000005, Avg Profit(USD): 8.456999917590505
Delay distribution: 1) >1000ms:0.0% , 2)200ms~1000ms:1.52% , 3)50ms~200ms: 11.3% , 4)20ms~50ms: 23.17% , 5)<20ms: 64.0% 
Worst 10% Users: 5, Max Delay(ms): 260.0, Avg Delay(ms): 99.36099999999999, Avg Profit(USD): 0.8166541502219224
Delay distribution: 1) >1000ms:0.0% , 2)200ms~1000ms:13.4% , 3)50ms~200ms: 57.43% , 4)20ms~50ms: 20.95% , 5)<20ms: 8.22% 
Worst 25% Users: 7, Max Delay(ms): 260.0, Avg Delay(ms): 42.069761904761904, Avg Profit(USD): 3.13737440436639
Delay distribution: 1) >1000ms:0.0% , 2)200ms~1000ms:1.32% , 3)50ms~200ms: 29.06% , 4)20ms~50ms: 41.18% , 5)<20ms: 28.45% 
Worst 50% Users: 13, Max Delay(ms): 100.0, Avg Delay(ms): 19.02782051282051, Avg Profit(USD): 6.199778789104268
Delay distribution: 1) >1000ms:0.0% , 2)200ms~1000ms:0.0% , 3)50ms~200ms: 5.55% , 4)20ms~50ms: 40.43% , 5)<20ms: 54.02% 
Left Users: 25, Max Delay(ms): 80.0, Avg Delay(ms): 11.1934, Avg Profit(USD): 12.648319201579817
Delay distribution: 1) >1000ms:0.0% , 2)200ms~1000ms:0.0% , 3)50ms~200ms: 0.09% , 4)20ms~50ms: 9.61% , 5)<20ms: 90.3% 

Simulator step: 0
Simulator step: 1000
Simulator step: 2000
Simulator step: 3000
Simulator step: 4000
Simulator step: 5000
------------------------
Cycle: 42, start time: 15:30, end time: 15:35
------------------------
Total Users: 50, Max Delay(ms): 260.0, Avg Delay(ms): 26.484466666666677, Avg Profit(USD): 8.452760419482859
Delay distribution: 1) >1000ms:0.0% , 2)200ms~1000ms:1.59% , 3)50ms~200ms: 11.31% , 4)20ms~50ms: 23.1% , 5)<20ms: 64.0% 
Worst 10% Users: 5, Max Delay(ms): 260.0, Avg Delay(ms): 100.11633333333334, Avg Profit(USD): 0.8227014975672476
Delay distribution: 1) >1000ms:0.0% , 2)200ms~1000ms:13.9% , 3)50ms~200ms: 56.94% , 4)20ms~50ms: 20.89% , 5)<20ms: 8.27% 
Worst 25% Users: 7, Max Delay(ms): 260.0, Avg Delay(ms): 42.43380952380952, Avg Profit(USD): 3.0791103847287493
Delay distribution: 1) >1000ms:0.0% , 2)200ms~1000ms:1.42% , 3)50ms~200ms: 29.31% , 4)20ms~50ms: 41.35% , 5)<20ms: 27.91% 
Worst 50% Users: 13, Max Delay(ms): 100.0, Avg Delay(ms): 19.02076923076923, Avg Profit(USD): 6.201087566379475
Delay distribution: 1) >1000ms:0.0% , 2)200ms~1000ms:0.0% , 3)50ms~200ms: 5.63% , 4)20ms~50ms: 40.32% , 5)<20ms: 54.04% 
Left Users: 25, Max Delay(ms): 70.0, Avg Delay(ms): 11.173399999999997, Avg Profit(USD): 12.654264097210891
Delay distribution: 1) >1000ms:0.0% , 2)200ms~1000ms:0.0% , 3)50ms~200ms: 0.09% , 4)20ms~50ms: 9.48% , 5)<20ms: 90.43% 

Simulator step: 0
Simulator step: 1000
Simulator step: 2000
Simulator step: 3000
Simulator step: 4000
Simulator step: 5000
------------------------
Cycle: 43, start time: 15:35, end time: 15:40
------------------------
Total Users: 50, Max Delay(ms): 260.0, Avg Delay(ms): 26.471933333333336, Avg Profit(USD): 8.453004338329036
Delay distribution: 1) >1000ms:0.0% , 2)200ms~1000ms:1.57% , 3)50ms~200ms: 11.35% , 4)20ms~50ms: 23.09% , 5)<20ms: 64.0% 
Worst 10% Users: 5, Max Delay(ms): 260.0, Avg Delay(ms): 100.14866666666666, Avg Profit(USD): 0.7963642921808904
Delay distribution: 1) >1000ms:0.0% , 2)200ms~1000ms:13.59% , 3)50ms~200ms: 57.65% , 4)20ms~50ms: 20.73% , 5)<20ms: 8.03% 
Worst 25% Users: 7, Max Delay(ms): 260.0, Avg Delay(ms): 42.17309523809524, Avg Profit(USD): 3.134778819257304
Delay distribution: 1) >1000ms:0.0% , 2)200ms~1000ms:1.47% , 3)50ms~200ms: 28.92% , 4)20ms~50ms: 41.19% , 5)<20ms: 28.41% 
Worst 50% Users: 13, Max Delay(ms): 100.0, Avg Delay(ms): 19.118076923076924, Avg Profit(USD): 6.17970750963518
Delay distribution: 1) >1000ms:0.0% , 2)200ms~1000ms:0.0% , 3)50ms~200ms: 5.77% , 4)20ms~50ms: 40.39% , 5)<20ms: 53.84% 
Left Users: 25, Max Delay(ms): 70.0, Avg Delay(ms): 11.164266666666665, Avg Profit(USD): 12.655549843819555
Delay distribution: 1) >1000ms:0.0% , 2)200ms~1000ms:0.0% , 3)50ms~200ms: 0.07% , 4)20ms~50ms: 9.49% , 5)<20ms: 90.44% 

Simulator step: 0
Simulator step: 1000
Simulator step: 2000
Simulator step: 3000
Simulator step: 4000
Simulator step: 5000
------------------------
Cycle: 44, start time: 15:40, end time: 15:45
------------------------
Total Users: 50, Max Delay(ms): 260.0, Avg Delay(ms): 26.393633333333334, Avg Profit(USD): 8.45467828413018
Delay distribution: 1) >1000ms:0.0% , 2)200ms~1000ms:1.54% , 3)50ms~200ms: 11.41% , 4)20ms~50ms: 23.05% , 5)<20ms: 64.0% 
Worst 10% Users: 5, Max Delay(ms): 260.0, Avg Delay(ms): 98.29266666666666, Avg Profit(USD): 0.8304851157409585
Delay distribution: 1) >1000ms:0.0% , 2)200ms~1000ms:13.15% , 3)50ms~200ms: 57.25% , 4)20ms~50ms: 21.26% , 5)<20ms: 8.34% 
Worst 25% Users: 7, Max Delay(ms): 260.0, Avg Delay(ms): 42.96547619047619, Avg Profit(USD): 3.065931117458658
Delay distribution: 1) >1000ms:0.0% , 2)200ms~1000ms:1.63% , 3)50ms~200ms: 29.5% , 4)20ms~50ms: 41.04% , 5)<20ms: 27.82% 
Worst 50% Users: 13, Max Delay(ms): 100.0, Avg Delay(ms): 19.103846153846156, Avg Profit(USD): 6.197052806795353
Delay distribution: 1) >1000ms:0.0% , 2)200ms~1000ms:0.0% , 3)50ms~200ms: 5.81% , 4)20ms~50ms: 40.19% , 5)<20ms: 54.0% 
Left Users: 25, Max Delay(ms): 80.0, Avg Delay(ms): 11.164399999999999, Avg Profit(USD): 12.662331372690165
Delay distribution: 1) >1000ms:0.0% , 2)200ms~1000ms:0.0% , 3)50ms~200ms: 0.08% , 4)20ms~50ms: 9.46% , 5)<20ms: 90.46% 

Simulator step: 0
Simulator step: 1000
Simulator step: 2000
Simulator step: 3000
Simulator step: 4000
Simulator step: 5000
------------------------
Cycle: 45, start time: 15:45, end time: 15:50
------------------------
Total Users: 50, Max Delay(ms): 260.0, Avg Delay(ms): 26.31833333333333, Avg Profit(USD): 8.456279367074067
Delay distribution: 1) >1000ms:0.0% , 2)200ms~1000ms:1.48% , 3)50ms~200ms: 11.4% , 4)20ms~50ms: 23.12% , 5)<20ms: 64.0% 
Worst 10% Users: 5, Max Delay(ms): 260.0, Avg Delay(ms): 98.39399999999999, Avg Profit(USD): 0.8229566630222165
Delay distribution: 1) >1000ms:0.0% , 2)200ms~1000ms:12.87% , 3)50ms~200ms: 57.7% , 4)20ms~50ms: 21.18% , 5)<20ms: 8.25% 
Worst 25% Users: 7, Max Delay(ms): 260.0, Avg Delay(ms): 42.397857142857134, Avg Profit(USD): 3.0959525977303723
Delay distribution: 1) >1000ms:0.0% , 2)200ms~1000ms:1.4% , 3)50ms~200ms: 29.4% , 4)20ms~50ms: 41.12% , 5)<20ms: 28.08% 
Worst 50% Users: 13, Max Delay(ms): 100.0, Avg Delay(ms): 19.05935897435898, Avg Profit(USD): 6.21243613951183
Delay distribution: 1) >1000ms:0.0% , 2)200ms~1000ms:0.0% , 3)50ms~200ms: 5.67% , 4)20ms~50ms: 40.22% , 5)<20ms: 54.11% 
Left Users: 25, Max Delay(ms): 100.0, Avg Delay(ms): 11.175600000000001, Avg Profit(USD): 12.65063388163304
Delay distribution: 1) >1000ms:0.0% , 2)200ms~1000ms:0.0% , 3)50ms~200ms: 0.08% , 4)20ms~50ms: 9.57% , 5)<20ms: 90.35% 

Simulator step: 0
Simulator step: 1000
Simulator step: 2000
Simulator step: 3000
Simulator step: 4000
Simulator step: 5000
------------------------
Cycle: 46, start time: 15:50, end time: 15:55
------------------------
Total Users: 50, Max Delay(ms): 260.0, Avg Delay(ms): 26.20923333333333, Avg Profit(USD): 8.454426907389536
Delay distribution: 1) >1000ms:0.0% , 2)200ms~1000ms:1.48% , 3)50ms~200ms: 11.32% , 4)20ms~50ms: 23.2% , 5)<20ms: 64.0% 
Worst 10% Users: 5, Max Delay(ms): 260.0, Avg Delay(ms): 98.00200000000001, Avg Profit(USD): 0.8451763701397479
Delay distribution: 1) >1000ms:0.0% , 2)200ms~1000ms:13.03% , 3)50ms~200ms: 57.03% , 4)20ms~50ms: 21.47% , 5)<20ms: 8.47% 
Worst 25% Users: 7, Max Delay(ms): 260.0, Avg Delay(ms): 41.83238095238095, Avg Profit(USD): 3.098005133540527
Delay distribution: 1) >1000ms:0.0% , 2)200ms~1000ms:1.28% , 3)50ms~200ms: 29.2% , 4)20ms~50ms: 41.44% , 5)<20ms: 28.08% 
Worst 50% Users: 13, Max Delay(ms): 100.0, Avg Delay(ms): 19.089358974358973, Avg Profit(USD): 6.196798503999099
Delay distribution: 1) >1000ms:0.0% , 2)200ms~1000ms:0.0% , 3)50ms~200ms: 5.74% , 4)20ms~50ms: 40.26% , 5)<20ms: 53.99% 
Left Users: 25, Max Delay(ms): 70.0, Avg Delay(ms): 11.17853333333333, Avg Profit(USD): 12.650041881280236
Delay distribution: 1) >1000ms:0.0% , 2)200ms~1000ms:0.0% , 3)50ms~200ms: 0.07% , 4)20ms~50ms: 9.56% , 5)<20ms: 90.37% 

Simulator step: 0
Simulator step: 1000
Simulator step: 2000
Simulator step: 3000
Simulator step: 4000
Simulator step: 5000
------------------------
Cycle: 47, start time: 15:55, end time: 16:00
------------------------
Total Users: 50, Max Delay(ms): 260.0, Avg Delay(ms): 26.5188, Avg Profit(USD): 8.451290685863107
Delay distribution: 1) >1000ms:0.0% , 2)200ms~1000ms:1.56% , 3)50ms~200ms: 11.45% , 4)20ms~50ms: 22.99% , 5)<20ms: 64.0% 
Worst 10% Users: 5, Max Delay(ms): 260.0, Avg Delay(ms): 99.16966666666667, Avg Profit(USD): 0.8234078800099631
Delay distribution: 1) >1000ms:0.0% , 2)200ms~1000ms:13.33% , 3)50ms~200ms: 57.39% , 4)20ms~50ms: 21.02% , 5)<20ms: 8.26% 
Worst 25% Users: 7, Max Delay(ms): 260.0, Avg Delay(ms): 43.22690476190476, Avg Profit(USD): 3.093491261449398
Delay distribution: 1) >1000ms:0.0% , 2)200ms~1000ms:1.6% , 3)50ms~200ms: 29.84% , 4)20ms~50ms: 40.5% , 5)<20ms: 28.06% 
Worst 50% Users: 13, Max Delay(ms): 100.0, Avg Delay(ms): 19.100384615384616, Avg Profit(USD): 6.205193751894593
Delay distribution: 1) >1000ms:0.0% , 2)200ms~1000ms:0.0% , 3)50ms~200ms: 5.76% , 4)20ms~50ms: 40.14% , 5)<20ms: 54.1% 
Left Users: 25, Max Delay(ms): 70.0, Avg Delay(ms): 11.167933333333334, Avg Profit(USD): 12.645021491533203
Delay distribution: 1) >1000ms:0.0% , 2)200ms~1000ms:0.0% , 3)50ms~200ms: 0.08% , 4)20ms~50ms: 9.56% , 5)<20ms: 90.36% 

Simulator step: 0
Simulator step: 1000
Simulator step: 2000
Simulator step: 3000
Simulator step: 4000
Simulator step: 5000
------------------------
Cycle: 48, start time: 16:00, end time: 16:05
------------------------
Total Users: 50, Max Delay(ms): 260.0, Avg Delay(ms): 26.465166666666665, Avg Profit(USD): 8.456928674743615
Delay distribution: 1) >1000ms:0.0% , 2)200ms~1000ms:1.56% , 3)50ms~200ms: 11.37% , 4)20ms~50ms: 23.07% , 5)<20ms: 64.0% 
Worst 10% Users: 5, Max Delay(ms): 260.0, Avg Delay(ms): 99.74900000000002, Avg Profit(USD): 0.8072953630778372
Delay distribution: 1) >1000ms:0.0% , 2)200ms~1000ms:13.57% , 3)50ms~200ms: 57.39% , 4)20ms~50ms: 20.96% , 5)<20ms: 8.09% 
Worst 25% Users: 7, Max Delay(ms): 260.0, Avg Delay(ms): 42.58809523809524, Avg Profit(USD): 3.1077931239977916
Delay distribution: 1) >1000ms:0.0% , 2)200ms~1000ms:1.44% , 3)50ms~200ms: 29.54% , 4)20ms~50ms: 40.85% , 5)<20ms: 28.17% 
Worst 50% Users: 13, Max Delay(ms): 100.0, Avg Delay(ms): 18.97974358974359, Avg Profit(USD): 6.231307215681307
Delay distribution: 1) >1000ms:0.0% , 2)200ms~1000ms:0.0% , 3)50ms~200ms: 5.58% , 4)20ms~50ms: 40.17% , 5)<20ms: 54.25% 
Left Users: 25, Max Delay(ms): 70.0, Avg Delay(ms): 11.186399999999999, Avg Profit(USD): 12.641936449998001
Delay distribution: 1) >1000ms:0.0% , 2)200ms~1000ms:0.0% , 3)50ms~200ms: 0.09% , 4)20ms~50ms: 9.63% , 5)<20ms: 90.29% 

Simulator step: 0
Simulator step: 1000
Simulator step: 2000
Simulator step: 3000
Simulator step: 4000
Simulator step: 5000
------------------------
Cycle: 49, start time: 16:05, end time: 16:10
------------------------
Total Users: 50, Max Delay(ms): 260.0, Avg Delay(ms): 26.309600000000003, Avg Profit(USD): 8.453435386797093
Delay distribution: 1) >1000ms:0.0% , 2)200ms~1000ms:1.51% , 3)50ms~200ms: 11.35% , 4)20ms~50ms: 23.14% , 5)<20ms: 64.0% 
Worst 10% Users: 5, Max Delay(ms): 260.0, Avg Delay(ms): 98.771, Avg Profit(USD): 0.8099198567952279
Delay distribution: 1) >1000ms:0.0% , 2)200ms~1000ms:13.16% , 3)50ms~200ms: 57.62% , 4)20ms~50ms: 21.1% , 5)<20ms: 8.11% 
Worst 25% Users: 7, Max Delay(ms): 260.0, Avg Delay(ms): 42.052142857142854, Avg Profit(USD): 3.1069935623987837
Delay distribution: 1) >1000ms:0.0% , 2)200ms~1000ms:1.42% , 3)50ms~200ms: 28.9% , 4)20ms~50ms: 41.5% , 5)<20ms: 28.17% 
Worst 50% Users: 13, Max Delay(ms): 100.0, Avg Delay(ms): 19.081410256410255, Avg Profit(USD): 6.202567937879643
Delay distribution: 1) >1000ms:0.0% , 2)200ms~1000ms:0.0% , 3)50ms~200ms: 5.77% , 4)20ms~50ms: 40.2% , 5)<20ms: 54.03% 
Left Users: 25, Max Delay(ms): 90.0, Avg Delay(ms): 11.168066666666665, Avg Profit(USD): 12.649593277066069
Delay distribution: 1) >1000ms:0.0% , 2)200ms~1000ms:0.0% , 3)50ms~200ms: 0.08% , 4)20ms~50ms: 9.53% , 5)<20ms: 90.39% 

